[2024-07-18T05:55:01.926+0000] {local_task_job_runner.py:120} INFO - ::group::Pre task execution logs
[2024-07-18T05:55:01.937+0000] {taskinstance.py:2076} INFO - Dependencies all met for dep_context=non-requeueable deps ti=<TaskInstance: xcom_dag.branch scheduled__2024-07-17T00:00:00+00:00 [queued]>
[2024-07-18T05:55:01.941+0000] {taskinstance.py:2076} INFO - Dependencies all met for dep_context=requeueable deps ti=<TaskInstance: xcom_dag.branch scheduled__2024-07-17T00:00:00+00:00 [queued]>
[2024-07-18T05:55:01.941+0000] {taskinstance.py:2306} INFO - Starting attempt 1 of 1
[2024-07-18T05:55:01.951+0000] {taskinstance.py:2330} INFO - Executing <Task(BranchPythonOperator): branch> on 2024-07-17 00:00:00+00:00
[2024-07-18T05:55:01.955+0000] {warnings.py:112} WARNING - /home/***/.local/lib/python3.12/site-packages/***/task/task_runner/standard_task_runner.py:61: DeprecationWarning: This process (pid=59) is multi-threaded, use of fork() may lead to deadlocks in the child.
  pid = os.fork()

[2024-07-18T05:55:01.956+0000] {standard_task_runner.py:63} INFO - Started process 60 to run task
[2024-07-18T05:55:01.957+0000] {standard_task_runner.py:90} INFO - Running: ['***', 'tasks', 'run', 'xcom_dag', 'branch', 'scheduled__2024-07-17T00:00:00+00:00', '--job-id', '133', '--raw', '--subdir', 'DAGS_FOLDER/xcom_dags.py', '--cfg-path', '/tmp/tmprjz5hlx7']
[2024-07-18T05:55:01.958+0000] {standard_task_runner.py:91} INFO - Job 133: Subtask branch
[2024-07-18T05:55:01.987+0000] {task_command.py:426} INFO - Running <TaskInstance: xcom_dag.branch scheduled__2024-07-17T00:00:00+00:00 [running]> on host e414c6c2d16d
[2024-07-18T05:55:02.029+0000] {taskinstance.py:2648} INFO - Exporting env vars: AIRFLOW_CTX_DAG_OWNER='***' AIRFLOW_CTX_DAG_ID='xcom_dag' AIRFLOW_CTX_TASK_ID='branch' AIRFLOW_CTX_EXECUTION_DATE='2024-07-17T00:00:00+00:00' AIRFLOW_CTX_TRY_NUMBER='1' AIRFLOW_CTX_DAG_RUN_ID='scheduled__2024-07-17T00:00:00+00:00'
[2024-07-18T05:55:02.030+0000] {taskinstance.py:430} INFO - ::endgroup::
[2024-07-18T05:55:02.036+0000] {baseoperator.py:400} WARNING - BranchPythonOperator.execute cannot be called outside TaskInstance!
[2024-07-18T05:55:02.043+0000] {python.py:237} INFO - Done. Returned value was: t2
[2024-07-18T05:55:02.043+0000] {branch.py:36} INFO - Branch into t2
[2024-07-18T05:55:02.043+0000] {skipmixin.py:178} INFO - Following branch t2
[2024-07-18T05:55:02.053+0000] {skipmixin.py:246} INFO - Skipping tasks [('t3', -1)]
[2024-07-18T05:55:02.063+0000] {taskinstance.py:441} INFO - ::group::Post task execution logs
[2024-07-18T05:55:02.074+0000] {taskinstance.py:1206} INFO - Marking task as SUCCESS. dag_id=xcom_dag, task_id=branch, run_id=scheduled__2024-07-17T00:00:00+00:00, execution_date=20240717T000000, start_date=20240718T055501, end_date=20240718T055502
[2024-07-18T05:55:02.092+0000] {local_task_job_runner.py:240} INFO - Task exited with return code 0
[2024-07-18T05:55:02.107+0000] {taskinstance.py:3503} INFO - 1 downstream tasks scheduled from follow-on schedule check
[2024-07-18T05:55:02.117+0000] {local_task_job_runner.py:222} INFO - ::endgroup::
