[2024-07-16T10:22:09.961+0000] {local_task_job_runner.py:120} INFO - ::group::Pre task execution logs
[2024-07-16T10:22:09.983+0000] {taskinstance.py:2076} INFO - Dependencies all met for dep_context=non-requeueable deps ti=<TaskInstance: xcom_dag.t2 manual__2024-07-16T10:22:06.767756+00:00 [queued]>
[2024-07-16T10:22:09.993+0000] {taskinstance.py:2076} INFO - Dependencies all met for dep_context=requeueable deps ti=<TaskInstance: xcom_dag.t2 manual__2024-07-16T10:22:06.767756+00:00 [queued]>
[2024-07-16T10:22:09.993+0000] {taskinstance.py:2306} INFO - Starting attempt 1 of 1
[2024-07-16T10:22:10.001+0000] {taskinstance.py:2330} INFO - Executing <Task(PythonOperator): t2> on 2024-07-16 10:22:06.767756+00:00
[2024-07-16T10:22:10.004+0000] {warnings.py:112} WARNING - /home/***/.local/lib/python3.12/site-packages/***/task/task_runner/standard_task_runner.py:61: DeprecationWarning: This process (pid=2077) is multi-threaded, use of fork() may lead to deadlocks in the child.
  pid = os.fork()

[2024-07-16T10:22:10.005+0000] {standard_task_runner.py:63} INFO - Started process 2078 to run task
[2024-07-16T10:22:10.005+0000] {standard_task_runner.py:90} INFO - Running: ['***', 'tasks', 'run', 'xcom_dag', 't2', 'manual__2024-07-16T10:22:06.767756+00:00', '--job-id', '112', '--raw', '--subdir', 'DAGS_FOLDER/xcom_dags.py', '--cfg-path', '/tmp/tmpo2d2g5v7']
[2024-07-16T10:22:10.006+0000] {standard_task_runner.py:91} INFO - Job 112: Subtask t2
[2024-07-16T10:22:10.029+0000] {task_command.py:426} INFO - Running <TaskInstance: xcom_dag.t2 manual__2024-07-16T10:22:06.767756+00:00 [running]> on host 2f80c3cf662d
[2024-07-16T10:22:10.067+0000] {taskinstance.py:2648} INFO - Exporting env vars: AIRFLOW_CTX_DAG_OWNER='***' AIRFLOW_CTX_DAG_ID='xcom_dag' AIRFLOW_CTX_TASK_ID='t2' AIRFLOW_CTX_EXECUTION_DATE='2024-07-16T10:22:06.767756+00:00' AIRFLOW_CTX_TRY_NUMBER='1' AIRFLOW_CTX_DAG_RUN_ID='manual__2024-07-16T10:22:06.767756+00:00'
[2024-07-16T10:22:10.068+0000] {taskinstance.py:430} INFO - ::endgroup::
[2024-07-16T10:22:10.079+0000] {logging_mixin.py:188} INFO - 42
[2024-07-16T10:22:10.079+0000] {python.py:237} INFO - Done. Returned value was: None
[2024-07-16T10:22:10.079+0000] {taskinstance.py:441} INFO - ::group::Post task execution logs
[2024-07-16T10:22:10.083+0000] {taskinstance.py:1206} INFO - Marking task as SUCCESS. dag_id=xcom_dag, task_id=t2, run_id=manual__2024-07-16T10:22:06.767756+00:00, execution_date=20240716T102206, start_date=20240716T102209, end_date=20240716T102210
[2024-07-16T10:22:10.100+0000] {local_task_job_runner.py:240} INFO - Task exited with return code 0
[2024-07-16T10:22:10.111+0000] {taskinstance.py:3503} INFO - 1 downstream tasks scheduled from follow-on schedule check
[2024-07-16T10:22:10.112+0000] {local_task_job_runner.py:222} INFO - ::endgroup::
