[2024-07-17T03:07:28.498+0000] {local_task_job_runner.py:120} INFO - ::group::Pre task execution logs
[2024-07-17T03:07:28.530+0000] {taskinstance.py:2076} INFO - Dependencies all met for dep_context=non-requeueable deps ti=<TaskInstance: group_dag.downloads.download_c scheduled__2024-07-16T00:00:00+00:00 [queued]>
[2024-07-17T03:07:28.539+0000] {taskinstance.py:2076} INFO - Dependencies all met for dep_context=requeueable deps ti=<TaskInstance: group_dag.downloads.download_c scheduled__2024-07-16T00:00:00+00:00 [queued]>
[2024-07-17T03:07:28.542+0000] {taskinstance.py:2306} INFO - Starting attempt 1 of 1
[2024-07-17T03:07:28.580+0000] {taskinstance.py:2330} INFO - Executing <Task(BashOperator): downloads.download_c> on 2024-07-16 00:00:00+00:00
[2024-07-17T03:07:28.588+0000] {warnings.py:112} WARNING - /home/***/.local/lib/python3.12/site-packages/***/task/task_runner/standard_task_runner.py:61: DeprecationWarning: This process (pid=45) is multi-threaded, use of fork() may lead to deadlocks in the child.
  pid = os.fork()

[2024-07-17T03:07:28.590+0000] {standard_task_runner.py:63} INFO - Started process 46 to run task
[2024-07-17T03:07:28.596+0000] {standard_task_runner.py:90} INFO - Running: ['***', 'tasks', 'run', 'group_dag', 'downloads.download_c', 'scheduled__2024-07-16T00:00:00+00:00', '--job-id', '116', '--raw', '--subdir', 'DAGS_FOLDER/group_dag.py', '--cfg-path', '/tmp/tmpmcsqllt0']
[2024-07-17T03:07:28.597+0000] {standard_task_runner.py:91} INFO - Job 116: Subtask downloads.download_c
[2024-07-17T03:07:28.673+0000] {task_command.py:426} INFO - Running <TaskInstance: group_dag.downloads.download_c scheduled__2024-07-16T00:00:00+00:00 [running]> on host 2f80c3cf662d
[2024-07-17T03:07:28.788+0000] {taskinstance.py:2648} INFO - Exporting env vars: AIRFLOW_CTX_DAG_OWNER='***' AIRFLOW_CTX_DAG_ID='group_dag' AIRFLOW_CTX_TASK_ID='downloads.download_c' AIRFLOW_CTX_EXECUTION_DATE='2024-07-16T00:00:00+00:00' AIRFLOW_CTX_TRY_NUMBER='1' AIRFLOW_CTX_DAG_RUN_ID='scheduled__2024-07-16T00:00:00+00:00'
[2024-07-17T03:07:28.790+0000] {taskinstance.py:430} INFO - ::endgroup::
[2024-07-17T03:07:28.814+0000] {subprocess.py:63} INFO - Tmp dir root location: /tmp
[2024-07-17T03:07:28.815+0000] {subprocess.py:75} INFO - Running command: ['/usr/bin/bash', '-c', 'sleep 10']
[2024-07-17T03:07:28.834+0000] {subprocess.py:86} INFO - Output:
[2024-07-17T03:07:38.842+0000] {subprocess.py:97} INFO - Command exited with return code 0
[2024-07-17T03:07:38.845+0000] {taskinstance.py:441} INFO - ::group::Post task execution logs
[2024-07-17T03:07:38.886+0000] {taskinstance.py:1206} INFO - Marking task as SUCCESS. dag_id=group_dag, task_id=downloads.download_c, run_id=scheduled__2024-07-16T00:00:00+00:00, execution_date=20240716T000000, start_date=20240717T030728, end_date=20240717T030738
[2024-07-17T03:07:38.927+0000] {local_task_job_runner.py:240} INFO - Task exited with return code 0
[2024-07-17T03:07:38.938+0000] {local_task_job_runner.py:222} INFO - ::endgroup::
