[2024-07-12T06:25:49.131+0000] {local_task_job_runner.py:120} INFO - ::group::Pre task execution logs
[2024-07-12T06:25:49.172+0000] {taskinstance.py:2076} INFO - Dependencies all met for dep_context=non-requeueable deps ti=<TaskInstance: example_bash_operator.runme_0 manual__2024-07-12T06:25:42+00:00 [queued]>
[2024-07-12T06:25:49.181+0000] {taskinstance.py:2076} INFO - Dependencies all met for dep_context=requeueable deps ti=<TaskInstance: example_bash_operator.runme_0 manual__2024-07-12T06:25:42+00:00 [queued]>
[2024-07-12T06:25:49.182+0000] {taskinstance.py:2306} INFO - Starting attempt 1 of 1
[2024-07-12T06:25:49.208+0000] {taskinstance.py:2330} INFO - Executing <Task(BashOperator): runme_0> on 2024-07-12 06:25:42+00:00
[2024-07-12T06:25:49.212+0000] {warnings.py:112} WARNING - /home/***/.local/lib/python3.12/site-packages/***/task/task_runner/standard_task_runner.py:61: DeprecationWarning: This process (pid=693) is multi-threaded, use of fork() may lead to deadlocks in the child.
  pid = os.fork()

[2024-07-12T06:25:49.234+0000] {standard_task_runner.py:63} INFO - Started process 709 to run task
[2024-07-12T06:25:49.224+0000] {standard_task_runner.py:90} INFO - Running: ['***', 'tasks', 'run', 'example_bash_operator', 'runme_0', 'manual__2024-07-12T06:25:42+00:00', '--job-id', '17', '--raw', '--subdir', '/home/***/.local/lib/python3.12/site-packages/***/example_dags/example_bash_operator.py', '--cfg-path', '/tmp/tmp0eo3acrx']
[2024-07-12T06:25:49.251+0000] {standard_task_runner.py:91} INFO - Job 17: Subtask runme_0
[2024-07-12T06:25:49.381+0000] {task_command.py:426} INFO - Running <TaskInstance: example_bash_operator.runme_0 manual__2024-07-12T06:25:42+00:00 [running]> on host 94f5fdf8c168
[2024-07-12T06:25:49.639+0000] {taskinstance.py:2648} INFO - Exporting env vars: AIRFLOW_CTX_DAG_OWNER='***' AIRFLOW_CTX_DAG_ID='example_bash_operator' AIRFLOW_CTX_TASK_ID='runme_0' AIRFLOW_CTX_EXECUTION_DATE='2024-07-12T06:25:42+00:00' AIRFLOW_CTX_TRY_NUMBER='1' AIRFLOW_CTX_DAG_RUN_ID='manual__2024-07-12T06:25:42+00:00'
[2024-07-12T06:25:49.640+0000] {taskinstance.py:430} INFO - ::endgroup::
[2024-07-12T06:25:49.641+0000] {subprocess.py:63} INFO - Tmp dir root location: /tmp
[2024-07-12T06:25:49.643+0000] {subprocess.py:75} INFO - Running command: ['/usr/bin/bash', '-c', 'echo "example_bash_operator__runme_0__20240712" && sleep 1']
[2024-07-12T06:25:49.702+0000] {subprocess.py:86} INFO - Output:
[2024-07-12T06:25:49.717+0000] {subprocess.py:93} INFO - example_bash_operator__runme_0__20240712
[2024-07-12T06:25:50.716+0000] {subprocess.py:97} INFO - Command exited with return code 0
[2024-07-12T06:25:50.717+0000] {taskinstance.py:441} INFO - ::group::Post task execution logs
[2024-07-12T06:25:50.728+0000] {taskinstance.py:1206} INFO - Marking task as SUCCESS. dag_id=example_bash_operator, task_id=runme_0, run_id=manual__2024-07-12T06:25:42+00:00, execution_date=20240712T062542, start_date=20240712T062549, end_date=20240712T062550
[2024-07-12T06:25:50.767+0000] {local_task_job_runner.py:240} INFO - Task exited with return code 0
[2024-07-12T06:25:50.791+0000] {taskinstance.py:3503} INFO - 0 downstream tasks scheduled from follow-on schedule check
[2024-07-12T06:25:50.792+0000] {local_task_job_runner.py:222} INFO - ::endgroup::
