[2024-07-16T10:01:55.434+0000] {local_task_job_runner.py:120} INFO - ::group::Pre task execution logs
[2024-07-16T10:01:55.446+0000] {taskinstance.py:2076} INFO - Dependencies all met for dep_context=non-requeueable deps ti=<TaskInstance: xcom_dag.t3 scheduled__2024-07-15T00:00:00+00:00 [queued]>
[2024-07-16T10:01:55.451+0000] {taskinstance.py:2076} INFO - Dependencies all met for dep_context=requeueable deps ti=<TaskInstance: xcom_dag.t3 scheduled__2024-07-15T00:00:00+00:00 [queued]>
[2024-07-16T10:01:55.451+0000] {taskinstance.py:2306} INFO - Starting attempt 1 of 1
[2024-07-16T10:01:55.460+0000] {taskinstance.py:2330} INFO - Executing <Task(BashOperator): t3> on 2024-07-15 00:00:00+00:00
[2024-07-16T10:01:55.465+0000] {warnings.py:112} WARNING - /home/***/.local/lib/python3.12/site-packages/***/task/task_runner/standard_task_runner.py:61: DeprecationWarning: This process (pid=1784) is multi-threaded, use of fork() may lead to deadlocks in the child.
  pid = os.fork()

[2024-07-16T10:01:55.466+0000] {standard_task_runner.py:63} INFO - Started process 1786 to run task
[2024-07-16T10:01:55.473+0000] {standard_task_runner.py:90} INFO - Running: ['***', 'tasks', 'run', 'xcom_dag', 't3', 'scheduled__2024-07-15T00:00:00+00:00', '--job-id', '100', '--raw', '--subdir', 'DAGS_FOLDER/xcom_dags.py', '--cfg-path', '/tmp/tmprfd3v6xm']
[2024-07-16T10:01:55.474+0000] {standard_task_runner.py:91} INFO - Job 100: Subtask t3
[2024-07-16T10:01:55.511+0000] {task_command.py:426} INFO - Running <TaskInstance: xcom_dag.t3 scheduled__2024-07-15T00:00:00+00:00 [running]> on host 2f80c3cf662d
[2024-07-16T10:01:55.554+0000] {taskinstance.py:2648} INFO - Exporting env vars: AIRFLOW_CTX_DAG_OWNER='***' AIRFLOW_CTX_DAG_ID='xcom_dag' AIRFLOW_CTX_TASK_ID='t3' AIRFLOW_CTX_EXECUTION_DATE='2024-07-15T00:00:00+00:00' AIRFLOW_CTX_TRY_NUMBER='1' AIRFLOW_CTX_DAG_RUN_ID='scheduled__2024-07-15T00:00:00+00:00'
[2024-07-16T10:01:55.556+0000] {taskinstance.py:430} INFO - ::endgroup::
[2024-07-16T10:01:55.562+0000] {subprocess.py:63} INFO - Tmp dir root location: /tmp
[2024-07-16T10:01:55.562+0000] {subprocess.py:75} INFO - Running command: ['/usr/bin/bash', '-c', "echo ''"]
[2024-07-16T10:01:55.568+0000] {subprocess.py:86} INFO - Output:
[2024-07-16T10:01:55.571+0000] {subprocess.py:93} INFO - 
[2024-07-16T10:01:55.571+0000] {subprocess.py:97} INFO - Command exited with return code 0
[2024-07-16T10:01:55.571+0000] {taskinstance.py:441} INFO - ::group::Post task execution logs
[2024-07-16T10:01:55.584+0000] {taskinstance.py:1206} INFO - Marking task as SUCCESS. dag_id=xcom_dag, task_id=t3, run_id=scheduled__2024-07-15T00:00:00+00:00, execution_date=20240715T000000, start_date=20240716T100155, end_date=20240716T100155
[2024-07-16T10:01:55.598+0000] {local_task_job_runner.py:240} INFO - Task exited with return code 0
[2024-07-16T10:01:55.609+0000] {taskinstance.py:3503} INFO - 0 downstream tasks scheduled from follow-on schedule check
[2024-07-16T10:01:55.611+0000] {local_task_job_runner.py:222} INFO - ::endgroup::
