[2024-07-12T05:54:50.906+0000] {local_task_job_runner.py:120} INFO - ::group::Pre task execution logs
[2024-07-12T05:54:51.006+0000] {taskinstance.py:2076} INFO - Dependencies all met for dep_context=non-requeueable deps ti=<TaskInstance: example_bash_operator.also_run_this manual__2024-07-12T05:54:36+00:00 [queued]>
[2024-07-12T05:54:51.034+0000] {taskinstance.py:2076} INFO - Dependencies all met for dep_context=requeueable deps ti=<TaskInstance: example_bash_operator.also_run_this manual__2024-07-12T05:54:36+00:00 [queued]>
[2024-07-12T05:54:51.037+0000] {taskinstance.py:2306} INFO - Starting attempt 1 of 1
[2024-07-12T05:54:51.109+0000] {taskinstance.py:2330} INFO - Executing <Task(BashOperator): also_run_this> on 2024-07-12 05:54:36+00:00
[2024-07-12T05:54:51.146+0000] {warnings.py:112} WARNING - /home/***/.local/lib/python3.12/site-packages/***/task/task_runner/standard_task_runner.py:61: DeprecationWarning: This process (pid=228) is multi-threaded, use of fork() may lead to deadlocks in the child.
  pid = os.fork()

[2024-07-12T05:54:51.157+0000] {standard_task_runner.py:63} INFO - Started process 251 to run task
[2024-07-12T05:54:51.140+0000] {standard_task_runner.py:90} INFO - Running: ['***', 'tasks', 'run', 'example_bash_operator', 'also_run_this', 'manual__2024-07-12T05:54:36+00:00', '--job-id', '6', '--raw', '--subdir', '/home/***/.local/lib/python3.12/site-packages/***/example_dags/example_bash_operator.py', '--cfg-path', '/tmp/tmpfewmwnjx']
[2024-07-12T05:54:51.202+0000] {standard_task_runner.py:91} INFO - Job 6: Subtask also_run_this
[2024-07-12T05:54:51.355+0000] {task_command.py:426} INFO - Running <TaskInstance: example_bash_operator.also_run_this manual__2024-07-12T05:54:36+00:00 [running]> on host 94f5fdf8c168
[2024-07-12T05:54:51.649+0000] {taskinstance.py:2648} INFO - Exporting env vars: AIRFLOW_CTX_DAG_OWNER='***' AIRFLOW_CTX_DAG_ID='example_bash_operator' AIRFLOW_CTX_TASK_ID='also_run_this' AIRFLOW_CTX_EXECUTION_DATE='2024-07-12T05:54:36+00:00' AIRFLOW_CTX_TRY_NUMBER='1' AIRFLOW_CTX_DAG_RUN_ID='manual__2024-07-12T05:54:36+00:00'
[2024-07-12T05:54:51.652+0000] {taskinstance.py:430} INFO - ::endgroup::
[2024-07-12T05:54:51.659+0000] {subprocess.py:63} INFO - Tmp dir root location: /tmp
[2024-07-12T05:54:51.669+0000] {subprocess.py:75} INFO - Running command: ['/usr/bin/bash', '-c', 'echo "ti_key=example_bash_operator__also_run_this__20240712"']
[2024-07-12T05:54:51.701+0000] {subprocess.py:86} INFO - Output:
[2024-07-12T05:54:51.710+0000] {subprocess.py:93} INFO - ti_key=example_bash_operator__also_run_this__20240712
[2024-07-12T05:54:51.716+0000] {subprocess.py:97} INFO - Command exited with return code 0
[2024-07-12T05:54:51.716+0000] {taskinstance.py:441} INFO - ::group::Post task execution logs
[2024-07-12T05:54:51.739+0000] {taskinstance.py:1206} INFO - Marking task as SUCCESS. dag_id=example_bash_operator, task_id=also_run_this, run_id=manual__2024-07-12T05:54:36+00:00, execution_date=20240712T055436, start_date=20240712T055451, end_date=20240712T055451
[2024-07-12T05:54:51.792+0000] {local_task_job_runner.py:240} INFO - Task exited with return code 0
[2024-07-12T05:54:51.799+0000] {local_task_job_runner.py:222} INFO - ::endgroup::
