[2024-07-18T05:54:48.460+0000] {processor.py:161} INFO - Started process (PID=25) to work on /opt/airflow/dags/groups/group_downloads.py
[2024-07-18T05:54:48.472+0000] {processor.py:830} INFO - Processing file /opt/airflow/dags/groups/group_downloads.py for tasks to queue
[2024-07-18T05:54:48.481+0000] {logging_mixin.py:188} INFO - [2024-07-18T05:54:48.481+0000] {dagbag.py:545} INFO - Filling up the DagBag from /opt/airflow/dags/groups/group_downloads.py
[2024-07-18T05:54:48.497+0000] {processor.py:842} WARNING - No viable dags retrieved from /opt/airflow/dags/groups/group_downloads.py
[2024-07-18T05:54:48.522+0000] {processor.py:183} INFO - Processing /opt/airflow/dags/groups/group_downloads.py took 0.077 seconds
[2024-07-18T05:55:18.667+0000] {processor.py:161} INFO - Started process (PID=39) to work on /opt/airflow/dags/groups/group_downloads.py
[2024-07-18T05:55:18.668+0000] {processor.py:830} INFO - Processing file /opt/airflow/dags/groups/group_downloads.py for tasks to queue
[2024-07-18T05:55:18.670+0000] {logging_mixin.py:188} INFO - [2024-07-18T05:55:18.669+0000] {dagbag.py:545} INFO - Filling up the DagBag from /opt/airflow/dags/groups/group_downloads.py
[2024-07-18T05:55:18.674+0000] {processor.py:842} WARNING - No viable dags retrieved from /opt/airflow/dags/groups/group_downloads.py
[2024-07-18T05:55:18.703+0000] {processor.py:183} INFO - Processing /opt/airflow/dags/groups/group_downloads.py took 0.041 seconds
[2024-07-18T05:55:49.275+0000] {processor.py:161} INFO - Started process (PID=53) to work on /opt/airflow/dags/groups/group_downloads.py
[2024-07-18T05:55:49.276+0000] {processor.py:830} INFO - Processing file /opt/airflow/dags/groups/group_downloads.py for tasks to queue
[2024-07-18T05:55:49.277+0000] {logging_mixin.py:188} INFO - [2024-07-18T05:55:49.277+0000] {dagbag.py:545} INFO - Filling up the DagBag from /opt/airflow/dags/groups/group_downloads.py
[2024-07-18T05:55:49.282+0000] {processor.py:842} WARNING - No viable dags retrieved from /opt/airflow/dags/groups/group_downloads.py
[2024-07-18T05:55:49.288+0000] {processor.py:183} INFO - Processing /opt/airflow/dags/groups/group_downloads.py took 0.015 seconds
[2024-07-18T05:56:19.829+0000] {processor.py:161} INFO - Started process (PID=68) to work on /opt/airflow/dags/groups/group_downloads.py
[2024-07-18T05:56:19.831+0000] {processor.py:830} INFO - Processing file /opt/airflow/dags/groups/group_downloads.py for tasks to queue
[2024-07-18T05:56:19.832+0000] {logging_mixin.py:188} INFO - [2024-07-18T05:56:19.831+0000] {dagbag.py:545} INFO - Filling up the DagBag from /opt/airflow/dags/groups/group_downloads.py
[2024-07-18T05:56:19.836+0000] {processor.py:842} WARNING - No viable dags retrieved from /opt/airflow/dags/groups/group_downloads.py
[2024-07-18T05:56:19.850+0000] {processor.py:183} INFO - Processing /opt/airflow/dags/groups/group_downloads.py took 0.024 seconds
[2024-07-18T05:56:50.368+0000] {processor.py:161} INFO - Started process (PID=83) to work on /opt/airflow/dags/groups/group_downloads.py
[2024-07-18T05:56:50.369+0000] {processor.py:830} INFO - Processing file /opt/airflow/dags/groups/group_downloads.py for tasks to queue
[2024-07-18T05:56:50.370+0000] {logging_mixin.py:188} INFO - [2024-07-18T05:56:50.370+0000] {dagbag.py:545} INFO - Filling up the DagBag from /opt/airflow/dags/groups/group_downloads.py
[2024-07-18T05:56:50.376+0000] {processor.py:842} WARNING - No viable dags retrieved from /opt/airflow/dags/groups/group_downloads.py
[2024-07-18T05:56:50.383+0000] {processor.py:183} INFO - Processing /opt/airflow/dags/groups/group_downloads.py took 0.018 seconds
[2024-07-18T05:57:20.899+0000] {processor.py:161} INFO - Started process (PID=98) to work on /opt/airflow/dags/groups/group_downloads.py
[2024-07-18T05:57:20.899+0000] {processor.py:830} INFO - Processing file /opt/airflow/dags/groups/group_downloads.py for tasks to queue
[2024-07-18T05:57:20.901+0000] {logging_mixin.py:188} INFO - [2024-07-18T05:57:20.901+0000] {dagbag.py:545} INFO - Filling up the DagBag from /opt/airflow/dags/groups/group_downloads.py
[2024-07-18T05:57:20.908+0000] {processor.py:842} WARNING - No viable dags retrieved from /opt/airflow/dags/groups/group_downloads.py
[2024-07-18T05:57:20.916+0000] {processor.py:183} INFO - Processing /opt/airflow/dags/groups/group_downloads.py took 0.028 seconds
[2024-07-18T05:57:51.417+0000] {processor.py:161} INFO - Started process (PID=113) to work on /opt/airflow/dags/groups/group_downloads.py
[2024-07-18T05:57:51.419+0000] {processor.py:830} INFO - Processing file /opt/airflow/dags/groups/group_downloads.py for tasks to queue
[2024-07-18T05:57:51.420+0000] {logging_mixin.py:188} INFO - [2024-07-18T05:57:51.420+0000] {dagbag.py:545} INFO - Filling up the DagBag from /opt/airflow/dags/groups/group_downloads.py
[2024-07-18T05:57:51.424+0000] {processor.py:842} WARNING - No viable dags retrieved from /opt/airflow/dags/groups/group_downloads.py
[2024-07-18T05:57:51.430+0000] {processor.py:183} INFO - Processing /opt/airflow/dags/groups/group_downloads.py took 0.017 seconds
[2024-07-18T05:58:21.932+0000] {processor.py:161} INFO - Started process (PID=129) to work on /opt/airflow/dags/groups/group_downloads.py
[2024-07-18T05:58:21.933+0000] {processor.py:830} INFO - Processing file /opt/airflow/dags/groups/group_downloads.py for tasks to queue
[2024-07-18T05:58:21.935+0000] {logging_mixin.py:188} INFO - [2024-07-18T05:58:21.935+0000] {dagbag.py:545} INFO - Filling up the DagBag from /opt/airflow/dags/groups/group_downloads.py
[2024-07-18T05:58:21.943+0000] {processor.py:842} WARNING - No viable dags retrieved from /opt/airflow/dags/groups/group_downloads.py
[2024-07-18T05:58:21.954+0000] {processor.py:183} INFO - Processing /opt/airflow/dags/groups/group_downloads.py took 0.025 seconds
[2024-07-18T05:58:52.448+0000] {processor.py:161} INFO - Started process (PID=144) to work on /opt/airflow/dags/groups/group_downloads.py
[2024-07-18T05:58:52.448+0000] {processor.py:830} INFO - Processing file /opt/airflow/dags/groups/group_downloads.py for tasks to queue
[2024-07-18T05:58:52.449+0000] {logging_mixin.py:188} INFO - [2024-07-18T05:58:52.449+0000] {dagbag.py:545} INFO - Filling up the DagBag from /opt/airflow/dags/groups/group_downloads.py
[2024-07-18T05:58:52.454+0000] {processor.py:842} WARNING - No viable dags retrieved from /opt/airflow/dags/groups/group_downloads.py
[2024-07-18T05:58:52.462+0000] {processor.py:183} INFO - Processing /opt/airflow/dags/groups/group_downloads.py took 0.017 seconds
[2024-07-18T05:59:22.922+0000] {processor.py:161} INFO - Started process (PID=159) to work on /opt/airflow/dags/groups/group_downloads.py
[2024-07-18T05:59:22.922+0000] {processor.py:830} INFO - Processing file /opt/airflow/dags/groups/group_downloads.py for tasks to queue
[2024-07-18T05:59:22.924+0000] {logging_mixin.py:188} INFO - [2024-07-18T05:59:22.924+0000] {dagbag.py:545} INFO - Filling up the DagBag from /opt/airflow/dags/groups/group_downloads.py
[2024-07-18T05:59:22.929+0000] {processor.py:842} WARNING - No viable dags retrieved from /opt/airflow/dags/groups/group_downloads.py
[2024-07-18T05:59:22.935+0000] {processor.py:183} INFO - Processing /opt/airflow/dags/groups/group_downloads.py took 0.016 seconds
[2024-07-18T05:59:53.419+0000] {processor.py:161} INFO - Started process (PID=174) to work on /opt/airflow/dags/groups/group_downloads.py
[2024-07-18T05:59:53.419+0000] {processor.py:830} INFO - Processing file /opt/airflow/dags/groups/group_downloads.py for tasks to queue
[2024-07-18T05:59:53.420+0000] {logging_mixin.py:188} INFO - [2024-07-18T05:59:53.420+0000] {dagbag.py:545} INFO - Filling up the DagBag from /opt/airflow/dags/groups/group_downloads.py
[2024-07-18T05:59:53.424+0000] {processor.py:842} WARNING - No viable dags retrieved from /opt/airflow/dags/groups/group_downloads.py
[2024-07-18T05:59:53.431+0000] {processor.py:183} INFO - Processing /opt/airflow/dags/groups/group_downloads.py took 0.015 seconds
[2024-07-18T06:00:23.950+0000] {processor.py:161} INFO - Started process (PID=195) to work on /opt/airflow/dags/groups/group_downloads.py
[2024-07-18T06:00:23.951+0000] {processor.py:830} INFO - Processing file /opt/airflow/dags/groups/group_downloads.py for tasks to queue
[2024-07-18T06:00:23.953+0000] {logging_mixin.py:188} INFO - [2024-07-18T06:00:23.952+0000] {dagbag.py:545} INFO - Filling up the DagBag from /opt/airflow/dags/groups/group_downloads.py
[2024-07-18T06:00:23.957+0000] {processor.py:842} WARNING - No viable dags retrieved from /opt/airflow/dags/groups/group_downloads.py
[2024-07-18T06:00:23.964+0000] {processor.py:183} INFO - Processing /opt/airflow/dags/groups/group_downloads.py took 0.016 seconds
[2024-07-18T06:00:54.412+0000] {processor.py:161} INFO - Started process (PID=210) to work on /opt/airflow/dags/groups/group_downloads.py
[2024-07-18T06:00:54.412+0000] {processor.py:830} INFO - Processing file /opt/airflow/dags/groups/group_downloads.py for tasks to queue
[2024-07-18T06:00:54.414+0000] {logging_mixin.py:188} INFO - [2024-07-18T06:00:54.414+0000] {dagbag.py:545} INFO - Filling up the DagBag from /opt/airflow/dags/groups/group_downloads.py
[2024-07-18T06:00:54.418+0000] {processor.py:842} WARNING - No viable dags retrieved from /opt/airflow/dags/groups/group_downloads.py
[2024-07-18T06:00:54.426+0000] {processor.py:183} INFO - Processing /opt/airflow/dags/groups/group_downloads.py took 0.017 seconds
[2024-07-18T06:01:24.961+0000] {processor.py:161} INFO - Started process (PID=225) to work on /opt/airflow/dags/groups/group_downloads.py
[2024-07-18T06:01:24.962+0000] {processor.py:830} INFO - Processing file /opt/airflow/dags/groups/group_downloads.py for tasks to queue
[2024-07-18T06:01:24.963+0000] {logging_mixin.py:188} INFO - [2024-07-18T06:01:24.963+0000] {dagbag.py:545} INFO - Filling up the DagBag from /opt/airflow/dags/groups/group_downloads.py
[2024-07-18T06:01:24.968+0000] {processor.py:842} WARNING - No viable dags retrieved from /opt/airflow/dags/groups/group_downloads.py
[2024-07-18T06:01:24.974+0000] {processor.py:183} INFO - Processing /opt/airflow/dags/groups/group_downloads.py took 0.016 seconds
[2024-07-18T06:01:55.496+0000] {processor.py:161} INFO - Started process (PID=240) to work on /opt/airflow/dags/groups/group_downloads.py
[2024-07-18T06:01:55.498+0000] {processor.py:830} INFO - Processing file /opt/airflow/dags/groups/group_downloads.py for tasks to queue
[2024-07-18T06:01:55.500+0000] {logging_mixin.py:188} INFO - [2024-07-18T06:01:55.500+0000] {dagbag.py:545} INFO - Filling up the DagBag from /opt/airflow/dags/groups/group_downloads.py
[2024-07-18T06:01:55.505+0000] {processor.py:842} WARNING - No viable dags retrieved from /opt/airflow/dags/groups/group_downloads.py
[2024-07-18T06:01:55.511+0000] {processor.py:183} INFO - Processing /opt/airflow/dags/groups/group_downloads.py took 0.019 seconds
[2024-07-18T06:02:25.997+0000] {processor.py:161} INFO - Started process (PID=255) to work on /opt/airflow/dags/groups/group_downloads.py
[2024-07-18T06:02:25.997+0000] {processor.py:830} INFO - Processing file /opt/airflow/dags/groups/group_downloads.py for tasks to queue
[2024-07-18T06:02:25.999+0000] {logging_mixin.py:188} INFO - [2024-07-18T06:02:25.999+0000] {dagbag.py:545} INFO - Filling up the DagBag from /opt/airflow/dags/groups/group_downloads.py
[2024-07-18T06:02:26.004+0000] {processor.py:842} WARNING - No viable dags retrieved from /opt/airflow/dags/groups/group_downloads.py
[2024-07-18T06:02:26.012+0000] {processor.py:183} INFO - Processing /opt/airflow/dags/groups/group_downloads.py took 0.020 seconds
[2024-07-18T06:02:56.543+0000] {processor.py:161} INFO - Started process (PID=270) to work on /opt/airflow/dags/groups/group_downloads.py
[2024-07-18T06:02:56.543+0000] {processor.py:830} INFO - Processing file /opt/airflow/dags/groups/group_downloads.py for tasks to queue
[2024-07-18T06:02:56.545+0000] {logging_mixin.py:188} INFO - [2024-07-18T06:02:56.544+0000] {dagbag.py:545} INFO - Filling up the DagBag from /opt/airflow/dags/groups/group_downloads.py
[2024-07-18T06:02:56.549+0000] {processor.py:842} WARNING - No viable dags retrieved from /opt/airflow/dags/groups/group_downloads.py
[2024-07-18T06:02:56.556+0000] {processor.py:183} INFO - Processing /opt/airflow/dags/groups/group_downloads.py took 0.018 seconds
[2024-07-18T06:03:27.290+0000] {processor.py:161} INFO - Started process (PID=286) to work on /opt/airflow/dags/groups/group_downloads.py
[2024-07-18T06:03:27.300+0000] {processor.py:830} INFO - Processing file /opt/airflow/dags/groups/group_downloads.py for tasks to queue
[2024-07-18T06:03:27.301+0000] {logging_mixin.py:188} INFO - [2024-07-18T06:03:27.301+0000] {dagbag.py:545} INFO - Filling up the DagBag from /opt/airflow/dags/groups/group_downloads.py
[2024-07-18T06:03:27.306+0000] {processor.py:842} WARNING - No viable dags retrieved from /opt/airflow/dags/groups/group_downloads.py
[2024-07-18T06:03:27.313+0000] {processor.py:183} INFO - Processing /opt/airflow/dags/groups/group_downloads.py took 0.027 seconds
[2024-07-18T06:03:57.940+0000] {processor.py:161} INFO - Started process (PID=300) to work on /opt/airflow/dags/groups/group_downloads.py
[2024-07-18T06:03:57.942+0000] {processor.py:830} INFO - Processing file /opt/airflow/dags/groups/group_downloads.py for tasks to queue
[2024-07-18T06:03:57.947+0000] {logging_mixin.py:188} INFO - [2024-07-18T06:03:57.947+0000] {dagbag.py:545} INFO - Filling up the DagBag from /opt/airflow/dags/groups/group_downloads.py
[2024-07-18T06:03:57.951+0000] {processor.py:842} WARNING - No viable dags retrieved from /opt/airflow/dags/groups/group_downloads.py
[2024-07-18T06:03:57.962+0000] {processor.py:183} INFO - Processing /opt/airflow/dags/groups/group_downloads.py took 0.024 seconds
[2024-07-18T06:04:28.595+0000] {processor.py:161} INFO - Started process (PID=315) to work on /opt/airflow/dags/groups/group_downloads.py
[2024-07-18T06:04:28.595+0000] {processor.py:830} INFO - Processing file /opt/airflow/dags/groups/group_downloads.py for tasks to queue
[2024-07-18T06:04:28.597+0000] {logging_mixin.py:188} INFO - [2024-07-18T06:04:28.597+0000] {dagbag.py:545} INFO - Filling up the DagBag from /opt/airflow/dags/groups/group_downloads.py
[2024-07-18T06:04:28.601+0000] {processor.py:842} WARNING - No viable dags retrieved from /opt/airflow/dags/groups/group_downloads.py
[2024-07-18T06:04:28.607+0000] {processor.py:183} INFO - Processing /opt/airflow/dags/groups/group_downloads.py took 0.015 seconds
[2024-07-18T06:04:59.174+0000] {processor.py:161} INFO - Started process (PID=330) to work on /opt/airflow/dags/groups/group_downloads.py
[2024-07-18T06:04:59.174+0000] {processor.py:830} INFO - Processing file /opt/airflow/dags/groups/group_downloads.py for tasks to queue
[2024-07-18T06:04:59.176+0000] {logging_mixin.py:188} INFO - [2024-07-18T06:04:59.176+0000] {dagbag.py:545} INFO - Filling up the DagBag from /opt/airflow/dags/groups/group_downloads.py
[2024-07-18T06:04:59.180+0000] {processor.py:842} WARNING - No viable dags retrieved from /opt/airflow/dags/groups/group_downloads.py
[2024-07-18T06:04:59.186+0000] {processor.py:183} INFO - Processing /opt/airflow/dags/groups/group_downloads.py took 0.015 seconds
[2024-07-18T06:05:29.648+0000] {processor.py:161} INFO - Started process (PID=345) to work on /opt/airflow/dags/groups/group_downloads.py
[2024-07-18T06:05:29.648+0000] {processor.py:830} INFO - Processing file /opt/airflow/dags/groups/group_downloads.py for tasks to queue
[2024-07-18T06:05:29.649+0000] {logging_mixin.py:188} INFO - [2024-07-18T06:05:29.649+0000] {dagbag.py:545} INFO - Filling up the DagBag from /opt/airflow/dags/groups/group_downloads.py
[2024-07-18T06:05:29.654+0000] {processor.py:842} WARNING - No viable dags retrieved from /opt/airflow/dags/groups/group_downloads.py
[2024-07-18T06:05:29.660+0000] {processor.py:183} INFO - Processing /opt/airflow/dags/groups/group_downloads.py took 0.015 seconds
[2024-07-18T06:06:00.164+0000] {processor.py:161} INFO - Started process (PID=360) to work on /opt/airflow/dags/groups/group_downloads.py
[2024-07-18T06:06:00.164+0000] {processor.py:830} INFO - Processing file /opt/airflow/dags/groups/group_downloads.py for tasks to queue
[2024-07-18T06:06:00.165+0000] {logging_mixin.py:188} INFO - [2024-07-18T06:06:00.165+0000] {dagbag.py:545} INFO - Filling up the DagBag from /opt/airflow/dags/groups/group_downloads.py
[2024-07-18T06:06:00.170+0000] {processor.py:842} WARNING - No viable dags retrieved from /opt/airflow/dags/groups/group_downloads.py
[2024-07-18T06:06:00.177+0000] {processor.py:183} INFO - Processing /opt/airflow/dags/groups/group_downloads.py took 0.016 seconds
[2024-07-18T06:06:30.716+0000] {processor.py:161} INFO - Started process (PID=375) to work on /opt/airflow/dags/groups/group_downloads.py
[2024-07-18T06:06:30.717+0000] {processor.py:830} INFO - Processing file /opt/airflow/dags/groups/group_downloads.py for tasks to queue
[2024-07-18T06:06:30.718+0000] {logging_mixin.py:188} INFO - [2024-07-18T06:06:30.718+0000] {dagbag.py:545} INFO - Filling up the DagBag from /opt/airflow/dags/groups/group_downloads.py
[2024-07-18T06:06:30.725+0000] {processor.py:842} WARNING - No viable dags retrieved from /opt/airflow/dags/groups/group_downloads.py
[2024-07-18T06:06:30.735+0000] {processor.py:183} INFO - Processing /opt/airflow/dags/groups/group_downloads.py took 0.022 seconds
[2024-07-18T06:07:00.934+0000] {processor.py:161} INFO - Started process (PID=389) to work on /opt/airflow/dags/groups/group_downloads.py
[2024-07-18T06:07:00.934+0000] {processor.py:830} INFO - Processing file /opt/airflow/dags/groups/group_downloads.py for tasks to queue
[2024-07-18T06:07:00.936+0000] {logging_mixin.py:188} INFO - [2024-07-18T06:07:00.935+0000] {dagbag.py:545} INFO - Filling up the DagBag from /opt/airflow/dags/groups/group_downloads.py
[2024-07-18T06:07:00.940+0000] {processor.py:842} WARNING - No viable dags retrieved from /opt/airflow/dags/groups/group_downloads.py
[2024-07-18T06:07:00.947+0000] {processor.py:183} INFO - Processing /opt/airflow/dags/groups/group_downloads.py took 0.015 seconds
[2024-07-18T06:07:31.456+0000] {processor.py:161} INFO - Started process (PID=404) to work on /opt/airflow/dags/groups/group_downloads.py
[2024-07-18T06:07:31.457+0000] {processor.py:830} INFO - Processing file /opt/airflow/dags/groups/group_downloads.py for tasks to queue
[2024-07-18T06:07:31.458+0000] {logging_mixin.py:188} INFO - [2024-07-18T06:07:31.458+0000] {dagbag.py:545} INFO - Filling up the DagBag from /opt/airflow/dags/groups/group_downloads.py
[2024-07-18T06:07:31.465+0000] {processor.py:842} WARNING - No viable dags retrieved from /opt/airflow/dags/groups/group_downloads.py
[2024-07-18T06:07:31.471+0000] {processor.py:183} INFO - Processing /opt/airflow/dags/groups/group_downloads.py took 0.018 seconds
[2024-07-18T06:08:01.992+0000] {processor.py:161} INFO - Started process (PID=419) to work on /opt/airflow/dags/groups/group_downloads.py
[2024-07-18T06:08:01.992+0000] {processor.py:830} INFO - Processing file /opt/airflow/dags/groups/group_downloads.py for tasks to queue
[2024-07-18T06:08:01.993+0000] {logging_mixin.py:188} INFO - [2024-07-18T06:08:01.993+0000] {dagbag.py:545} INFO - Filling up the DagBag from /opt/airflow/dags/groups/group_downloads.py
[2024-07-18T06:08:01.998+0000] {processor.py:842} WARNING - No viable dags retrieved from /opt/airflow/dags/groups/group_downloads.py
[2024-07-18T06:08:02.004+0000] {processor.py:183} INFO - Processing /opt/airflow/dags/groups/group_downloads.py took 0.016 seconds
[2024-07-18T06:21:12.638+0000] {processor.py:161} INFO - Started process (PID=26) to work on /opt/airflow/dags/groups/group_downloads.py
[2024-07-18T06:21:12.643+0000] {processor.py:830} INFO - Processing file /opt/airflow/dags/groups/group_downloads.py for tasks to queue
[2024-07-18T06:21:12.644+0000] {logging_mixin.py:188} INFO - [2024-07-18T06:21:12.644+0000] {dagbag.py:545} INFO - Filling up the DagBag from /opt/airflow/dags/groups/group_downloads.py
[2024-07-18T06:21:12.656+0000] {processor.py:842} WARNING - No viable dags retrieved from /opt/airflow/dags/groups/group_downloads.py
[2024-07-18T06:21:12.668+0000] {processor.py:183} INFO - Processing /opt/airflow/dags/groups/group_downloads.py took 0.033 seconds
