[2024-07-16T06:36:21.411+0000] {local_task_job_runner.py:120} INFO - ::group::Pre task execution logs
[2024-07-16T06:36:21.447+0000] {taskinstance.py:2076} INFO - Dependencies all met for dep_context=non-requeueable deps ti=<TaskInstance: parallel_dag.extract_b scheduled__2024-07-15T00:00:00+00:00 [queued]>
[2024-07-16T06:36:21.453+0000] {taskinstance.py:2076} INFO - Dependencies all met for dep_context=requeueable deps ti=<TaskInstance: parallel_dag.extract_b scheduled__2024-07-15T00:00:00+00:00 [queued]>
[2024-07-16T06:36:21.454+0000] {taskinstance.py:2306} INFO - Starting attempt 1 of 1
[2024-07-16T06:36:21.470+0000] {taskinstance.py:2330} INFO - Executing <Task(BashOperator): extract_b> on 2024-07-15 00:00:00+00:00
[2024-07-16T06:36:21.478+0000] {warnings.py:112} WARNING - /home/***/.local/lib/python3.12/site-packages/***/task/task_runner/standard_task_runner.py:61: DeprecationWarning: This process (pid=130) is multi-threaded, use of fork() may lead to deadlocks in the child.
  pid = os.fork()

[2024-07-16T06:36:21.490+0000] {standard_task_runner.py:63} INFO - Started process 135 to run task
[2024-07-16T06:36:21.495+0000] {standard_task_runner.py:90} INFO - Running: ['***', 'tasks', 'run', 'parallel_dag', 'extract_b', 'scheduled__2024-07-15T00:00:00+00:00', '--job-id', '62', '--raw', '--subdir', 'DAGS_FOLDER/parallel_dag.py', '--cfg-path', '/tmp/tmp0b375__z']
[2024-07-16T06:36:21.498+0000] {standard_task_runner.py:91} INFO - Job 62: Subtask extract_b
[2024-07-16T06:36:21.566+0000] {task_command.py:426} INFO - Running <TaskInstance: parallel_dag.extract_b scheduled__2024-07-15T00:00:00+00:00 [running]> on host a291a73b3f23
[2024-07-16T06:36:21.671+0000] {taskinstance.py:2648} INFO - Exporting env vars: AIRFLOW_CTX_DAG_OWNER='***' AIRFLOW_CTX_DAG_ID='parallel_dag' AIRFLOW_CTX_TASK_ID='extract_b' AIRFLOW_CTX_EXECUTION_DATE='2024-07-15T00:00:00+00:00' AIRFLOW_CTX_TRY_NUMBER='1' AIRFLOW_CTX_DAG_RUN_ID='scheduled__2024-07-15T00:00:00+00:00'
[2024-07-16T06:36:21.672+0000] {taskinstance.py:430} INFO - ::endgroup::
[2024-07-16T06:36:21.697+0000] {subprocess.py:63} INFO - Tmp dir root location: /tmp
[2024-07-16T06:36:21.698+0000] {subprocess.py:75} INFO - Running command: ['/usr/bin/bash', '-c', 'sleep 1']
[2024-07-16T06:36:21.718+0000] {subprocess.py:86} INFO - Output:
[2024-07-16T06:36:22.721+0000] {subprocess.py:97} INFO - Command exited with return code 0
[2024-07-16T06:36:22.726+0000] {taskinstance.py:441} INFO - ::group::Post task execution logs
[2024-07-16T06:36:22.772+0000] {taskinstance.py:1206} INFO - Marking task as SUCCESS. dag_id=parallel_dag, task_id=extract_b, run_id=scheduled__2024-07-15T00:00:00+00:00, execution_date=20240715T000000, start_date=20240716T063621, end_date=20240716T063622
[2024-07-16T06:36:22.812+0000] {local_task_job_runner.py:240} INFO - Task exited with return code 0
[2024-07-16T06:36:22.828+0000] {local_task_job_runner.py:222} INFO - ::endgroup::
