[2024-07-16T04:28:22.656+0000] {local_task_job_runner.py:120} INFO - ::group::Pre task execution logs
[2024-07-16T04:28:22.669+0000] {taskinstance.py:2076} INFO - Dependencies all met for dep_context=non-requeueable deps ti=<TaskInstance: user_processing.is_api_available scheduled__2024-07-15T00:00:00+00:00 [queued]>
[2024-07-16T04:28:22.674+0000] {taskinstance.py:2076} INFO - Dependencies all met for dep_context=requeueable deps ti=<TaskInstance: user_processing.is_api_available scheduled__2024-07-15T00:00:00+00:00 [queued]>
[2024-07-16T04:28:22.674+0000] {taskinstance.py:2306} INFO - Starting attempt 1 of 1
[2024-07-16T04:28:22.690+0000] {taskinstance.py:2330} INFO - Executing <Task(HttpSensor): is_api_available> on 2024-07-15 00:00:00+00:00
[2024-07-16T04:28:22.693+0000] {warnings.py:112} WARNING - /home/***/.local/lib/python3.12/site-packages/***/task/task_runner/standard_task_runner.py:61: DeprecationWarning: This process (pid=44) is multi-threaded, use of fork() may lead to deadlocks in the child.
  pid = os.fork()

[2024-07-16T04:28:22.695+0000] {standard_task_runner.py:63} INFO - Started process 46 to run task
[2024-07-16T04:28:22.696+0000] {standard_task_runner.py:90} INFO - Running: ['***', 'tasks', 'run', 'user_processing', 'is_api_available', 'scheduled__2024-07-15T00:00:00+00:00', '--job-id', '47', '--raw', '--subdir', 'DAGS_FOLDER/user_processing.py', '--cfg-path', '/tmp/tmpfb0q6f1d']
[2024-07-16T04:28:22.697+0000] {standard_task_runner.py:91} INFO - Job 47: Subtask is_api_available
[2024-07-16T04:28:22.750+0000] {task_command.py:426} INFO - Running <TaskInstance: user_processing.is_api_available scheduled__2024-07-15T00:00:00+00:00 [running]> on host 6e5e891f9a78
[2024-07-16T04:28:22.843+0000] {taskinstance.py:2648} INFO - Exporting env vars: AIRFLOW_CTX_DAG_OWNER='***' AIRFLOW_CTX_DAG_ID='user_processing' AIRFLOW_CTX_TASK_ID='is_api_available' AIRFLOW_CTX_EXECUTION_DATE='2024-07-15T00:00:00+00:00' AIRFLOW_CTX_TRY_NUMBER='1' AIRFLOW_CTX_DAG_RUN_ID='scheduled__2024-07-15T00:00:00+00:00'
[2024-07-16T04:28:22.846+0000] {taskinstance.py:430} INFO - ::endgroup::
[2024-07-16T04:28:22.846+0000] {baseoperator.py:400} WARNING - HttpSensor.execute cannot be called outside TaskInstance!
[2024-07-16T04:28:22.847+0000] {http.py:137} INFO - Poking: api/
[2024-07-16T04:28:22.862+0000] {base.py:84} INFO - Using connection ID 'user_api' for task execution.
[2024-07-16T04:28:23.228+0000] {base.py:294} INFO - Success criteria met. Exiting.
[2024-07-16T04:28:23.229+0000] {taskinstance.py:441} INFO - ::group::Post task execution logs
[2024-07-16T04:28:23.236+0000] {taskinstance.py:1206} INFO - Marking task as SUCCESS. dag_id=user_processing, task_id=is_api_available, run_id=scheduled__2024-07-15T00:00:00+00:00, execution_date=20240715T000000, start_date=20240716T042822, end_date=20240716T042823
[2024-07-16T04:28:23.271+0000] {local_task_job_runner.py:240} INFO - Task exited with return code 0
[2024-07-16T04:28:23.279+0000] {warnings.py:112} WARNING - /home/***/.local/lib/python3.12/site-packages/***/models/baseoperator.py:1297: AirflowProviderDeprecationWarning: Call to deprecated class SimpleHttpOperator. (Class `SimpleHttpOperator` is deprecated and will be removed in a future release. Please use `HttpOperator` instead.)
  result = cls.__new__(cls)

[2024-07-16T04:28:23.300+0000] {taskinstance.py:3503} INFO - 1 downstream tasks scheduled from follow-on schedule check
[2024-07-16T04:28:23.303+0000] {local_task_job_runner.py:222} INFO - ::endgroup::
