[2024-07-17T03:07:50.353+0000] {local_task_job_runner.py:120} INFO - ::group::Pre task execution logs
[2024-07-17T03:07:50.369+0000] {taskinstance.py:2076} INFO - Dependencies all met for dep_context=non-requeueable deps ti=<TaskInstance: group_dag.transforms.transform_b scheduled__2024-07-16T00:00:00+00:00 [queued]>
[2024-07-17T03:07:50.378+0000] {taskinstance.py:2076} INFO - Dependencies all met for dep_context=requeueable deps ti=<TaskInstance: group_dag.transforms.transform_b scheduled__2024-07-16T00:00:00+00:00 [queued]>
[2024-07-17T03:07:50.379+0000] {taskinstance.py:2306} INFO - Starting attempt 1 of 1
[2024-07-17T03:07:50.392+0000] {taskinstance.py:2330} INFO - Executing <Task(BashOperator): transforms.transform_b> on 2024-07-16 00:00:00+00:00
[2024-07-17T03:07:50.397+0000] {warnings.py:112} WARNING - /home/***/.local/lib/python3.12/site-packages/***/task/task_runner/standard_task_runner.py:61: DeprecationWarning: This process (pid=70) is multi-threaded, use of fork() may lead to deadlocks in the child.
  pid = os.fork()

[2024-07-17T03:07:50.399+0000] {standard_task_runner.py:63} INFO - Started process 73 to run task
[2024-07-17T03:07:50.403+0000] {standard_task_runner.py:90} INFO - Running: ['***', 'tasks', 'run', 'group_dag', 'transforms.transform_b', 'scheduled__2024-07-16T00:00:00+00:00', '--job-id', '125', '--raw', '--subdir', 'DAGS_FOLDER/group_dag.py', '--cfg-path', '/tmp/tmpghgy9p0k']
[2024-07-17T03:07:50.403+0000] {standard_task_runner.py:91} INFO - Job 125: Subtask transforms.transform_b
[2024-07-17T03:07:50.447+0000] {task_command.py:426} INFO - Running <TaskInstance: group_dag.transforms.transform_b scheduled__2024-07-16T00:00:00+00:00 [running]> on host 2f80c3cf662d
[2024-07-17T03:07:50.521+0000] {taskinstance.py:2648} INFO - Exporting env vars: AIRFLOW_CTX_DAG_OWNER='***' AIRFLOW_CTX_DAG_ID='group_dag' AIRFLOW_CTX_TASK_ID='transforms.transform_b' AIRFLOW_CTX_EXECUTION_DATE='2024-07-16T00:00:00+00:00' AIRFLOW_CTX_TRY_NUMBER='1' AIRFLOW_CTX_DAG_RUN_ID='scheduled__2024-07-16T00:00:00+00:00'
[2024-07-17T03:07:50.522+0000] {taskinstance.py:430} INFO - ::endgroup::
[2024-07-17T03:07:50.535+0000] {subprocess.py:63} INFO - Tmp dir root location: /tmp
[2024-07-17T03:07:50.538+0000] {subprocess.py:75} INFO - Running command: ['/usr/bin/bash', '-c', 'sleep 10']
[2024-07-17T03:07:50.543+0000] {subprocess.py:86} INFO - Output:
[2024-07-17T03:08:00.545+0000] {subprocess.py:97} INFO - Command exited with return code 0
[2024-07-17T03:08:00.546+0000] {taskinstance.py:441} INFO - ::group::Post task execution logs
[2024-07-17T03:08:00.587+0000] {taskinstance.py:1206} INFO - Marking task as SUCCESS. dag_id=group_dag, task_id=transforms.transform_b, run_id=scheduled__2024-07-16T00:00:00+00:00, execution_date=20240716T000000, start_date=20240717T030750, end_date=20240717T030800
[2024-07-17T03:08:00.622+0000] {local_task_job_runner.py:240} INFO - Task exited with return code 0
[2024-07-17T03:08:00.636+0000] {taskinstance.py:3503} INFO - 0 downstream tasks scheduled from follow-on schedule check
[2024-07-17T03:08:00.642+0000] {local_task_job_runner.py:222} INFO - ::endgroup::
