[2024-07-16T10:03:52.559+0000] {local_task_job_runner.py:120} INFO - ::group::Pre task execution logs
[2024-07-16T10:03:52.569+0000] {taskinstance.py:2076} INFO - Dependencies all met for dep_context=non-requeueable deps ti=<TaskInstance: xcom_dag.t2 manual__2024-07-16T10:03:50.841549+00:00 [queued]>
[2024-07-16T10:03:52.573+0000] {taskinstance.py:2076} INFO - Dependencies all met for dep_context=requeueable deps ti=<TaskInstance: xcom_dag.t2 manual__2024-07-16T10:03:50.841549+00:00 [queued]>
[2024-07-16T10:03:52.573+0000] {taskinstance.py:2306} INFO - Starting attempt 1 of 1
[2024-07-16T10:03:52.580+0000] {taskinstance.py:2330} INFO - Executing <Task(PythonOperator): t2> on 2024-07-16 10:03:50.841549+00:00
[2024-07-16T10:03:52.583+0000] {warnings.py:112} WARNING - /home/***/.local/lib/python3.12/site-packages/***/task/task_runner/standard_task_runner.py:61: DeprecationWarning: This process (pid=1820) is multi-threaded, use of fork() may lead to deadlocks in the child.
  pid = os.fork()

[2024-07-16T10:03:52.584+0000] {standard_task_runner.py:63} INFO - Started process 1821 to run task
[2024-07-16T10:03:52.587+0000] {standard_task_runner.py:90} INFO - Running: ['***', 'tasks', 'run', 'xcom_dag', 't2', 'manual__2024-07-16T10:03:50.841549+00:00', '--job-id', '103', '--raw', '--subdir', 'DAGS_FOLDER/xcom_dags.py', '--cfg-path', '/tmp/tmprgmz79eg']
[2024-07-16T10:03:52.589+0000] {standard_task_runner.py:91} INFO - Job 103: Subtask t2
[2024-07-16T10:03:52.623+0000] {task_command.py:426} INFO - Running <TaskInstance: xcom_dag.t2 manual__2024-07-16T10:03:50.841549+00:00 [running]> on host 2f80c3cf662d
[2024-07-16T10:03:52.664+0000] {taskinstance.py:2648} INFO - Exporting env vars: AIRFLOW_CTX_DAG_OWNER='***' AIRFLOW_CTX_DAG_ID='xcom_dag' AIRFLOW_CTX_TASK_ID='t2' AIRFLOW_CTX_EXECUTION_DATE='2024-07-16T10:03:50.841549+00:00' AIRFLOW_CTX_TRY_NUMBER='1' AIRFLOW_CTX_DAG_RUN_ID='manual__2024-07-16T10:03:50.841549+00:00'
[2024-07-16T10:03:52.665+0000] {taskinstance.py:430} INFO - ::endgroup::
[2024-07-16T10:03:52.671+0000] {taskinstance.py:441} INFO - ::group::Post task execution logs
[2024-07-16T10:03:52.672+0000] {taskinstance.py:2905} ERROR - Task failed with exception
Traceback (most recent call last):
  File "/home/airflow/.local/lib/python3.12/site-packages/airflow/models/taskinstance.py", line 465, in _execute_task
    result = _execute_callable(context=context, **execute_callable_kwargs)
             ^^^^^^^^^^^^^^^^^^^^^^^^^^^^^^^^^^^^^^^^^^^^^^^^^^^^^^^^^^^^^
  File "/home/airflow/.local/lib/python3.12/site-packages/airflow/models/taskinstance.py", line 432, in _execute_callable
    return execute_callable(context=context, **execute_callable_kwargs)
           ^^^^^^^^^^^^^^^^^^^^^^^^^^^^^^^^^^^^^^^^^^^^^^^^^^^^^^^^^^^^
  File "/home/airflow/.local/lib/python3.12/site-packages/airflow/models/baseoperator.py", line 401, in wrapper
    return func(self, *args, **kwargs)
           ^^^^^^^^^^^^^^^^^^^^^^^^^^^
  File "/home/airflow/.local/lib/python3.12/site-packages/airflow/operators/python.py", line 235, in execute
    return_value = self.execute_callable()
                   ^^^^^^^^^^^^^^^^^^^^^^^
  File "/home/airflow/.local/lib/python3.12/site-packages/airflow/operators/python.py", line 252, in execute_callable
    return self.python_callable(*self.op_args, **self.op_kwargs)
           ^^^^^^^^^^^^^^^^^^^^^^^^^^^^^^^^^^^^^^^^^^^^^^^^^^^^^
  File "/opt/airflow/dags/xcom_dags.py", line 11, in _t2
    print(ti.xcom_pull(key='my_key', task_ids='t1'))
          ^^
NameError: name 'ti' is not defined
[2024-07-16T10:03:52.680+0000] {taskinstance.py:1206} INFO - Marking task as FAILED. dag_id=xcom_dag, task_id=t2, run_id=manual__2024-07-16T10:03:50.841549+00:00, execution_date=20240716T100350, start_date=20240716T100352, end_date=20240716T100352
[2024-07-16T10:03:52.687+0000] {standard_task_runner.py:110} ERROR - Failed to execute job 103 for task t2 (name 'ti' is not defined; 1821)
[2024-07-16T10:03:52.718+0000] {local_task_job_runner.py:240} INFO - Task exited with return code 1
[2024-07-16T10:03:52.732+0000] {taskinstance.py:3503} INFO - 0 downstream tasks scheduled from follow-on schedule check
[2024-07-16T10:03:52.735+0000] {local_task_job_runner.py:222} INFO - ::endgroup::
