[2024-07-16T09:23:18.442+0000] {local_task_job_runner.py:120} INFO - ::group::Pre task execution logs
[2024-07-16T09:23:18.544+0000] {taskinstance.py:2076} INFO - Dependencies all met for dep_context=non-requeueable deps ti=<TaskInstance: group_dag.downloads.download_b scheduled__2024-07-15T00:00:00+00:00 [queued]>
[2024-07-16T09:23:18.594+0000] {taskinstance.py:2076} INFO - Dependencies all met for dep_context=requeueable deps ti=<TaskInstance: group_dag.downloads.download_b scheduled__2024-07-15T00:00:00+00:00 [queued]>
[2024-07-16T09:23:18.595+0000] {taskinstance.py:2306} INFO - Starting attempt 1 of 1
[2024-07-16T09:23:18.727+0000] {taskinstance.py:2330} INFO - Executing <Task(BashOperator): download_b> on 2024-07-15 00:00:00+00:00
[2024-07-16T09:23:18.743+0000] {warnings.py:112} WARNING - /home/***/.local/lib/python3.12/site-packages/***/task/task_runner/standard_task_runner.py:61: DeprecationWarning: This process (pid=1227) is multi-threaded, use of fork() may lead to deadlocks in the child.
  pid = os.fork()

[2024-07-16T09:23:18.744+0000] {standard_task_runner.py:63} INFO - Started process 1232 to run task
[2024-07-16T09:23:18.752+0000] {standard_task_runner.py:90} INFO - Running: ['***', 'tasks', 'run', 'group_dag.downloads', 'download_b', 'scheduled__2024-07-15T00:00:00+00:00', '--job-id', '83', '--raw', '--subdir', 'DAGS_FOLDER/group_dag.py', '--cfg-path', '/tmp/tmp4t2gpsbq']
[2024-07-16T09:23:18.756+0000] {standard_task_runner.py:91} INFO - Job 83: Subtask download_b
[2024-07-16T09:23:18.977+0000] {task_command.py:426} INFO - Running <TaskInstance: group_dag.downloads.download_b scheduled__2024-07-15T00:00:00+00:00 [running]> on host 2f80c3cf662d
[2024-07-16T09:23:19.248+0000] {taskinstance.py:2648} INFO - Exporting env vars: AIRFLOW_CTX_DAG_OWNER='***' AIRFLOW_CTX_DAG_ID='group_dag.downloads' AIRFLOW_CTX_TASK_ID='download_b' AIRFLOW_CTX_EXECUTION_DATE='2024-07-15T00:00:00+00:00' AIRFLOW_CTX_TRY_NUMBER='1' AIRFLOW_CTX_DAG_RUN_ID='scheduled__2024-07-15T00:00:00+00:00'
[2024-07-16T09:23:19.249+0000] {taskinstance.py:430} INFO - ::endgroup::
[2024-07-16T09:23:19.299+0000] {subprocess.py:63} INFO - Tmp dir root location: /tmp
[2024-07-16T09:23:19.300+0000] {subprocess.py:75} INFO - Running command: ['/usr/bin/bash', '-c', 'sleep 10']
[2024-07-16T09:23:19.315+0000] {subprocess.py:86} INFO - Output:
[2024-07-16T09:23:29.318+0000] {subprocess.py:97} INFO - Command exited with return code 0
[2024-07-16T09:23:29.321+0000] {taskinstance.py:441} INFO - ::group::Post task execution logs
[2024-07-16T09:23:29.437+0000] {taskinstance.py:1206} INFO - Marking task as SUCCESS. dag_id=group_dag.downloads, task_id=download_b, run_id=scheduled__2024-07-15T00:00:00+00:00, execution_date=20240715T000000, start_date=20240716T092318, end_date=20240716T092329
[2024-07-16T09:23:29.496+0000] {local_task_job_runner.py:240} INFO - Task exited with return code 0
[2024-07-16T09:23:29.555+0000] {local_task_job_runner.py:222} INFO - ::endgroup::
