[2024-07-16T09:24:28.718+0000] {local_task_job_runner.py:120} INFO - ::group::Pre task execution logs
[2024-07-16T09:24:28.731+0000] {taskinstance.py:2076} INFO - Dependencies all met for dep_context=non-requeueable deps ti=<TaskInstance: group_dag.transforms scheduled__2024-07-15T00:00:00+00:00 [queued]>
[2024-07-16T09:24:28.734+0000] {taskinstance.py:2076} INFO - Dependencies all met for dep_context=requeueable deps ti=<TaskInstance: group_dag.transforms scheduled__2024-07-15T00:00:00+00:00 [queued]>
[2024-07-16T09:24:28.735+0000] {taskinstance.py:2306} INFO - Starting attempt 1 of 1
[2024-07-16T09:24:28.743+0000] {taskinstance.py:2330} INFO - Executing <Task(SubDagOperator): transforms> on 2024-07-15 00:00:00+00:00
[2024-07-16T09:24:28.746+0000] {warnings.py:112} WARNING - /home/***/.local/lib/python3.12/site-packages/***/task/task_runner/standard_task_runner.py:61: DeprecationWarning: This process (pid=1261) is multi-threaded, use of fork() may lead to deadlocks in the child.
  pid = os.fork()

[2024-07-16T09:24:28.747+0000] {standard_task_runner.py:63} INFO - Started process 1263 to run task
[2024-07-16T09:24:28.750+0000] {standard_task_runner.py:90} INFO - Running: ['***', 'tasks', 'run', 'group_dag', 'transforms', 'scheduled__2024-07-15T00:00:00+00:00', '--job-id', '88', '--raw', '--subdir', 'DAGS_FOLDER/group_dag.py', '--cfg-path', '/tmp/tmpmwuk9y1t']
[2024-07-16T09:24:28.751+0000] {standard_task_runner.py:91} INFO - Job 88: Subtask transforms
[2024-07-16T09:24:28.779+0000] {task_command.py:426} INFO - Running <TaskInstance: group_dag.transforms scheduled__2024-07-15T00:00:00+00:00 [running]> on host 2f80c3cf662d
[2024-07-16T09:24:28.837+0000] {taskinstance.py:2648} INFO - Exporting env vars: AIRFLOW_CTX_DAG_OWNER='***' AIRFLOW_CTX_DAG_ID='group_dag' AIRFLOW_CTX_TASK_ID='transforms' AIRFLOW_CTX_EXECUTION_DATE='2024-07-15T00:00:00+00:00' AIRFLOW_CTX_TRY_NUMBER='1' AIRFLOW_CTX_DAG_RUN_ID='scheduled__2024-07-15T00:00:00+00:00'
[2024-07-16T09:24:28.838+0000] {warnings.py:112} WARNING - /home/***/.local/lib/python3.12/site-packages/***/utils/context.py:212: AirflowContextDeprecationWarning: Accessing 'execution_date' from the template is deprecated and will be removed in a future version. Please use 'data_interval_start' or 'logical_date' instead.
  warnings.warn(_create_deprecation_warning(key, self._deprecation_replacements[key]))

[2024-07-16T09:24:28.856+0000] {subdag.py:180} INFO - Created DagRun: scheduled__2024-07-15T00:00:00+00:00
[2024-07-16T09:24:28.857+0000] {taskinstance.py:430} INFO - ::endgroup::
[2024-07-16T09:25:28.890+0000] {base.py:294} INFO - Success criteria met. Exiting.
[2024-07-16T09:25:28.892+0000] {taskinstance.py:441} INFO - ::group::Post task execution logs
[2024-07-16T09:25:28.901+0000] {subdag.py:195} INFO - Execution finished. State is success
[2024-07-16T09:25:28.909+0000] {taskinstance.py:1206} INFO - Marking task as SUCCESS. dag_id=group_dag, task_id=transforms, run_id=scheduled__2024-07-15T00:00:00+00:00, execution_date=20240715T000000, start_date=20240716T092428, end_date=20240716T092528
[2024-07-16T09:25:28.964+0000] {local_task_job_runner.py:240} INFO - Task exited with return code 0
[2024-07-16T09:25:28.979+0000] {taskinstance.py:3503} INFO - 0 downstream tasks scheduled from follow-on schedule check
[2024-07-16T09:25:28.982+0000] {local_task_job_runner.py:222} INFO - ::endgroup::
