[2024-07-16T09:24:30.564+0000] {local_task_job_runner.py:120} INFO - ::group::Pre task execution logs
[2024-07-16T09:24:30.617+0000] {taskinstance.py:2076} INFO - Dependencies all met for dep_context=non-requeueable deps ti=<TaskInstance: group_dag.transforms.transform_b scheduled__2024-07-16T09:23:15.094708+00:00 [queued]>
[2024-07-16T09:24:30.640+0000] {taskinstance.py:2076} INFO - Dependencies all met for dep_context=requeueable deps ti=<TaskInstance: group_dag.transforms.transform_b scheduled__2024-07-16T09:23:15.094708+00:00 [queued]>
[2024-07-16T09:24:30.644+0000] {taskinstance.py:2306} INFO - Starting attempt 1 of 1
[2024-07-16T09:24:30.669+0000] {taskinstance.py:2330} INFO - Executing <Task(BashOperator): transform_b> on 2024-07-16 09:23:15.094708+00:00
[2024-07-16T09:24:30.676+0000] {warnings.py:112} WARNING - /home/***/.local/lib/python3.12/site-packages/***/task/task_runner/standard_task_runner.py:61: DeprecationWarning: This process (pid=1270) is multi-threaded, use of fork() may lead to deadlocks in the child.
  pid = os.fork()

[2024-07-16T09:24:30.681+0000] {standard_task_runner.py:63} INFO - Started process 1271 to run task
[2024-07-16T09:24:30.690+0000] {standard_task_runner.py:90} INFO - Running: ['***', 'tasks', 'run', 'group_dag.transforms', 'transform_b', 'scheduled__2024-07-16T09:23:15.094708+00:00', '--job-id', '91', '--raw', '--subdir', 'DAGS_FOLDER/group_dag.py', '--cfg-path', '/tmp/tmp911fooau']
[2024-07-16T09:24:30.692+0000] {standard_task_runner.py:91} INFO - Job 91: Subtask transform_b
[2024-07-16T09:24:30.756+0000] {task_command.py:426} INFO - Running <TaskInstance: group_dag.transforms.transform_b scheduled__2024-07-16T09:23:15.094708+00:00 [running]> on host 2f80c3cf662d
[2024-07-16T09:24:30.895+0000] {taskinstance.py:2648} INFO - Exporting env vars: AIRFLOW_CTX_DAG_OWNER='***' AIRFLOW_CTX_DAG_ID='group_dag.transforms' AIRFLOW_CTX_TASK_ID='transform_b' AIRFLOW_CTX_EXECUTION_DATE='2024-07-16T09:23:15.094708+00:00' AIRFLOW_CTX_TRY_NUMBER='1' AIRFLOW_CTX_DAG_RUN_ID='scheduled__2024-07-16T09:23:15.094708+00:00'
[2024-07-16T09:24:30.898+0000] {taskinstance.py:430} INFO - ::endgroup::
[2024-07-16T09:24:30.955+0000] {subprocess.py:63} INFO - Tmp dir root location: /tmp
[2024-07-16T09:24:30.962+0000] {subprocess.py:75} INFO - Running command: ['/usr/bin/bash', '-c', 'sleep 10']
[2024-07-16T09:24:31.000+0000] {subprocess.py:86} INFO - Output:
[2024-07-16T09:24:41.008+0000] {subprocess.py:97} INFO - Command exited with return code 0
[2024-07-16T09:24:41.011+0000] {taskinstance.py:441} INFO - ::group::Post task execution logs
[2024-07-16T09:24:41.030+0000] {taskinstance.py:1206} INFO - Marking task as SUCCESS. dag_id=group_dag.transforms, task_id=transform_b, run_id=scheduled__2024-07-16T09:23:15.094708+00:00, execution_date=20240716T092315, start_date=20240716T092430, end_date=20240716T092441
[2024-07-16T09:24:41.064+0000] {local_task_job_runner.py:240} INFO - Task exited with return code 0
[2024-07-16T09:24:41.075+0000] {taskinstance.py:3503} INFO - 0 downstream tasks scheduled from follow-on schedule check
[2024-07-16T09:24:41.077+0000] {local_task_job_runner.py:222} INFO - ::endgroup::
