[2024-07-18T05:55:00.434+0000] {local_task_job_runner.py:120} INFO - ::group::Pre task execution logs
[2024-07-18T05:55:00.589+0000] {taskinstance.py:2076} INFO - Dependencies all met for dep_context=non-requeueable deps ti=<TaskInstance: group_dag.downloads.download_b scheduled__2024-07-17T00:00:00+00:00 [queued]>
[2024-07-18T05:55:00.650+0000] {taskinstance.py:2076} INFO - Dependencies all met for dep_context=requeueable deps ti=<TaskInstance: group_dag.downloads.download_b scheduled__2024-07-17T00:00:00+00:00 [queued]>
[2024-07-18T05:55:00.657+0000] {taskinstance.py:2306} INFO - Starting attempt 1 of 1
[2024-07-18T05:55:00.741+0000] {taskinstance.py:2330} INFO - Executing <Task(BashOperator): downloads.download_b> on 2024-07-17 00:00:00+00:00
[2024-07-18T05:55:00.761+0000] {warnings.py:112} WARNING - /home/***/.local/lib/python3.12/site-packages/***/task/task_runner/standard_task_runner.py:61: DeprecationWarning: This process (pid=50) is multi-threaded, use of fork() may lead to deadlocks in the child.
  pid = os.fork()

[2024-07-18T05:55:00.770+0000] {standard_task_runner.py:90} INFO - Running: ['***', 'tasks', 'run', 'group_dag', 'downloads.download_b', 'scheduled__2024-07-17T00:00:00+00:00', '--job-id', '131', '--raw', '--subdir', 'DAGS_FOLDER/group_dag.py', '--cfg-path', '/tmp/tmprpbnd3je']
[2024-07-18T05:55:00.808+0000] {standard_task_runner.py:91} INFO - Job 131: Subtask downloads.download_b
[2024-07-18T05:55:00.808+0000] {standard_task_runner.py:63} INFO - Started process 54 to run task
[2024-07-18T05:55:01.074+0000] {task_command.py:426} INFO - Running <TaskInstance: group_dag.downloads.download_b scheduled__2024-07-17T00:00:00+00:00 [running]> on host e414c6c2d16d
[2024-07-18T05:55:01.331+0000] {taskinstance.py:2648} INFO - Exporting env vars: AIRFLOW_CTX_DAG_OWNER='***' AIRFLOW_CTX_DAG_ID='group_dag' AIRFLOW_CTX_TASK_ID='downloads.download_b' AIRFLOW_CTX_EXECUTION_DATE='2024-07-17T00:00:00+00:00' AIRFLOW_CTX_TRY_NUMBER='1' AIRFLOW_CTX_DAG_RUN_ID='scheduled__2024-07-17T00:00:00+00:00'
[2024-07-18T05:55:01.332+0000] {taskinstance.py:430} INFO - ::endgroup::
[2024-07-18T05:55:01.389+0000] {subprocess.py:63} INFO - Tmp dir root location: /tmp
[2024-07-18T05:55:01.391+0000] {subprocess.py:75} INFO - Running command: ['/usr/bin/bash', '-c', 'sleep 10']
[2024-07-18T05:55:01.431+0000] {subprocess.py:86} INFO - Output:
[2024-07-18T05:55:11.433+0000] {subprocess.py:97} INFO - Command exited with return code 0
[2024-07-18T05:55:11.435+0000] {taskinstance.py:441} INFO - ::group::Post task execution logs
[2024-07-18T05:55:11.451+0000] {taskinstance.py:1206} INFO - Marking task as SUCCESS. dag_id=group_dag, task_id=downloads.download_b, run_id=scheduled__2024-07-17T00:00:00+00:00, execution_date=20240717T000000, start_date=20240718T055500, end_date=20240718T055511
[2024-07-18T05:55:11.465+0000] {local_task_job_runner.py:240} INFO - Task exited with return code 0
[2024-07-18T05:55:11.484+0000] {taskinstance.py:3503} INFO - 1 downstream tasks scheduled from follow-on schedule check
[2024-07-18T05:55:11.488+0000] {local_task_job_runner.py:222} INFO - ::endgroup::
