[2024-07-15T10:06:09.242+0000] {local_task_job_runner.py:120} INFO - ::group::Pre task execution logs
[2024-07-15T10:06:09.250+0000] {taskinstance.py:2076} INFO - Dependencies all met for dep_context=non-requeueable deps ti=<TaskInstance: user_processing.extract_user manual__2024-07-15T10:06:04.335095+00:00 [queued]>
[2024-07-15T10:06:09.254+0000] {taskinstance.py:2076} INFO - Dependencies all met for dep_context=requeueable deps ti=<TaskInstance: user_processing.extract_user manual__2024-07-15T10:06:04.335095+00:00 [queued]>
[2024-07-15T10:06:09.254+0000] {taskinstance.py:2306} INFO - Starting attempt 1 of 1
[2024-07-15T10:06:09.260+0000] {taskinstance.py:2330} INFO - Executing <Task(SimpleHttpOperator): extract_user> on 2024-07-15 10:06:04.335095+00:00
[2024-07-15T10:06:09.263+0000] {warnings.py:112} WARNING - /home/***/.local/lib/python3.12/site-packages/***/task/task_runner/standard_task_runner.py:61: DeprecationWarning: This process (pid=2248) is multi-threaded, use of fork() may lead to deadlocks in the child.
  pid = os.fork()

[2024-07-15T10:06:09.264+0000] {standard_task_runner.py:63} INFO - Started process 2250 to run task
[2024-07-15T10:06:09.264+0000] {standard_task_runner.py:90} INFO - Running: ['***', 'tasks', 'run', 'user_processing', 'extract_user', 'manual__2024-07-15T10:06:04.335095+00:00', '--job-id', '41', '--raw', '--subdir', 'DAGS_FOLDER/user_processing.py', '--cfg-path', '/tmp/tmp7zmm4qqx']
[2024-07-15T10:06:09.265+0000] {standard_task_runner.py:91} INFO - Job 41: Subtask extract_user
[2024-07-15T10:06:09.286+0000] {task_command.py:426} INFO - Running <TaskInstance: user_processing.extract_user manual__2024-07-15T10:06:04.335095+00:00 [running]> on host 6e5e891f9a78
[2024-07-15T10:06:09.325+0000] {taskinstance.py:2648} INFO - Exporting env vars: AIRFLOW_CTX_DAG_OWNER='***' AIRFLOW_CTX_DAG_ID='user_processing' AIRFLOW_CTX_TASK_ID='extract_user' AIRFLOW_CTX_EXECUTION_DATE='2024-07-15T10:06:04.335095+00:00' AIRFLOW_CTX_TRY_NUMBER='1' AIRFLOW_CTX_DAG_RUN_ID='manual__2024-07-15T10:06:04.335095+00:00'
[2024-07-15T10:06:09.326+0000] {taskinstance.py:430} INFO - ::endgroup::
[2024-07-15T10:06:09.327+0000] {http.py:169} INFO - Calling HTTP method
[2024-07-15T10:06:09.331+0000] {base.py:84} INFO - Using connection ID 'user_api' for task execution.
[2024-07-15T10:06:09.335+0000] {base.py:84} INFO - Using connection ID 'user_api' for task execution.
[2024-07-15T10:06:09.791+0000] {http.py:208} INFO - {"results":[{"gender":"female","name":{"title":"Ms","first":"Andrea","last":"Kristensen"},"location":{"street":{"number":8927,"name":"Grønlandsparken"},"city":"Tisvilde","state":"Midtjylland","country":"Denmark","postcode":46464,"coordinates":{"latitude":"-41.2846","longitude":"7.3338"},"timezone":{"offset":"-3:00","description":"Brazil, Buenos Aires, Georgetown"}},"email":"andrea.kristensen@example.com","login":{"uuid":"16d5e4e5-6846-49c8-ae12-c596a1ea5730","username":"bluepeacock426","password":"aikman","salt":"IryKUG43","md5":"19f79c701569957be4bfd02b671b419c","sha1":"1f02c09b91e019d6efdb286ac1599ea56e0b0bd8","sha256":"5eaf5ef01bed5cd0e532449fa07326e5f2c12b2364feb50140759fe266f854b2"},"dob":{"date":"1978-03-26T14:31:12.255Z","age":46},"registered":{"date":"2010-04-03T12:25:22.697Z","age":14},"phone":"09634203","cell":"45426912","id":{"name":"CPR","value":"260378-7854"},"picture":{"large":"https://randomuser.me/api/portraits/women/64.jpg","medium":"https://randomuser.me/api/portraits/med/women/64.jpg","thumbnail":"https://randomuser.me/api/portraits/thumb/women/64.jpg"},"nat":"DK"}],"info":{"seed":"b6732a3f97bbb20f","results":1,"page":1,"version":"1.4"}}
[2024-07-15T10:06:09.793+0000] {taskinstance.py:441} INFO - ::group::Post task execution logs
[2024-07-15T10:06:09.807+0000] {taskinstance.py:1206} INFO - Marking task as SUCCESS. dag_id=user_processing, task_id=extract_user, run_id=manual__2024-07-15T10:06:04.335095+00:00, execution_date=20240715T100604, start_date=20240715T100609, end_date=20240715T100609
[2024-07-15T10:06:09.846+0000] {local_task_job_runner.py:240} INFO - Task exited with return code 0
[2024-07-15T10:06:09.854+0000] {warnings.py:112} WARNING - /home/***/.local/lib/python3.12/site-packages/***/models/baseoperator.py:1297: AirflowProviderDeprecationWarning: Call to deprecated class SimpleHttpOperator. (Class `SimpleHttpOperator` is deprecated and will be removed in a future release. Please use `HttpOperator` instead.)
  result = cls.__new__(cls)

[2024-07-15T10:06:09.872+0000] {taskinstance.py:3503} INFO - 1 downstream tasks scheduled from follow-on schedule check
[2024-07-15T10:06:09.873+0000] {local_task_job_runner.py:222} INFO - ::endgroup::
