[2024-07-16T06:36:25.952+0000] {local_task_job_runner.py:120} INFO - ::group::Pre task execution logs
[2024-07-16T06:36:25.965+0000] {taskinstance.py:2076} INFO - Dependencies all met for dep_context=non-requeueable deps ti=<TaskInstance: parallel_dag.transform manual__2024-07-16T06:36:20.135094+00:00 [queued]>
[2024-07-16T06:36:25.970+0000] {taskinstance.py:2076} INFO - Dependencies all met for dep_context=requeueable deps ti=<TaskInstance: parallel_dag.transform manual__2024-07-16T06:36:20.135094+00:00 [queued]>
[2024-07-16T06:36:25.970+0000] {taskinstance.py:2306} INFO - Starting attempt 1 of 1
[2024-07-16T06:36:25.977+0000] {taskinstance.py:2330} INFO - Executing <Task(BashOperator): transform> on 2024-07-16 06:36:20.135094+00:00
[2024-07-16T06:36:25.987+0000] {warnings.py:112} WARNING - /home/***/.local/lib/python3.12/site-packages/***/task/task_runner/standard_task_runner.py:61: DeprecationWarning: This process (pid=153) is multi-threaded, use of fork() may lead to deadlocks in the child.
  pid = os.fork()

[2024-07-16T06:36:25.988+0000] {standard_task_runner.py:63} INFO - Started process 155 to run task
[2024-07-16T06:36:25.990+0000] {standard_task_runner.py:90} INFO - Running: ['***', 'tasks', 'run', 'parallel_dag', 'transform', 'manual__2024-07-16T06:36:20.135094+00:00', '--job-id', '69', '--raw', '--subdir', 'DAGS_FOLDER/parallel_dag.py', '--cfg-path', '/tmp/tmp_76hcv56']
[2024-07-16T06:36:25.991+0000] {standard_task_runner.py:91} INFO - Job 69: Subtask transform
[2024-07-16T06:36:26.026+0000] {task_command.py:426} INFO - Running <TaskInstance: parallel_dag.transform manual__2024-07-16T06:36:20.135094+00:00 [running]> on host a291a73b3f23
[2024-07-16T06:36:26.069+0000] {taskinstance.py:2648} INFO - Exporting env vars: AIRFLOW_CTX_DAG_OWNER='***' AIRFLOW_CTX_DAG_ID='parallel_dag' AIRFLOW_CTX_TASK_ID='transform' AIRFLOW_CTX_EXECUTION_DATE='2024-07-16T06:36:20.135094+00:00' AIRFLOW_CTX_TRY_NUMBER='1' AIRFLOW_CTX_DAG_RUN_ID='manual__2024-07-16T06:36:20.135094+00:00'
[2024-07-16T06:36:26.069+0000] {taskinstance.py:430} INFO - ::endgroup::
[2024-07-16T06:36:26.075+0000] {subprocess.py:63} INFO - Tmp dir root location: /tmp
[2024-07-16T06:36:26.076+0000] {subprocess.py:75} INFO - Running command: ['/usr/bin/bash', '-c', 'sleep 1']
[2024-07-16T06:36:26.082+0000] {subprocess.py:86} INFO - Output:
[2024-07-16T06:36:27.086+0000] {subprocess.py:97} INFO - Command exited with return code 0
[2024-07-16T06:36:27.087+0000] {taskinstance.py:441} INFO - ::group::Post task execution logs
[2024-07-16T06:36:27.110+0000] {taskinstance.py:1206} INFO - Marking task as SUCCESS. dag_id=parallel_dag, task_id=transform, run_id=manual__2024-07-16T06:36:20.135094+00:00, execution_date=20240716T063620, start_date=20240716T063625, end_date=20240716T063627
[2024-07-16T06:36:27.144+0000] {local_task_job_runner.py:240} INFO - Task exited with return code 0
[2024-07-16T06:36:27.154+0000] {taskinstance.py:3503} INFO - 0 downstream tasks scheduled from follow-on schedule check
[2024-07-16T06:36:27.156+0000] {local_task_job_runner.py:222} INFO - ::endgroup::
