[2024-07-17T03:07:50.390+0000] {local_task_job_runner.py:120} INFO - ::group::Pre task execution logs
[2024-07-17T03:07:50.407+0000] {taskinstance.py:2076} INFO - Dependencies all met for dep_context=non-requeueable deps ti=<TaskInstance: group_dag.transforms.transform_a scheduled__2024-07-16T00:00:00+00:00 [queued]>
[2024-07-17T03:07:50.417+0000] {taskinstance.py:2076} INFO - Dependencies all met for dep_context=requeueable deps ti=<TaskInstance: group_dag.transforms.transform_a scheduled__2024-07-16T00:00:00+00:00 [queued]>
[2024-07-17T03:07:50.418+0000] {taskinstance.py:2306} INFO - Starting attempt 1 of 1
[2024-07-17T03:07:50.434+0000] {taskinstance.py:2330} INFO - Executing <Task(BashOperator): transforms.transform_a> on 2024-07-16 00:00:00+00:00
[2024-07-17T03:07:50.438+0000] {warnings.py:112} WARNING - /home/***/.local/lib/python3.12/site-packages/***/task/task_runner/standard_task_runner.py:61: DeprecationWarning: This process (pid=72) is multi-threaded, use of fork() may lead to deadlocks in the child.
  pid = os.fork()

[2024-07-17T03:07:50.438+0000] {standard_task_runner.py:63} INFO - Started process 75 to run task
[2024-07-17T03:07:50.441+0000] {standard_task_runner.py:90} INFO - Running: ['***', 'tasks', 'run', 'group_dag', 'transforms.transform_a', 'scheduled__2024-07-16T00:00:00+00:00', '--job-id', '126', '--raw', '--subdir', 'DAGS_FOLDER/group_dag.py', '--cfg-path', '/tmp/tmp7069zf0u']
[2024-07-17T03:07:50.441+0000] {standard_task_runner.py:91} INFO - Job 126: Subtask transforms.transform_a
[2024-07-17T03:07:50.472+0000] {task_command.py:426} INFO - Running <TaskInstance: group_dag.transforms.transform_a scheduled__2024-07-16T00:00:00+00:00 [running]> on host 2f80c3cf662d
[2024-07-17T03:07:50.520+0000] {taskinstance.py:2648} INFO - Exporting env vars: AIRFLOW_CTX_DAG_OWNER='***' AIRFLOW_CTX_DAG_ID='group_dag' AIRFLOW_CTX_TASK_ID='transforms.transform_a' AIRFLOW_CTX_EXECUTION_DATE='2024-07-16T00:00:00+00:00' AIRFLOW_CTX_TRY_NUMBER='1' AIRFLOW_CTX_DAG_RUN_ID='scheduled__2024-07-16T00:00:00+00:00'
[2024-07-17T03:07:50.520+0000] {taskinstance.py:430} INFO - ::endgroup::
[2024-07-17T03:07:50.530+0000] {subprocess.py:63} INFO - Tmp dir root location: /tmp
[2024-07-17T03:07:50.531+0000] {subprocess.py:75} INFO - Running command: ['/usr/bin/bash', '-c', 'sleep 10']
[2024-07-17T03:07:50.535+0000] {subprocess.py:86} INFO - Output:
[2024-07-17T03:08:00.538+0000] {subprocess.py:97} INFO - Command exited with return code 0
[2024-07-17T03:08:00.539+0000] {taskinstance.py:441} INFO - ::group::Post task execution logs
[2024-07-17T03:08:00.576+0000] {taskinstance.py:1206} INFO - Marking task as SUCCESS. dag_id=group_dag, task_id=transforms.transform_a, run_id=scheduled__2024-07-16T00:00:00+00:00, execution_date=20240716T000000, start_date=20240717T030750, end_date=20240717T030800
[2024-07-17T03:08:00.627+0000] {local_task_job_runner.py:240} INFO - Task exited with return code 0
[2024-07-17T03:08:00.657+0000] {taskinstance.py:3503} INFO - 0 downstream tasks scheduled from follow-on schedule check
[2024-07-17T03:08:00.660+0000] {local_task_job_runner.py:222} INFO - ::endgroup::
