[2024-07-15T10:06:07.438+0000] {local_task_job_runner.py:120} INFO - ::group::Pre task execution logs
[2024-07-15T10:06:07.456+0000] {taskinstance.py:2076} INFO - Dependencies all met for dep_context=non-requeueable deps ti=<TaskInstance: user_processing.is_api_available manual__2024-07-15T10:06:04.335095+00:00 [queued]>
[2024-07-15T10:06:07.466+0000] {taskinstance.py:2076} INFO - Dependencies all met for dep_context=requeueable deps ti=<TaskInstance: user_processing.is_api_available manual__2024-07-15T10:06:04.335095+00:00 [queued]>
[2024-07-15T10:06:07.466+0000] {taskinstance.py:2306} INFO - Starting attempt 1 of 1
[2024-07-15T10:06:07.477+0000] {taskinstance.py:2330} INFO - Executing <Task(HttpSensor): is_api_available> on 2024-07-15 10:06:04.335095+00:00
[2024-07-15T10:06:07.483+0000] {warnings.py:112} WARNING - /home/***/.local/lib/python3.12/site-packages/***/task/task_runner/standard_task_runner.py:61: DeprecationWarning: This process (pid=2245) is multi-threaded, use of fork() may lead to deadlocks in the child.
  pid = os.fork()

[2024-07-15T10:06:07.484+0000] {standard_task_runner.py:63} INFO - Started process 2247 to run task
[2024-07-15T10:06:07.488+0000] {standard_task_runner.py:90} INFO - Running: ['***', 'tasks', 'run', 'user_processing', 'is_api_available', 'manual__2024-07-15T10:06:04.335095+00:00', '--job-id', '40', '--raw', '--subdir', 'DAGS_FOLDER/user_processing.py', '--cfg-path', '/tmp/tmptofbv2s4']
[2024-07-15T10:06:07.490+0000] {standard_task_runner.py:91} INFO - Job 40: Subtask is_api_available
[2024-07-15T10:06:07.555+0000] {task_command.py:426} INFO - Running <TaskInstance: user_processing.is_api_available manual__2024-07-15T10:06:04.335095+00:00 [running]> on host 6e5e891f9a78
[2024-07-15T10:06:07.631+0000] {taskinstance.py:2648} INFO - Exporting env vars: AIRFLOW_CTX_DAG_OWNER='***' AIRFLOW_CTX_DAG_ID='user_processing' AIRFLOW_CTX_TASK_ID='is_api_available' AIRFLOW_CTX_EXECUTION_DATE='2024-07-15T10:06:04.335095+00:00' AIRFLOW_CTX_TRY_NUMBER='1' AIRFLOW_CTX_DAG_RUN_ID='manual__2024-07-15T10:06:04.335095+00:00'
[2024-07-15T10:06:07.632+0000] {taskinstance.py:430} INFO - ::endgroup::
[2024-07-15T10:06:07.633+0000] {baseoperator.py:400} WARNING - HttpSensor.execute cannot be called outside TaskInstance!
[2024-07-15T10:06:07.633+0000] {http.py:137} INFO - Poking: api/
[2024-07-15T10:06:07.641+0000] {base.py:84} INFO - Using connection ID 'user_api' for task execution.
[2024-07-15T10:06:08.050+0000] {base.py:294} INFO - Success criteria met. Exiting.
[2024-07-15T10:06:08.051+0000] {taskinstance.py:441} INFO - ::group::Post task execution logs
[2024-07-15T10:06:08.056+0000] {taskinstance.py:1206} INFO - Marking task as SUCCESS. dag_id=user_processing, task_id=is_api_available, run_id=manual__2024-07-15T10:06:04.335095+00:00, execution_date=20240715T100604, start_date=20240715T100607, end_date=20240715T100608
[2024-07-15T10:06:08.102+0000] {local_task_job_runner.py:240} INFO - Task exited with return code 0
[2024-07-15T10:06:08.111+0000] {warnings.py:112} WARNING - /home/***/.local/lib/python3.12/site-packages/***/models/baseoperator.py:1297: AirflowProviderDeprecationWarning: Call to deprecated class SimpleHttpOperator. (Class `SimpleHttpOperator` is deprecated and will be removed in a future release. Please use `HttpOperator` instead.)
  result = cls.__new__(cls)

[2024-07-15T10:06:08.125+0000] {taskinstance.py:3503} INFO - 1 downstream tasks scheduled from follow-on schedule check
[2024-07-15T10:06:08.127+0000] {local_task_job_runner.py:222} INFO - ::endgroup::
