[2024-07-17T03:07:28.542+0000] {local_task_job_runner.py:120} INFO - ::group::Pre task execution logs
[2024-07-17T03:07:28.587+0000] {taskinstance.py:2076} INFO - Dependencies all met for dep_context=non-requeueable deps ti=<TaskInstance: group_dag.downloads.download_b scheduled__2024-07-16T00:00:00+00:00 [queued]>
[2024-07-17T03:07:28.597+0000] {taskinstance.py:2076} INFO - Dependencies all met for dep_context=requeueable deps ti=<TaskInstance: group_dag.downloads.download_b scheduled__2024-07-16T00:00:00+00:00 [queued]>
[2024-07-17T03:07:28.597+0000] {taskinstance.py:2306} INFO - Starting attempt 1 of 1
[2024-07-17T03:07:28.619+0000] {taskinstance.py:2330} INFO - Executing <Task(BashOperator): downloads.download_b> on 2024-07-16 00:00:00+00:00
[2024-07-17T03:07:28.627+0000] {warnings.py:112} WARNING - /home/***/.local/lib/python3.12/site-packages/***/task/task_runner/standard_task_runner.py:61: DeprecationWarning: This process (pid=42) is multi-threaded, use of fork() may lead to deadlocks in the child.
  pid = os.fork()

[2024-07-17T03:07:28.634+0000] {standard_task_runner.py:63} INFO - Started process 49 to run task
[2024-07-17T03:07:28.632+0000] {standard_task_runner.py:90} INFO - Running: ['***', 'tasks', 'run', 'group_dag', 'downloads.download_b', 'scheduled__2024-07-16T00:00:00+00:00', '--job-id', '119', '--raw', '--subdir', 'DAGS_FOLDER/group_dag.py', '--cfg-path', '/tmp/tmpr0t6szoo']
[2024-07-17T03:07:28.643+0000] {standard_task_runner.py:91} INFO - Job 119: Subtask downloads.download_b
[2024-07-17T03:07:28.711+0000] {task_command.py:426} INFO - Running <TaskInstance: group_dag.downloads.download_b scheduled__2024-07-16T00:00:00+00:00 [running]> on host 2f80c3cf662d
[2024-07-17T03:07:28.820+0000] {taskinstance.py:2648} INFO - Exporting env vars: AIRFLOW_CTX_DAG_OWNER='***' AIRFLOW_CTX_DAG_ID='group_dag' AIRFLOW_CTX_TASK_ID='downloads.download_b' AIRFLOW_CTX_EXECUTION_DATE='2024-07-16T00:00:00+00:00' AIRFLOW_CTX_TRY_NUMBER='1' AIRFLOW_CTX_DAG_RUN_ID='scheduled__2024-07-16T00:00:00+00:00'
[2024-07-17T03:07:28.821+0000] {taskinstance.py:430} INFO - ::endgroup::
[2024-07-17T03:07:28.835+0000] {subprocess.py:63} INFO - Tmp dir root location: /tmp
[2024-07-17T03:07:28.835+0000] {subprocess.py:75} INFO - Running command: ['/usr/bin/bash', '-c', 'sleep 10']
[2024-07-17T03:07:28.844+0000] {subprocess.py:86} INFO - Output:
[2024-07-17T03:07:38.849+0000] {subprocess.py:97} INFO - Command exited with return code 0
[2024-07-17T03:07:38.851+0000] {taskinstance.py:441} INFO - ::group::Post task execution logs
[2024-07-17T03:07:38.887+0000] {taskinstance.py:1206} INFO - Marking task as SUCCESS. dag_id=group_dag, task_id=downloads.download_b, run_id=scheduled__2024-07-16T00:00:00+00:00, execution_date=20240716T000000, start_date=20240717T030728, end_date=20240717T030738
[2024-07-17T03:07:38.919+0000] {local_task_job_runner.py:240} INFO - Task exited with return code 0
[2024-07-17T03:07:38.943+0000] {taskinstance.py:3503} INFO - 1 downstream tasks scheduled from follow-on schedule check
[2024-07-17T03:07:38.948+0000] {local_task_job_runner.py:222} INFO - ::endgroup::
