[2024-07-16T09:24:17.561+0000] {local_task_job_runner.py:120} INFO - ::group::Pre task execution logs
[2024-07-16T09:24:17.577+0000] {taskinstance.py:2076} INFO - Dependencies all met for dep_context=non-requeueable deps ti=<TaskInstance: group_dag.check_files manual__2024-07-16T09:23:15.094708+00:00 [queued]>
[2024-07-16T09:24:17.582+0000] {taskinstance.py:2076} INFO - Dependencies all met for dep_context=requeueable deps ti=<TaskInstance: group_dag.check_files manual__2024-07-16T09:23:15.094708+00:00 [queued]>
[2024-07-16T09:24:17.582+0000] {taskinstance.py:2306} INFO - Starting attempt 1 of 1
[2024-07-16T09:24:17.591+0000] {taskinstance.py:2330} INFO - Executing <Task(BashOperator): check_files> on 2024-07-16 09:23:15.094708+00:00
[2024-07-16T09:24:17.594+0000] {warnings.py:112} WARNING - /home/***/.local/lib/python3.12/site-packages/***/task/task_runner/standard_task_runner.py:61: DeprecationWarning: This process (pid=1255) is multi-threaded, use of fork() may lead to deadlocks in the child.
  pid = os.fork()

[2024-07-16T09:24:17.595+0000] {standard_task_runner.py:63} INFO - Started process 1258 to run task
[2024-07-16T09:24:17.599+0000] {standard_task_runner.py:90} INFO - Running: ['***', 'tasks', 'run', 'group_dag', 'check_files', 'manual__2024-07-16T09:23:15.094708+00:00', '--job-id', '87', '--raw', '--subdir', 'DAGS_FOLDER/group_dag.py', '--cfg-path', '/tmp/tmpcjnnyzce']
[2024-07-16T09:24:17.600+0000] {standard_task_runner.py:91} INFO - Job 87: Subtask check_files
[2024-07-16T09:24:17.629+0000] {task_command.py:426} INFO - Running <TaskInstance: group_dag.check_files manual__2024-07-16T09:23:15.094708+00:00 [running]> on host 2f80c3cf662d
[2024-07-16T09:24:17.683+0000] {taskinstance.py:2648} INFO - Exporting env vars: AIRFLOW_CTX_DAG_OWNER='***' AIRFLOW_CTX_DAG_ID='group_dag' AIRFLOW_CTX_TASK_ID='check_files' AIRFLOW_CTX_EXECUTION_DATE='2024-07-16T09:23:15.094708+00:00' AIRFLOW_CTX_TRY_NUMBER='1' AIRFLOW_CTX_DAG_RUN_ID='manual__2024-07-16T09:23:15.094708+00:00'
[2024-07-16T09:24:17.685+0000] {taskinstance.py:430} INFO - ::endgroup::
[2024-07-16T09:24:17.700+0000] {subprocess.py:63} INFO - Tmp dir root location: /tmp
[2024-07-16T09:24:17.700+0000] {subprocess.py:75} INFO - Running command: ['/usr/bin/bash', '-c', 'sleep 10']
[2024-07-16T09:24:17.706+0000] {subprocess.py:86} INFO - Output:
[2024-07-16T09:24:27.710+0000] {subprocess.py:97} INFO - Command exited with return code 0
[2024-07-16T09:24:27.713+0000] {taskinstance.py:441} INFO - ::group::Post task execution logs
[2024-07-16T09:24:27.763+0000] {taskinstance.py:1206} INFO - Marking task as SUCCESS. dag_id=group_dag, task_id=check_files, run_id=manual__2024-07-16T09:23:15.094708+00:00, execution_date=20240716T092315, start_date=20240716T092417, end_date=20240716T092427
[2024-07-16T09:24:27.782+0000] {local_task_job_runner.py:240} INFO - Task exited with return code 0
[2024-07-16T09:24:27.796+0000] {taskinstance.py:3503} INFO - 1 downstream tasks scheduled from follow-on schedule check
[2024-07-16T09:24:27.798+0000] {local_task_job_runner.py:222} INFO - ::endgroup::
