[2024-07-16T04:28:24.794+0000] {local_task_job_runner.py:120} INFO - ::group::Pre task execution logs
[2024-07-16T04:28:24.809+0000] {taskinstance.py:2076} INFO - Dependencies all met for dep_context=non-requeueable deps ti=<TaskInstance: user_processing.extract_user scheduled__2024-07-15T00:00:00+00:00 [queued]>
[2024-07-16T04:28:24.814+0000] {taskinstance.py:2076} INFO - Dependencies all met for dep_context=requeueable deps ti=<TaskInstance: user_processing.extract_user scheduled__2024-07-15T00:00:00+00:00 [queued]>
[2024-07-16T04:28:24.814+0000] {taskinstance.py:2306} INFO - Starting attempt 1 of 1
[2024-07-16T04:28:24.820+0000] {taskinstance.py:2330} INFO - Executing <Task(SimpleHttpOperator): extract_user> on 2024-07-15 00:00:00+00:00
[2024-07-16T04:28:24.824+0000] {warnings.py:112} WARNING - /home/***/.local/lib/python3.12/site-packages/***/task/task_runner/standard_task_runner.py:61: DeprecationWarning: This process (pid=47) is multi-threaded, use of fork() may lead to deadlocks in the child.
  pid = os.fork()

[2024-07-16T04:28:24.825+0000] {standard_task_runner.py:63} INFO - Started process 49 to run task
[2024-07-16T04:28:24.825+0000] {standard_task_runner.py:90} INFO - Running: ['***', 'tasks', 'run', 'user_processing', 'extract_user', 'scheduled__2024-07-15T00:00:00+00:00', '--job-id', '48', '--raw', '--subdir', 'DAGS_FOLDER/user_processing.py', '--cfg-path', '/tmp/tmpihl7c8kh']
[2024-07-16T04:28:24.826+0000] {standard_task_runner.py:91} INFO - Job 48: Subtask extract_user
[2024-07-16T04:28:24.855+0000] {task_command.py:426} INFO - Running <TaskInstance: user_processing.extract_user scheduled__2024-07-15T00:00:00+00:00 [running]> on host 6e5e891f9a78
[2024-07-16T04:28:24.910+0000] {taskinstance.py:2648} INFO - Exporting env vars: AIRFLOW_CTX_DAG_OWNER='***' AIRFLOW_CTX_DAG_ID='user_processing' AIRFLOW_CTX_TASK_ID='extract_user' AIRFLOW_CTX_EXECUTION_DATE='2024-07-15T00:00:00+00:00' AIRFLOW_CTX_TRY_NUMBER='1' AIRFLOW_CTX_DAG_RUN_ID='scheduled__2024-07-15T00:00:00+00:00'
[2024-07-16T04:28:24.910+0000] {taskinstance.py:430} INFO - ::endgroup::
[2024-07-16T04:28:24.911+0000] {http.py:169} INFO - Calling HTTP method
[2024-07-16T04:28:24.915+0000] {base.py:84} INFO - Using connection ID 'user_api' for task execution.
[2024-07-16T04:28:24.919+0000] {base.py:84} INFO - Using connection ID 'user_api' for task execution.
[2024-07-16T04:28:25.710+0000] {http.py:208} INFO - {"results":[{"gender":"female","name":{"title":"Ms","first":"María Elena","last":"Olivares"},"location":{"street":{"number":2456,"name":"Ampliación Baja California"},"city":"Tecpatán","state":"San Luis Potosí","country":"Mexico","postcode":75564,"coordinates":{"latitude":"22.7715","longitude":"141.7332"},"timezone":{"offset":"-3:00","description":"Brazil, Buenos Aires, Georgetown"}},"email":"mariaelena.olivares@example.com","login":{"uuid":"aad530db-b824-4b69-b55b-bb97f4f49b05","username":"sadpeacock774","password":"fishing1","salt":"GjqQyKTv","md5":"bb9a8dab73ae10579548a1aaf8ab492a","sha1":"656b76c552bc1bde5cbadc5641b61d39b2b3484b","sha256":"6a0269586ed9649a037acc05c10092338552134b37fb9b00ebec870c25a2420d"},"dob":{"date":"1978-04-22T04:30:02.753Z","age":46},"registered":{"date":"2011-02-14T18:19:35.450Z","age":13},"phone":"(629) 257 0338","cell":"(689) 611 1699","id":{"name":"NSS","value":"36 54 24 4846 5"},"picture":{"large":"https://randomuser.me/api/portraits/women/95.jpg","medium":"https://randomuser.me/api/portraits/med/women/95.jpg","thumbnail":"https://randomuser.me/api/portraits/thumb/women/95.jpg"},"nat":"MX"}],"info":{"seed":"a1abaef4791ff6f1","results":1,"page":1,"version":"1.4"}}
[2024-07-16T04:28:25.712+0000] {taskinstance.py:441} INFO - ::group::Post task execution logs
[2024-07-16T04:28:25.731+0000] {taskinstance.py:1206} INFO - Marking task as SUCCESS. dag_id=user_processing, task_id=extract_user, run_id=scheduled__2024-07-15T00:00:00+00:00, execution_date=20240715T000000, start_date=20240716T042824, end_date=20240716T042825
[2024-07-16T04:28:25.779+0000] {local_task_job_runner.py:240} INFO - Task exited with return code 0
[2024-07-16T04:28:25.786+0000] {warnings.py:112} WARNING - /home/***/.local/lib/python3.12/site-packages/***/models/baseoperator.py:1297: AirflowProviderDeprecationWarning: Call to deprecated class SimpleHttpOperator. (Class `SimpleHttpOperator` is deprecated and will be removed in a future release. Please use `HttpOperator` instead.)
  result = cls.__new__(cls)

[2024-07-16T04:28:25.800+0000] {taskinstance.py:3503} INFO - 1 downstream tasks scheduled from follow-on schedule check
[2024-07-16T04:28:25.801+0000] {local_task_job_runner.py:222} INFO - ::endgroup::
