[2024-07-18T05:54:49.186+0000] {processor.py:161} INFO - Started process (PID=29) to work on /opt/airflow/dags/consumer.py
[2024-07-18T05:54:49.197+0000] {processor.py:830} INFO - Processing file /opt/airflow/dags/consumer.py for tasks to queue
[2024-07-18T05:54:49.204+0000] {logging_mixin.py:188} INFO - [2024-07-18T05:54:49.198+0000] {dagbag.py:545} INFO - Filling up the DagBag from /opt/airflow/dags/consumer.py
[2024-07-18T05:54:49.220+0000] {processor.py:840} INFO - DAG(s) 'consumer' retrieved from /opt/airflow/dags/consumer.py
[2024-07-18T05:54:49.404+0000] {logging_mixin.py:188} INFO - [2024-07-18T05:54:49.404+0000] {dag.py:3096} INFO - Sync 1 DAGs
[2024-07-18T05:54:49.440+0000] {logging_mixin.py:188} INFO - [2024-07-18T05:54:49.440+0000] {dag.py:3954} INFO - Setting next_dagrun for consumer to None, run_after=None
[2024-07-18T05:54:49.512+0000] {processor.py:183} INFO - Processing /opt/airflow/dags/consumer.py took 0.329 seconds
[2024-07-18T05:55:19.924+0000] {processor.py:161} INFO - Started process (PID=43) to work on /opt/airflow/dags/consumer.py
[2024-07-18T05:55:19.925+0000] {processor.py:830} INFO - Processing file /opt/airflow/dags/consumer.py for tasks to queue
[2024-07-18T05:55:19.926+0000] {logging_mixin.py:188} INFO - [2024-07-18T05:55:19.926+0000] {dagbag.py:545} INFO - Filling up the DagBag from /opt/airflow/dags/consumer.py
[2024-07-18T05:55:19.933+0000] {processor.py:840} INFO - DAG(s) 'consumer' retrieved from /opt/airflow/dags/consumer.py
[2024-07-18T05:55:19.949+0000] {logging_mixin.py:188} INFO - [2024-07-18T05:55:19.949+0000] {dag.py:3096} INFO - Sync 1 DAGs
[2024-07-18T05:55:19.960+0000] {logging_mixin.py:188} INFO - [2024-07-18T05:55:19.960+0000] {dag.py:3954} INFO - Setting next_dagrun for consumer to None, run_after=None
[2024-07-18T05:55:19.972+0000] {processor.py:183} INFO - Processing /opt/airflow/dags/consumer.py took 0.051 seconds
[2024-07-18T05:55:50.416+0000] {processor.py:161} INFO - Started process (PID=57) to work on /opt/airflow/dags/consumer.py
[2024-07-18T05:55:50.417+0000] {processor.py:830} INFO - Processing file /opt/airflow/dags/consumer.py for tasks to queue
[2024-07-18T05:55:50.418+0000] {logging_mixin.py:188} INFO - [2024-07-18T05:55:50.418+0000] {dagbag.py:545} INFO - Filling up the DagBag from /opt/airflow/dags/consumer.py
[2024-07-18T05:55:50.425+0000] {processor.py:840} INFO - DAG(s) 'consumer' retrieved from /opt/airflow/dags/consumer.py
[2024-07-18T05:55:50.437+0000] {logging_mixin.py:188} INFO - [2024-07-18T05:55:50.437+0000] {dag.py:3096} INFO - Sync 1 DAGs
[2024-07-18T05:55:50.446+0000] {logging_mixin.py:188} INFO - [2024-07-18T05:55:50.445+0000] {dag.py:3954} INFO - Setting next_dagrun for consumer to None, run_after=None
[2024-07-18T05:55:50.456+0000] {processor.py:183} INFO - Processing /opt/airflow/dags/consumer.py took 0.043 seconds
[2024-07-18T05:56:20.980+0000] {processor.py:161} INFO - Started process (PID=72) to work on /opt/airflow/dags/consumer.py
[2024-07-18T05:56:20.981+0000] {processor.py:830} INFO - Processing file /opt/airflow/dags/consumer.py for tasks to queue
[2024-07-18T05:56:20.982+0000] {logging_mixin.py:188} INFO - [2024-07-18T05:56:20.982+0000] {dagbag.py:545} INFO - Filling up the DagBag from /opt/airflow/dags/consumer.py
[2024-07-18T05:56:20.993+0000] {processor.py:840} INFO - DAG(s) 'consumer' retrieved from /opt/airflow/dags/consumer.py
[2024-07-18T05:56:21.010+0000] {logging_mixin.py:188} INFO - [2024-07-18T05:56:21.010+0000] {dag.py:3096} INFO - Sync 1 DAGs
[2024-07-18T05:56:21.023+0000] {logging_mixin.py:188} INFO - [2024-07-18T05:56:21.023+0000] {dag.py:3954} INFO - Setting next_dagrun for consumer to None, run_after=None
[2024-07-18T05:56:21.036+0000] {processor.py:183} INFO - Processing /opt/airflow/dags/consumer.py took 0.059 seconds
[2024-07-18T05:56:51.513+0000] {processor.py:161} INFO - Started process (PID=87) to work on /opt/airflow/dags/consumer.py
[2024-07-18T05:56:51.514+0000] {processor.py:830} INFO - Processing file /opt/airflow/dags/consumer.py for tasks to queue
[2024-07-18T05:56:51.516+0000] {logging_mixin.py:188} INFO - [2024-07-18T05:56:51.516+0000] {dagbag.py:545} INFO - Filling up the DagBag from /opt/airflow/dags/consumer.py
[2024-07-18T05:56:51.526+0000] {processor.py:840} INFO - DAG(s) 'consumer' retrieved from /opt/airflow/dags/consumer.py
[2024-07-18T05:56:51.541+0000] {logging_mixin.py:188} INFO - [2024-07-18T05:56:51.541+0000] {dag.py:3096} INFO - Sync 1 DAGs
[2024-07-18T05:56:51.551+0000] {logging_mixin.py:188} INFO - [2024-07-18T05:56:51.551+0000] {dag.py:3954} INFO - Setting next_dagrun for consumer to None, run_after=None
[2024-07-18T05:56:51.562+0000] {processor.py:183} INFO - Processing /opt/airflow/dags/consumer.py took 0.064 seconds
[2024-07-18T05:57:22.053+0000] {processor.py:161} INFO - Started process (PID=102) to work on /opt/airflow/dags/consumer.py
[2024-07-18T05:57:22.054+0000] {processor.py:830} INFO - Processing file /opt/airflow/dags/consumer.py for tasks to queue
[2024-07-18T05:57:22.055+0000] {logging_mixin.py:188} INFO - [2024-07-18T05:57:22.055+0000] {dagbag.py:545} INFO - Filling up the DagBag from /opt/airflow/dags/consumer.py
[2024-07-18T05:57:22.063+0000] {processor.py:840} INFO - DAG(s) 'consumer' retrieved from /opt/airflow/dags/consumer.py
[2024-07-18T05:57:22.074+0000] {logging_mixin.py:188} INFO - [2024-07-18T05:57:22.073+0000] {dag.py:3096} INFO - Sync 1 DAGs
[2024-07-18T05:57:22.083+0000] {logging_mixin.py:188} INFO - [2024-07-18T05:57:22.083+0000] {dag.py:3954} INFO - Setting next_dagrun for consumer to None, run_after=None
[2024-07-18T05:57:22.092+0000] {processor.py:183} INFO - Processing /opt/airflow/dags/consumer.py took 0.043 seconds
[2024-07-18T05:57:52.554+0000] {processor.py:161} INFO - Started process (PID=117) to work on /opt/airflow/dags/consumer.py
[2024-07-18T05:57:52.554+0000] {processor.py:830} INFO - Processing file /opt/airflow/dags/consumer.py for tasks to queue
[2024-07-18T05:57:52.555+0000] {logging_mixin.py:188} INFO - [2024-07-18T05:57:52.555+0000] {dagbag.py:545} INFO - Filling up the DagBag from /opt/airflow/dags/consumer.py
[2024-07-18T05:57:52.562+0000] {processor.py:840} INFO - DAG(s) 'consumer' retrieved from /opt/airflow/dags/consumer.py
[2024-07-18T05:57:52.573+0000] {logging_mixin.py:188} INFO - [2024-07-18T05:57:52.573+0000] {dag.py:3096} INFO - Sync 1 DAGs
[2024-07-18T05:57:52.582+0000] {logging_mixin.py:188} INFO - [2024-07-18T05:57:52.582+0000] {dag.py:3954} INFO - Setting next_dagrun for consumer to None, run_after=None
[2024-07-18T05:57:52.591+0000] {processor.py:183} INFO - Processing /opt/airflow/dags/consumer.py took 0.040 seconds
[2024-07-18T05:58:23.075+0000] {processor.py:161} INFO - Started process (PID=133) to work on /opt/airflow/dags/consumer.py
[2024-07-18T05:58:23.075+0000] {processor.py:830} INFO - Processing file /opt/airflow/dags/consumer.py for tasks to queue
[2024-07-18T05:58:23.077+0000] {logging_mixin.py:188} INFO - [2024-07-18T05:58:23.076+0000] {dagbag.py:545} INFO - Filling up the DagBag from /opt/airflow/dags/consumer.py
[2024-07-18T05:58:23.084+0000] {processor.py:840} INFO - DAG(s) 'consumer' retrieved from /opt/airflow/dags/consumer.py
[2024-07-18T05:58:23.096+0000] {logging_mixin.py:188} INFO - [2024-07-18T05:58:23.095+0000] {dag.py:3096} INFO - Sync 1 DAGs
[2024-07-18T05:58:23.105+0000] {logging_mixin.py:188} INFO - [2024-07-18T05:58:23.104+0000] {dag.py:3954} INFO - Setting next_dagrun for consumer to None, run_after=None
[2024-07-18T05:58:23.115+0000] {processor.py:183} INFO - Processing /opt/airflow/dags/consumer.py took 0.043 seconds
[2024-07-18T05:58:53.608+0000] {processor.py:161} INFO - Started process (PID=154) to work on /opt/airflow/dags/consumer.py
[2024-07-18T05:58:53.608+0000] {processor.py:830} INFO - Processing file /opt/airflow/dags/consumer.py for tasks to queue
[2024-07-18T05:58:53.609+0000] {logging_mixin.py:188} INFO - [2024-07-18T05:58:53.609+0000] {dagbag.py:545} INFO - Filling up the DagBag from /opt/airflow/dags/consumer.py
[2024-07-18T05:58:53.617+0000] {processor.py:840} INFO - DAG(s) 'consumer' retrieved from /opt/airflow/dags/consumer.py
[2024-07-18T05:58:53.628+0000] {logging_mixin.py:188} INFO - [2024-07-18T05:58:53.628+0000] {dag.py:3096} INFO - Sync 1 DAGs
[2024-07-18T05:58:53.638+0000] {logging_mixin.py:188} INFO - [2024-07-18T05:58:53.637+0000] {dag.py:3954} INFO - Setting next_dagrun for consumer to None, run_after=None
[2024-07-18T05:58:53.647+0000] {processor.py:183} INFO - Processing /opt/airflow/dags/consumer.py took 0.042 seconds
[2024-07-18T05:59:24.057+0000] {processor.py:161} INFO - Started process (PID=169) to work on /opt/airflow/dags/consumer.py
[2024-07-18T05:59:24.057+0000] {processor.py:830} INFO - Processing file /opt/airflow/dags/consumer.py for tasks to queue
[2024-07-18T05:59:24.059+0000] {logging_mixin.py:188} INFO - [2024-07-18T05:59:24.059+0000] {dagbag.py:545} INFO - Filling up the DagBag from /opt/airflow/dags/consumer.py
[2024-07-18T05:59:24.066+0000] {processor.py:840} INFO - DAG(s) 'consumer' retrieved from /opt/airflow/dags/consumer.py
[2024-07-18T05:59:24.077+0000] {logging_mixin.py:188} INFO - [2024-07-18T05:59:24.077+0000] {dag.py:3096} INFO - Sync 1 DAGs
[2024-07-18T05:59:24.086+0000] {logging_mixin.py:188} INFO - [2024-07-18T05:59:24.086+0000] {dag.py:3954} INFO - Setting next_dagrun for consumer to None, run_after=None
[2024-07-18T05:59:24.096+0000] {processor.py:183} INFO - Processing /opt/airflow/dags/consumer.py took 0.042 seconds
[2024-07-18T05:59:54.570+0000] {processor.py:161} INFO - Started process (PID=184) to work on /opt/airflow/dags/consumer.py
[2024-07-18T05:59:54.571+0000] {processor.py:830} INFO - Processing file /opt/airflow/dags/consumer.py for tasks to queue
[2024-07-18T05:59:54.572+0000] {logging_mixin.py:188} INFO - [2024-07-18T05:59:54.572+0000] {dagbag.py:545} INFO - Filling up the DagBag from /opt/airflow/dags/consumer.py
[2024-07-18T05:59:54.584+0000] {processor.py:840} INFO - DAG(s) 'consumer' retrieved from /opt/airflow/dags/consumer.py
[2024-07-18T05:59:54.598+0000] {logging_mixin.py:188} INFO - [2024-07-18T05:59:54.598+0000] {dag.py:3096} INFO - Sync 1 DAGs
[2024-07-18T05:59:54.607+0000] {logging_mixin.py:188} INFO - [2024-07-18T05:59:54.607+0000] {dag.py:3954} INFO - Setting next_dagrun for consumer to None, run_after=None
[2024-07-18T05:59:54.617+0000] {processor.py:183} INFO - Processing /opt/airflow/dags/consumer.py took 0.051 seconds
[2024-07-18T06:00:25.057+0000] {processor.py:161} INFO - Started process (PID=199) to work on /opt/airflow/dags/consumer.py
[2024-07-18T06:00:25.057+0000] {processor.py:830} INFO - Processing file /opt/airflow/dags/consumer.py for tasks to queue
[2024-07-18T06:00:25.059+0000] {logging_mixin.py:188} INFO - [2024-07-18T06:00:25.059+0000] {dagbag.py:545} INFO - Filling up the DagBag from /opt/airflow/dags/consumer.py
[2024-07-18T06:00:25.066+0000] {processor.py:840} INFO - DAG(s) 'consumer' retrieved from /opt/airflow/dags/consumer.py
[2024-07-18T06:00:25.077+0000] {logging_mixin.py:188} INFO - [2024-07-18T06:00:25.077+0000] {dag.py:3096} INFO - Sync 1 DAGs
[2024-07-18T06:00:25.086+0000] {logging_mixin.py:188} INFO - [2024-07-18T06:00:25.086+0000] {dag.py:3954} INFO - Setting next_dagrun for consumer to None, run_after=None
[2024-07-18T06:00:25.096+0000] {processor.py:183} INFO - Processing /opt/airflow/dags/consumer.py took 0.041 seconds
[2024-07-18T06:00:55.546+0000] {processor.py:161} INFO - Started process (PID=214) to work on /opt/airflow/dags/consumer.py
[2024-07-18T06:00:55.547+0000] {processor.py:830} INFO - Processing file /opt/airflow/dags/consumer.py for tasks to queue
[2024-07-18T06:00:55.548+0000] {logging_mixin.py:188} INFO - [2024-07-18T06:00:55.548+0000] {dagbag.py:545} INFO - Filling up the DagBag from /opt/airflow/dags/consumer.py
[2024-07-18T06:00:55.555+0000] {processor.py:840} INFO - DAG(s) 'consumer' retrieved from /opt/airflow/dags/consumer.py
[2024-07-18T06:00:55.568+0000] {logging_mixin.py:188} INFO - [2024-07-18T06:00:55.567+0000] {dag.py:3096} INFO - Sync 1 DAGs
[2024-07-18T06:00:55.578+0000] {logging_mixin.py:188} INFO - [2024-07-18T06:00:55.578+0000] {dag.py:3954} INFO - Setting next_dagrun for consumer to None, run_after=None
[2024-07-18T06:00:55.590+0000] {processor.py:183} INFO - Processing /opt/airflow/dags/consumer.py took 0.046 seconds
[2024-07-18T06:01:26.102+0000] {processor.py:161} INFO - Started process (PID=229) to work on /opt/airflow/dags/consumer.py
[2024-07-18T06:01:26.102+0000] {processor.py:830} INFO - Processing file /opt/airflow/dags/consumer.py for tasks to queue
[2024-07-18T06:01:26.103+0000] {logging_mixin.py:188} INFO - [2024-07-18T06:01:26.103+0000] {dagbag.py:545} INFO - Filling up the DagBag from /opt/airflow/dags/consumer.py
[2024-07-18T06:01:26.110+0000] {processor.py:840} INFO - DAG(s) 'consumer' retrieved from /opt/airflow/dags/consumer.py
[2024-07-18T06:01:26.123+0000] {logging_mixin.py:188} INFO - [2024-07-18T06:01:26.122+0000] {dag.py:3096} INFO - Sync 1 DAGs
[2024-07-18T06:01:26.133+0000] {logging_mixin.py:188} INFO - [2024-07-18T06:01:26.133+0000] {dag.py:3954} INFO - Setting next_dagrun for consumer to None, run_after=None
[2024-07-18T06:01:26.143+0000] {processor.py:183} INFO - Processing /opt/airflow/dags/consumer.py took 0.045 seconds
[2024-07-18T06:01:56.636+0000] {processor.py:161} INFO - Started process (PID=244) to work on /opt/airflow/dags/consumer.py
[2024-07-18T06:01:56.636+0000] {processor.py:830} INFO - Processing file /opt/airflow/dags/consumer.py for tasks to queue
[2024-07-18T06:01:56.638+0000] {logging_mixin.py:188} INFO - [2024-07-18T06:01:56.637+0000] {dagbag.py:545} INFO - Filling up the DagBag from /opt/airflow/dags/consumer.py
[2024-07-18T06:01:56.645+0000] {processor.py:840} INFO - DAG(s) 'consumer' retrieved from /opt/airflow/dags/consumer.py
[2024-07-18T06:01:56.664+0000] {logging_mixin.py:188} INFO - [2024-07-18T06:01:56.664+0000] {dag.py:3096} INFO - Sync 1 DAGs
[2024-07-18T06:01:56.673+0000] {logging_mixin.py:188} INFO - [2024-07-18T06:01:56.673+0000] {dag.py:3954} INFO - Setting next_dagrun for consumer to None, run_after=None
[2024-07-18T06:01:56.685+0000] {processor.py:183} INFO - Processing /opt/airflow/dags/consumer.py took 0.052 seconds
[2024-07-18T06:02:27.110+0000] {processor.py:161} INFO - Started process (PID=259) to work on /opt/airflow/dags/consumer.py
[2024-07-18T06:02:27.111+0000] {processor.py:830} INFO - Processing file /opt/airflow/dags/consumer.py for tasks to queue
[2024-07-18T06:02:27.112+0000] {logging_mixin.py:188} INFO - [2024-07-18T06:02:27.112+0000] {dagbag.py:545} INFO - Filling up the DagBag from /opt/airflow/dags/consumer.py
[2024-07-18T06:02:27.119+0000] {processor.py:840} INFO - DAG(s) 'consumer' retrieved from /opt/airflow/dags/consumer.py
[2024-07-18T06:02:27.130+0000] {logging_mixin.py:188} INFO - [2024-07-18T06:02:27.130+0000] {dag.py:3096} INFO - Sync 1 DAGs
[2024-07-18T06:02:27.140+0000] {logging_mixin.py:188} INFO - [2024-07-18T06:02:27.140+0000] {dag.py:3954} INFO - Setting next_dagrun for consumer to None, run_after=None
[2024-07-18T06:02:27.150+0000] {processor.py:183} INFO - Processing /opt/airflow/dags/consumer.py took 0.043 seconds
[2024-07-18T06:02:57.686+0000] {processor.py:161} INFO - Started process (PID=274) to work on /opt/airflow/dags/consumer.py
[2024-07-18T06:02:57.686+0000] {processor.py:830} INFO - Processing file /opt/airflow/dags/consumer.py for tasks to queue
[2024-07-18T06:02:57.687+0000] {logging_mixin.py:188} INFO - [2024-07-18T06:02:57.687+0000] {dagbag.py:545} INFO - Filling up the DagBag from /opt/airflow/dags/consumer.py
[2024-07-18T06:02:57.694+0000] {processor.py:840} INFO - DAG(s) 'consumer' retrieved from /opt/airflow/dags/consumer.py
[2024-07-18T06:02:57.705+0000] {logging_mixin.py:188} INFO - [2024-07-18T06:02:57.705+0000] {dag.py:3096} INFO - Sync 1 DAGs
[2024-07-18T06:02:57.714+0000] {logging_mixin.py:188} INFO - [2024-07-18T06:02:57.714+0000] {dag.py:3954} INFO - Setting next_dagrun for consumer to None, run_after=None
[2024-07-18T06:02:57.724+0000] {processor.py:183} INFO - Processing /opt/airflow/dags/consumer.py took 0.042 seconds
[2024-07-18T06:03:28.518+0000] {processor.py:161} INFO - Started process (PID=290) to work on /opt/airflow/dags/consumer.py
[2024-07-18T06:03:28.520+0000] {processor.py:830} INFO - Processing file /opt/airflow/dags/consumer.py for tasks to queue
[2024-07-18T06:03:28.524+0000] {logging_mixin.py:188} INFO - [2024-07-18T06:03:28.523+0000] {dagbag.py:545} INFO - Filling up the DagBag from /opt/airflow/dags/consumer.py
[2024-07-18T06:03:28.531+0000] {processor.py:840} INFO - DAG(s) 'consumer' retrieved from /opt/airflow/dags/consumer.py
[2024-07-18T06:03:28.547+0000] {logging_mixin.py:188} INFO - [2024-07-18T06:03:28.546+0000] {dag.py:3096} INFO - Sync 1 DAGs
[2024-07-18T06:03:28.558+0000] {logging_mixin.py:188} INFO - [2024-07-18T06:03:28.558+0000] {dag.py:3954} INFO - Setting next_dagrun for consumer to None, run_after=None
[2024-07-18T06:03:28.570+0000] {processor.py:183} INFO - Processing /opt/airflow/dags/consumer.py took 0.056 seconds
[2024-07-18T06:03:59.232+0000] {processor.py:161} INFO - Started process (PID=304) to work on /opt/airflow/dags/consumer.py
[2024-07-18T06:03:59.233+0000] {processor.py:830} INFO - Processing file /opt/airflow/dags/consumer.py for tasks to queue
[2024-07-18T06:03:59.240+0000] {logging_mixin.py:188} INFO - [2024-07-18T06:03:59.240+0000] {dagbag.py:545} INFO - Filling up the DagBag from /opt/airflow/dags/consumer.py
[2024-07-18T06:03:59.248+0000] {processor.py:840} INFO - DAG(s) 'consumer' retrieved from /opt/airflow/dags/consumer.py
[2024-07-18T06:03:59.267+0000] {logging_mixin.py:188} INFO - [2024-07-18T06:03:59.267+0000] {dag.py:3096} INFO - Sync 1 DAGs
[2024-07-18T06:03:59.292+0000] {logging_mixin.py:188} INFO - [2024-07-18T06:03:59.292+0000] {dag.py:3954} INFO - Setting next_dagrun for consumer to None, run_after=None
[2024-07-18T06:03:59.305+0000] {processor.py:183} INFO - Processing /opt/airflow/dags/consumer.py took 0.076 seconds
[2024-07-18T06:04:29.729+0000] {processor.py:161} INFO - Started process (PID=319) to work on /opt/airflow/dags/consumer.py
[2024-07-18T06:04:29.729+0000] {processor.py:830} INFO - Processing file /opt/airflow/dags/consumer.py for tasks to queue
[2024-07-18T06:04:29.731+0000] {logging_mixin.py:188} INFO - [2024-07-18T06:04:29.731+0000] {dagbag.py:545} INFO - Filling up the DagBag from /opt/airflow/dags/consumer.py
[2024-07-18T06:04:29.737+0000] {processor.py:840} INFO - DAG(s) 'consumer' retrieved from /opt/airflow/dags/consumer.py
[2024-07-18T06:04:29.748+0000] {logging_mixin.py:188} INFO - [2024-07-18T06:04:29.748+0000] {dag.py:3096} INFO - Sync 1 DAGs
[2024-07-18T06:04:29.757+0000] {logging_mixin.py:188} INFO - [2024-07-18T06:04:29.756+0000] {dag.py:3954} INFO - Setting next_dagrun for consumer to None, run_after=None
[2024-07-18T06:04:29.766+0000] {processor.py:183} INFO - Processing /opt/airflow/dags/consumer.py took 0.039 seconds
[2024-07-18T06:05:00.309+0000] {processor.py:161} INFO - Started process (PID=334) to work on /opt/airflow/dags/consumer.py
[2024-07-18T06:05:00.309+0000] {processor.py:830} INFO - Processing file /opt/airflow/dags/consumer.py for tasks to queue
[2024-07-18T06:05:00.310+0000] {logging_mixin.py:188} INFO - [2024-07-18T06:05:00.310+0000] {dagbag.py:545} INFO - Filling up the DagBag from /opt/airflow/dags/consumer.py
[2024-07-18T06:05:00.318+0000] {processor.py:840} INFO - DAG(s) 'consumer' retrieved from /opt/airflow/dags/consumer.py
[2024-07-18T06:05:00.329+0000] {logging_mixin.py:188} INFO - [2024-07-18T06:05:00.329+0000] {dag.py:3096} INFO - Sync 1 DAGs
[2024-07-18T06:05:00.338+0000] {logging_mixin.py:188} INFO - [2024-07-18T06:05:00.338+0000] {dag.py:3954} INFO - Setting next_dagrun for consumer to None, run_after=None
[2024-07-18T06:05:00.348+0000] {processor.py:183} INFO - Processing /opt/airflow/dags/consumer.py took 0.042 seconds
[2024-07-18T06:05:30.770+0000] {processor.py:161} INFO - Started process (PID=349) to work on /opt/airflow/dags/consumer.py
[2024-07-18T06:05:30.770+0000] {processor.py:830} INFO - Processing file /opt/airflow/dags/consumer.py for tasks to queue
[2024-07-18T06:05:30.771+0000] {logging_mixin.py:188} INFO - [2024-07-18T06:05:30.771+0000] {dagbag.py:545} INFO - Filling up the DagBag from /opt/airflow/dags/consumer.py
[2024-07-18T06:05:30.778+0000] {processor.py:840} INFO - DAG(s) 'consumer' retrieved from /opt/airflow/dags/consumer.py
[2024-07-18T06:05:30.791+0000] {logging_mixin.py:188} INFO - [2024-07-18T06:05:30.791+0000] {dag.py:3096} INFO - Sync 1 DAGs
[2024-07-18T06:05:30.800+0000] {logging_mixin.py:188} INFO - [2024-07-18T06:05:30.799+0000] {dag.py:3954} INFO - Setting next_dagrun for consumer to None, run_after=None
[2024-07-18T06:05:30.809+0000] {processor.py:183} INFO - Processing /opt/airflow/dags/consumer.py took 0.042 seconds
[2024-07-18T06:06:01.294+0000] {processor.py:161} INFO - Started process (PID=364) to work on /opt/airflow/dags/consumer.py
[2024-07-18T06:06:01.295+0000] {processor.py:830} INFO - Processing file /opt/airflow/dags/consumer.py for tasks to queue
[2024-07-18T06:06:01.296+0000] {logging_mixin.py:188} INFO - [2024-07-18T06:06:01.296+0000] {dagbag.py:545} INFO - Filling up the DagBag from /opt/airflow/dags/consumer.py
[2024-07-18T06:06:01.303+0000] {processor.py:840} INFO - DAG(s) 'consumer' retrieved from /opt/airflow/dags/consumer.py
[2024-07-18T06:06:01.315+0000] {logging_mixin.py:188} INFO - [2024-07-18T06:06:01.314+0000] {dag.py:3096} INFO - Sync 1 DAGs
[2024-07-18T06:06:01.324+0000] {logging_mixin.py:188} INFO - [2024-07-18T06:06:01.323+0000] {dag.py:3954} INFO - Setting next_dagrun for consumer to None, run_after=None
[2024-07-18T06:06:01.334+0000] {processor.py:183} INFO - Processing /opt/airflow/dags/consumer.py took 0.042 seconds
[2024-07-18T06:06:31.815+0000] {processor.py:161} INFO - Started process (PID=379) to work on /opt/airflow/dags/consumer.py
[2024-07-18T06:06:31.815+0000] {processor.py:830} INFO - Processing file /opt/airflow/dags/consumer.py for tasks to queue
[2024-07-18T06:06:31.817+0000] {logging_mixin.py:188} INFO - [2024-07-18T06:06:31.816+0000] {dagbag.py:545} INFO - Filling up the DagBag from /opt/airflow/dags/consumer.py
[2024-07-18T06:06:31.823+0000] {processor.py:840} INFO - DAG(s) 'consumer' retrieved from /opt/airflow/dags/consumer.py
[2024-07-18T06:06:31.835+0000] {logging_mixin.py:188} INFO - [2024-07-18T06:06:31.834+0000] {dag.py:3096} INFO - Sync 1 DAGs
[2024-07-18T06:06:31.844+0000] {logging_mixin.py:188} INFO - [2024-07-18T06:06:31.844+0000] {dag.py:3954} INFO - Setting next_dagrun for consumer to None, run_after=None
[2024-07-18T06:06:31.854+0000] {processor.py:183} INFO - Processing /opt/airflow/dags/consumer.py took 0.042 seconds
[2024-07-18T06:07:02.070+0000] {processor.py:161} INFO - Started process (PID=393) to work on /opt/airflow/dags/consumer.py
[2024-07-18T06:07:02.070+0000] {processor.py:830} INFO - Processing file /opt/airflow/dags/consumer.py for tasks to queue
[2024-07-18T06:07:02.071+0000] {logging_mixin.py:188} INFO - [2024-07-18T06:07:02.071+0000] {dagbag.py:545} INFO - Filling up the DagBag from /opt/airflow/dags/consumer.py
[2024-07-18T06:07:02.079+0000] {processor.py:840} INFO - DAG(s) 'consumer' retrieved from /opt/airflow/dags/consumer.py
[2024-07-18T06:07:02.090+0000] {logging_mixin.py:188} INFO - [2024-07-18T06:07:02.090+0000] {dag.py:3096} INFO - Sync 1 DAGs
[2024-07-18T06:07:02.099+0000] {logging_mixin.py:188} INFO - [2024-07-18T06:07:02.099+0000] {dag.py:3954} INFO - Setting next_dagrun for consumer to None, run_after=None
[2024-07-18T06:07:02.109+0000] {processor.py:183} INFO - Processing /opt/airflow/dags/consumer.py took 0.042 seconds
[2024-07-18T06:07:32.599+0000] {processor.py:161} INFO - Started process (PID=408) to work on /opt/airflow/dags/consumer.py
[2024-07-18T06:07:32.599+0000] {processor.py:830} INFO - Processing file /opt/airflow/dags/consumer.py for tasks to queue
[2024-07-18T06:07:32.600+0000] {logging_mixin.py:188} INFO - [2024-07-18T06:07:32.600+0000] {dagbag.py:545} INFO - Filling up the DagBag from /opt/airflow/dags/consumer.py
[2024-07-18T06:07:32.608+0000] {processor.py:840} INFO - DAG(s) 'consumer' retrieved from /opt/airflow/dags/consumer.py
[2024-07-18T06:07:32.620+0000] {logging_mixin.py:188} INFO - [2024-07-18T06:07:32.619+0000] {dag.py:3096} INFO - Sync 1 DAGs
[2024-07-18T06:07:32.630+0000] {logging_mixin.py:188} INFO - [2024-07-18T06:07:32.629+0000] {dag.py:3954} INFO - Setting next_dagrun for consumer to None, run_after=None
[2024-07-18T06:07:32.639+0000] {processor.py:183} INFO - Processing /opt/airflow/dags/consumer.py took 0.043 seconds
[2024-07-18T06:08:03.093+0000] {processor.py:161} INFO - Started process (PID=423) to work on /opt/airflow/dags/consumer.py
[2024-07-18T06:08:03.094+0000] {processor.py:830} INFO - Processing file /opt/airflow/dags/consumer.py for tasks to queue
[2024-07-18T06:08:03.095+0000] {logging_mixin.py:188} INFO - [2024-07-18T06:08:03.095+0000] {dagbag.py:545} INFO - Filling up the DagBag from /opt/airflow/dags/consumer.py
[2024-07-18T06:08:03.102+0000] {processor.py:840} INFO - DAG(s) 'consumer' retrieved from /opt/airflow/dags/consumer.py
[2024-07-18T06:08:03.114+0000] {logging_mixin.py:188} INFO - [2024-07-18T06:08:03.113+0000] {dag.py:3096} INFO - Sync 1 DAGs
[2024-07-18T06:08:03.123+0000] {logging_mixin.py:188} INFO - [2024-07-18T06:08:03.123+0000] {dag.py:3954} INFO - Setting next_dagrun for consumer to None, run_after=None
[2024-07-18T06:08:03.133+0000] {processor.py:183} INFO - Processing /opt/airflow/dags/consumer.py took 0.043 seconds
[2024-07-18T06:21:13.255+0000] {processor.py:161} INFO - Started process (PID=30) to work on /opt/airflow/dags/consumer.py
[2024-07-18T06:21:13.257+0000] {processor.py:830} INFO - Processing file /opt/airflow/dags/consumer.py for tasks to queue
[2024-07-18T06:21:13.264+0000] {logging_mixin.py:188} INFO - [2024-07-18T06:21:13.264+0000] {dagbag.py:545} INFO - Filling up the DagBag from /opt/airflow/dags/consumer.py
[2024-07-18T06:21:13.327+0000] {processor.py:840} INFO - DAG(s) 'consumer' retrieved from /opt/airflow/dags/consumer.py
[2024-07-18T06:21:13.580+0000] {logging_mixin.py:188} INFO - [2024-07-18T06:21:13.579+0000] {dag.py:3096} INFO - Sync 1 DAGs
[2024-07-18T06:21:13.619+0000] {logging_mixin.py:188} INFO - [2024-07-18T06:21:13.614+0000] {dag.py:3954} INFO - Setting next_dagrun for consumer to None, run_after=None
[2024-07-18T06:21:13.680+0000] {processor.py:183} INFO - Processing /opt/airflow/dags/consumer.py took 0.441 seconds
