[2024-07-18T05:54:48.592+0000] {processor.py:161} INFO - Started process (PID=27) to work on /opt/airflow/dags/group_dag.py
[2024-07-18T05:54:48.593+0000] {processor.py:830} INFO - Processing file /opt/airflow/dags/group_dag.py for tasks to queue
[2024-07-18T05:54:48.601+0000] {logging_mixin.py:188} INFO - [2024-07-18T05:54:48.600+0000] {dagbag.py:545} INFO - Filling up the DagBag from /opt/airflow/dags/group_dag.py
[2024-07-18T05:54:48.633+0000] {processor.py:840} INFO - DAG(s) 'group_dag' retrieved from /opt/airflow/dags/group_dag.py
[2024-07-18T05:54:48.984+0000] {logging_mixin.py:188} INFO - [2024-07-18T05:54:48.984+0000] {dag.py:3096} INFO - Sync 1 DAGs
[2024-07-18T05:54:49.053+0000] {logging_mixin.py:188} INFO - [2024-07-18T05:54:49.052+0000] {dag.py:3954} INFO - Setting next_dagrun for group_dag to 2024-07-17 00:00:00+00:00, run_after=2024-07-18 00:00:00+00:00
[2024-07-18T05:54:49.125+0000] {processor.py:183} INFO - Processing /opt/airflow/dags/group_dag.py took 0.552 seconds
[2024-07-18T05:55:19.851+0000] {processor.py:161} INFO - Started process (PID=41) to work on /opt/airflow/dags/group_dag.py
[2024-07-18T05:55:19.852+0000] {processor.py:830} INFO - Processing file /opt/airflow/dags/group_dag.py for tasks to queue
[2024-07-18T05:55:19.854+0000] {logging_mixin.py:188} INFO - [2024-07-18T05:55:19.854+0000] {dagbag.py:545} INFO - Filling up the DagBag from /opt/airflow/dags/group_dag.py
[2024-07-18T05:55:19.869+0000] {processor.py:840} INFO - DAG(s) 'group_dag' retrieved from /opt/airflow/dags/group_dag.py
[2024-07-18T05:55:19.883+0000] {logging_mixin.py:188} INFO - [2024-07-18T05:55:19.883+0000] {dag.py:3096} INFO - Sync 1 DAGs
[2024-07-18T05:55:19.895+0000] {logging_mixin.py:188} INFO - [2024-07-18T05:55:19.895+0000] {dag.py:3954} INFO - Setting next_dagrun for group_dag to 2024-07-18 00:00:00+00:00, run_after=2024-07-19 00:00:00+00:00
[2024-07-18T05:55:19.904+0000] {processor.py:183} INFO - Processing /opt/airflow/dags/group_dag.py took 0.057 seconds
[2024-07-18T05:55:50.339+0000] {processor.py:161} INFO - Started process (PID=55) to work on /opt/airflow/dags/group_dag.py
[2024-07-18T05:55:50.340+0000] {processor.py:830} INFO - Processing file /opt/airflow/dags/group_dag.py for tasks to queue
[2024-07-18T05:55:50.342+0000] {logging_mixin.py:188} INFO - [2024-07-18T05:55:50.341+0000] {dagbag.py:545} INFO - Filling up the DagBag from /opt/airflow/dags/group_dag.py
[2024-07-18T05:55:50.367+0000] {processor.py:840} INFO - DAG(s) 'group_dag' retrieved from /opt/airflow/dags/group_dag.py
[2024-07-18T05:55:50.382+0000] {logging_mixin.py:188} INFO - [2024-07-18T05:55:50.381+0000] {dag.py:3096} INFO - Sync 1 DAGs
[2024-07-18T05:55:50.393+0000] {logging_mixin.py:188} INFO - [2024-07-18T05:55:50.393+0000] {dag.py:3954} INFO - Setting next_dagrun for group_dag to 2024-07-18 00:00:00+00:00, run_after=2024-07-19 00:00:00+00:00
[2024-07-18T05:55:50.402+0000] {processor.py:183} INFO - Processing /opt/airflow/dags/group_dag.py took 0.069 seconds
[2024-07-18T05:56:20.898+0000] {processor.py:161} INFO - Started process (PID=70) to work on /opt/airflow/dags/group_dag.py
[2024-07-18T05:56:20.899+0000] {processor.py:830} INFO - Processing file /opt/airflow/dags/group_dag.py for tasks to queue
[2024-07-18T05:56:20.901+0000] {logging_mixin.py:188} INFO - [2024-07-18T05:56:20.901+0000] {dagbag.py:545} INFO - Filling up the DagBag from /opt/airflow/dags/group_dag.py
[2024-07-18T05:56:20.929+0000] {processor.py:840} INFO - DAG(s) 'group_dag' retrieved from /opt/airflow/dags/group_dag.py
[2024-07-18T05:56:20.944+0000] {logging_mixin.py:188} INFO - [2024-07-18T05:56:20.944+0000] {dag.py:3096} INFO - Sync 1 DAGs
[2024-07-18T05:56:20.957+0000] {logging_mixin.py:188} INFO - [2024-07-18T05:56:20.957+0000] {dag.py:3954} INFO - Setting next_dagrun for group_dag to 2024-07-18 00:00:00+00:00, run_after=2024-07-19 00:00:00+00:00
[2024-07-18T05:56:20.964+0000] {processor.py:183} INFO - Processing /opt/airflow/dags/group_dag.py took 0.074 seconds
[2024-07-18T05:56:51.427+0000] {processor.py:161} INFO - Started process (PID=85) to work on /opt/airflow/dags/group_dag.py
[2024-07-18T05:56:51.433+0000] {processor.py:830} INFO - Processing file /opt/airflow/dags/group_dag.py for tasks to queue
[2024-07-18T05:56:51.435+0000] {logging_mixin.py:188} INFO - [2024-07-18T05:56:51.435+0000] {dagbag.py:545} INFO - Filling up the DagBag from /opt/airflow/dags/group_dag.py
[2024-07-18T05:56:51.454+0000] {processor.py:840} INFO - DAG(s) 'group_dag' retrieved from /opt/airflow/dags/group_dag.py
[2024-07-18T05:56:51.466+0000] {logging_mixin.py:188} INFO - [2024-07-18T05:56:51.466+0000] {dag.py:3096} INFO - Sync 1 DAGs
[2024-07-18T05:56:51.476+0000] {logging_mixin.py:188} INFO - [2024-07-18T05:56:51.476+0000] {dag.py:3954} INFO - Setting next_dagrun for group_dag to 2024-07-18 00:00:00+00:00, run_after=2024-07-19 00:00:00+00:00
[2024-07-18T05:56:51.483+0000] {processor.py:183} INFO - Processing /opt/airflow/dags/group_dag.py took 0.061 seconds
[2024-07-18T05:57:21.970+0000] {processor.py:161} INFO - Started process (PID=100) to work on /opt/airflow/dags/group_dag.py
[2024-07-18T05:57:21.971+0000] {processor.py:830} INFO - Processing file /opt/airflow/dags/group_dag.py for tasks to queue
[2024-07-18T05:57:21.975+0000] {logging_mixin.py:188} INFO - [2024-07-18T05:57:21.975+0000] {dagbag.py:545} INFO - Filling up the DagBag from /opt/airflow/dags/group_dag.py
[2024-07-18T05:57:22.004+0000] {processor.py:840} INFO - DAG(s) 'group_dag' retrieved from /opt/airflow/dags/group_dag.py
[2024-07-18T05:57:22.019+0000] {logging_mixin.py:188} INFO - [2024-07-18T05:57:22.019+0000] {dag.py:3096} INFO - Sync 1 DAGs
[2024-07-18T05:57:22.031+0000] {logging_mixin.py:188} INFO - [2024-07-18T05:57:22.031+0000] {dag.py:3954} INFO - Setting next_dagrun for group_dag to 2024-07-18 00:00:00+00:00, run_after=2024-07-19 00:00:00+00:00
[2024-07-18T05:57:22.046+0000] {processor.py:183} INFO - Processing /opt/airflow/dags/group_dag.py took 0.081 seconds
[2024-07-18T05:57:52.476+0000] {processor.py:161} INFO - Started process (PID=115) to work on /opt/airflow/dags/group_dag.py
[2024-07-18T05:57:52.478+0000] {processor.py:830} INFO - Processing file /opt/airflow/dags/group_dag.py for tasks to queue
[2024-07-18T05:57:52.480+0000] {logging_mixin.py:188} INFO - [2024-07-18T05:57:52.479+0000] {dagbag.py:545} INFO - Filling up the DagBag from /opt/airflow/dags/group_dag.py
[2024-07-18T05:57:52.499+0000] {processor.py:840} INFO - DAG(s) 'group_dag' retrieved from /opt/airflow/dags/group_dag.py
[2024-07-18T05:57:52.515+0000] {logging_mixin.py:188} INFO - [2024-07-18T05:57:52.515+0000] {dag.py:3096} INFO - Sync 1 DAGs
[2024-07-18T05:57:52.527+0000] {logging_mixin.py:188} INFO - [2024-07-18T05:57:52.527+0000] {dag.py:3954} INFO - Setting next_dagrun for group_dag to 2024-07-18 00:00:00+00:00, run_after=2024-07-19 00:00:00+00:00
[2024-07-18T05:57:52.537+0000] {processor.py:183} INFO - Processing /opt/airflow/dags/group_dag.py took 0.066 seconds
[2024-07-18T05:58:22.998+0000] {processor.py:161} INFO - Started process (PID=131) to work on /opt/airflow/dags/group_dag.py
[2024-07-18T05:58:22.999+0000] {processor.py:830} INFO - Processing file /opt/airflow/dags/group_dag.py for tasks to queue
[2024-07-18T05:58:23.001+0000] {logging_mixin.py:188} INFO - [2024-07-18T05:58:23.000+0000] {dagbag.py:545} INFO - Filling up the DagBag from /opt/airflow/dags/group_dag.py
[2024-07-18T05:58:23.024+0000] {processor.py:840} INFO - DAG(s) 'group_dag' retrieved from /opt/airflow/dags/group_dag.py
[2024-07-18T05:58:23.040+0000] {logging_mixin.py:188} INFO - [2024-07-18T05:58:23.040+0000] {dag.py:3096} INFO - Sync 1 DAGs
[2024-07-18T05:58:23.052+0000] {logging_mixin.py:188} INFO - [2024-07-18T05:58:23.052+0000] {dag.py:3954} INFO - Setting next_dagrun for group_dag to 2024-07-18 00:00:00+00:00, run_after=2024-07-19 00:00:00+00:00
[2024-07-18T05:58:23.060+0000] {processor.py:183} INFO - Processing /opt/airflow/dags/group_dag.py took 0.068 seconds
[2024-07-18T05:58:53.497+0000] {processor.py:161} INFO - Started process (PID=152) to work on /opt/airflow/dags/group_dag.py
[2024-07-18T05:58:53.498+0000] {processor.py:830} INFO - Processing file /opt/airflow/dags/group_dag.py for tasks to queue
[2024-07-18T05:58:53.499+0000] {logging_mixin.py:188} INFO - [2024-07-18T05:58:53.499+0000] {dagbag.py:545} INFO - Filling up the DagBag from /opt/airflow/dags/group_dag.py
[2024-07-18T05:58:53.532+0000] {processor.py:840} INFO - DAG(s) 'group_dag' retrieved from /opt/airflow/dags/group_dag.py
[2024-07-18T05:58:53.556+0000] {logging_mixin.py:188} INFO - [2024-07-18T05:58:53.556+0000] {dag.py:3096} INFO - Sync 1 DAGs
[2024-07-18T05:58:53.589+0000] {logging_mixin.py:188} INFO - [2024-07-18T05:58:53.589+0000] {dag.py:3954} INFO - Setting next_dagrun for group_dag to 2024-07-18 00:00:00+00:00, run_after=2024-07-19 00:00:00+00:00
[2024-07-18T05:58:53.599+0000] {processor.py:183} INFO - Processing /opt/airflow/dags/group_dag.py took 0.107 seconds
[2024-07-18T05:59:23.979+0000] {processor.py:161} INFO - Started process (PID=167) to work on /opt/airflow/dags/group_dag.py
[2024-07-18T05:59:23.980+0000] {processor.py:830} INFO - Processing file /opt/airflow/dags/group_dag.py for tasks to queue
[2024-07-18T05:59:23.983+0000] {logging_mixin.py:188} INFO - [2024-07-18T05:59:23.982+0000] {dagbag.py:545} INFO - Filling up the DagBag from /opt/airflow/dags/group_dag.py
[2024-07-18T05:59:24.007+0000] {processor.py:840} INFO - DAG(s) 'group_dag' retrieved from /opt/airflow/dags/group_dag.py
[2024-07-18T05:59:24.024+0000] {logging_mixin.py:188} INFO - [2024-07-18T05:59:24.024+0000] {dag.py:3096} INFO - Sync 1 DAGs
[2024-07-18T05:59:24.034+0000] {logging_mixin.py:188} INFO - [2024-07-18T05:59:24.034+0000] {dag.py:3954} INFO - Setting next_dagrun for group_dag to 2024-07-18 00:00:00+00:00, run_after=2024-07-19 00:00:00+00:00
[2024-07-18T05:59:24.042+0000] {processor.py:183} INFO - Processing /opt/airflow/dags/group_dag.py took 0.070 seconds
[2024-07-18T05:59:54.473+0000] {processor.py:161} INFO - Started process (PID=182) to work on /opt/airflow/dags/group_dag.py
[2024-07-18T05:59:54.475+0000] {processor.py:830} INFO - Processing file /opt/airflow/dags/group_dag.py for tasks to queue
[2024-07-18T05:59:54.477+0000] {logging_mixin.py:188} INFO - [2024-07-18T05:59:54.477+0000] {dagbag.py:545} INFO - Filling up the DagBag from /opt/airflow/dags/group_dag.py
[2024-07-18T05:59:54.504+0000] {processor.py:840} INFO - DAG(s) 'group_dag' retrieved from /opt/airflow/dags/group_dag.py
[2024-07-18T05:59:54.523+0000] {logging_mixin.py:188} INFO - [2024-07-18T05:59:54.523+0000] {dag.py:3096} INFO - Sync 1 DAGs
[2024-07-18T05:59:54.537+0000] {logging_mixin.py:188} INFO - [2024-07-18T05:59:54.537+0000] {dag.py:3954} INFO - Setting next_dagrun for group_dag to 2024-07-18 00:00:00+00:00, run_after=2024-07-19 00:00:00+00:00
[2024-07-18T05:59:54.549+0000] {processor.py:183} INFO - Processing /opt/airflow/dags/group_dag.py took 0.083 seconds
[2024-07-18T06:00:24.990+0000] {processor.py:161} INFO - Started process (PID=197) to work on /opt/airflow/dags/group_dag.py
[2024-07-18T06:00:24.991+0000] {processor.py:830} INFO - Processing file /opt/airflow/dags/group_dag.py for tasks to queue
[2024-07-18T06:00:24.994+0000] {logging_mixin.py:188} INFO - [2024-07-18T06:00:24.994+0000] {dagbag.py:545} INFO - Filling up the DagBag from /opt/airflow/dags/group_dag.py
[2024-07-18T06:00:25.012+0000] {processor.py:840} INFO - DAG(s) 'group_dag' retrieved from /opt/airflow/dags/group_dag.py
[2024-07-18T06:00:25.024+0000] {logging_mixin.py:188} INFO - [2024-07-18T06:00:25.024+0000] {dag.py:3096} INFO - Sync 1 DAGs
[2024-07-18T06:00:25.034+0000] {logging_mixin.py:188} INFO - [2024-07-18T06:00:25.034+0000] {dag.py:3954} INFO - Setting next_dagrun for group_dag to 2024-07-18 00:00:00+00:00, run_after=2024-07-19 00:00:00+00:00
[2024-07-18T06:00:25.042+0000] {processor.py:183} INFO - Processing /opt/airflow/dags/group_dag.py took 0.056 seconds
[2024-07-18T06:00:55.467+0000] {processor.py:161} INFO - Started process (PID=212) to work on /opt/airflow/dags/group_dag.py
[2024-07-18T06:00:55.468+0000] {processor.py:830} INFO - Processing file /opt/airflow/dags/group_dag.py for tasks to queue
[2024-07-18T06:00:55.470+0000] {logging_mixin.py:188} INFO - [2024-07-18T06:00:55.469+0000] {dagbag.py:545} INFO - Filling up the DagBag from /opt/airflow/dags/group_dag.py
[2024-07-18T06:00:55.494+0000] {processor.py:840} INFO - DAG(s) 'group_dag' retrieved from /opt/airflow/dags/group_dag.py
[2024-07-18T06:00:55.511+0000] {logging_mixin.py:188} INFO - [2024-07-18T06:00:55.511+0000] {dag.py:3096} INFO - Sync 1 DAGs
[2024-07-18T06:00:55.524+0000] {logging_mixin.py:188} INFO - [2024-07-18T06:00:55.523+0000] {dag.py:3954} INFO - Setting next_dagrun for group_dag to 2024-07-18 00:00:00+00:00, run_after=2024-07-19 00:00:00+00:00
[2024-07-18T06:00:55.532+0000] {processor.py:183} INFO - Processing /opt/airflow/dags/group_dag.py took 0.073 seconds
[2024-07-18T06:01:26.021+0000] {processor.py:161} INFO - Started process (PID=227) to work on /opt/airflow/dags/group_dag.py
[2024-07-18T06:01:26.022+0000] {processor.py:830} INFO - Processing file /opt/airflow/dags/group_dag.py for tasks to queue
[2024-07-18T06:01:26.024+0000] {logging_mixin.py:188} INFO - [2024-07-18T06:01:26.023+0000] {dagbag.py:545} INFO - Filling up the DagBag from /opt/airflow/dags/group_dag.py
[2024-07-18T06:01:26.047+0000] {processor.py:840} INFO - DAG(s) 'group_dag' retrieved from /opt/airflow/dags/group_dag.py
[2024-07-18T06:01:26.063+0000] {logging_mixin.py:188} INFO - [2024-07-18T06:01:26.063+0000] {dag.py:3096} INFO - Sync 1 DAGs
[2024-07-18T06:01:26.076+0000] {logging_mixin.py:188} INFO - [2024-07-18T06:01:26.076+0000] {dag.py:3954} INFO - Setting next_dagrun for group_dag to 2024-07-18 00:00:00+00:00, run_after=2024-07-19 00:00:00+00:00
[2024-07-18T06:01:26.086+0000] {processor.py:183} INFO - Processing /opt/airflow/dags/group_dag.py took 0.072 seconds
[2024-07-18T06:01:56.555+0000] {processor.py:161} INFO - Started process (PID=242) to work on /opt/airflow/dags/group_dag.py
[2024-07-18T06:01:56.559+0000] {processor.py:830} INFO - Processing file /opt/airflow/dags/group_dag.py for tasks to queue
[2024-07-18T06:01:56.560+0000] {logging_mixin.py:188} INFO - [2024-07-18T06:01:56.560+0000] {dagbag.py:545} INFO - Filling up the DagBag from /opt/airflow/dags/group_dag.py
[2024-07-18T06:01:56.587+0000] {processor.py:840} INFO - DAG(s) 'group_dag' retrieved from /opt/airflow/dags/group_dag.py
[2024-07-18T06:01:56.602+0000] {logging_mixin.py:188} INFO - [2024-07-18T06:01:56.602+0000] {dag.py:3096} INFO - Sync 1 DAGs
[2024-07-18T06:01:56.613+0000] {logging_mixin.py:188} INFO - [2024-07-18T06:01:56.613+0000] {dag.py:3954} INFO - Setting next_dagrun for group_dag to 2024-07-18 00:00:00+00:00, run_after=2024-07-19 00:00:00+00:00
[2024-07-18T06:01:56.620+0000] {processor.py:183} INFO - Processing /opt/airflow/dags/group_dag.py took 0.072 seconds
[2024-07-18T06:02:27.043+0000] {processor.py:161} INFO - Started process (PID=257) to work on /opt/airflow/dags/group_dag.py
[2024-07-18T06:02:27.044+0000] {processor.py:830} INFO - Processing file /opt/airflow/dags/group_dag.py for tasks to queue
[2024-07-18T06:02:27.046+0000] {logging_mixin.py:188} INFO - [2024-07-18T06:02:27.046+0000] {dagbag.py:545} INFO - Filling up the DagBag from /opt/airflow/dags/group_dag.py
[2024-07-18T06:02:27.062+0000] {processor.py:840} INFO - DAG(s) 'group_dag' retrieved from /opt/airflow/dags/group_dag.py
[2024-07-18T06:02:27.076+0000] {logging_mixin.py:188} INFO - [2024-07-18T06:02:27.076+0000] {dag.py:3096} INFO - Sync 1 DAGs
[2024-07-18T06:02:27.087+0000] {logging_mixin.py:188} INFO - [2024-07-18T06:02:27.086+0000] {dag.py:3954} INFO - Setting next_dagrun for group_dag to 2024-07-18 00:00:00+00:00, run_after=2024-07-19 00:00:00+00:00
[2024-07-18T06:02:27.095+0000] {processor.py:183} INFO - Processing /opt/airflow/dags/group_dag.py took 0.056 seconds
[2024-07-18T06:02:57.608+0000] {processor.py:161} INFO - Started process (PID=272) to work on /opt/airflow/dags/group_dag.py
[2024-07-18T06:02:57.610+0000] {processor.py:830} INFO - Processing file /opt/airflow/dags/group_dag.py for tasks to queue
[2024-07-18T06:02:57.612+0000] {logging_mixin.py:188} INFO - [2024-07-18T06:02:57.612+0000] {dagbag.py:545} INFO - Filling up the DagBag from /opt/airflow/dags/group_dag.py
[2024-07-18T06:02:57.639+0000] {processor.py:840} INFO - DAG(s) 'group_dag' retrieved from /opt/airflow/dags/group_dag.py
[2024-07-18T06:02:57.661+0000] {logging_mixin.py:188} INFO - [2024-07-18T06:02:57.661+0000] {dag.py:3096} INFO - Sync 1 DAGs
[2024-07-18T06:02:57.672+0000] {logging_mixin.py:188} INFO - [2024-07-18T06:02:57.672+0000] {dag.py:3954} INFO - Setting next_dagrun for group_dag to 2024-07-18 00:00:00+00:00, run_after=2024-07-19 00:00:00+00:00
[2024-07-18T06:02:57.679+0000] {processor.py:183} INFO - Processing /opt/airflow/dags/group_dag.py took 0.076 seconds
[2024-07-18T06:03:28.349+0000] {processor.py:161} INFO - Started process (PID=288) to work on /opt/airflow/dags/group_dag.py
[2024-07-18T06:03:28.355+0000] {processor.py:830} INFO - Processing file /opt/airflow/dags/group_dag.py for tasks to queue
[2024-07-18T06:03:28.360+0000] {logging_mixin.py:188} INFO - [2024-07-18T06:03:28.360+0000] {dagbag.py:545} INFO - Filling up the DagBag from /opt/airflow/dags/group_dag.py
[2024-07-18T06:03:28.397+0000] {processor.py:840} INFO - DAG(s) 'group_dag' retrieved from /opt/airflow/dags/group_dag.py
[2024-07-18T06:03:28.462+0000] {logging_mixin.py:188} INFO - [2024-07-18T06:03:28.461+0000] {dag.py:3096} INFO - Sync 1 DAGs
[2024-07-18T06:03:28.481+0000] {logging_mixin.py:188} INFO - [2024-07-18T06:03:28.481+0000] {dag.py:3954} INFO - Setting next_dagrun for group_dag to 2024-07-18 00:00:00+00:00, run_after=2024-07-19 00:00:00+00:00
[2024-07-18T06:03:28.499+0000] {processor.py:183} INFO - Processing /opt/airflow/dags/group_dag.py took 0.154 seconds
[2024-07-18T06:03:59.017+0000] {processor.py:161} INFO - Started process (PID=302) to work on /opt/airflow/dags/group_dag.py
[2024-07-18T06:03:59.018+0000] {processor.py:830} INFO - Processing file /opt/airflow/dags/group_dag.py for tasks to queue
[2024-07-18T06:03:59.028+0000] {logging_mixin.py:188} INFO - [2024-07-18T06:03:59.028+0000] {dagbag.py:545} INFO - Filling up the DagBag from /opt/airflow/dags/group_dag.py
[2024-07-18T06:03:59.063+0000] {processor.py:840} INFO - DAG(s) 'group_dag' retrieved from /opt/airflow/dags/group_dag.py
[2024-07-18T06:03:59.113+0000] {logging_mixin.py:188} INFO - [2024-07-18T06:03:59.113+0000] {dag.py:3096} INFO - Sync 1 DAGs
[2024-07-18T06:03:59.171+0000] {logging_mixin.py:188} INFO - [2024-07-18T06:03:59.170+0000] {dag.py:3954} INFO - Setting next_dagrun for group_dag to 2024-07-18 00:00:00+00:00, run_after=2024-07-19 00:00:00+00:00
[2024-07-18T06:03:59.203+0000] {processor.py:183} INFO - Processing /opt/airflow/dags/group_dag.py took 0.204 seconds
[2024-07-18T06:04:29.633+0000] {processor.py:161} INFO - Started process (PID=317) to work on /opt/airflow/dags/group_dag.py
[2024-07-18T06:04:29.633+0000] {processor.py:830} INFO - Processing file /opt/airflow/dags/group_dag.py for tasks to queue
[2024-07-18T06:04:29.635+0000] {logging_mixin.py:188} INFO - [2024-07-18T06:04:29.634+0000] {dagbag.py:545} INFO - Filling up the DagBag from /opt/airflow/dags/group_dag.py
[2024-07-18T06:04:29.650+0000] {processor.py:840} INFO - DAG(s) 'group_dag' retrieved from /opt/airflow/dags/group_dag.py
[2024-07-18T06:04:29.678+0000] {logging_mixin.py:188} INFO - [2024-07-18T06:04:29.678+0000] {dag.py:3096} INFO - Sync 1 DAGs
[2024-07-18T06:04:29.691+0000] {logging_mixin.py:188} INFO - [2024-07-18T06:04:29.691+0000] {dag.py:3954} INFO - Setting next_dagrun for group_dag to 2024-07-18 00:00:00+00:00, run_after=2024-07-19 00:00:00+00:00
[2024-07-18T06:04:29.708+0000] {processor.py:183} INFO - Processing /opt/airflow/dags/group_dag.py took 0.078 seconds
[2024-07-18T06:05:00.235+0000] {processor.py:161} INFO - Started process (PID=332) to work on /opt/airflow/dags/group_dag.py
[2024-07-18T06:05:00.237+0000] {processor.py:830} INFO - Processing file /opt/airflow/dags/group_dag.py for tasks to queue
[2024-07-18T06:05:00.239+0000] {logging_mixin.py:188} INFO - [2024-07-18T06:05:00.238+0000] {dagbag.py:545} INFO - Filling up the DagBag from /opt/airflow/dags/group_dag.py
[2024-07-18T06:05:00.260+0000] {processor.py:840} INFO - DAG(s) 'group_dag' retrieved from /opt/airflow/dags/group_dag.py
[2024-07-18T06:05:00.275+0000] {logging_mixin.py:188} INFO - [2024-07-18T06:05:00.275+0000] {dag.py:3096} INFO - Sync 1 DAGs
[2024-07-18T06:05:00.286+0000] {logging_mixin.py:188} INFO - [2024-07-18T06:05:00.286+0000] {dag.py:3954} INFO - Setting next_dagrun for group_dag to 2024-07-18 00:00:00+00:00, run_after=2024-07-19 00:00:00+00:00
[2024-07-18T06:05:00.294+0000] {processor.py:183} INFO - Processing /opt/airflow/dags/group_dag.py took 0.065 seconds
[2024-07-18T06:05:30.687+0000] {processor.py:161} INFO - Started process (PID=347) to work on /opt/airflow/dags/group_dag.py
[2024-07-18T06:05:30.688+0000] {processor.py:830} INFO - Processing file /opt/airflow/dags/group_dag.py for tasks to queue
[2024-07-18T06:05:30.689+0000] {logging_mixin.py:188} INFO - [2024-07-18T06:05:30.689+0000] {dagbag.py:545} INFO - Filling up the DagBag from /opt/airflow/dags/group_dag.py
[2024-07-18T06:05:30.710+0000] {processor.py:840} INFO - DAG(s) 'group_dag' retrieved from /opt/airflow/dags/group_dag.py
[2024-07-18T06:05:30.733+0000] {logging_mixin.py:188} INFO - [2024-07-18T06:05:30.733+0000] {dag.py:3096} INFO - Sync 1 DAGs
[2024-07-18T06:05:30.745+0000] {logging_mixin.py:188} INFO - [2024-07-18T06:05:30.745+0000] {dag.py:3954} INFO - Setting next_dagrun for group_dag to 2024-07-18 00:00:00+00:00, run_after=2024-07-19 00:00:00+00:00
[2024-07-18T06:05:30.754+0000] {processor.py:183} INFO - Processing /opt/airflow/dags/group_dag.py took 0.071 seconds
[2024-07-18T06:06:01.215+0000] {processor.py:161} INFO - Started process (PID=362) to work on /opt/airflow/dags/group_dag.py
[2024-07-18T06:06:01.217+0000] {processor.py:830} INFO - Processing file /opt/airflow/dags/group_dag.py for tasks to queue
[2024-07-18T06:06:01.219+0000] {logging_mixin.py:188} INFO - [2024-07-18T06:06:01.219+0000] {dagbag.py:545} INFO - Filling up the DagBag from /opt/airflow/dags/group_dag.py
[2024-07-18T06:06:01.243+0000] {processor.py:840} INFO - DAG(s) 'group_dag' retrieved from /opt/airflow/dags/group_dag.py
[2024-07-18T06:06:01.259+0000] {logging_mixin.py:188} INFO - [2024-07-18T06:06:01.259+0000] {dag.py:3096} INFO - Sync 1 DAGs
[2024-07-18T06:06:01.271+0000] {logging_mixin.py:188} INFO - [2024-07-18T06:06:01.271+0000] {dag.py:3954} INFO - Setting next_dagrun for group_dag to 2024-07-18 00:00:00+00:00, run_after=2024-07-19 00:00:00+00:00
[2024-07-18T06:06:01.282+0000] {processor.py:183} INFO - Processing /opt/airflow/dags/group_dag.py took 0.073 seconds
[2024-07-18T06:06:31.741+0000] {processor.py:161} INFO - Started process (PID=377) to work on /opt/airflow/dags/group_dag.py
[2024-07-18T06:06:31.742+0000] {processor.py:830} INFO - Processing file /opt/airflow/dags/group_dag.py for tasks to queue
[2024-07-18T06:06:31.746+0000] {logging_mixin.py:188} INFO - [2024-07-18T06:06:31.745+0000] {dagbag.py:545} INFO - Filling up the DagBag from /opt/airflow/dags/group_dag.py
[2024-07-18T06:06:31.768+0000] {processor.py:840} INFO - DAG(s) 'group_dag' retrieved from /opt/airflow/dags/group_dag.py
[2024-07-18T06:06:31.781+0000] {logging_mixin.py:188} INFO - [2024-07-18T06:06:31.780+0000] {dag.py:3096} INFO - Sync 1 DAGs
[2024-07-18T06:06:31.792+0000] {logging_mixin.py:188} INFO - [2024-07-18T06:06:31.792+0000] {dag.py:3954} INFO - Setting next_dagrun for group_dag to 2024-07-18 00:00:00+00:00, run_after=2024-07-19 00:00:00+00:00
[2024-07-18T06:06:31.800+0000] {processor.py:183} INFO - Processing /opt/airflow/dags/group_dag.py took 0.064 seconds
[2024-07-18T06:07:01.993+0000] {processor.py:161} INFO - Started process (PID=391) to work on /opt/airflow/dags/group_dag.py
[2024-07-18T06:07:01.994+0000] {processor.py:830} INFO - Processing file /opt/airflow/dags/group_dag.py for tasks to queue
[2024-07-18T06:07:01.995+0000] {logging_mixin.py:188} INFO - [2024-07-18T06:07:01.995+0000] {dagbag.py:545} INFO - Filling up the DagBag from /opt/airflow/dags/group_dag.py
[2024-07-18T06:07:02.019+0000] {processor.py:840} INFO - DAG(s) 'group_dag' retrieved from /opt/airflow/dags/group_dag.py
[2024-07-18T06:07:02.035+0000] {logging_mixin.py:188} INFO - [2024-07-18T06:07:02.034+0000] {dag.py:3096} INFO - Sync 1 DAGs
[2024-07-18T06:07:02.047+0000] {logging_mixin.py:188} INFO - [2024-07-18T06:07:02.047+0000] {dag.py:3954} INFO - Setting next_dagrun for group_dag to 2024-07-18 00:00:00+00:00, run_after=2024-07-19 00:00:00+00:00
[2024-07-18T06:07:02.054+0000] {processor.py:183} INFO - Processing /opt/airflow/dags/group_dag.py took 0.069 seconds
[2024-07-18T06:07:32.517+0000] {processor.py:161} INFO - Started process (PID=406) to work on /opt/airflow/dags/group_dag.py
[2024-07-18T06:07:32.517+0000] {processor.py:830} INFO - Processing file /opt/airflow/dags/group_dag.py for tasks to queue
[2024-07-18T06:07:32.519+0000] {logging_mixin.py:188} INFO - [2024-07-18T06:07:32.519+0000] {dagbag.py:545} INFO - Filling up the DagBag from /opt/airflow/dags/group_dag.py
[2024-07-18T06:07:32.548+0000] {processor.py:840} INFO - DAG(s) 'group_dag' retrieved from /opt/airflow/dags/group_dag.py
[2024-07-18T06:07:32.564+0000] {logging_mixin.py:188} INFO - [2024-07-18T06:07:32.564+0000] {dag.py:3096} INFO - Sync 1 DAGs
[2024-07-18T06:07:32.576+0000] {logging_mixin.py:188} INFO - [2024-07-18T06:07:32.576+0000] {dag.py:3954} INFO - Setting next_dagrun for group_dag to 2024-07-18 00:00:00+00:00, run_after=2024-07-19 00:00:00+00:00
[2024-07-18T06:07:32.583+0000] {processor.py:183} INFO - Processing /opt/airflow/dags/group_dag.py took 0.073 seconds
[2024-07-18T06:08:03.030+0000] {processor.py:161} INFO - Started process (PID=421) to work on /opt/airflow/dags/group_dag.py
[2024-07-18T06:08:03.030+0000] {processor.py:830} INFO - Processing file /opt/airflow/dags/group_dag.py for tasks to queue
[2024-07-18T06:08:03.032+0000] {logging_mixin.py:188} INFO - [2024-07-18T06:08:03.032+0000] {dagbag.py:545} INFO - Filling up the DagBag from /opt/airflow/dags/group_dag.py
[2024-07-18T06:08:03.049+0000] {processor.py:840} INFO - DAG(s) 'group_dag' retrieved from /opt/airflow/dags/group_dag.py
[2024-07-18T06:08:03.059+0000] {logging_mixin.py:188} INFO - [2024-07-18T06:08:03.059+0000] {dag.py:3096} INFO - Sync 1 DAGs
[2024-07-18T06:08:03.071+0000] {logging_mixin.py:188} INFO - [2024-07-18T06:08:03.071+0000] {dag.py:3954} INFO - Setting next_dagrun for group_dag to 2024-07-18 00:00:00+00:00, run_after=2024-07-19 00:00:00+00:00
[2024-07-18T06:08:03.078+0000] {processor.py:183} INFO - Processing /opt/airflow/dags/group_dag.py took 0.052 seconds
[2024-07-18T06:21:12.782+0000] {processor.py:161} INFO - Started process (PID=28) to work on /opt/airflow/dags/group_dag.py
[2024-07-18T06:21:12.791+0000] {processor.py:830} INFO - Processing file /opt/airflow/dags/group_dag.py for tasks to queue
[2024-07-18T06:21:12.804+0000] {logging_mixin.py:188} INFO - [2024-07-18T06:21:12.803+0000] {dagbag.py:545} INFO - Filling up the DagBag from /opt/airflow/dags/group_dag.py
[2024-07-18T06:21:12.859+0000] {processor.py:840} INFO - DAG(s) 'group_dag' retrieved from /opt/airflow/dags/group_dag.py
[2024-07-18T06:21:13.095+0000] {logging_mixin.py:188} INFO - [2024-07-18T06:21:13.095+0000] {dag.py:3096} INFO - Sync 1 DAGs
[2024-07-18T06:21:13.122+0000] {logging_mixin.py:188} INFO - [2024-07-18T06:21:13.122+0000] {dag.py:3954} INFO - Setting next_dagrun for group_dag to 2024-07-18 00:00:00+00:00, run_after=2024-07-19 00:00:00+00:00
[2024-07-18T06:21:13.163+0000] {processor.py:183} INFO - Processing /opt/airflow/dags/group_dag.py took 0.395 seconds
