[2024-07-18T05:54:48.629+0000] {processor.py:161} INFO - Started process (PID=28) to work on /opt/airflow/dags/parallel_dag.py
[2024-07-18T05:54:48.636+0000] {processor.py:830} INFO - Processing file /opt/airflow/dags/parallel_dag.py for tasks to queue
[2024-07-18T05:54:48.638+0000] {logging_mixin.py:188} INFO - [2024-07-18T05:54:48.638+0000] {dagbag.py:545} INFO - Filling up the DagBag from /opt/airflow/dags/parallel_dag.py
[2024-07-18T05:54:48.665+0000] {processor.py:840} INFO - DAG(s) 'parallel_dag' retrieved from /opt/airflow/dags/parallel_dag.py
[2024-07-18T05:54:49.011+0000] {logging_mixin.py:188} INFO - [2024-07-18T05:54:49.011+0000] {dag.py:3096} INFO - Sync 1 DAGs
[2024-07-18T05:54:49.086+0000] {logging_mixin.py:188} INFO - [2024-07-18T05:54:49.086+0000] {dag.py:3954} INFO - Setting next_dagrun for parallel_dag to 2024-07-17 00:00:00+00:00, run_after=2024-07-18 00:00:00+00:00
[2024-07-18T05:54:49.153+0000] {processor.py:183} INFO - Processing /opt/airflow/dags/parallel_dag.py took 0.527 seconds
[2024-07-18T05:55:19.857+0000] {processor.py:161} INFO - Started process (PID=42) to work on /opt/airflow/dags/parallel_dag.py
[2024-07-18T05:55:19.857+0000] {processor.py:830} INFO - Processing file /opt/airflow/dags/parallel_dag.py for tasks to queue
[2024-07-18T05:55:19.859+0000] {logging_mixin.py:188} INFO - [2024-07-18T05:55:19.858+0000] {dagbag.py:545} INFO - Filling up the DagBag from /opt/airflow/dags/parallel_dag.py
[2024-07-18T05:55:19.869+0000] {processor.py:840} INFO - DAG(s) 'parallel_dag' retrieved from /opt/airflow/dags/parallel_dag.py
[2024-07-18T05:55:19.883+0000] {logging_mixin.py:188} INFO - [2024-07-18T05:55:19.883+0000] {dag.py:3096} INFO - Sync 1 DAGs
[2024-07-18T05:55:19.896+0000] {logging_mixin.py:188} INFO - [2024-07-18T05:55:19.896+0000] {dag.py:3954} INFO - Setting next_dagrun for parallel_dag to 2024-07-17 00:00:00+00:00, run_after=2024-07-18 00:00:00+00:00
[2024-07-18T05:55:19.904+0000] {processor.py:183} INFO - Processing /opt/airflow/dags/parallel_dag.py took 0.051 seconds
[2024-07-18T05:55:50.355+0000] {processor.py:161} INFO - Started process (PID=56) to work on /opt/airflow/dags/parallel_dag.py
[2024-07-18T05:55:50.356+0000] {processor.py:830} INFO - Processing file /opt/airflow/dags/parallel_dag.py for tasks to queue
[2024-07-18T05:55:50.358+0000] {logging_mixin.py:188} INFO - [2024-07-18T05:55:50.357+0000] {dagbag.py:545} INFO - Filling up the DagBag from /opt/airflow/dags/parallel_dag.py
[2024-07-18T05:55:50.369+0000] {processor.py:840} INFO - DAG(s) 'parallel_dag' retrieved from /opt/airflow/dags/parallel_dag.py
[2024-07-18T05:55:50.382+0000] {logging_mixin.py:188} INFO - [2024-07-18T05:55:50.381+0000] {dag.py:3096} INFO - Sync 1 DAGs
[2024-07-18T05:55:50.393+0000] {logging_mixin.py:188} INFO - [2024-07-18T05:55:50.393+0000] {dag.py:3954} INFO - Setting next_dagrun for parallel_dag to 2024-07-17 00:00:00+00:00, run_after=2024-07-18 00:00:00+00:00
[2024-07-18T05:55:50.402+0000] {processor.py:183} INFO - Processing /opt/airflow/dags/parallel_dag.py took 0.053 seconds
[2024-07-18T05:56:20.913+0000] {processor.py:161} INFO - Started process (PID=71) to work on /opt/airflow/dags/parallel_dag.py
[2024-07-18T05:56:20.914+0000] {processor.py:830} INFO - Processing file /opt/airflow/dags/parallel_dag.py for tasks to queue
[2024-07-18T05:56:20.917+0000] {logging_mixin.py:188} INFO - [2024-07-18T05:56:20.916+0000] {dagbag.py:545} INFO - Filling up the DagBag from /opt/airflow/dags/parallel_dag.py
[2024-07-18T05:56:20.931+0000] {processor.py:840} INFO - DAG(s) 'parallel_dag' retrieved from /opt/airflow/dags/parallel_dag.py
[2024-07-18T05:56:20.944+0000] {logging_mixin.py:188} INFO - [2024-07-18T05:56:20.944+0000] {dag.py:3096} INFO - Sync 1 DAGs
[2024-07-18T05:56:20.957+0000] {logging_mixin.py:188} INFO - [2024-07-18T05:56:20.957+0000] {dag.py:3954} INFO - Setting next_dagrun for parallel_dag to 2024-07-17 00:00:00+00:00, run_after=2024-07-18 00:00:00+00:00
[2024-07-18T05:56:20.964+0000] {processor.py:183} INFO - Processing /opt/airflow/dags/parallel_dag.py took 0.059 seconds
[2024-07-18T05:56:51.439+0000] {processor.py:161} INFO - Started process (PID=86) to work on /opt/airflow/dags/parallel_dag.py
[2024-07-18T05:56:51.439+0000] {processor.py:830} INFO - Processing file /opt/airflow/dags/parallel_dag.py for tasks to queue
[2024-07-18T05:56:51.441+0000] {logging_mixin.py:188} INFO - [2024-07-18T05:56:51.440+0000] {dagbag.py:545} INFO - Filling up the DagBag from /opt/airflow/dags/parallel_dag.py
[2024-07-18T05:56:51.452+0000] {processor.py:840} INFO - DAG(s) 'parallel_dag' retrieved from /opt/airflow/dags/parallel_dag.py
[2024-07-18T05:56:51.466+0000] {logging_mixin.py:188} INFO - [2024-07-18T05:56:51.466+0000] {dag.py:3096} INFO - Sync 1 DAGs
[2024-07-18T05:56:51.476+0000] {logging_mixin.py:188} INFO - [2024-07-18T05:56:51.476+0000] {dag.py:3954} INFO - Setting next_dagrun for parallel_dag to 2024-07-17 00:00:00+00:00, run_after=2024-07-18 00:00:00+00:00
[2024-07-18T05:56:51.483+0000] {processor.py:183} INFO - Processing /opt/airflow/dags/parallel_dag.py took 0.049 seconds
[2024-07-18T05:57:21.971+0000] {processor.py:161} INFO - Started process (PID=101) to work on /opt/airflow/dags/parallel_dag.py
[2024-07-18T05:57:21.972+0000] {processor.py:830} INFO - Processing file /opt/airflow/dags/parallel_dag.py for tasks to queue
[2024-07-18T05:57:21.975+0000] {logging_mixin.py:188} INFO - [2024-07-18T05:57:21.975+0000] {dagbag.py:545} INFO - Filling up the DagBag from /opt/airflow/dags/parallel_dag.py
[2024-07-18T05:57:21.990+0000] {processor.py:840} INFO - DAG(s) 'parallel_dag' retrieved from /opt/airflow/dags/parallel_dag.py
[2024-07-18T05:57:22.013+0000] {logging_mixin.py:188} INFO - [2024-07-18T05:57:22.012+0000] {dag.py:3096} INFO - Sync 1 DAGs
[2024-07-18T05:57:22.025+0000] {logging_mixin.py:188} INFO - [2024-07-18T05:57:22.025+0000] {dag.py:3954} INFO - Setting next_dagrun for parallel_dag to 2024-07-17 00:00:00+00:00, run_after=2024-07-18 00:00:00+00:00
[2024-07-18T05:57:22.033+0000] {processor.py:183} INFO - Processing /opt/airflow/dags/parallel_dag.py took 0.067 seconds
[2024-07-18T05:57:52.493+0000] {processor.py:161} INFO - Started process (PID=116) to work on /opt/airflow/dags/parallel_dag.py
[2024-07-18T05:57:52.494+0000] {processor.py:830} INFO - Processing file /opt/airflow/dags/parallel_dag.py for tasks to queue
[2024-07-18T05:57:52.495+0000] {logging_mixin.py:188} INFO - [2024-07-18T05:57:52.495+0000] {dagbag.py:545} INFO - Filling up the DagBag from /opt/airflow/dags/parallel_dag.py
[2024-07-18T05:57:52.506+0000] {processor.py:840} INFO - DAG(s) 'parallel_dag' retrieved from /opt/airflow/dags/parallel_dag.py
[2024-07-18T05:57:52.524+0000] {logging_mixin.py:188} INFO - [2024-07-18T05:57:52.524+0000] {dag.py:3096} INFO - Sync 1 DAGs
[2024-07-18T05:57:52.535+0000] {logging_mixin.py:188} INFO - [2024-07-18T05:57:52.535+0000] {dag.py:3954} INFO - Setting next_dagrun for parallel_dag to 2024-07-17 00:00:00+00:00, run_after=2024-07-18 00:00:00+00:00
[2024-07-18T05:57:52.544+0000] {processor.py:183} INFO - Processing /opt/airflow/dags/parallel_dag.py took 0.063 seconds
[2024-07-18T05:58:23.015+0000] {processor.py:161} INFO - Started process (PID=132) to work on /opt/airflow/dags/parallel_dag.py
[2024-07-18T05:58:23.016+0000] {processor.py:830} INFO - Processing file /opt/airflow/dags/parallel_dag.py for tasks to queue
[2024-07-18T05:58:23.017+0000] {logging_mixin.py:188} INFO - [2024-07-18T05:58:23.017+0000] {dagbag.py:545} INFO - Filling up the DagBag from /opt/airflow/dags/parallel_dag.py
[2024-07-18T05:58:23.029+0000] {processor.py:840} INFO - DAG(s) 'parallel_dag' retrieved from /opt/airflow/dags/parallel_dag.py
[2024-07-18T05:58:23.043+0000] {logging_mixin.py:188} INFO - [2024-07-18T05:58:23.043+0000] {dag.py:3096} INFO - Sync 1 DAGs
[2024-07-18T05:58:23.053+0000] {logging_mixin.py:188} INFO - [2024-07-18T05:58:23.053+0000] {dag.py:3954} INFO - Setting next_dagrun for parallel_dag to 2024-07-17 00:00:00+00:00, run_after=2024-07-18 00:00:00+00:00
[2024-07-18T05:58:23.060+0000] {processor.py:183} INFO - Processing /opt/airflow/dags/parallel_dag.py took 0.053 seconds
[2024-07-18T05:58:53.523+0000] {processor.py:161} INFO - Started process (PID=153) to work on /opt/airflow/dags/parallel_dag.py
[2024-07-18T05:58:53.524+0000] {processor.py:830} INFO - Processing file /opt/airflow/dags/parallel_dag.py for tasks to queue
[2024-07-18T05:58:53.526+0000] {logging_mixin.py:188} INFO - [2024-07-18T05:58:53.525+0000] {dagbag.py:545} INFO - Filling up the DagBag from /opt/airflow/dags/parallel_dag.py
[2024-07-18T05:58:53.542+0000] {processor.py:840} INFO - DAG(s) 'parallel_dag' retrieved from /opt/airflow/dags/parallel_dag.py
[2024-07-18T05:58:53.555+0000] {logging_mixin.py:188} INFO - [2024-07-18T05:58:53.555+0000] {dag.py:3096} INFO - Sync 1 DAGs
[2024-07-18T05:58:53.570+0000] {logging_mixin.py:188} INFO - [2024-07-18T05:58:53.570+0000] {dag.py:3954} INFO - Setting next_dagrun for parallel_dag to 2024-07-17 00:00:00+00:00, run_after=2024-07-18 00:00:00+00:00
[2024-07-18T05:58:53.580+0000] {processor.py:183} INFO - Processing /opt/airflow/dags/parallel_dag.py took 0.065 seconds
[2024-07-18T05:59:23.994+0000] {processor.py:161} INFO - Started process (PID=168) to work on /opt/airflow/dags/parallel_dag.py
[2024-07-18T05:59:23.995+0000] {processor.py:830} INFO - Processing file /opt/airflow/dags/parallel_dag.py for tasks to queue
[2024-07-18T05:59:23.998+0000] {logging_mixin.py:188} INFO - [2024-07-18T05:59:23.997+0000] {dagbag.py:545} INFO - Filling up the DagBag from /opt/airflow/dags/parallel_dag.py
[2024-07-18T05:59:24.009+0000] {processor.py:840} INFO - DAG(s) 'parallel_dag' retrieved from /opt/airflow/dags/parallel_dag.py
[2024-07-18T05:59:24.023+0000] {logging_mixin.py:188} INFO - [2024-07-18T05:59:24.023+0000] {dag.py:3096} INFO - Sync 1 DAGs
[2024-07-18T05:59:24.034+0000] {logging_mixin.py:188} INFO - [2024-07-18T05:59:24.034+0000] {dag.py:3954} INFO - Setting next_dagrun for parallel_dag to 2024-07-17 00:00:00+00:00, run_after=2024-07-18 00:00:00+00:00
[2024-07-18T05:59:24.042+0000] {processor.py:183} INFO - Processing /opt/airflow/dags/parallel_dag.py took 0.056 seconds
[2024-07-18T05:59:54.485+0000] {processor.py:161} INFO - Started process (PID=183) to work on /opt/airflow/dags/parallel_dag.py
[2024-07-18T05:59:54.486+0000] {processor.py:830} INFO - Processing file /opt/airflow/dags/parallel_dag.py for tasks to queue
[2024-07-18T05:59:54.489+0000] {logging_mixin.py:188} INFO - [2024-07-18T05:59:54.488+0000] {dagbag.py:545} INFO - Filling up the DagBag from /opt/airflow/dags/parallel_dag.py
[2024-07-18T05:59:54.501+0000] {processor.py:840} INFO - DAG(s) 'parallel_dag' retrieved from /opt/airflow/dags/parallel_dag.py
[2024-07-18T05:59:54.530+0000] {logging_mixin.py:188} INFO - [2024-07-18T05:59:54.530+0000] {dag.py:3096} INFO - Sync 1 DAGs
[2024-07-18T05:59:54.542+0000] {logging_mixin.py:188} INFO - [2024-07-18T05:59:54.542+0000] {dag.py:3954} INFO - Setting next_dagrun for parallel_dag to 2024-07-17 00:00:00+00:00, run_after=2024-07-18 00:00:00+00:00
[2024-07-18T05:59:54.553+0000] {processor.py:183} INFO - Processing /opt/airflow/dags/parallel_dag.py took 0.074 seconds
[2024-07-18T06:00:25.005+0000] {processor.py:161} INFO - Started process (PID=198) to work on /opt/airflow/dags/parallel_dag.py
[2024-07-18T06:00:25.005+0000] {processor.py:830} INFO - Processing file /opt/airflow/dags/parallel_dag.py for tasks to queue
[2024-07-18T06:00:25.007+0000] {logging_mixin.py:188} INFO - [2024-07-18T06:00:25.007+0000] {dagbag.py:545} INFO - Filling up the DagBag from /opt/airflow/dags/parallel_dag.py
[2024-07-18T06:00:25.018+0000] {processor.py:840} INFO - DAG(s) 'parallel_dag' retrieved from /opt/airflow/dags/parallel_dag.py
[2024-07-18T06:00:25.029+0000] {logging_mixin.py:188} INFO - [2024-07-18T06:00:25.029+0000] {dag.py:3096} INFO - Sync 1 DAGs
[2024-07-18T06:00:25.039+0000] {logging_mixin.py:188} INFO - [2024-07-18T06:00:25.039+0000] {dag.py:3954} INFO - Setting next_dagrun for parallel_dag to 2024-07-17 00:00:00+00:00, run_after=2024-07-18 00:00:00+00:00
[2024-07-18T06:00:25.046+0000] {processor.py:183} INFO - Processing /opt/airflow/dags/parallel_dag.py took 0.050 seconds
[2024-07-18T06:00:55.483+0000] {processor.py:161} INFO - Started process (PID=213) to work on /opt/airflow/dags/parallel_dag.py
[2024-07-18T06:00:55.484+0000] {processor.py:830} INFO - Processing file /opt/airflow/dags/parallel_dag.py for tasks to queue
[2024-07-18T06:00:55.486+0000] {logging_mixin.py:188} INFO - [2024-07-18T06:00:55.486+0000] {dagbag.py:545} INFO - Filling up the DagBag from /opt/airflow/dags/parallel_dag.py
[2024-07-18T06:00:55.498+0000] {processor.py:840} INFO - DAG(s) 'parallel_dag' retrieved from /opt/airflow/dags/parallel_dag.py
[2024-07-18T06:00:55.512+0000] {logging_mixin.py:188} INFO - [2024-07-18T06:00:55.512+0000] {dag.py:3096} INFO - Sync 1 DAGs
[2024-07-18T06:00:55.523+0000] {logging_mixin.py:188} INFO - [2024-07-18T06:00:55.523+0000] {dag.py:3954} INFO - Setting next_dagrun for parallel_dag to 2024-07-17 00:00:00+00:00, run_after=2024-07-18 00:00:00+00:00
[2024-07-18T06:00:55.532+0000] {processor.py:183} INFO - Processing /opt/airflow/dags/parallel_dag.py took 0.057 seconds
[2024-07-18T06:01:26.032+0000] {processor.py:161} INFO - Started process (PID=228) to work on /opt/airflow/dags/parallel_dag.py
[2024-07-18T06:01:26.032+0000] {processor.py:830} INFO - Processing file /opt/airflow/dags/parallel_dag.py for tasks to queue
[2024-07-18T06:01:26.034+0000] {logging_mixin.py:188} INFO - [2024-07-18T06:01:26.034+0000] {dagbag.py:545} INFO - Filling up the DagBag from /opt/airflow/dags/parallel_dag.py
[2024-07-18T06:01:26.047+0000] {processor.py:840} INFO - DAG(s) 'parallel_dag' retrieved from /opt/airflow/dags/parallel_dag.py
[2024-07-18T06:01:26.063+0000] {logging_mixin.py:188} INFO - [2024-07-18T06:01:26.063+0000] {dag.py:3096} INFO - Sync 1 DAGs
[2024-07-18T06:01:26.076+0000] {logging_mixin.py:188} INFO - [2024-07-18T06:01:26.076+0000] {dag.py:3954} INFO - Setting next_dagrun for parallel_dag to 2024-07-17 00:00:00+00:00, run_after=2024-07-18 00:00:00+00:00
[2024-07-18T06:01:26.086+0000] {processor.py:183} INFO - Processing /opt/airflow/dags/parallel_dag.py took 0.060 seconds
[2024-07-18T06:01:56.571+0000] {processor.py:161} INFO - Started process (PID=243) to work on /opt/airflow/dags/parallel_dag.py
[2024-07-18T06:01:56.572+0000] {processor.py:830} INFO - Processing file /opt/airflow/dags/parallel_dag.py for tasks to queue
[2024-07-18T06:01:56.574+0000] {logging_mixin.py:188} INFO - [2024-07-18T06:01:56.574+0000] {dagbag.py:545} INFO - Filling up the DagBag from /opt/airflow/dags/parallel_dag.py
[2024-07-18T06:01:56.588+0000] {processor.py:840} INFO - DAG(s) 'parallel_dag' retrieved from /opt/airflow/dags/parallel_dag.py
[2024-07-18T06:01:56.602+0000] {logging_mixin.py:188} INFO - [2024-07-18T06:01:56.602+0000] {dag.py:3096} INFO - Sync 1 DAGs
[2024-07-18T06:01:56.613+0000] {logging_mixin.py:188} INFO - [2024-07-18T06:01:56.613+0000] {dag.py:3954} INFO - Setting next_dagrun for parallel_dag to 2024-07-17 00:00:00+00:00, run_after=2024-07-18 00:00:00+00:00
[2024-07-18T06:01:56.620+0000] {processor.py:183} INFO - Processing /opt/airflow/dags/parallel_dag.py took 0.056 seconds
[2024-07-18T06:02:27.051+0000] {processor.py:161} INFO - Started process (PID=258) to work on /opt/airflow/dags/parallel_dag.py
[2024-07-18T06:02:27.051+0000] {processor.py:830} INFO - Processing file /opt/airflow/dags/parallel_dag.py for tasks to queue
[2024-07-18T06:02:27.053+0000] {logging_mixin.py:188} INFO - [2024-07-18T06:02:27.052+0000] {dagbag.py:545} INFO - Filling up the DagBag from /opt/airflow/dags/parallel_dag.py
[2024-07-18T06:02:27.062+0000] {processor.py:840} INFO - DAG(s) 'parallel_dag' retrieved from /opt/airflow/dags/parallel_dag.py
[2024-07-18T06:02:27.076+0000] {logging_mixin.py:188} INFO - [2024-07-18T06:02:27.076+0000] {dag.py:3096} INFO - Sync 1 DAGs
[2024-07-18T06:02:27.087+0000] {logging_mixin.py:188} INFO - [2024-07-18T06:02:27.086+0000] {dag.py:3954} INFO - Setting next_dagrun for parallel_dag to 2024-07-17 00:00:00+00:00, run_after=2024-07-18 00:00:00+00:00
[2024-07-18T06:02:27.095+0000] {processor.py:183} INFO - Processing /opt/airflow/dags/parallel_dag.py took 0.050 seconds
[2024-07-18T06:02:57.609+0000] {processor.py:161} INFO - Started process (PID=273) to work on /opt/airflow/dags/parallel_dag.py
[2024-07-18T06:02:57.611+0000] {processor.py:830} INFO - Processing file /opt/airflow/dags/parallel_dag.py for tasks to queue
[2024-07-18T06:02:57.613+0000] {logging_mixin.py:188} INFO - [2024-07-18T06:02:57.613+0000] {dagbag.py:545} INFO - Filling up the DagBag from /opt/airflow/dags/parallel_dag.py
[2024-07-18T06:02:57.629+0000] {processor.py:840} INFO - DAG(s) 'parallel_dag' retrieved from /opt/airflow/dags/parallel_dag.py
[2024-07-18T06:02:57.646+0000] {logging_mixin.py:188} INFO - [2024-07-18T06:02:57.646+0000] {dag.py:3096} INFO - Sync 1 DAGs
[2024-07-18T06:02:57.659+0000] {logging_mixin.py:188} INFO - [2024-07-18T06:02:57.659+0000] {dag.py:3954} INFO - Setting next_dagrun for parallel_dag to 2024-07-17 00:00:00+00:00, run_after=2024-07-18 00:00:00+00:00
[2024-07-18T06:02:57.667+0000] {processor.py:183} INFO - Processing /opt/airflow/dags/parallel_dag.py took 0.062 seconds
[2024-07-18T06:03:28.374+0000] {processor.py:161} INFO - Started process (PID=289) to work on /opt/airflow/dags/parallel_dag.py
[2024-07-18T06:03:28.376+0000] {processor.py:830} INFO - Processing file /opt/airflow/dags/parallel_dag.py for tasks to queue
[2024-07-18T06:03:28.381+0000] {logging_mixin.py:188} INFO - [2024-07-18T06:03:28.381+0000] {dagbag.py:545} INFO - Filling up the DagBag from /opt/airflow/dags/parallel_dag.py
[2024-07-18T06:03:28.425+0000] {processor.py:840} INFO - DAG(s) 'parallel_dag' retrieved from /opt/airflow/dags/parallel_dag.py
[2024-07-18T06:03:28.469+0000] {logging_mixin.py:188} INFO - [2024-07-18T06:03:28.468+0000] {dag.py:3096} INFO - Sync 1 DAGs
[2024-07-18T06:03:28.485+0000] {logging_mixin.py:188} INFO - [2024-07-18T06:03:28.485+0000] {dag.py:3954} INFO - Setting next_dagrun for parallel_dag to 2024-07-17 00:00:00+00:00, run_after=2024-07-18 00:00:00+00:00
[2024-07-18T06:03:28.509+0000] {processor.py:183} INFO - Processing /opt/airflow/dags/parallel_dag.py took 0.152 seconds
[2024-07-18T06:03:59.016+0000] {processor.py:161} INFO - Started process (PID=303) to work on /opt/airflow/dags/parallel_dag.py
[2024-07-18T06:03:59.017+0000] {processor.py:830} INFO - Processing file /opt/airflow/dags/parallel_dag.py for tasks to queue
[2024-07-18T06:03:59.019+0000] {logging_mixin.py:188} INFO - [2024-07-18T06:03:59.018+0000] {dagbag.py:545} INFO - Filling up the DagBag from /opt/airflow/dags/parallel_dag.py
[2024-07-18T06:03:59.040+0000] {processor.py:840} INFO - DAG(s) 'parallel_dag' retrieved from /opt/airflow/dags/parallel_dag.py
[2024-07-18T06:03:59.112+0000] {logging_mixin.py:188} INFO - [2024-07-18T06:03:59.112+0000] {dag.py:3096} INFO - Sync 1 DAGs
[2024-07-18T06:03:59.174+0000] {logging_mixin.py:188} INFO - [2024-07-18T06:03:59.172+0000] {dag.py:3954} INFO - Setting next_dagrun for parallel_dag to 2024-07-17 00:00:00+00:00, run_after=2024-07-18 00:00:00+00:00
[2024-07-18T06:03:59.202+0000] {processor.py:183} INFO - Processing /opt/airflow/dags/parallel_dag.py took 0.190 seconds
[2024-07-18T06:04:29.644+0000] {processor.py:161} INFO - Started process (PID=318) to work on /opt/airflow/dags/parallel_dag.py
[2024-07-18T06:04:29.645+0000] {processor.py:830} INFO - Processing file /opt/airflow/dags/parallel_dag.py for tasks to queue
[2024-07-18T06:04:29.651+0000] {logging_mixin.py:188} INFO - [2024-07-18T06:04:29.651+0000] {dagbag.py:545} INFO - Filling up the DagBag from /opt/airflow/dags/parallel_dag.py
[2024-07-18T06:04:29.659+0000] {processor.py:840} INFO - DAG(s) 'parallel_dag' retrieved from /opt/airflow/dags/parallel_dag.py
[2024-07-18T06:04:29.682+0000] {logging_mixin.py:188} INFO - [2024-07-18T06:04:29.682+0000] {dag.py:3096} INFO - Sync 1 DAGs
[2024-07-18T06:04:29.698+0000] {logging_mixin.py:188} INFO - [2024-07-18T06:04:29.698+0000] {dag.py:3954} INFO - Setting next_dagrun for parallel_dag to 2024-07-17 00:00:00+00:00, run_after=2024-07-18 00:00:00+00:00
[2024-07-18T06:04:29.718+0000] {processor.py:183} INFO - Processing /opt/airflow/dags/parallel_dag.py took 0.080 seconds
[2024-07-18T06:05:00.247+0000] {processor.py:161} INFO - Started process (PID=333) to work on /opt/airflow/dags/parallel_dag.py
[2024-07-18T06:05:00.248+0000] {processor.py:830} INFO - Processing file /opt/airflow/dags/parallel_dag.py for tasks to queue
[2024-07-18T06:05:00.250+0000] {logging_mixin.py:188} INFO - [2024-07-18T06:05:00.249+0000] {dagbag.py:545} INFO - Filling up the DagBag from /opt/airflow/dags/parallel_dag.py
[2024-07-18T06:05:00.261+0000] {processor.py:840} INFO - DAG(s) 'parallel_dag' retrieved from /opt/airflow/dags/parallel_dag.py
[2024-07-18T06:05:00.275+0000] {logging_mixin.py:188} INFO - [2024-07-18T06:05:00.275+0000] {dag.py:3096} INFO - Sync 1 DAGs
[2024-07-18T06:05:00.286+0000] {logging_mixin.py:188} INFO - [2024-07-18T06:05:00.286+0000] {dag.py:3954} INFO - Setting next_dagrun for parallel_dag to 2024-07-17 00:00:00+00:00, run_after=2024-07-18 00:00:00+00:00
[2024-07-18T06:05:00.294+0000] {processor.py:183} INFO - Processing /opt/airflow/dags/parallel_dag.py took 0.055 seconds
[2024-07-18T06:05:30.703+0000] {processor.py:161} INFO - Started process (PID=348) to work on /opt/airflow/dags/parallel_dag.py
[2024-07-18T06:05:30.704+0000] {processor.py:830} INFO - Processing file /opt/airflow/dags/parallel_dag.py for tasks to queue
[2024-07-18T06:05:30.705+0000] {logging_mixin.py:188} INFO - [2024-07-18T06:05:30.705+0000] {dagbag.py:545} INFO - Filling up the DagBag from /opt/airflow/dags/parallel_dag.py
[2024-07-18T06:05:30.716+0000] {processor.py:840} INFO - DAG(s) 'parallel_dag' retrieved from /opt/airflow/dags/parallel_dag.py
[2024-07-18T06:05:30.736+0000] {logging_mixin.py:188} INFO - [2024-07-18T06:05:30.736+0000] {dag.py:3096} INFO - Sync 1 DAGs
[2024-07-18T06:05:30.747+0000] {logging_mixin.py:188} INFO - [2024-07-18T06:05:30.747+0000] {dag.py:3954} INFO - Setting next_dagrun for parallel_dag to 2024-07-17 00:00:00+00:00, run_after=2024-07-18 00:00:00+00:00
[2024-07-18T06:05:30.754+0000] {processor.py:183} INFO - Processing /opt/airflow/dags/parallel_dag.py took 0.057 seconds
[2024-07-18T06:06:01.228+0000] {processor.py:161} INFO - Started process (PID=363) to work on /opt/airflow/dags/parallel_dag.py
[2024-07-18T06:06:01.229+0000] {processor.py:830} INFO - Processing file /opt/airflow/dags/parallel_dag.py for tasks to queue
[2024-07-18T06:06:01.231+0000] {logging_mixin.py:188} INFO - [2024-07-18T06:06:01.231+0000] {dagbag.py:545} INFO - Filling up the DagBag from /opt/airflow/dags/parallel_dag.py
[2024-07-18T06:06:01.243+0000] {processor.py:840} INFO - DAG(s) 'parallel_dag' retrieved from /opt/airflow/dags/parallel_dag.py
[2024-07-18T06:06:01.259+0000] {logging_mixin.py:188} INFO - [2024-07-18T06:06:01.259+0000] {dag.py:3096} INFO - Sync 1 DAGs
[2024-07-18T06:06:01.271+0000] {logging_mixin.py:188} INFO - [2024-07-18T06:06:01.271+0000] {dag.py:3954} INFO - Setting next_dagrun for parallel_dag to 2024-07-17 00:00:00+00:00, run_after=2024-07-18 00:00:00+00:00
[2024-07-18T06:06:01.280+0000] {processor.py:183} INFO - Processing /opt/airflow/dags/parallel_dag.py took 0.058 seconds
[2024-07-18T06:06:31.752+0000] {processor.py:161} INFO - Started process (PID=378) to work on /opt/airflow/dags/parallel_dag.py
[2024-07-18T06:06:31.753+0000] {processor.py:830} INFO - Processing file /opt/airflow/dags/parallel_dag.py for tasks to queue
[2024-07-18T06:06:31.755+0000] {logging_mixin.py:188} INFO - [2024-07-18T06:06:31.755+0000] {dagbag.py:545} INFO - Filling up the DagBag from /opt/airflow/dags/parallel_dag.py
[2024-07-18T06:06:31.767+0000] {processor.py:840} INFO - DAG(s) 'parallel_dag' retrieved from /opt/airflow/dags/parallel_dag.py
[2024-07-18T06:06:31.781+0000] {logging_mixin.py:188} INFO - [2024-07-18T06:06:31.780+0000] {dag.py:3096} INFO - Sync 1 DAGs
[2024-07-18T06:06:31.792+0000] {logging_mixin.py:188} INFO - [2024-07-18T06:06:31.792+0000] {dag.py:3954} INFO - Setting next_dagrun for parallel_dag to 2024-07-17 00:00:00+00:00, run_after=2024-07-18 00:00:00+00:00
[2024-07-18T06:06:31.800+0000] {processor.py:183} INFO - Processing /opt/airflow/dags/parallel_dag.py took 0.053 seconds
[2024-07-18T06:07:02.008+0000] {processor.py:161} INFO - Started process (PID=392) to work on /opt/airflow/dags/parallel_dag.py
[2024-07-18T06:07:02.009+0000] {processor.py:830} INFO - Processing file /opt/airflow/dags/parallel_dag.py for tasks to queue
[2024-07-18T06:07:02.012+0000] {logging_mixin.py:188} INFO - [2024-07-18T06:07:02.011+0000] {dagbag.py:545} INFO - Filling up the DagBag from /opt/airflow/dags/parallel_dag.py
[2024-07-18T06:07:02.023+0000] {processor.py:840} INFO - DAG(s) 'parallel_dag' retrieved from /opt/airflow/dags/parallel_dag.py
[2024-07-18T06:07:02.036+0000] {logging_mixin.py:188} INFO - [2024-07-18T06:07:02.036+0000] {dag.py:3096} INFO - Sync 1 DAGs
[2024-07-18T06:07:02.047+0000] {logging_mixin.py:188} INFO - [2024-07-18T06:07:02.047+0000] {dag.py:3954} INFO - Setting next_dagrun for parallel_dag to 2024-07-17 00:00:00+00:00, run_after=2024-07-18 00:00:00+00:00
[2024-07-18T06:07:02.055+0000] {processor.py:183} INFO - Processing /opt/airflow/dags/parallel_dag.py took 0.055 seconds
[2024-07-18T06:07:32.531+0000] {processor.py:161} INFO - Started process (PID=407) to work on /opt/airflow/dags/parallel_dag.py
[2024-07-18T06:07:32.533+0000] {processor.py:830} INFO - Processing file /opt/airflow/dags/parallel_dag.py for tasks to queue
[2024-07-18T06:07:32.534+0000] {logging_mixin.py:188} INFO - [2024-07-18T06:07:32.534+0000] {dagbag.py:545} INFO - Filling up the DagBag from /opt/airflow/dags/parallel_dag.py
[2024-07-18T06:07:32.549+0000] {processor.py:840} INFO - DAG(s) 'parallel_dag' retrieved from /opt/airflow/dags/parallel_dag.py
[2024-07-18T06:07:32.564+0000] {logging_mixin.py:188} INFO - [2024-07-18T06:07:32.564+0000] {dag.py:3096} INFO - Sync 1 DAGs
[2024-07-18T06:07:32.576+0000] {logging_mixin.py:188} INFO - [2024-07-18T06:07:32.576+0000] {dag.py:3954} INFO - Setting next_dagrun for parallel_dag to 2024-07-17 00:00:00+00:00, run_after=2024-07-18 00:00:00+00:00
[2024-07-18T06:07:32.583+0000] {processor.py:183} INFO - Processing /opt/airflow/dags/parallel_dag.py took 0.061 seconds
[2024-07-18T06:08:03.036+0000] {processor.py:161} INFO - Started process (PID=422) to work on /opt/airflow/dags/parallel_dag.py
[2024-07-18T06:08:03.036+0000] {processor.py:830} INFO - Processing file /opt/airflow/dags/parallel_dag.py for tasks to queue
[2024-07-18T06:08:03.037+0000] {logging_mixin.py:188} INFO - [2024-07-18T06:08:03.037+0000] {dagbag.py:545} INFO - Filling up the DagBag from /opt/airflow/dags/parallel_dag.py
[2024-07-18T06:08:03.048+0000] {processor.py:840} INFO - DAG(s) 'parallel_dag' retrieved from /opt/airflow/dags/parallel_dag.py
[2024-07-18T06:08:03.059+0000] {logging_mixin.py:188} INFO - [2024-07-18T06:08:03.059+0000] {dag.py:3096} INFO - Sync 1 DAGs
[2024-07-18T06:08:03.071+0000] {logging_mixin.py:188} INFO - [2024-07-18T06:08:03.070+0000] {dag.py:3954} INFO - Setting next_dagrun for parallel_dag to 2024-07-17 00:00:00+00:00, run_after=2024-07-18 00:00:00+00:00
[2024-07-18T06:08:03.078+0000] {processor.py:183} INFO - Processing /opt/airflow/dags/parallel_dag.py took 0.046 seconds
[2024-07-18T06:21:12.914+0000] {processor.py:161} INFO - Started process (PID=29) to work on /opt/airflow/dags/parallel_dag.py
[2024-07-18T06:21:12.917+0000] {processor.py:830} INFO - Processing file /opt/airflow/dags/parallel_dag.py for tasks to queue
[2024-07-18T06:21:12.924+0000] {logging_mixin.py:188} INFO - [2024-07-18T06:21:12.924+0000] {dagbag.py:545} INFO - Filling up the DagBag from /opt/airflow/dags/parallel_dag.py
[2024-07-18T06:21:12.981+0000] {processor.py:840} INFO - DAG(s) 'parallel_dag' retrieved from /opt/airflow/dags/parallel_dag.py
[2024-07-18T06:21:13.134+0000] {logging_mixin.py:188} INFO - [2024-07-18T06:21:13.134+0000] {dag.py:3096} INFO - Sync 1 DAGs
[2024-07-18T06:21:13.188+0000] {logging_mixin.py:188} INFO - [2024-07-18T06:21:13.188+0000] {dag.py:3954} INFO - Setting next_dagrun for parallel_dag to 2024-07-17 00:00:00+00:00, run_after=2024-07-18 00:00:00+00:00
[2024-07-18T06:21:13.233+0000] {processor.py:183} INFO - Processing /opt/airflow/dags/parallel_dag.py took 0.340 seconds
