[2024-07-18T05:54:47.331+0000] {processor.py:161} INFO - Started process (PID=23) to work on /opt/airflow/dags/producer.py
[2024-07-18T05:54:47.345+0000] {processor.py:830} INFO - Processing file /opt/airflow/dags/producer.py for tasks to queue
[2024-07-18T05:54:47.362+0000] {logging_mixin.py:188} INFO - [2024-07-18T05:54:47.362+0000] {dagbag.py:545} INFO - Filling up the DagBag from /opt/airflow/dags/producer.py
[2024-07-18T05:54:47.407+0000] {processor.py:840} INFO - DAG(s) 'producer' retrieved from /opt/airflow/dags/producer.py
[2024-07-18T05:54:48.221+0000] {logging_mixin.py:188} INFO - [2024-07-18T05:54:48.221+0000] {dag.py:3096} INFO - Sync 1 DAGs
[2024-07-18T05:54:48.291+0000] {logging_mixin.py:188} INFO - [2024-07-18T05:54:48.291+0000] {dag.py:3954} INFO - Setting next_dagrun for producer to 2024-07-17 00:00:00+00:00, run_after=2024-07-18 00:00:00+00:00
[2024-07-18T05:54:48.460+0000] {processor.py:183} INFO - Processing /opt/airflow/dags/producer.py took 1.146 seconds
[2024-07-18T05:55:18.654+0000] {processor.py:161} INFO - Started process (PID=38) to work on /opt/airflow/dags/producer.py
[2024-07-18T05:55:18.658+0000] {processor.py:830} INFO - Processing file /opt/airflow/dags/producer.py for tasks to queue
[2024-07-18T05:55:18.661+0000] {logging_mixin.py:188} INFO - [2024-07-18T05:55:18.661+0000] {dagbag.py:545} INFO - Filling up the DagBag from /opt/airflow/dags/producer.py
[2024-07-18T05:55:18.690+0000] {processor.py:840} INFO - DAG(s) 'producer' retrieved from /opt/airflow/dags/producer.py
[2024-07-18T05:55:18.732+0000] {logging_mixin.py:188} INFO - [2024-07-18T05:55:18.732+0000] {dag.py:3096} INFO - Sync 1 DAGs
[2024-07-18T05:55:18.790+0000] {logging_mixin.py:188} INFO - [2024-07-18T05:55:18.789+0000] {dag.py:3954} INFO - Setting next_dagrun for producer to 2024-07-17 00:00:00+00:00, run_after=2024-07-18 00:00:00+00:00
[2024-07-18T05:55:18.859+0000] {processor.py:183} INFO - Processing /opt/airflow/dags/producer.py took 0.289 seconds
[2024-07-18T05:55:49.188+0000] {processor.py:161} INFO - Started process (PID=51) to work on /opt/airflow/dags/producer.py
[2024-07-18T05:55:49.189+0000] {processor.py:830} INFO - Processing file /opt/airflow/dags/producer.py for tasks to queue
[2024-07-18T05:55:49.192+0000] {logging_mixin.py:188} INFO - [2024-07-18T05:55:49.192+0000] {dagbag.py:545} INFO - Filling up the DagBag from /opt/airflow/dags/producer.py
[2024-07-18T05:55:49.213+0000] {processor.py:840} INFO - DAG(s) 'producer' retrieved from /opt/airflow/dags/producer.py
[2024-07-18T05:55:49.234+0000] {logging_mixin.py:188} INFO - [2024-07-18T05:55:49.234+0000] {dag.py:3096} INFO - Sync 1 DAGs
[2024-07-18T05:55:49.248+0000] {logging_mixin.py:188} INFO - [2024-07-18T05:55:49.248+0000] {dag.py:3954} INFO - Setting next_dagrun for producer to 2024-07-17 00:00:00+00:00, run_after=2024-07-18 00:00:00+00:00
[2024-07-18T05:55:49.264+0000] {processor.py:183} INFO - Processing /opt/airflow/dags/producer.py took 0.086 seconds
[2024-07-18T05:56:19.699+0000] {processor.py:161} INFO - Started process (PID=66) to work on /opt/airflow/dags/producer.py
[2024-07-18T05:56:19.700+0000] {processor.py:830} INFO - Processing file /opt/airflow/dags/producer.py for tasks to queue
[2024-07-18T05:56:19.703+0000] {logging_mixin.py:188} INFO - [2024-07-18T05:56:19.703+0000] {dagbag.py:545} INFO - Filling up the DagBag from /opt/airflow/dags/producer.py
[2024-07-18T05:56:19.725+0000] {processor.py:840} INFO - DAG(s) 'producer' retrieved from /opt/airflow/dags/producer.py
[2024-07-18T05:56:19.762+0000] {logging_mixin.py:188} INFO - [2024-07-18T05:56:19.761+0000] {dag.py:3096} INFO - Sync 1 DAGs
[2024-07-18T05:56:19.780+0000] {logging_mixin.py:188} INFO - [2024-07-18T05:56:19.780+0000] {dag.py:3954} INFO - Setting next_dagrun for producer to 2024-07-17 00:00:00+00:00, run_after=2024-07-18 00:00:00+00:00
[2024-07-18T05:56:19.797+0000] {processor.py:183} INFO - Processing /opt/airflow/dags/producer.py took 0.109 seconds
[2024-07-18T05:56:50.261+0000] {processor.py:161} INFO - Started process (PID=81) to work on /opt/airflow/dags/producer.py
[2024-07-18T05:56:50.262+0000] {processor.py:830} INFO - Processing file /opt/airflow/dags/producer.py for tasks to queue
[2024-07-18T05:56:50.265+0000] {logging_mixin.py:188} INFO - [2024-07-18T05:56:50.265+0000] {dagbag.py:545} INFO - Filling up the DagBag from /opt/airflow/dags/producer.py
[2024-07-18T05:56:50.284+0000] {processor.py:840} INFO - DAG(s) 'producer' retrieved from /opt/airflow/dags/producer.py
[2024-07-18T05:56:50.303+0000] {logging_mixin.py:188} INFO - [2024-07-18T05:56:50.302+0000] {dag.py:3096} INFO - Sync 1 DAGs
[2024-07-18T05:56:50.317+0000] {logging_mixin.py:188} INFO - [2024-07-18T05:56:50.317+0000] {dag.py:3954} INFO - Setting next_dagrun for producer to 2024-07-17 00:00:00+00:00, run_after=2024-07-18 00:00:00+00:00
[2024-07-18T05:56:50.331+0000] {processor.py:183} INFO - Processing /opt/airflow/dags/producer.py took 0.078 seconds
[2024-07-18T05:57:20.778+0000] {processor.py:161} INFO - Started process (PID=96) to work on /opt/airflow/dags/producer.py
[2024-07-18T05:57:20.779+0000] {processor.py:830} INFO - Processing file /opt/airflow/dags/producer.py for tasks to queue
[2024-07-18T05:57:20.782+0000] {logging_mixin.py:188} INFO - [2024-07-18T05:57:20.782+0000] {dagbag.py:545} INFO - Filling up the DagBag from /opt/airflow/dags/producer.py
[2024-07-18T05:57:20.800+0000] {processor.py:840} INFO - DAG(s) 'producer' retrieved from /opt/airflow/dags/producer.py
[2024-07-18T05:57:20.828+0000] {logging_mixin.py:188} INFO - [2024-07-18T05:57:20.828+0000] {dag.py:3096} INFO - Sync 1 DAGs
[2024-07-18T05:57:20.845+0000] {logging_mixin.py:188} INFO - [2024-07-18T05:57:20.844+0000] {dag.py:3954} INFO - Setting next_dagrun for producer to 2024-07-17 00:00:00+00:00, run_after=2024-07-18 00:00:00+00:00
[2024-07-18T05:57:20.872+0000] {processor.py:183} INFO - Processing /opt/airflow/dags/producer.py took 0.099 seconds
[2024-07-18T05:57:51.339+0000] {processor.py:161} INFO - Started process (PID=111) to work on /opt/airflow/dags/producer.py
[2024-07-18T05:57:51.340+0000] {processor.py:830} INFO - Processing file /opt/airflow/dags/producer.py for tasks to queue
[2024-07-18T05:57:51.343+0000] {logging_mixin.py:188} INFO - [2024-07-18T05:57:51.343+0000] {dagbag.py:545} INFO - Filling up the DagBag from /opt/airflow/dags/producer.py
[2024-07-18T05:57:51.359+0000] {processor.py:840} INFO - DAG(s) 'producer' retrieved from /opt/airflow/dags/producer.py
[2024-07-18T05:57:51.373+0000] {logging_mixin.py:188} INFO - [2024-07-18T05:57:51.373+0000] {dag.py:3096} INFO - Sync 1 DAGs
[2024-07-18T05:57:51.391+0000] {logging_mixin.py:188} INFO - [2024-07-18T05:57:51.391+0000] {dag.py:3954} INFO - Setting next_dagrun for producer to 2024-07-17 00:00:00+00:00, run_after=2024-07-18 00:00:00+00:00
[2024-07-18T05:57:51.404+0000] {processor.py:183} INFO - Processing /opt/airflow/dags/producer.py took 0.072 seconds
[2024-07-18T05:58:21.832+0000] {processor.py:161} INFO - Started process (PID=127) to work on /opt/airflow/dags/producer.py
[2024-07-18T05:58:21.836+0000] {processor.py:830} INFO - Processing file /opt/airflow/dags/producer.py for tasks to queue
[2024-07-18T05:58:21.838+0000] {logging_mixin.py:188} INFO - [2024-07-18T05:58:21.837+0000] {dagbag.py:545} INFO - Filling up the DagBag from /opt/airflow/dags/producer.py
[2024-07-18T05:58:21.852+0000] {processor.py:840} INFO - DAG(s) 'producer' retrieved from /opt/airflow/dags/producer.py
[2024-07-18T05:58:21.880+0000] {logging_mixin.py:188} INFO - [2024-07-18T05:58:21.879+0000] {dag.py:3096} INFO - Sync 1 DAGs
[2024-07-18T05:58:21.904+0000] {logging_mixin.py:188} INFO - [2024-07-18T05:58:21.904+0000] {dag.py:3954} INFO - Setting next_dagrun for producer to 2024-07-17 00:00:00+00:00, run_after=2024-07-18 00:00:00+00:00
[2024-07-18T05:58:21.920+0000] {processor.py:183} INFO - Processing /opt/airflow/dags/producer.py took 0.102 seconds
[2024-07-18T05:58:52.356+0000] {processor.py:161} INFO - Started process (PID=142) to work on /opt/airflow/dags/producer.py
[2024-07-18T05:58:52.357+0000] {processor.py:830} INFO - Processing file /opt/airflow/dags/producer.py for tasks to queue
[2024-07-18T05:58:52.359+0000] {logging_mixin.py:188} INFO - [2024-07-18T05:58:52.359+0000] {dagbag.py:545} INFO - Filling up the DagBag from /opt/airflow/dags/producer.py
[2024-07-18T05:58:52.374+0000] {processor.py:840} INFO - DAG(s) 'producer' retrieved from /opt/airflow/dags/producer.py
[2024-07-18T05:58:52.389+0000] {logging_mixin.py:188} INFO - [2024-07-18T05:58:52.389+0000] {dag.py:3096} INFO - Sync 1 DAGs
[2024-07-18T05:58:52.410+0000] {logging_mixin.py:188} INFO - [2024-07-18T05:58:52.410+0000] {dag.py:3954} INFO - Setting next_dagrun for producer to 2024-07-17 00:00:00+00:00, run_after=2024-07-18 00:00:00+00:00
[2024-07-18T05:58:52.430+0000] {processor.py:183} INFO - Processing /opt/airflow/dags/producer.py took 0.086 seconds
[2024-07-18T05:59:22.860+0000] {processor.py:161} INFO - Started process (PID=157) to work on /opt/airflow/dags/producer.py
[2024-07-18T05:59:22.861+0000] {processor.py:830} INFO - Processing file /opt/airflow/dags/producer.py for tasks to queue
[2024-07-18T05:59:22.862+0000] {logging_mixin.py:188} INFO - [2024-07-18T05:59:22.862+0000] {dagbag.py:545} INFO - Filling up the DagBag from /opt/airflow/dags/producer.py
[2024-07-18T05:59:22.873+0000] {processor.py:840} INFO - DAG(s) 'producer' retrieved from /opt/airflow/dags/producer.py
[2024-07-18T05:59:22.885+0000] {logging_mixin.py:188} INFO - [2024-07-18T05:59:22.885+0000] {dag.py:3096} INFO - Sync 1 DAGs
[2024-07-18T05:59:22.896+0000] {logging_mixin.py:188} INFO - [2024-07-18T05:59:22.896+0000] {dag.py:3954} INFO - Setting next_dagrun for producer to 2024-07-17 00:00:00+00:00, run_after=2024-07-18 00:00:00+00:00
[2024-07-18T05:59:22.906+0000] {processor.py:183} INFO - Processing /opt/airflow/dags/producer.py took 0.049 seconds
[2024-07-18T05:59:53.347+0000] {processor.py:161} INFO - Started process (PID=172) to work on /opt/airflow/dags/producer.py
[2024-07-18T05:59:53.348+0000] {processor.py:830} INFO - Processing file /opt/airflow/dags/producer.py for tasks to queue
[2024-07-18T05:59:53.349+0000] {logging_mixin.py:188} INFO - [2024-07-18T05:59:53.349+0000] {dagbag.py:545} INFO - Filling up the DagBag from /opt/airflow/dags/producer.py
[2024-07-18T05:59:53.360+0000] {processor.py:840} INFO - DAG(s) 'producer' retrieved from /opt/airflow/dags/producer.py
[2024-07-18T05:59:53.377+0000] {logging_mixin.py:188} INFO - [2024-07-18T05:59:53.377+0000] {dag.py:3096} INFO - Sync 1 DAGs
[2024-07-18T05:59:53.390+0000] {logging_mixin.py:188} INFO - [2024-07-18T05:59:53.390+0000] {dag.py:3954} INFO - Setting next_dagrun for producer to 2024-07-17 00:00:00+00:00, run_after=2024-07-18 00:00:00+00:00
[2024-07-18T05:59:53.403+0000] {processor.py:183} INFO - Processing /opt/airflow/dags/producer.py took 0.060 seconds
[2024-07-18T06:00:23.883+0000] {processor.py:161} INFO - Started process (PID=193) to work on /opt/airflow/dags/producer.py
[2024-07-18T06:00:23.883+0000] {processor.py:830} INFO - Processing file /opt/airflow/dags/producer.py for tasks to queue
[2024-07-18T06:00:23.885+0000] {logging_mixin.py:188} INFO - [2024-07-18T06:00:23.885+0000] {dagbag.py:545} INFO - Filling up the DagBag from /opt/airflow/dags/producer.py
[2024-07-18T06:00:23.898+0000] {processor.py:840} INFO - DAG(s) 'producer' retrieved from /opt/airflow/dags/producer.py
[2024-07-18T06:00:23.913+0000] {logging_mixin.py:188} INFO - [2024-07-18T06:00:23.913+0000] {dag.py:3096} INFO - Sync 1 DAGs
[2024-07-18T06:00:23.926+0000] {logging_mixin.py:188} INFO - [2024-07-18T06:00:23.925+0000] {dag.py:3954} INFO - Setting next_dagrun for producer to 2024-07-17 00:00:00+00:00, run_after=2024-07-18 00:00:00+00:00
[2024-07-18T06:00:23.937+0000] {processor.py:183} INFO - Processing /opt/airflow/dags/producer.py took 0.058 seconds
[2024-07-18T06:00:54.318+0000] {processor.py:161} INFO - Started process (PID=208) to work on /opt/airflow/dags/producer.py
[2024-07-18T06:00:54.319+0000] {processor.py:830} INFO - Processing file /opt/airflow/dags/producer.py for tasks to queue
[2024-07-18T06:00:54.328+0000] {logging_mixin.py:188} INFO - [2024-07-18T06:00:54.327+0000] {dagbag.py:545} INFO - Filling up the DagBag from /opt/airflow/dags/producer.py
[2024-07-18T06:00:54.341+0000] {processor.py:840} INFO - DAG(s) 'producer' retrieved from /opt/airflow/dags/producer.py
[2024-07-18T06:00:54.365+0000] {logging_mixin.py:188} INFO - [2024-07-18T06:00:54.365+0000] {dag.py:3096} INFO - Sync 1 DAGs
[2024-07-18T06:00:54.379+0000] {logging_mixin.py:188} INFO - [2024-07-18T06:00:54.378+0000] {dag.py:3954} INFO - Setting next_dagrun for producer to 2024-07-17 00:00:00+00:00, run_after=2024-07-18 00:00:00+00:00
[2024-07-18T06:00:54.390+0000] {processor.py:183} INFO - Processing /opt/airflow/dags/producer.py took 0.085 seconds
[2024-07-18T06:01:24.862+0000] {processor.py:161} INFO - Started process (PID=223) to work on /opt/airflow/dags/producer.py
[2024-07-18T06:01:24.866+0000] {processor.py:830} INFO - Processing file /opt/airflow/dags/producer.py for tasks to queue
[2024-07-18T06:01:24.869+0000] {logging_mixin.py:188} INFO - [2024-07-18T06:01:24.869+0000] {dagbag.py:545} INFO - Filling up the DagBag from /opt/airflow/dags/producer.py
[2024-07-18T06:01:24.890+0000] {processor.py:840} INFO - DAG(s) 'producer' retrieved from /opt/airflow/dags/producer.py
[2024-07-18T06:01:24.908+0000] {logging_mixin.py:188} INFO - [2024-07-18T06:01:24.908+0000] {dag.py:3096} INFO - Sync 1 DAGs
[2024-07-18T06:01:24.926+0000] {logging_mixin.py:188} INFO - [2024-07-18T06:01:24.926+0000] {dag.py:3954} INFO - Setting next_dagrun for producer to 2024-07-17 00:00:00+00:00, run_after=2024-07-18 00:00:00+00:00
[2024-07-18T06:01:24.941+0000] {processor.py:183} INFO - Processing /opt/airflow/dags/producer.py took 0.092 seconds
[2024-07-18T06:01:55.395+0000] {processor.py:161} INFO - Started process (PID=238) to work on /opt/airflow/dags/producer.py
[2024-07-18T06:01:55.404+0000] {processor.py:830} INFO - Processing file /opt/airflow/dags/producer.py for tasks to queue
[2024-07-18T06:01:55.416+0000] {logging_mixin.py:188} INFO - [2024-07-18T06:01:55.416+0000] {dagbag.py:545} INFO - Filling up the DagBag from /opt/airflow/dags/producer.py
[2024-07-18T06:01:55.430+0000] {processor.py:840} INFO - DAG(s) 'producer' retrieved from /opt/airflow/dags/producer.py
[2024-07-18T06:01:55.444+0000] {logging_mixin.py:188} INFO - [2024-07-18T06:01:55.444+0000] {dag.py:3096} INFO - Sync 1 DAGs
[2024-07-18T06:01:55.457+0000] {logging_mixin.py:188} INFO - [2024-07-18T06:01:55.457+0000] {dag.py:3954} INFO - Setting next_dagrun for producer to 2024-07-17 00:00:00+00:00, run_after=2024-07-18 00:00:00+00:00
[2024-07-18T06:01:55.490+0000] {processor.py:183} INFO - Processing /opt/airflow/dags/producer.py took 0.100 seconds
[2024-07-18T06:02:25.910+0000] {processor.py:161} INFO - Started process (PID=253) to work on /opt/airflow/dags/producer.py
[2024-07-18T06:02:25.918+0000] {processor.py:830} INFO - Processing file /opt/airflow/dags/producer.py for tasks to queue
[2024-07-18T06:02:25.924+0000] {logging_mixin.py:188} INFO - [2024-07-18T06:02:25.924+0000] {dagbag.py:545} INFO - Filling up the DagBag from /opt/airflow/dags/producer.py
[2024-07-18T06:02:25.939+0000] {processor.py:840} INFO - DAG(s) 'producer' retrieved from /opt/airflow/dags/producer.py
[2024-07-18T06:02:25.952+0000] {logging_mixin.py:188} INFO - [2024-07-18T06:02:25.951+0000] {dag.py:3096} INFO - Sync 1 DAGs
[2024-07-18T06:02:25.964+0000] {logging_mixin.py:188} INFO - [2024-07-18T06:02:25.964+0000] {dag.py:3954} INFO - Setting next_dagrun for producer to 2024-07-17 00:00:00+00:00, run_after=2024-07-18 00:00:00+00:00
[2024-07-18T06:02:25.976+0000] {processor.py:183} INFO - Processing /opt/airflow/dags/producer.py took 0.071 seconds
[2024-07-18T06:02:56.447+0000] {processor.py:161} INFO - Started process (PID=268) to work on /opt/airflow/dags/producer.py
[2024-07-18T06:02:56.447+0000] {processor.py:830} INFO - Processing file /opt/airflow/dags/producer.py for tasks to queue
[2024-07-18T06:02:56.453+0000] {logging_mixin.py:188} INFO - [2024-07-18T06:02:56.452+0000] {dagbag.py:545} INFO - Filling up the DagBag from /opt/airflow/dags/producer.py
[2024-07-18T06:02:56.468+0000] {processor.py:840} INFO - DAG(s) 'producer' retrieved from /opt/airflow/dags/producer.py
[2024-07-18T06:02:56.489+0000] {logging_mixin.py:188} INFO - [2024-07-18T06:02:56.489+0000] {dag.py:3096} INFO - Sync 1 DAGs
[2024-07-18T06:02:56.504+0000] {logging_mixin.py:188} INFO - [2024-07-18T06:02:56.504+0000] {dag.py:3954} INFO - Setting next_dagrun for producer to 2024-07-17 00:00:00+00:00, run_after=2024-07-18 00:00:00+00:00
[2024-07-18T06:02:56.520+0000] {processor.py:183} INFO - Processing /opt/airflow/dags/producer.py took 0.092 seconds
[2024-07-18T06:03:27.002+0000] {processor.py:161} INFO - Started process (PID=284) to work on /opt/airflow/dags/producer.py
[2024-07-18T06:03:27.008+0000] {processor.py:830} INFO - Processing file /opt/airflow/dags/producer.py for tasks to queue
[2024-07-18T06:03:27.033+0000] {logging_mixin.py:188} INFO - [2024-07-18T06:03:27.032+0000] {dagbag.py:545} INFO - Filling up the DagBag from /opt/airflow/dags/producer.py
[2024-07-18T06:03:27.094+0000] {processor.py:840} INFO - DAG(s) 'producer' retrieved from /opt/airflow/dags/producer.py
[2024-07-18T06:03:27.180+0000] {logging_mixin.py:188} INFO - [2024-07-18T06:03:27.180+0000] {dag.py:3096} INFO - Sync 1 DAGs
[2024-07-18T06:03:27.228+0000] {logging_mixin.py:188} INFO - [2024-07-18T06:03:27.228+0000] {dag.py:3954} INFO - Setting next_dagrun for producer to 2024-07-17 00:00:00+00:00, run_after=2024-07-18 00:00:00+00:00
[2024-07-18T06:03:27.255+0000] {processor.py:183} INFO - Processing /opt/airflow/dags/producer.py took 0.279 seconds
[2024-07-18T06:03:57.831+0000] {processor.py:161} INFO - Started process (PID=298) to work on /opt/airflow/dags/producer.py
[2024-07-18T06:03:57.836+0000] {processor.py:830} INFO - Processing file /opt/airflow/dags/producer.py for tasks to queue
[2024-07-18T06:03:57.837+0000] {logging_mixin.py:188} INFO - [2024-07-18T06:03:57.837+0000] {dagbag.py:545} INFO - Filling up the DagBag from /opt/airflow/dags/producer.py
[2024-07-18T06:03:57.853+0000] {processor.py:840} INFO - DAG(s) 'producer' retrieved from /opt/airflow/dags/producer.py
[2024-07-18T06:03:57.900+0000] {logging_mixin.py:188} INFO - [2024-07-18T06:03:57.900+0000] {dag.py:3096} INFO - Sync 1 DAGs
[2024-07-18T06:03:57.921+0000] {logging_mixin.py:188} INFO - [2024-07-18T06:03:57.921+0000] {dag.py:3954} INFO - Setting next_dagrun for producer to 2024-07-17 00:00:00+00:00, run_after=2024-07-18 00:00:00+00:00
[2024-07-18T06:03:57.935+0000] {processor.py:183} INFO - Processing /opt/airflow/dags/producer.py took 0.107 seconds
[2024-07-18T06:04:28.515+0000] {processor.py:161} INFO - Started process (PID=313) to work on /opt/airflow/dags/producer.py
[2024-07-18T06:04:28.516+0000] {processor.py:830} INFO - Processing file /opt/airflow/dags/producer.py for tasks to queue
[2024-07-18T06:04:28.519+0000] {logging_mixin.py:188} INFO - [2024-07-18T06:04:28.518+0000] {dagbag.py:545} INFO - Filling up the DagBag from /opt/airflow/dags/producer.py
[2024-07-18T06:04:28.538+0000] {processor.py:840} INFO - DAG(s) 'producer' retrieved from /opt/airflow/dags/producer.py
[2024-07-18T06:04:28.556+0000] {logging_mixin.py:188} INFO - [2024-07-18T06:04:28.556+0000] {dag.py:3096} INFO - Sync 1 DAGs
[2024-07-18T06:04:28.570+0000] {logging_mixin.py:188} INFO - [2024-07-18T06:04:28.570+0000] {dag.py:3954} INFO - Setting next_dagrun for producer to 2024-07-17 00:00:00+00:00, run_after=2024-07-18 00:00:00+00:00
[2024-07-18T06:04:28.585+0000] {processor.py:183} INFO - Processing /opt/airflow/dags/producer.py took 0.079 seconds
[2024-07-18T06:04:59.101+0000] {processor.py:161} INFO - Started process (PID=328) to work on /opt/airflow/dags/producer.py
[2024-07-18T06:04:59.102+0000] {processor.py:830} INFO - Processing file /opt/airflow/dags/producer.py for tasks to queue
[2024-07-18T06:04:59.105+0000] {logging_mixin.py:188} INFO - [2024-07-18T06:04:59.105+0000] {dagbag.py:545} INFO - Filling up the DagBag from /opt/airflow/dags/producer.py
[2024-07-18T06:04:59.120+0000] {processor.py:840} INFO - DAG(s) 'producer' retrieved from /opt/airflow/dags/producer.py
[2024-07-18T06:04:59.138+0000] {logging_mixin.py:188} INFO - [2024-07-18T06:04:59.138+0000] {dag.py:3096} INFO - Sync 1 DAGs
[2024-07-18T06:04:59.149+0000] {logging_mixin.py:188} INFO - [2024-07-18T06:04:59.149+0000] {dag.py:3954} INFO - Setting next_dagrun for producer to 2024-07-17 00:00:00+00:00, run_after=2024-07-18 00:00:00+00:00
[2024-07-18T06:04:59.160+0000] {processor.py:183} INFO - Processing /opt/airflow/dags/producer.py took 0.065 seconds
[2024-07-18T06:05:29.587+0000] {processor.py:161} INFO - Started process (PID=343) to work on /opt/airflow/dags/producer.py
[2024-07-18T06:05:29.588+0000] {processor.py:830} INFO - Processing file /opt/airflow/dags/producer.py for tasks to queue
[2024-07-18T06:05:29.589+0000] {logging_mixin.py:188} INFO - [2024-07-18T06:05:29.589+0000] {dagbag.py:545} INFO - Filling up the DagBag from /opt/airflow/dags/producer.py
[2024-07-18T06:05:29.599+0000] {processor.py:840} INFO - DAG(s) 'producer' retrieved from /opt/airflow/dags/producer.py
[2024-07-18T06:05:29.612+0000] {logging_mixin.py:188} INFO - [2024-07-18T06:05:29.612+0000] {dag.py:3096} INFO - Sync 1 DAGs
[2024-07-18T06:05:29.623+0000] {logging_mixin.py:188} INFO - [2024-07-18T06:05:29.622+0000] {dag.py:3954} INFO - Setting next_dagrun for producer to 2024-07-17 00:00:00+00:00, run_after=2024-07-18 00:00:00+00:00
[2024-07-18T06:05:29.632+0000] {processor.py:183} INFO - Processing /opt/airflow/dags/producer.py took 0.048 seconds
[2024-07-18T06:06:00.080+0000] {processor.py:161} INFO - Started process (PID=358) to work on /opt/airflow/dags/producer.py
[2024-07-18T06:06:00.081+0000] {processor.py:830} INFO - Processing file /opt/airflow/dags/producer.py for tasks to queue
[2024-07-18T06:06:00.082+0000] {logging_mixin.py:188} INFO - [2024-07-18T06:06:00.082+0000] {dagbag.py:545} INFO - Filling up the DagBag from /opt/airflow/dags/producer.py
[2024-07-18T06:06:00.101+0000] {processor.py:840} INFO - DAG(s) 'producer' retrieved from /opt/airflow/dags/producer.py
[2024-07-18T06:06:00.120+0000] {logging_mixin.py:188} INFO - [2024-07-18T06:06:00.120+0000] {dag.py:3096} INFO - Sync 1 DAGs
[2024-07-18T06:06:00.133+0000] {logging_mixin.py:188} INFO - [2024-07-18T06:06:00.133+0000] {dag.py:3954} INFO - Setting next_dagrun for producer to 2024-07-17 00:00:00+00:00, run_after=2024-07-18 00:00:00+00:00
[2024-07-18T06:06:00.146+0000] {processor.py:183} INFO - Processing /opt/airflow/dags/producer.py took 0.072 seconds
[2024-07-18T06:06:30.621+0000] {processor.py:161} INFO - Started process (PID=373) to work on /opt/airflow/dags/producer.py
[2024-07-18T06:06:30.622+0000] {processor.py:830} INFO - Processing file /opt/airflow/dags/producer.py for tasks to queue
[2024-07-18T06:06:30.625+0000] {logging_mixin.py:188} INFO - [2024-07-18T06:06:30.625+0000] {dagbag.py:545} INFO - Filling up the DagBag from /opt/airflow/dags/producer.py
[2024-07-18T06:06:30.651+0000] {processor.py:840} INFO - DAG(s) 'producer' retrieved from /opt/airflow/dags/producer.py
[2024-07-18T06:06:30.670+0000] {logging_mixin.py:188} INFO - [2024-07-18T06:06:30.670+0000] {dag.py:3096} INFO - Sync 1 DAGs
[2024-07-18T06:06:30.686+0000] {logging_mixin.py:188} INFO - [2024-07-18T06:06:30.686+0000] {dag.py:3954} INFO - Setting next_dagrun for producer to 2024-07-17 00:00:00+00:00, run_after=2024-07-18 00:00:00+00:00
[2024-07-18T06:06:30.699+0000] {processor.py:183} INFO - Processing /opt/airflow/dags/producer.py took 0.086 seconds
[2024-07-18T06:07:00.864+0000] {processor.py:161} INFO - Started process (PID=387) to work on /opt/airflow/dags/producer.py
[2024-07-18T06:07:00.864+0000] {processor.py:830} INFO - Processing file /opt/airflow/dags/producer.py for tasks to queue
[2024-07-18T06:07:00.866+0000] {logging_mixin.py:188} INFO - [2024-07-18T06:07:00.866+0000] {dagbag.py:545} INFO - Filling up the DagBag from /opt/airflow/dags/producer.py
[2024-07-18T06:07:00.879+0000] {processor.py:840} INFO - DAG(s) 'producer' retrieved from /opt/airflow/dags/producer.py
[2024-07-18T06:07:00.896+0000] {logging_mixin.py:188} INFO - [2024-07-18T06:07:00.896+0000] {dag.py:3096} INFO - Sync 1 DAGs
[2024-07-18T06:07:00.909+0000] {logging_mixin.py:188} INFO - [2024-07-18T06:07:00.909+0000] {dag.py:3954} INFO - Setting next_dagrun for producer to 2024-07-17 00:00:00+00:00, run_after=2024-07-18 00:00:00+00:00
[2024-07-18T06:07:00.920+0000] {processor.py:183} INFO - Processing /opt/airflow/dags/producer.py took 0.060 seconds
[2024-07-18T06:07:31.336+0000] {processor.py:161} INFO - Started process (PID=402) to work on /opt/airflow/dags/producer.py
[2024-07-18T06:07:31.337+0000] {processor.py:830} INFO - Processing file /opt/airflow/dags/producer.py for tasks to queue
[2024-07-18T06:07:31.347+0000] {logging_mixin.py:188} INFO - [2024-07-18T06:07:31.346+0000] {dagbag.py:545} INFO - Filling up the DagBag from /opt/airflow/dags/producer.py
[2024-07-18T06:07:31.370+0000] {processor.py:840} INFO - DAG(s) 'producer' retrieved from /opt/airflow/dags/producer.py
[2024-07-18T06:07:31.411+0000] {logging_mixin.py:188} INFO - [2024-07-18T06:07:31.411+0000] {dag.py:3096} INFO - Sync 1 DAGs
[2024-07-18T06:07:31.428+0000] {logging_mixin.py:188} INFO - [2024-07-18T06:07:31.427+0000] {dag.py:3954} INFO - Setting next_dagrun for producer to 2024-07-17 00:00:00+00:00, run_after=2024-07-18 00:00:00+00:00
[2024-07-18T06:07:31.440+0000] {processor.py:183} INFO - Processing /opt/airflow/dags/producer.py took 0.114 seconds
[2024-07-18T06:08:01.901+0000] {processor.py:161} INFO - Started process (PID=417) to work on /opt/airflow/dags/producer.py
[2024-07-18T06:08:01.902+0000] {processor.py:830} INFO - Processing file /opt/airflow/dags/producer.py for tasks to queue
[2024-07-18T06:08:01.905+0000] {logging_mixin.py:188} INFO - [2024-07-18T06:08:01.905+0000] {dagbag.py:545} INFO - Filling up the DagBag from /opt/airflow/dags/producer.py
[2024-07-18T06:08:01.926+0000] {processor.py:840} INFO - DAG(s) 'producer' retrieved from /opt/airflow/dags/producer.py
[2024-07-18T06:08:01.948+0000] {logging_mixin.py:188} INFO - [2024-07-18T06:08:01.948+0000] {dag.py:3096} INFO - Sync 1 DAGs
[2024-07-18T06:08:01.962+0000] {logging_mixin.py:188} INFO - [2024-07-18T06:08:01.962+0000] {dag.py:3954} INFO - Setting next_dagrun for producer to 2024-07-17 00:00:00+00:00, run_after=2024-07-18 00:00:00+00:00
[2024-07-18T06:08:01.979+0000] {processor.py:183} INFO - Processing /opt/airflow/dags/producer.py took 0.086 seconds
[2024-07-18T06:21:11.982+0000] {processor.py:161} INFO - Started process (PID=24) to work on /opt/airflow/dags/producer.py
[2024-07-18T06:21:11.996+0000] {processor.py:830} INFO - Processing file /opt/airflow/dags/producer.py for tasks to queue
[2024-07-18T06:21:12.016+0000] {logging_mixin.py:188} INFO - [2024-07-18T06:21:12.015+0000] {dagbag.py:545} INFO - Filling up the DagBag from /opt/airflow/dags/producer.py
[2024-07-18T06:21:12.063+0000] {processor.py:840} INFO - DAG(s) 'producer' retrieved from /opt/airflow/dags/producer.py
[2024-07-18T06:21:12.493+0000] {logging_mixin.py:188} INFO - [2024-07-18T06:21:12.493+0000] {dag.py:3096} INFO - Sync 1 DAGs
[2024-07-18T06:21:12.552+0000] {logging_mixin.py:188} INFO - [2024-07-18T06:21:12.551+0000] {dag.py:3954} INFO - Setting next_dagrun for producer to 2024-07-17 00:00:00+00:00, run_after=2024-07-18 00:00:00+00:00
[2024-07-18T06:21:12.611+0000] {processor.py:183} INFO - Processing /opt/airflow/dags/producer.py took 0.635 seconds
