[2024-07-18T05:54:50.292+0000] {processor.py:161} INFO - Started process (PID=30) to work on /opt/airflow/dags/user_processing.py
[2024-07-18T05:54:50.344+0000] {processor.py:830} INFO - Processing file /opt/airflow/dags/user_processing.py for tasks to queue
[2024-07-18T05:54:50.346+0000] {logging_mixin.py:188} INFO - [2024-07-18T05:54:50.345+0000] {dagbag.py:545} INFO - Filling up the DagBag from /opt/airflow/dags/user_processing.py
[2024-07-18T05:54:54.420+0000] {processor.py:840} INFO - DAG(s) 'user_processing' retrieved from /opt/airflow/dags/user_processing.py
[2024-07-18T05:54:54.693+0000] {logging_mixin.py:188} INFO - [2024-07-18T05:54:54.693+0000] {dag.py:3096} INFO - Sync 1 DAGs
[2024-07-18T05:54:54.754+0000] {logging_mixin.py:188} INFO - [2024-07-18T05:54:54.754+0000] {dag.py:3954} INFO - Setting next_dagrun for user_processing to 2024-07-17 00:00:00+00:00, run_after=2024-07-18 00:00:00+00:00
[2024-07-18T05:54:54.787+0000] {processor.py:183} INFO - Processing /opt/airflow/dags/user_processing.py took 4.515 seconds
[2024-07-18T05:55:24.965+0000] {processor.py:161} INFO - Started process (PID=49) to work on /opt/airflow/dags/user_processing.py
[2024-07-18T05:55:24.966+0000] {processor.py:830} INFO - Processing file /opt/airflow/dags/user_processing.py for tasks to queue
[2024-07-18T05:55:24.969+0000] {logging_mixin.py:188} INFO - [2024-07-18T05:55:24.968+0000] {dagbag.py:545} INFO - Filling up the DagBag from /opt/airflow/dags/user_processing.py
[2024-07-18T05:55:25.326+0000] {processor.py:840} INFO - DAG(s) 'user_processing' retrieved from /opt/airflow/dags/user_processing.py
[2024-07-18T05:55:25.338+0000] {logging_mixin.py:188} INFO - [2024-07-18T05:55:25.337+0000] {dag.py:3096} INFO - Sync 1 DAGs
[2024-07-18T05:55:25.346+0000] {logging_mixin.py:188} INFO - [2024-07-18T05:55:25.346+0000] {dag.py:3954} INFO - Setting next_dagrun for user_processing to 2024-07-17 00:00:00+00:00, run_after=2024-07-18 00:00:00+00:00
[2024-07-18T05:55:25.355+0000] {processor.py:183} INFO - Processing /opt/airflow/dags/user_processing.py took 0.396 seconds
[2024-07-18T05:55:55.482+0000] {processor.py:161} INFO - Started process (PID=64) to work on /opt/airflow/dags/user_processing.py
[2024-07-18T05:55:55.483+0000] {processor.py:830} INFO - Processing file /opt/airflow/dags/user_processing.py for tasks to queue
[2024-07-18T05:55:55.484+0000] {logging_mixin.py:188} INFO - [2024-07-18T05:55:55.484+0000] {dagbag.py:545} INFO - Filling up the DagBag from /opt/airflow/dags/user_processing.py
[2024-07-18T05:55:55.731+0000] {processor.py:840} INFO - DAG(s) 'user_processing' retrieved from /opt/airflow/dags/user_processing.py
[2024-07-18T05:55:55.741+0000] {logging_mixin.py:188} INFO - [2024-07-18T05:55:55.741+0000] {dag.py:3096} INFO - Sync 1 DAGs
[2024-07-18T05:55:55.750+0000] {logging_mixin.py:188} INFO - [2024-07-18T05:55:55.750+0000] {dag.py:3954} INFO - Setting next_dagrun for user_processing to 2024-07-17 00:00:00+00:00, run_after=2024-07-18 00:00:00+00:00
[2024-07-18T05:55:55.758+0000] {processor.py:183} INFO - Processing /opt/airflow/dags/user_processing.py took 0.282 seconds
[2024-07-18T05:56:26.037+0000] {processor.py:161} INFO - Started process (PID=79) to work on /opt/airflow/dags/user_processing.py
[2024-07-18T05:56:26.038+0000] {processor.py:830} INFO - Processing file /opt/airflow/dags/user_processing.py for tasks to queue
[2024-07-18T05:56:26.041+0000] {logging_mixin.py:188} INFO - [2024-07-18T05:56:26.041+0000] {dagbag.py:545} INFO - Filling up the DagBag from /opt/airflow/dags/user_processing.py
[2024-07-18T05:56:26.390+0000] {processor.py:840} INFO - DAG(s) 'user_processing' retrieved from /opt/airflow/dags/user_processing.py
[2024-07-18T05:56:26.403+0000] {logging_mixin.py:188} INFO - [2024-07-18T05:56:26.402+0000] {dag.py:3096} INFO - Sync 1 DAGs
[2024-07-18T05:56:26.413+0000] {logging_mixin.py:188} INFO - [2024-07-18T05:56:26.413+0000] {dag.py:3954} INFO - Setting next_dagrun for user_processing to 2024-07-17 00:00:00+00:00, run_after=2024-07-18 00:00:00+00:00
[2024-07-18T05:56:26.421+0000] {processor.py:183} INFO - Processing /opt/airflow/dags/user_processing.py took 0.393 seconds
[2024-07-18T05:56:56.536+0000] {processor.py:161} INFO - Started process (PID=94) to work on /opt/airflow/dags/user_processing.py
[2024-07-18T05:56:56.536+0000] {processor.py:830} INFO - Processing file /opt/airflow/dags/user_processing.py for tasks to queue
[2024-07-18T05:56:56.538+0000] {logging_mixin.py:188} INFO - [2024-07-18T05:56:56.538+0000] {dagbag.py:545} INFO - Filling up the DagBag from /opt/airflow/dags/user_processing.py
[2024-07-18T05:56:56.991+0000] {processor.py:840} INFO - DAG(s) 'user_processing' retrieved from /opt/airflow/dags/user_processing.py
[2024-07-18T05:56:57.006+0000] {logging_mixin.py:188} INFO - [2024-07-18T05:56:57.006+0000] {dag.py:3096} INFO - Sync 1 DAGs
[2024-07-18T05:56:57.016+0000] {logging_mixin.py:188} INFO - [2024-07-18T05:56:57.016+0000] {dag.py:3954} INFO - Setting next_dagrun for user_processing to 2024-07-17 00:00:00+00:00, run_after=2024-07-18 00:00:00+00:00
[2024-07-18T05:56:57.024+0000] {processor.py:183} INFO - Processing /opt/airflow/dags/user_processing.py took 0.492 seconds
[2024-07-18T05:57:27.123+0000] {processor.py:161} INFO - Started process (PID=109) to work on /opt/airflow/dags/user_processing.py
[2024-07-18T05:57:27.124+0000] {processor.py:830} INFO - Processing file /opt/airflow/dags/user_processing.py for tasks to queue
[2024-07-18T05:57:27.126+0000] {logging_mixin.py:188} INFO - [2024-07-18T05:57:27.125+0000] {dagbag.py:545} INFO - Filling up the DagBag from /opt/airflow/dags/user_processing.py
[2024-07-18T05:57:27.433+0000] {processor.py:840} INFO - DAG(s) 'user_processing' retrieved from /opt/airflow/dags/user_processing.py
[2024-07-18T05:57:27.445+0000] {logging_mixin.py:188} INFO - [2024-07-18T05:57:27.445+0000] {dag.py:3096} INFO - Sync 1 DAGs
[2024-07-18T05:57:27.454+0000] {logging_mixin.py:188} INFO - [2024-07-18T05:57:27.454+0000] {dag.py:3954} INFO - Setting next_dagrun for user_processing to 2024-07-17 00:00:00+00:00, run_after=2024-07-18 00:00:00+00:00
[2024-07-18T05:57:27.461+0000] {processor.py:183} INFO - Processing /opt/airflow/dags/user_processing.py took 0.344 seconds
[2024-07-18T05:57:57.614+0000] {processor.py:161} INFO - Started process (PID=125) to work on /opt/airflow/dags/user_processing.py
[2024-07-18T05:57:57.615+0000] {processor.py:830} INFO - Processing file /opt/airflow/dags/user_processing.py for tasks to queue
[2024-07-18T05:57:57.618+0000] {logging_mixin.py:188} INFO - [2024-07-18T05:57:57.618+0000] {dagbag.py:545} INFO - Filling up the DagBag from /opt/airflow/dags/user_processing.py
[2024-07-18T05:57:57.861+0000] {processor.py:840} INFO - DAG(s) 'user_processing' retrieved from /opt/airflow/dags/user_processing.py
[2024-07-18T05:57:57.872+0000] {logging_mixin.py:188} INFO - [2024-07-18T05:57:57.871+0000] {dag.py:3096} INFO - Sync 1 DAGs
[2024-07-18T05:57:57.880+0000] {logging_mixin.py:188} INFO - [2024-07-18T05:57:57.880+0000] {dag.py:3954} INFO - Setting next_dagrun for user_processing to 2024-07-17 00:00:00+00:00, run_after=2024-07-18 00:00:00+00:00
[2024-07-18T05:57:57.887+0000] {processor.py:183} INFO - Processing /opt/airflow/dags/user_processing.py took 0.279 seconds
[2024-07-18T05:58:28.141+0000] {processor.py:161} INFO - Started process (PID=140) to work on /opt/airflow/dags/user_processing.py
[2024-07-18T05:58:28.142+0000] {processor.py:830} INFO - Processing file /opt/airflow/dags/user_processing.py for tasks to queue
[2024-07-18T05:58:28.143+0000] {logging_mixin.py:188} INFO - [2024-07-18T05:58:28.143+0000] {dagbag.py:545} INFO - Filling up the DagBag from /opt/airflow/dags/user_processing.py
[2024-07-18T05:58:28.377+0000] {processor.py:840} INFO - DAG(s) 'user_processing' retrieved from /opt/airflow/dags/user_processing.py
[2024-07-18T05:58:28.386+0000] {logging_mixin.py:188} INFO - [2024-07-18T05:58:28.386+0000] {dag.py:3096} INFO - Sync 1 DAGs
[2024-07-18T05:58:28.395+0000] {logging_mixin.py:188} INFO - [2024-07-18T05:58:28.395+0000] {dag.py:3954} INFO - Setting next_dagrun for user_processing to 2024-07-17 00:00:00+00:00, run_after=2024-07-18 00:00:00+00:00
[2024-07-18T05:58:28.403+0000] {processor.py:183} INFO - Processing /opt/airflow/dags/user_processing.py took 0.268 seconds
[2024-07-18T05:58:58.665+0000] {processor.py:161} INFO - Started process (PID=155) to work on /opt/airflow/dags/user_processing.py
[2024-07-18T05:58:58.666+0000] {processor.py:830} INFO - Processing file /opt/airflow/dags/user_processing.py for tasks to queue
[2024-07-18T05:58:58.668+0000] {logging_mixin.py:188} INFO - [2024-07-18T05:58:58.668+0000] {dagbag.py:545} INFO - Filling up the DagBag from /opt/airflow/dags/user_processing.py
[2024-07-18T05:58:58.982+0000] {processor.py:840} INFO - DAG(s) 'user_processing' retrieved from /opt/airflow/dags/user_processing.py
[2024-07-18T05:58:58.993+0000] {logging_mixin.py:188} INFO - [2024-07-18T05:58:58.993+0000] {dag.py:3096} INFO - Sync 1 DAGs
[2024-07-18T05:58:59.003+0000] {logging_mixin.py:188} INFO - [2024-07-18T05:58:59.003+0000] {dag.py:3954} INFO - Setting next_dagrun for user_processing to 2024-07-17 00:00:00+00:00, run_after=2024-07-18 00:00:00+00:00
[2024-07-18T05:58:59.012+0000] {processor.py:183} INFO - Processing /opt/airflow/dags/user_processing.py took 0.353 seconds
[2024-07-18T05:59:29.108+0000] {processor.py:161} INFO - Started process (PID=170) to work on /opt/airflow/dags/user_processing.py
[2024-07-18T05:59:29.109+0000] {processor.py:830} INFO - Processing file /opt/airflow/dags/user_processing.py for tasks to queue
[2024-07-18T05:59:29.111+0000] {logging_mixin.py:188} INFO - [2024-07-18T05:59:29.111+0000] {dagbag.py:545} INFO - Filling up the DagBag from /opt/airflow/dags/user_processing.py
[2024-07-18T05:59:29.338+0000] {processor.py:840} INFO - DAG(s) 'user_processing' retrieved from /opt/airflow/dags/user_processing.py
[2024-07-18T05:59:29.348+0000] {logging_mixin.py:188} INFO - [2024-07-18T05:59:29.347+0000] {dag.py:3096} INFO - Sync 1 DAGs
[2024-07-18T05:59:29.356+0000] {logging_mixin.py:188} INFO - [2024-07-18T05:59:29.355+0000] {dag.py:3954} INFO - Setting next_dagrun for user_processing to 2024-07-17 00:00:00+00:00, run_after=2024-07-18 00:00:00+00:00
[2024-07-18T05:59:29.363+0000] {processor.py:183} INFO - Processing /opt/airflow/dags/user_processing.py took 0.259 seconds
[2024-07-18T05:59:59.636+0000] {processor.py:161} INFO - Started process (PID=185) to work on /opt/airflow/dags/user_processing.py
[2024-07-18T05:59:59.637+0000] {processor.py:830} INFO - Processing file /opt/airflow/dags/user_processing.py for tasks to queue
[2024-07-18T05:59:59.639+0000] {logging_mixin.py:188} INFO - [2024-07-18T05:59:59.639+0000] {dagbag.py:545} INFO - Filling up the DagBag from /opt/airflow/dags/user_processing.py
[2024-07-18T05:59:59.893+0000] {processor.py:840} INFO - DAG(s) 'user_processing' retrieved from /opt/airflow/dags/user_processing.py
[2024-07-18T05:59:59.903+0000] {logging_mixin.py:188} INFO - [2024-07-18T05:59:59.903+0000] {dag.py:3096} INFO - Sync 1 DAGs
[2024-07-18T05:59:59.911+0000] {logging_mixin.py:188} INFO - [2024-07-18T05:59:59.910+0000] {dag.py:3954} INFO - Setting next_dagrun for user_processing to 2024-07-17 00:00:00+00:00, run_after=2024-07-18 00:00:00+00:00
[2024-07-18T05:59:59.917+0000] {processor.py:183} INFO - Processing /opt/airflow/dags/user_processing.py took 0.287 seconds
[2024-07-18T06:00:30.097+0000] {processor.py:161} INFO - Started process (PID=200) to work on /opt/airflow/dags/user_processing.py
[2024-07-18T06:00:30.098+0000] {processor.py:830} INFO - Processing file /opt/airflow/dags/user_processing.py for tasks to queue
[2024-07-18T06:00:30.100+0000] {logging_mixin.py:188} INFO - [2024-07-18T06:00:30.100+0000] {dagbag.py:545} INFO - Filling up the DagBag from /opt/airflow/dags/user_processing.py
[2024-07-18T06:00:30.329+0000] {processor.py:840} INFO - DAG(s) 'user_processing' retrieved from /opt/airflow/dags/user_processing.py
[2024-07-18T06:00:30.338+0000] {logging_mixin.py:188} INFO - [2024-07-18T06:00:30.338+0000] {dag.py:3096} INFO - Sync 1 DAGs
[2024-07-18T06:00:30.348+0000] {logging_mixin.py:188} INFO - [2024-07-18T06:00:30.347+0000] {dag.py:3954} INFO - Setting next_dagrun for user_processing to 2024-07-17 00:00:00+00:00, run_after=2024-07-18 00:00:00+00:00
[2024-07-18T06:00:30.357+0000] {processor.py:183} INFO - Processing /opt/airflow/dags/user_processing.py took 0.264 seconds
[2024-07-18T06:01:00.601+0000] {processor.py:161} INFO - Started process (PID=215) to work on /opt/airflow/dags/user_processing.py
[2024-07-18T06:01:00.601+0000] {processor.py:830} INFO - Processing file /opt/airflow/dags/user_processing.py for tasks to queue
[2024-07-18T06:01:00.603+0000] {logging_mixin.py:188} INFO - [2024-07-18T06:01:00.603+0000] {dagbag.py:545} INFO - Filling up the DagBag from /opt/airflow/dags/user_processing.py
[2024-07-18T06:01:00.943+0000] {processor.py:840} INFO - DAG(s) 'user_processing' retrieved from /opt/airflow/dags/user_processing.py
[2024-07-18T06:01:00.955+0000] {logging_mixin.py:188} INFO - [2024-07-18T06:01:00.954+0000] {dag.py:3096} INFO - Sync 1 DAGs
[2024-07-18T06:01:00.964+0000] {logging_mixin.py:188} INFO - [2024-07-18T06:01:00.964+0000] {dag.py:3954} INFO - Setting next_dagrun for user_processing to 2024-07-17 00:00:00+00:00, run_after=2024-07-18 00:00:00+00:00
[2024-07-18T06:01:00.972+0000] {processor.py:183} INFO - Processing /opt/airflow/dags/user_processing.py took 0.375 seconds
[2024-07-18T06:01:31.155+0000] {processor.py:161} INFO - Started process (PID=230) to work on /opt/airflow/dags/user_processing.py
[2024-07-18T06:01:31.156+0000] {processor.py:830} INFO - Processing file /opt/airflow/dags/user_processing.py for tasks to queue
[2024-07-18T06:01:31.158+0000] {logging_mixin.py:188} INFO - [2024-07-18T06:01:31.157+0000] {dagbag.py:545} INFO - Filling up the DagBag from /opt/airflow/dags/user_processing.py
[2024-07-18T06:01:31.386+0000] {processor.py:840} INFO - DAG(s) 'user_processing' retrieved from /opt/airflow/dags/user_processing.py
[2024-07-18T06:01:31.396+0000] {logging_mixin.py:188} INFO - [2024-07-18T06:01:31.396+0000] {dag.py:3096} INFO - Sync 1 DAGs
[2024-07-18T06:01:31.404+0000] {logging_mixin.py:188} INFO - [2024-07-18T06:01:31.404+0000] {dag.py:3954} INFO - Setting next_dagrun for user_processing to 2024-07-17 00:00:00+00:00, run_after=2024-07-18 00:00:00+00:00
[2024-07-18T06:01:31.411+0000] {processor.py:183} INFO - Processing /opt/airflow/dags/user_processing.py took 0.260 seconds
[2024-07-18T06:02:01.681+0000] {processor.py:161} INFO - Started process (PID=245) to work on /opt/airflow/dags/user_processing.py
[2024-07-18T06:02:01.682+0000] {processor.py:830} INFO - Processing file /opt/airflow/dags/user_processing.py for tasks to queue
[2024-07-18T06:02:01.684+0000] {logging_mixin.py:188} INFO - [2024-07-18T06:02:01.684+0000] {dagbag.py:545} INFO - Filling up the DagBag from /opt/airflow/dags/user_processing.py
[2024-07-18T06:02:01.981+0000] {processor.py:840} INFO - DAG(s) 'user_processing' retrieved from /opt/airflow/dags/user_processing.py
[2024-07-18T06:02:01.991+0000] {logging_mixin.py:188} INFO - [2024-07-18T06:02:01.991+0000] {dag.py:3096} INFO - Sync 1 DAGs
[2024-07-18T06:02:01.999+0000] {logging_mixin.py:188} INFO - [2024-07-18T06:02:01.999+0000] {dag.py:3954} INFO - Setting next_dagrun for user_processing to 2024-07-17 00:00:00+00:00, run_after=2024-07-18 00:00:00+00:00
[2024-07-18T06:02:02.006+0000] {processor.py:183} INFO - Processing /opt/airflow/dags/user_processing.py took 0.331 seconds
[2024-07-18T06:02:32.149+0000] {processor.py:161} INFO - Started process (PID=260) to work on /opt/airflow/dags/user_processing.py
[2024-07-18T06:02:32.149+0000] {processor.py:830} INFO - Processing file /opt/airflow/dags/user_processing.py for tasks to queue
[2024-07-18T06:02:32.151+0000] {logging_mixin.py:188} INFO - [2024-07-18T06:02:32.150+0000] {dagbag.py:545} INFO - Filling up the DagBag from /opt/airflow/dags/user_processing.py
[2024-07-18T06:02:32.390+0000] {processor.py:840} INFO - DAG(s) 'user_processing' retrieved from /opt/airflow/dags/user_processing.py
[2024-07-18T06:02:32.401+0000] {logging_mixin.py:188} INFO - [2024-07-18T06:02:32.400+0000] {dag.py:3096} INFO - Sync 1 DAGs
[2024-07-18T06:02:32.409+0000] {logging_mixin.py:188} INFO - [2024-07-18T06:02:32.409+0000] {dag.py:3954} INFO - Setting next_dagrun for user_processing to 2024-07-17 00:00:00+00:00, run_after=2024-07-18 00:00:00+00:00
[2024-07-18T06:02:32.417+0000] {processor.py:183} INFO - Processing /opt/airflow/dags/user_processing.py took 0.271 seconds
[2024-07-18T06:03:02.757+0000] {processor.py:161} INFO - Started process (PID=275) to work on /opt/airflow/dags/user_processing.py
[2024-07-18T06:03:02.758+0000] {processor.py:830} INFO - Processing file /opt/airflow/dags/user_processing.py for tasks to queue
[2024-07-18T06:03:02.761+0000] {logging_mixin.py:188} INFO - [2024-07-18T06:03:02.760+0000] {dagbag.py:545} INFO - Filling up the DagBag from /opt/airflow/dags/user_processing.py
[2024-07-18T06:03:03.192+0000] {processor.py:840} INFO - DAG(s) 'user_processing' retrieved from /opt/airflow/dags/user_processing.py
[2024-07-18T06:03:03.207+0000] {logging_mixin.py:188} INFO - [2024-07-18T06:03:03.206+0000] {dag.py:3096} INFO - Sync 1 DAGs
[2024-07-18T06:03:03.220+0000] {logging_mixin.py:188} INFO - [2024-07-18T06:03:03.220+0000] {dag.py:3954} INFO - Setting next_dagrun for user_processing to 2024-07-17 00:00:00+00:00, run_after=2024-07-18 00:00:00+00:00
[2024-07-18T06:03:03.234+0000] {processor.py:183} INFO - Processing /opt/airflow/dags/user_processing.py took 0.484 seconds
[2024-07-18T06:03:33.598+0000] {processor.py:161} INFO - Started process (PID=291) to work on /opt/airflow/dags/user_processing.py
[2024-07-18T06:03:33.599+0000] {processor.py:830} INFO - Processing file /opt/airflow/dags/user_processing.py for tasks to queue
[2024-07-18T06:03:33.602+0000] {logging_mixin.py:188} INFO - [2024-07-18T06:03:33.601+0000] {dagbag.py:545} INFO - Filling up the DagBag from /opt/airflow/dags/user_processing.py
[2024-07-18T06:03:33.953+0000] {processor.py:840} INFO - DAG(s) 'user_processing' retrieved from /opt/airflow/dags/user_processing.py
[2024-07-18T06:03:33.965+0000] {logging_mixin.py:188} INFO - [2024-07-18T06:03:33.965+0000] {dag.py:3096} INFO - Sync 1 DAGs
[2024-07-18T06:03:33.974+0000] {logging_mixin.py:188} INFO - [2024-07-18T06:03:33.974+0000] {dag.py:3954} INFO - Setting next_dagrun for user_processing to 2024-07-17 00:00:00+00:00, run_after=2024-07-18 00:00:00+00:00
[2024-07-18T06:03:33.983+0000] {processor.py:183} INFO - Processing /opt/airflow/dags/user_processing.py took 0.391 seconds
[2024-07-18T06:04:04.272+0000] {processor.py:161} INFO - Started process (PID=305) to work on /opt/airflow/dags/user_processing.py
[2024-07-18T06:04:04.272+0000] {processor.py:830} INFO - Processing file /opt/airflow/dags/user_processing.py for tasks to queue
[2024-07-18T06:04:04.274+0000] {logging_mixin.py:188} INFO - [2024-07-18T06:04:04.273+0000] {dagbag.py:545} INFO - Filling up the DagBag from /opt/airflow/dags/user_processing.py
[2024-07-18T06:04:04.492+0000] {processor.py:840} INFO - DAG(s) 'user_processing' retrieved from /opt/airflow/dags/user_processing.py
[2024-07-18T06:04:04.502+0000] {logging_mixin.py:188} INFO - [2024-07-18T06:04:04.501+0000] {dag.py:3096} INFO - Sync 1 DAGs
[2024-07-18T06:04:04.510+0000] {logging_mixin.py:188} INFO - [2024-07-18T06:04:04.510+0000] {dag.py:3954} INFO - Setting next_dagrun for user_processing to 2024-07-17 00:00:00+00:00, run_after=2024-07-18 00:00:00+00:00
[2024-07-18T06:04:04.519+0000] {processor.py:183} INFO - Processing /opt/airflow/dags/user_processing.py took 0.251 seconds
[2024-07-18T06:04:34.775+0000] {processor.py:161} INFO - Started process (PID=320) to work on /opt/airflow/dags/user_processing.py
[2024-07-18T06:04:34.776+0000] {processor.py:830} INFO - Processing file /opt/airflow/dags/user_processing.py for tasks to queue
[2024-07-18T06:04:34.778+0000] {logging_mixin.py:188} INFO - [2024-07-18T06:04:34.778+0000] {dagbag.py:545} INFO - Filling up the DagBag from /opt/airflow/dags/user_processing.py
[2024-07-18T06:04:35.017+0000] {processor.py:840} INFO - DAG(s) 'user_processing' retrieved from /opt/airflow/dags/user_processing.py
[2024-07-18T06:04:35.028+0000] {logging_mixin.py:188} INFO - [2024-07-18T06:04:35.027+0000] {dag.py:3096} INFO - Sync 1 DAGs
[2024-07-18T06:04:35.036+0000] {logging_mixin.py:188} INFO - [2024-07-18T06:04:35.036+0000] {dag.py:3954} INFO - Setting next_dagrun for user_processing to 2024-07-17 00:00:00+00:00, run_after=2024-07-18 00:00:00+00:00
[2024-07-18T06:04:35.043+0000] {processor.py:183} INFO - Processing /opt/airflow/dags/user_processing.py took 0.273 seconds
[2024-07-18T06:05:05.352+0000] {processor.py:161} INFO - Started process (PID=335) to work on /opt/airflow/dags/user_processing.py
[2024-07-18T06:05:05.353+0000] {processor.py:830} INFO - Processing file /opt/airflow/dags/user_processing.py for tasks to queue
[2024-07-18T06:05:05.355+0000] {logging_mixin.py:188} INFO - [2024-07-18T06:05:05.355+0000] {dagbag.py:545} INFO - Filling up the DagBag from /opt/airflow/dags/user_processing.py
[2024-07-18T06:05:05.630+0000] {processor.py:840} INFO - DAG(s) 'user_processing' retrieved from /opt/airflow/dags/user_processing.py
[2024-07-18T06:05:05.640+0000] {logging_mixin.py:188} INFO - [2024-07-18T06:05:05.640+0000] {dag.py:3096} INFO - Sync 1 DAGs
[2024-07-18T06:05:05.648+0000] {logging_mixin.py:188} INFO - [2024-07-18T06:05:05.648+0000] {dag.py:3954} INFO - Setting next_dagrun for user_processing to 2024-07-17 00:00:00+00:00, run_after=2024-07-18 00:00:00+00:00
[2024-07-18T06:05:05.655+0000] {processor.py:183} INFO - Processing /opt/airflow/dags/user_processing.py took 0.309 seconds
[2024-07-18T06:05:35.813+0000] {processor.py:161} INFO - Started process (PID=350) to work on /opt/airflow/dags/user_processing.py
[2024-07-18T06:05:35.814+0000] {processor.py:830} INFO - Processing file /opt/airflow/dags/user_processing.py for tasks to queue
[2024-07-18T06:05:35.816+0000] {logging_mixin.py:188} INFO - [2024-07-18T06:05:35.815+0000] {dagbag.py:545} INFO - Filling up the DagBag from /opt/airflow/dags/user_processing.py
[2024-07-18T06:05:36.059+0000] {processor.py:840} INFO - DAG(s) 'user_processing' retrieved from /opt/airflow/dags/user_processing.py
[2024-07-18T06:05:36.069+0000] {logging_mixin.py:188} INFO - [2024-07-18T06:05:36.069+0000] {dag.py:3096} INFO - Sync 1 DAGs
[2024-07-18T06:05:36.077+0000] {logging_mixin.py:188} INFO - [2024-07-18T06:05:36.077+0000] {dag.py:3954} INFO - Setting next_dagrun for user_processing to 2024-07-17 00:00:00+00:00, run_after=2024-07-18 00:00:00+00:00
[2024-07-18T06:05:36.084+0000] {processor.py:183} INFO - Processing /opt/airflow/dags/user_processing.py took 0.277 seconds
[2024-07-18T06:06:06.331+0000] {processor.py:161} INFO - Started process (PID=365) to work on /opt/airflow/dags/user_processing.py
[2024-07-18T06:06:06.332+0000] {processor.py:830} INFO - Processing file /opt/airflow/dags/user_processing.py for tasks to queue
[2024-07-18T06:06:06.335+0000] {logging_mixin.py:188} INFO - [2024-07-18T06:06:06.334+0000] {dagbag.py:545} INFO - Filling up the DagBag from /opt/airflow/dags/user_processing.py
[2024-07-18T06:06:06.740+0000] {processor.py:840} INFO - DAG(s) 'user_processing' retrieved from /opt/airflow/dags/user_processing.py
[2024-07-18T06:06:06.752+0000] {logging_mixin.py:188} INFO - [2024-07-18T06:06:06.752+0000] {dag.py:3096} INFO - Sync 1 DAGs
[2024-07-18T06:06:06.762+0000] {logging_mixin.py:188} INFO - [2024-07-18T06:06:06.762+0000] {dag.py:3954} INFO - Setting next_dagrun for user_processing to 2024-07-17 00:00:00+00:00, run_after=2024-07-18 00:00:00+00:00
[2024-07-18T06:06:06.771+0000] {processor.py:183} INFO - Processing /opt/airflow/dags/user_processing.py took 0.443 seconds
[2024-07-18T06:06:36.850+0000] {processor.py:161} INFO - Started process (PID=380) to work on /opt/airflow/dags/user_processing.py
[2024-07-18T06:06:36.851+0000] {processor.py:830} INFO - Processing file /opt/airflow/dags/user_processing.py for tasks to queue
[2024-07-18T06:06:36.853+0000] {logging_mixin.py:188} INFO - [2024-07-18T06:06:36.852+0000] {dagbag.py:545} INFO - Filling up the DagBag from /opt/airflow/dags/user_processing.py
[2024-07-18T06:06:37.575+0000] {processor.py:840} INFO - DAG(s) 'user_processing' retrieved from /opt/airflow/dags/user_processing.py
[2024-07-18T06:06:37.585+0000] {logging_mixin.py:188} INFO - [2024-07-18T06:06:37.585+0000] {dag.py:3096} INFO - Sync 1 DAGs
[2024-07-18T06:06:37.596+0000] {logging_mixin.py:188} INFO - [2024-07-18T06:06:37.596+0000] {dag.py:3954} INFO - Setting next_dagrun for user_processing to 2024-07-17 00:00:00+00:00, run_after=2024-07-18 00:00:00+00:00
[2024-07-18T06:06:37.615+0000] {processor.py:183} INFO - Processing /opt/airflow/dags/user_processing.py took 0.768 seconds
[2024-07-18T06:07:08.123+0000] {processor.py:161} INFO - Started process (PID=394) to work on /opt/airflow/dags/user_processing.py
[2024-07-18T06:07:08.124+0000] {processor.py:830} INFO - Processing file /opt/airflow/dags/user_processing.py for tasks to queue
[2024-07-18T06:07:08.125+0000] {logging_mixin.py:188} INFO - [2024-07-18T06:07:08.125+0000] {dagbag.py:545} INFO - Filling up the DagBag from /opt/airflow/dags/user_processing.py
[2024-07-18T06:07:08.540+0000] {processor.py:840} INFO - DAG(s) 'user_processing' retrieved from /opt/airflow/dags/user_processing.py
[2024-07-18T06:07:08.564+0000] {logging_mixin.py:188} INFO - [2024-07-18T06:07:08.564+0000] {dag.py:3096} INFO - Sync 1 DAGs
[2024-07-18T06:07:08.581+0000] {logging_mixin.py:188} INFO - [2024-07-18T06:07:08.581+0000] {dag.py:3954} INFO - Setting next_dagrun for user_processing to 2024-07-17 00:00:00+00:00, run_after=2024-07-18 00:00:00+00:00
[2024-07-18T06:07:08.589+0000] {processor.py:183} INFO - Processing /opt/airflow/dags/user_processing.py took 0.469 seconds
[2024-07-18T06:07:38.654+0000] {processor.py:161} INFO - Started process (PID=409) to work on /opt/airflow/dags/user_processing.py
[2024-07-18T06:07:38.655+0000] {processor.py:830} INFO - Processing file /opt/airflow/dags/user_processing.py for tasks to queue
[2024-07-18T06:07:38.657+0000] {logging_mixin.py:188} INFO - [2024-07-18T06:07:38.656+0000] {dagbag.py:545} INFO - Filling up the DagBag from /opt/airflow/dags/user_processing.py
[2024-07-18T06:07:39.052+0000] {processor.py:840} INFO - DAG(s) 'user_processing' retrieved from /opt/airflow/dags/user_processing.py
[2024-07-18T06:07:39.066+0000] {logging_mixin.py:188} INFO - [2024-07-18T06:07:39.066+0000] {dag.py:3096} INFO - Sync 1 DAGs
[2024-07-18T06:07:39.076+0000] {logging_mixin.py:188} INFO - [2024-07-18T06:07:39.075+0000] {dag.py:3954} INFO - Setting next_dagrun for user_processing to 2024-07-17 00:00:00+00:00, run_after=2024-07-18 00:00:00+00:00
[2024-07-18T06:07:39.084+0000] {processor.py:183} INFO - Processing /opt/airflow/dags/user_processing.py took 0.434 seconds
[2024-07-18T06:08:09.182+0000] {processor.py:161} INFO - Started process (PID=424) to work on /opt/airflow/dags/user_processing.py
[2024-07-18T06:08:09.183+0000] {processor.py:830} INFO - Processing file /opt/airflow/dags/user_processing.py for tasks to queue
[2024-07-18T06:08:09.189+0000] {logging_mixin.py:188} INFO - [2024-07-18T06:08:09.188+0000] {dagbag.py:545} INFO - Filling up the DagBag from /opt/airflow/dags/user_processing.py
[2024-07-18T06:08:10.949+0000] {logging_mixin.py:188} WARNING - Exception ignored in: <function WeakKeyDictionary.__init__.<locals>.remove at 0xf9f0f922dee0>
[2024-07-18T06:08:10.949+0000] {logging_mixin.py:188} WARNING - Traceback (most recent call last):
[2024-07-18T06:08:10.949+0000] {logging_mixin.py:188} WARNING -   File "/usr/local/lib/python3.12/weakref.py", line 369, in remove
[2024-07-18T06:08:10.950+0000] {logging_mixin.py:188} WARNING -     def remove(k, selfref=ref(self)):
[2024-07-18T06:08:10.950+0000] {logging_mixin.py:188} WARNING -   File "/home/airflow/.local/lib/python3.12/site-packages/airflow/dag_processing/manager.py", line 453, in _exit_gracefully
[2024-07-18T06:08:10.951+0000] {logging_mixin.py:188} WARNING -     self.log.debug("Current Stacktrace is: %s", "\n".join(map(str, inspect.stack())))
[2024-07-18T06:08:10.951+0000] {logging_mixin.py:188} WARNING -                                                                    ^^^^^^^^^^^^^^^
[2024-07-18T06:08:10.951+0000] {logging_mixin.py:188} WARNING -   File "/usr/local/lib/python3.12/inspect.py", line 1771, in stack
[2024-07-18T06:08:10.952+0000] {logging_mixin.py:188} WARNING -     return getouterframes(sys._getframe(1), context)
[2024-07-18T06:08:10.952+0000] {logging_mixin.py:188} WARNING -            ^^^^^^^^^^^^^^^^^^^^^^^^^^^^^^^^^^^^^^^^^
[2024-07-18T06:08:10.953+0000] {logging_mixin.py:188} WARNING -   File "/usr/local/lib/python3.12/inspect.py", line 1746, in getouterframes
[2024-07-18T06:08:10.953+0000] {logging_mixin.py:188} WARNING -     traceback_info = getframeinfo(frame, context)
[2024-07-18T06:08:10.953+0000] {logging_mixin.py:188} WARNING -                      ^^^^^^^^^^^^^^^^^^^^^^^^^^^^
[2024-07-18T06:08:10.954+0000] {logging_mixin.py:188} WARNING -   File "/usr/local/lib/python3.12/inspect.py", line 1708, in getframeinfo
[2024-07-18T06:08:10.954+0000] {logging_mixin.py:188} WARNING -     lines, lnum = findsource(frame)
[2024-07-18T06:08:10.955+0000] {logging_mixin.py:188} WARNING -                   ^^^^^^^^^^^^^^^^^
[2024-07-18T06:08:10.955+0000] {logging_mixin.py:188} WARNING -   File "/usr/local/lib/python3.12/inspect.py", line 1084, in findsource
[2024-07-18T06:08:10.955+0000] {logging_mixin.py:188} WARNING -     module = getmodule(object, file)
[2024-07-18T06:08:10.956+0000] {logging_mixin.py:188} WARNING -              ^^^^^^^^^^^^^^^^^^^^^^^
[2024-07-18T06:08:10.956+0000] {logging_mixin.py:188} WARNING -   File "/usr/local/lib/python3.12/inspect.py", line 1010, in getmodule
[2024-07-18T06:08:10.956+0000] {logging_mixin.py:188} WARNING -     os.path.realpath(f)] = module.__name__
[2024-07-18T06:08:10.957+0000] {logging_mixin.py:188} WARNING -     ^^^^^^^^^^^^^^^^^^^
[2024-07-18T06:08:10.957+0000] {logging_mixin.py:188} WARNING -   File "<frozen posixpath>", line 427, in realpath
[2024-07-18T06:08:10.957+0000] {logging_mixin.py:188} WARNING -   File "<frozen posixpath>", line 471, in _joinrealpath
[2024-07-18T06:08:10.958+0000] {logging_mixin.py:188} WARNING -   File "/home/airflow/.local/lib/python3.12/site-packages/airflow/dag_processing/manager.py", line 457, in _exit_gracefully
[2024-07-18T06:08:10.964+0000] {logging_mixin.py:188} WARNING -     sys.exit(os.EX_OK)
[2024-07-18T06:08:10.964+0000] {logging_mixin.py:188} WARNING - SystemExit: 0
[2024-07-18T06:08:11.060+0000] {processor.py:840} INFO - DAG(s) 'user_processing' retrieved from /opt/airflow/dags/user_processing.py
[2024-07-18T06:08:11.108+0000] {logging_mixin.py:188} INFO - [2024-07-18T06:08:11.108+0000] {dag.py:3096} INFO - Sync 1 DAGs
[2024-07-18T06:08:11.138+0000] {logging_mixin.py:188} INFO - [2024-07-18T06:08:11.137+0000] {dag.py:3954} INFO - Setting next_dagrun for user_processing to 2024-07-17 00:00:00+00:00, run_after=2024-07-18 00:00:00+00:00
[2024-07-18T06:08:11.154+0000] {processor.py:183} INFO - Processing /opt/airflow/dags/user_processing.py took 1.982 seconds
[2024-07-18T06:21:13.596+0000] {processor.py:161} INFO - Started process (PID=31) to work on /opt/airflow/dags/user_processing.py
[2024-07-18T06:21:13.608+0000] {processor.py:830} INFO - Processing file /opt/airflow/dags/user_processing.py for tasks to queue
[2024-07-18T06:21:13.610+0000] {logging_mixin.py:188} INFO - [2024-07-18T06:21:13.609+0000] {dagbag.py:545} INFO - Filling up the DagBag from /opt/airflow/dags/user_processing.py
[2024-07-18T06:21:15.933+0000] {processor.py:840} INFO - DAG(s) 'user_processing' retrieved from /opt/airflow/dags/user_processing.py
[2024-07-18T06:21:16.056+0000] {logging_mixin.py:188} INFO - [2024-07-18T06:21:16.056+0000] {dag.py:3096} INFO - Sync 1 DAGs
[2024-07-18T06:21:16.072+0000] {logging_mixin.py:188} INFO - [2024-07-18T06:21:16.072+0000] {dag.py:3954} INFO - Setting next_dagrun for user_processing to 2024-07-17 00:00:00+00:00, run_after=2024-07-18 00:00:00+00:00
[2024-07-18T06:21:16.099+0000] {processor.py:183} INFO - Processing /opt/airflow/dags/user_processing.py took 2.512 seconds
