[2024-07-18T05:54:47.346+0000] {processor.py:161} INFO - Started process (PID=24) to work on /opt/airflow/dags/xcom_dags.py
[2024-07-18T05:54:47.354+0000] {processor.py:830} INFO - Processing file /opt/airflow/dags/xcom_dags.py for tasks to queue
[2024-07-18T05:54:47.363+0000] {logging_mixin.py:188} INFO - [2024-07-18T05:54:47.362+0000] {dagbag.py:545} INFO - Filling up the DagBag from /opt/airflow/dags/xcom_dags.py
[2024-07-18T05:54:47.413+0000] {processor.py:840} INFO - DAG(s) 'xcom_dag' retrieved from /opt/airflow/dags/xcom_dags.py
[2024-07-18T05:54:48.142+0000] {logging_mixin.py:188} INFO - [2024-07-18T05:54:48.142+0000] {dag.py:3096} INFO - Sync 1 DAGs
[2024-07-18T05:54:48.253+0000] {logging_mixin.py:188} INFO - [2024-07-18T05:54:48.253+0000] {dag.py:3954} INFO - Setting next_dagrun for xcom_dag to 2024-07-17 00:00:00+00:00, run_after=2024-07-18 00:00:00+00:00
[2024-07-18T05:54:48.393+0000] {processor.py:183} INFO - Processing /opt/airflow/dags/xcom_dags.py took 1.076 seconds
[2024-07-18T05:55:18.473+0000] {processor.py:161} INFO - Started process (PID=37) to work on /opt/airflow/dags/xcom_dags.py
[2024-07-18T05:55:18.474+0000] {processor.py:830} INFO - Processing file /opt/airflow/dags/xcom_dags.py for tasks to queue
[2024-07-18T05:55:18.476+0000] {logging_mixin.py:188} INFO - [2024-07-18T05:55:18.476+0000] {dagbag.py:545} INFO - Filling up the DagBag from /opt/airflow/dags/xcom_dags.py
[2024-07-18T05:55:18.490+0000] {processor.py:840} INFO - DAG(s) 'xcom_dag' retrieved from /opt/airflow/dags/xcom_dags.py
[2024-07-18T05:55:18.511+0000] {logging_mixin.py:188} INFO - [2024-07-18T05:55:18.510+0000] {dag.py:3096} INFO - Sync 1 DAGs
[2024-07-18T05:55:18.529+0000] {logging_mixin.py:188} INFO - [2024-07-18T05:55:18.528+0000] {dag.py:3954} INFO - Setting next_dagrun for xcom_dag to 2024-07-18 00:00:00+00:00, run_after=2024-07-19 00:00:00+00:00
[2024-07-18T05:55:18.542+0000] {processor.py:183} INFO - Processing /opt/airflow/dags/xcom_dags.py took 0.073 seconds
[2024-07-18T05:55:49.194+0000] {processor.py:161} INFO - Started process (PID=52) to work on /opt/airflow/dags/xcom_dags.py
[2024-07-18T05:55:49.195+0000] {processor.py:830} INFO - Processing file /opt/airflow/dags/xcom_dags.py for tasks to queue
[2024-07-18T05:55:49.198+0000] {logging_mixin.py:188} INFO - [2024-07-18T05:55:49.197+0000] {dagbag.py:545} INFO - Filling up the DagBag from /opt/airflow/dags/xcom_dags.py
[2024-07-18T05:55:49.213+0000] {processor.py:840} INFO - DAG(s) 'xcom_dag' retrieved from /opt/airflow/dags/xcom_dags.py
[2024-07-18T05:55:49.234+0000] {logging_mixin.py:188} INFO - [2024-07-18T05:55:49.234+0000] {dag.py:3096} INFO - Sync 1 DAGs
[2024-07-18T05:55:49.248+0000] {logging_mixin.py:188} INFO - [2024-07-18T05:55:49.248+0000] {dag.py:3954} INFO - Setting next_dagrun for xcom_dag to 2024-07-18 00:00:00+00:00, run_after=2024-07-19 00:00:00+00:00
[2024-07-18T05:55:49.260+0000] {processor.py:183} INFO - Processing /opt/airflow/dags/xcom_dags.py took 0.073 seconds
[2024-07-18T05:56:19.704+0000] {processor.py:161} INFO - Started process (PID=67) to work on /opt/airflow/dags/xcom_dags.py
[2024-07-18T05:56:19.705+0000] {processor.py:830} INFO - Processing file /opt/airflow/dags/xcom_dags.py for tasks to queue
[2024-07-18T05:56:19.708+0000] {logging_mixin.py:188} INFO - [2024-07-18T05:56:19.707+0000] {dagbag.py:545} INFO - Filling up the DagBag from /opt/airflow/dags/xcom_dags.py
[2024-07-18T05:56:19.727+0000] {processor.py:840} INFO - DAG(s) 'xcom_dag' retrieved from /opt/airflow/dags/xcom_dags.py
[2024-07-18T05:56:19.762+0000] {logging_mixin.py:188} INFO - [2024-07-18T05:56:19.761+0000] {dag.py:3096} INFO - Sync 1 DAGs
[2024-07-18T05:56:19.781+0000] {logging_mixin.py:188} INFO - [2024-07-18T05:56:19.781+0000] {dag.py:3954} INFO - Setting next_dagrun for xcom_dag to 2024-07-18 00:00:00+00:00, run_after=2024-07-19 00:00:00+00:00
[2024-07-18T05:56:19.795+0000] {processor.py:183} INFO - Processing /opt/airflow/dags/xcom_dags.py took 0.097 seconds
[2024-07-18T05:56:50.266+0000] {processor.py:161} INFO - Started process (PID=82) to work on /opt/airflow/dags/xcom_dags.py
[2024-07-18T05:56:50.267+0000] {processor.py:830} INFO - Processing file /opt/airflow/dags/xcom_dags.py for tasks to queue
[2024-07-18T05:56:50.269+0000] {logging_mixin.py:188} INFO - [2024-07-18T05:56:50.269+0000] {dagbag.py:545} INFO - Filling up the DagBag from /opt/airflow/dags/xcom_dags.py
[2024-07-18T05:56:50.284+0000] {processor.py:840} INFO - DAG(s) 'xcom_dag' retrieved from /opt/airflow/dags/xcom_dags.py
[2024-07-18T05:56:50.303+0000] {logging_mixin.py:188} INFO - [2024-07-18T05:56:50.302+0000] {dag.py:3096} INFO - Sync 1 DAGs
[2024-07-18T05:56:50.317+0000] {logging_mixin.py:188} INFO - [2024-07-18T05:56:50.317+0000] {dag.py:3954} INFO - Setting next_dagrun for xcom_dag to 2024-07-18 00:00:00+00:00, run_after=2024-07-19 00:00:00+00:00
[2024-07-18T05:56:50.326+0000] {processor.py:183} INFO - Processing /opt/airflow/dags/xcom_dags.py took 0.064 seconds
[2024-07-18T05:57:20.780+0000] {processor.py:161} INFO - Started process (PID=97) to work on /opt/airflow/dags/xcom_dags.py
[2024-07-18T05:57:20.781+0000] {processor.py:830} INFO - Processing file /opt/airflow/dags/xcom_dags.py for tasks to queue
[2024-07-18T05:57:20.783+0000] {logging_mixin.py:188} INFO - [2024-07-18T05:57:20.782+0000] {dagbag.py:545} INFO - Filling up the DagBag from /opt/airflow/dags/xcom_dags.py
[2024-07-18T05:57:20.800+0000] {processor.py:840} INFO - DAG(s) 'xcom_dag' retrieved from /opt/airflow/dags/xcom_dags.py
[2024-07-18T05:57:20.828+0000] {logging_mixin.py:188} INFO - [2024-07-18T05:57:20.828+0000] {dag.py:3096} INFO - Sync 1 DAGs
[2024-07-18T05:57:20.845+0000] {logging_mixin.py:188} INFO - [2024-07-18T05:57:20.844+0000] {dag.py:3954} INFO - Setting next_dagrun for xcom_dag to 2024-07-18 00:00:00+00:00, run_after=2024-07-19 00:00:00+00:00
[2024-07-18T05:57:20.857+0000] {processor.py:183} INFO - Processing /opt/airflow/dags/xcom_dags.py took 0.081 seconds
[2024-07-18T05:57:51.345+0000] {processor.py:161} INFO - Started process (PID=112) to work on /opt/airflow/dags/xcom_dags.py
[2024-07-18T05:57:51.346+0000] {processor.py:830} INFO - Processing file /opt/airflow/dags/xcom_dags.py for tasks to queue
[2024-07-18T05:57:51.347+0000] {logging_mixin.py:188} INFO - [2024-07-18T05:57:51.347+0000] {dagbag.py:545} INFO - Filling up the DagBag from /opt/airflow/dags/xcom_dags.py
[2024-07-18T05:57:51.359+0000] {processor.py:840} INFO - DAG(s) 'xcom_dag' retrieved from /opt/airflow/dags/xcom_dags.py
[2024-07-18T05:57:51.373+0000] {logging_mixin.py:188} INFO - [2024-07-18T05:57:51.373+0000] {dag.py:3096} INFO - Sync 1 DAGs
[2024-07-18T05:57:51.387+0000] {logging_mixin.py:188} INFO - [2024-07-18T05:57:51.387+0000] {dag.py:3954} INFO - Setting next_dagrun for xcom_dag to 2024-07-18 00:00:00+00:00, run_after=2024-07-19 00:00:00+00:00
[2024-07-18T05:57:51.400+0000] {processor.py:183} INFO - Processing /opt/airflow/dags/xcom_dags.py took 0.061 seconds
[2024-07-18T05:58:21.836+0000] {processor.py:161} INFO - Started process (PID=128) to work on /opt/airflow/dags/xcom_dags.py
[2024-07-18T05:58:21.839+0000] {processor.py:830} INFO - Processing file /opt/airflow/dags/xcom_dags.py for tasks to queue
[2024-07-18T05:58:21.840+0000] {logging_mixin.py:188} INFO - [2024-07-18T05:58:21.840+0000] {dagbag.py:545} INFO - Filling up the DagBag from /opt/airflow/dags/xcom_dags.py
[2024-07-18T05:58:21.864+0000] {processor.py:840} INFO - DAG(s) 'xcom_dag' retrieved from /opt/airflow/dags/xcom_dags.py
[2024-07-18T05:58:21.881+0000] {logging_mixin.py:188} INFO - [2024-07-18T05:58:21.881+0000] {dag.py:3096} INFO - Sync 1 DAGs
[2024-07-18T05:58:21.894+0000] {logging_mixin.py:188} INFO - [2024-07-18T05:58:21.894+0000] {dag.py:3954} INFO - Setting next_dagrun for xcom_dag to 2024-07-18 00:00:00+00:00, run_after=2024-07-19 00:00:00+00:00
[2024-07-18T05:58:21.905+0000] {processor.py:183} INFO - Processing /opt/airflow/dags/xcom_dags.py took 0.078 seconds
[2024-07-18T05:58:52.357+0000] {processor.py:161} INFO - Started process (PID=143) to work on /opt/airflow/dags/xcom_dags.py
[2024-07-18T05:58:52.358+0000] {processor.py:830} INFO - Processing file /opt/airflow/dags/xcom_dags.py for tasks to queue
[2024-07-18T05:58:52.359+0000] {logging_mixin.py:188} INFO - [2024-07-18T05:58:52.359+0000] {dagbag.py:545} INFO - Filling up the DagBag from /opt/airflow/dags/xcom_dags.py
[2024-07-18T05:58:52.374+0000] {processor.py:840} INFO - DAG(s) 'xcom_dag' retrieved from /opt/airflow/dags/xcom_dags.py
[2024-07-18T05:58:52.389+0000] {logging_mixin.py:188} INFO - [2024-07-18T05:58:52.389+0000] {dag.py:3096} INFO - Sync 1 DAGs
[2024-07-18T05:58:52.419+0000] {logging_mixin.py:188} INFO - [2024-07-18T05:58:52.419+0000] {dag.py:3954} INFO - Setting next_dagrun for xcom_dag to 2024-07-18 00:00:00+00:00, run_after=2024-07-19 00:00:00+00:00
[2024-07-18T05:58:52.433+0000] {processor.py:183} INFO - Processing /opt/airflow/dags/xcom_dags.py took 0.083 seconds
[2024-07-18T05:59:22.866+0000] {processor.py:161} INFO - Started process (PID=158) to work on /opt/airflow/dags/xcom_dags.py
[2024-07-18T05:59:22.867+0000] {processor.py:830} INFO - Processing file /opt/airflow/dags/xcom_dags.py for tasks to queue
[2024-07-18T05:59:22.868+0000] {logging_mixin.py:188} INFO - [2024-07-18T05:59:22.868+0000] {dagbag.py:545} INFO - Filling up the DagBag from /opt/airflow/dags/xcom_dags.py
[2024-07-18T05:59:22.877+0000] {processor.py:840} INFO - DAG(s) 'xcom_dag' retrieved from /opt/airflow/dags/xcom_dags.py
[2024-07-18T05:59:22.889+0000] {logging_mixin.py:188} INFO - [2024-07-18T05:59:22.889+0000] {dag.py:3096} INFO - Sync 1 DAGs
[2024-07-18T05:59:22.899+0000] {logging_mixin.py:188} INFO - [2024-07-18T05:59:22.899+0000] {dag.py:3954} INFO - Setting next_dagrun for xcom_dag to 2024-07-18 00:00:00+00:00, run_after=2024-07-19 00:00:00+00:00
[2024-07-18T05:59:22.906+0000] {processor.py:183} INFO - Processing /opt/airflow/dags/xcom_dags.py took 0.044 seconds
[2024-07-18T05:59:53.351+0000] {processor.py:161} INFO - Started process (PID=173) to work on /opt/airflow/dags/xcom_dags.py
[2024-07-18T05:59:53.352+0000] {processor.py:830} INFO - Processing file /opt/airflow/dags/xcom_dags.py for tasks to queue
[2024-07-18T05:59:53.354+0000] {logging_mixin.py:188} INFO - [2024-07-18T05:59:53.353+0000] {dagbag.py:545} INFO - Filling up the DagBag from /opt/airflow/dags/xcom_dags.py
[2024-07-18T05:59:53.367+0000] {processor.py:840} INFO - DAG(s) 'xcom_dag' retrieved from /opt/airflow/dags/xcom_dags.py
[2024-07-18T05:59:53.382+0000] {logging_mixin.py:188} INFO - [2024-07-18T05:59:53.382+0000] {dag.py:3096} INFO - Sync 1 DAGs
[2024-07-18T05:59:53.395+0000] {logging_mixin.py:188} INFO - [2024-07-18T05:59:53.395+0000] {dag.py:3954} INFO - Setting next_dagrun for xcom_dag to 2024-07-18 00:00:00+00:00, run_after=2024-07-19 00:00:00+00:00
[2024-07-18T05:59:53.407+0000] {processor.py:183} INFO - Processing /opt/airflow/dags/xcom_dags.py took 0.060 seconds
[2024-07-18T06:00:23.889+0000] {processor.py:161} INFO - Started process (PID=194) to work on /opt/airflow/dags/xcom_dags.py
[2024-07-18T06:00:23.890+0000] {processor.py:830} INFO - Processing file /opt/airflow/dags/xcom_dags.py for tasks to queue
[2024-07-18T06:00:23.891+0000] {logging_mixin.py:188} INFO - [2024-07-18T06:00:23.891+0000] {dagbag.py:545} INFO - Filling up the DagBag from /opt/airflow/dags/xcom_dags.py
[2024-07-18T06:00:23.901+0000] {processor.py:840} INFO - DAG(s) 'xcom_dag' retrieved from /opt/airflow/dags/xcom_dags.py
[2024-07-18T06:00:23.914+0000] {logging_mixin.py:188} INFO - [2024-07-18T06:00:23.914+0000] {dag.py:3096} INFO - Sync 1 DAGs
[2024-07-18T06:00:23.926+0000] {logging_mixin.py:188} INFO - [2024-07-18T06:00:23.926+0000] {dag.py:3954} INFO - Setting next_dagrun for xcom_dag to 2024-07-18 00:00:00+00:00, run_after=2024-07-19 00:00:00+00:00
[2024-07-18T06:00:23.934+0000] {processor.py:183} INFO - Processing /opt/airflow/dags/xcom_dags.py took 0.050 seconds
[2024-07-18T06:00:54.325+0000] {processor.py:161} INFO - Started process (PID=209) to work on /opt/airflow/dags/xcom_dags.py
[2024-07-18T06:00:54.329+0000] {processor.py:830} INFO - Processing file /opt/airflow/dags/xcom_dags.py for tasks to queue
[2024-07-18T06:00:54.333+0000] {logging_mixin.py:188} INFO - [2024-07-18T06:00:54.332+0000] {dagbag.py:545} INFO - Filling up the DagBag from /opt/airflow/dags/xcom_dags.py
[2024-07-18T06:00:54.353+0000] {processor.py:840} INFO - DAG(s) 'xcom_dag' retrieved from /opt/airflow/dags/xcom_dags.py
[2024-07-18T06:00:54.377+0000] {logging_mixin.py:188} INFO - [2024-07-18T06:00:54.375+0000] {dag.py:3096} INFO - Sync 1 DAGs
[2024-07-18T06:00:54.388+0000] {logging_mixin.py:188} INFO - [2024-07-18T06:00:54.388+0000] {dag.py:3954} INFO - Setting next_dagrun for xcom_dag to 2024-07-18 00:00:00+00:00, run_after=2024-07-19 00:00:00+00:00
[2024-07-18T06:00:54.401+0000] {processor.py:183} INFO - Processing /opt/airflow/dags/xcom_dags.py took 0.080 seconds
[2024-07-18T06:01:24.869+0000] {processor.py:161} INFO - Started process (PID=224) to work on /opt/airflow/dags/xcom_dags.py
[2024-07-18T06:01:24.870+0000] {processor.py:830} INFO - Processing file /opt/airflow/dags/xcom_dags.py for tasks to queue
[2024-07-18T06:01:24.872+0000] {logging_mixin.py:188} INFO - [2024-07-18T06:01:24.872+0000] {dagbag.py:545} INFO - Filling up the DagBag from /opt/airflow/dags/xcom_dags.py
[2024-07-18T06:01:24.885+0000] {processor.py:840} INFO - DAG(s) 'xcom_dag' retrieved from /opt/airflow/dags/xcom_dags.py
[2024-07-18T06:01:24.920+0000] {logging_mixin.py:188} INFO - [2024-07-18T06:01:24.919+0000] {dag.py:3096} INFO - Sync 1 DAGs
[2024-07-18T06:01:24.935+0000] {logging_mixin.py:188} INFO - [2024-07-18T06:01:24.935+0000] {dag.py:3954} INFO - Setting next_dagrun for xcom_dag to 2024-07-18 00:00:00+00:00, run_after=2024-07-19 00:00:00+00:00
[2024-07-18T06:01:24.945+0000] {processor.py:183} INFO - Processing /opt/airflow/dags/xcom_dags.py took 0.081 seconds
[2024-07-18T06:01:55.395+0000] {processor.py:161} INFO - Started process (PID=239) to work on /opt/airflow/dags/xcom_dags.py
[2024-07-18T06:01:55.396+0000] {processor.py:830} INFO - Processing file /opt/airflow/dags/xcom_dags.py for tasks to queue
[2024-07-18T06:01:55.399+0000] {logging_mixin.py:188} INFO - [2024-07-18T06:01:55.398+0000] {dagbag.py:545} INFO - Filling up the DagBag from /opt/airflow/dags/xcom_dags.py
[2024-07-18T06:01:55.415+0000] {processor.py:840} INFO - DAG(s) 'xcom_dag' retrieved from /opt/airflow/dags/xcom_dags.py
[2024-07-18T06:01:55.444+0000] {logging_mixin.py:188} INFO - [2024-07-18T06:01:55.444+0000] {dag.py:3096} INFO - Sync 1 DAGs
[2024-07-18T06:01:55.457+0000] {logging_mixin.py:188} INFO - [2024-07-18T06:01:55.457+0000] {dag.py:3954} INFO - Setting next_dagrun for xcom_dag to 2024-07-18 00:00:00+00:00, run_after=2024-07-19 00:00:00+00:00
[2024-07-18T06:01:55.475+0000] {processor.py:183} INFO - Processing /opt/airflow/dags/xcom_dags.py took 0.088 seconds
[2024-07-18T06:02:25.915+0000] {processor.py:161} INFO - Started process (PID=254) to work on /opt/airflow/dags/xcom_dags.py
[2024-07-18T06:02:25.916+0000] {processor.py:830} INFO - Processing file /opt/airflow/dags/xcom_dags.py for tasks to queue
[2024-07-18T06:02:25.922+0000] {logging_mixin.py:188} INFO - [2024-07-18T06:02:25.922+0000] {dagbag.py:545} INFO - Filling up the DagBag from /opt/airflow/dags/xcom_dags.py
[2024-07-18T06:02:25.936+0000] {processor.py:840} INFO - DAG(s) 'xcom_dag' retrieved from /opt/airflow/dags/xcom_dags.py
[2024-07-18T06:02:25.952+0000] {logging_mixin.py:188} INFO - [2024-07-18T06:02:25.951+0000] {dag.py:3096} INFO - Sync 1 DAGs
[2024-07-18T06:02:25.964+0000] {logging_mixin.py:188} INFO - [2024-07-18T06:02:25.964+0000] {dag.py:3954} INFO - Setting next_dagrun for xcom_dag to 2024-07-18 00:00:00+00:00, run_after=2024-07-19 00:00:00+00:00
[2024-07-18T06:02:25.976+0000] {processor.py:183} INFO - Processing /opt/airflow/dags/xcom_dags.py took 0.065 seconds
[2024-07-18T06:02:56.442+0000] {processor.py:161} INFO - Started process (PID=269) to work on /opt/airflow/dags/xcom_dags.py
[2024-07-18T06:02:56.443+0000] {processor.py:830} INFO - Processing file /opt/airflow/dags/xcom_dags.py for tasks to queue
[2024-07-18T06:02:56.447+0000] {logging_mixin.py:188} INFO - [2024-07-18T06:02:56.446+0000] {dagbag.py:545} INFO - Filling up the DagBag from /opt/airflow/dags/xcom_dags.py
[2024-07-18T06:02:56.468+0000] {processor.py:840} INFO - DAG(s) 'xcom_dag' retrieved from /opt/airflow/dags/xcom_dags.py
[2024-07-18T06:02:56.493+0000] {logging_mixin.py:188} INFO - [2024-07-18T06:02:56.493+0000] {dag.py:3096} INFO - Sync 1 DAGs
[2024-07-18T06:02:56.510+0000] {logging_mixin.py:188} INFO - [2024-07-18T06:02:56.510+0000] {dag.py:3954} INFO - Setting next_dagrun for xcom_dag to 2024-07-18 00:00:00+00:00, run_after=2024-07-19 00:00:00+00:00
[2024-07-18T06:02:56.520+0000] {processor.py:183} INFO - Processing /opt/airflow/dags/xcom_dags.py took 0.092 seconds
[2024-07-18T06:03:27.035+0000] {processor.py:161} INFO - Started process (PID=285) to work on /opt/airflow/dags/xcom_dags.py
[2024-07-18T06:03:27.044+0000] {processor.py:830} INFO - Processing file /opt/airflow/dags/xcom_dags.py for tasks to queue
[2024-07-18T06:03:27.046+0000] {logging_mixin.py:188} INFO - [2024-07-18T06:03:27.046+0000] {dagbag.py:545} INFO - Filling up the DagBag from /opt/airflow/dags/xcom_dags.py
[2024-07-18T06:03:27.083+0000] {processor.py:840} INFO - DAG(s) 'xcom_dag' retrieved from /opt/airflow/dags/xcom_dags.py
[2024-07-18T06:03:27.147+0000] {logging_mixin.py:188} INFO - [2024-07-18T06:03:27.146+0000] {dag.py:3096} INFO - Sync 1 DAGs
[2024-07-18T06:03:27.195+0000] {logging_mixin.py:188} INFO - [2024-07-18T06:03:27.195+0000] {dag.py:3954} INFO - Setting next_dagrun for xcom_dag to 2024-07-18 00:00:00+00:00, run_after=2024-07-19 00:00:00+00:00
[2024-07-18T06:03:27.245+0000] {processor.py:183} INFO - Processing /opt/airflow/dags/xcom_dags.py took 0.223 seconds
[2024-07-18T06:03:57.841+0000] {processor.py:161} INFO - Started process (PID=299) to work on /opt/airflow/dags/xcom_dags.py
[2024-07-18T06:03:57.852+0000] {processor.py:830} INFO - Processing file /opt/airflow/dags/xcom_dags.py for tasks to queue
[2024-07-18T06:03:57.853+0000] {logging_mixin.py:188} INFO - [2024-07-18T06:03:57.853+0000] {dagbag.py:545} INFO - Filling up the DagBag from /opt/airflow/dags/xcom_dags.py
[2024-07-18T06:03:57.869+0000] {processor.py:840} INFO - DAG(s) 'xcom_dag' retrieved from /opt/airflow/dags/xcom_dags.py
[2024-07-18T06:03:57.884+0000] {logging_mixin.py:188} INFO - [2024-07-18T06:03:57.884+0000] {dag.py:3096} INFO - Sync 1 DAGs
[2024-07-18T06:03:57.896+0000] {logging_mixin.py:188} INFO - [2024-07-18T06:03:57.896+0000] {dag.py:3954} INFO - Setting next_dagrun for xcom_dag to 2024-07-18 00:00:00+00:00, run_after=2024-07-19 00:00:00+00:00
[2024-07-18T06:03:57.910+0000] {processor.py:183} INFO - Processing /opt/airflow/dags/xcom_dags.py took 0.071 seconds
[2024-07-18T06:04:28.522+0000] {processor.py:161} INFO - Started process (PID=314) to work on /opt/airflow/dags/xcom_dags.py
[2024-07-18T06:04:28.523+0000] {processor.py:830} INFO - Processing file /opt/airflow/dags/xcom_dags.py for tasks to queue
[2024-07-18T06:04:28.525+0000] {logging_mixin.py:188} INFO - [2024-07-18T06:04:28.525+0000] {dagbag.py:545} INFO - Filling up the DagBag from /opt/airflow/dags/xcom_dags.py
[2024-07-18T06:04:28.540+0000] {processor.py:840} INFO - DAG(s) 'xcom_dag' retrieved from /opt/airflow/dags/xcom_dags.py
[2024-07-18T06:04:28.556+0000] {logging_mixin.py:188} INFO - [2024-07-18T06:04:28.556+0000] {dag.py:3096} INFO - Sync 1 DAGs
[2024-07-18T06:04:28.570+0000] {logging_mixin.py:188} INFO - [2024-07-18T06:04:28.570+0000] {dag.py:3954} INFO - Setting next_dagrun for xcom_dag to 2024-07-18 00:00:00+00:00, run_after=2024-07-19 00:00:00+00:00
[2024-07-18T06:04:28.579+0000] {processor.py:183} INFO - Processing /opt/airflow/dags/xcom_dags.py took 0.065 seconds
[2024-07-18T06:04:59.106+0000] {processor.py:161} INFO - Started process (PID=329) to work on /opt/airflow/dags/xcom_dags.py
[2024-07-18T06:04:59.107+0000] {processor.py:830} INFO - Processing file /opt/airflow/dags/xcom_dags.py for tasks to queue
[2024-07-18T06:04:59.109+0000] {logging_mixin.py:188} INFO - [2024-07-18T06:04:59.109+0000] {dagbag.py:545} INFO - Filling up the DagBag from /opt/airflow/dags/xcom_dags.py
[2024-07-18T06:04:59.121+0000] {processor.py:840} INFO - DAG(s) 'xcom_dag' retrieved from /opt/airflow/dags/xcom_dags.py
[2024-07-18T06:04:59.137+0000] {logging_mixin.py:188} INFO - [2024-07-18T06:04:59.137+0000] {dag.py:3096} INFO - Sync 1 DAGs
[2024-07-18T06:04:59.149+0000] {logging_mixin.py:188} INFO - [2024-07-18T06:04:59.149+0000] {dag.py:3954} INFO - Setting next_dagrun for xcom_dag to 2024-07-18 00:00:00+00:00, run_after=2024-07-19 00:00:00+00:00
[2024-07-18T06:04:59.157+0000] {processor.py:183} INFO - Processing /opt/airflow/dags/xcom_dags.py took 0.056 seconds
[2024-07-18T06:05:29.594+0000] {processor.py:161} INFO - Started process (PID=344) to work on /opt/airflow/dags/xcom_dags.py
[2024-07-18T06:05:29.594+0000] {processor.py:830} INFO - Processing file /opt/airflow/dags/xcom_dags.py for tasks to queue
[2024-07-18T06:05:29.596+0000] {logging_mixin.py:188} INFO - [2024-07-18T06:05:29.595+0000] {dagbag.py:545} INFO - Filling up the DagBag from /opt/airflow/dags/xcom_dags.py
[2024-07-18T06:05:29.605+0000] {processor.py:840} INFO - DAG(s) 'xcom_dag' retrieved from /opt/airflow/dags/xcom_dags.py
[2024-07-18T06:05:29.617+0000] {logging_mixin.py:188} INFO - [2024-07-18T06:05:29.617+0000] {dag.py:3096} INFO - Sync 1 DAGs
[2024-07-18T06:05:29.627+0000] {logging_mixin.py:188} INFO - [2024-07-18T06:05:29.627+0000] {dag.py:3954} INFO - Setting next_dagrun for xcom_dag to 2024-07-18 00:00:00+00:00, run_after=2024-07-19 00:00:00+00:00
[2024-07-18T06:05:29.635+0000] {processor.py:183} INFO - Processing /opt/airflow/dags/xcom_dags.py took 0.045 seconds
[2024-07-18T06:06:00.090+0000] {processor.py:161} INFO - Started process (PID=359) to work on /opt/airflow/dags/xcom_dags.py
[2024-07-18T06:06:00.091+0000] {processor.py:830} INFO - Processing file /opt/airflow/dags/xcom_dags.py for tasks to queue
[2024-07-18T06:06:00.093+0000] {logging_mixin.py:188} INFO - [2024-07-18T06:06:00.093+0000] {dagbag.py:545} INFO - Filling up the DagBag from /opt/airflow/dags/xcom_dags.py
[2024-07-18T06:06:00.110+0000] {processor.py:840} INFO - DAG(s) 'xcom_dag' retrieved from /opt/airflow/dags/xcom_dags.py
[2024-07-18T06:06:00.126+0000] {logging_mixin.py:188} INFO - [2024-07-18T06:06:00.126+0000] {dag.py:3096} INFO - Sync 1 DAGs
[2024-07-18T06:06:00.140+0000] {logging_mixin.py:188} INFO - [2024-07-18T06:06:00.140+0000] {dag.py:3954} INFO - Setting next_dagrun for xcom_dag to 2024-07-18 00:00:00+00:00, run_after=2024-07-19 00:00:00+00:00
[2024-07-18T06:06:00.151+0000] {processor.py:183} INFO - Processing /opt/airflow/dags/xcom_dags.py took 0.070 seconds
[2024-07-18T06:06:30.624+0000] {processor.py:161} INFO - Started process (PID=374) to work on /opt/airflow/dags/xcom_dags.py
[2024-07-18T06:06:30.625+0000] {processor.py:830} INFO - Processing file /opt/airflow/dags/xcom_dags.py for tasks to queue
[2024-07-18T06:06:30.626+0000] {logging_mixin.py:188} INFO - [2024-07-18T06:06:30.626+0000] {dagbag.py:545} INFO - Filling up the DagBag from /opt/airflow/dags/xcom_dags.py
[2024-07-18T06:06:30.644+0000] {processor.py:840} INFO - DAG(s) 'xcom_dag' retrieved from /opt/airflow/dags/xcom_dags.py
[2024-07-18T06:06:30.663+0000] {logging_mixin.py:188} INFO - [2024-07-18T06:06:30.663+0000] {dag.py:3096} INFO - Sync 1 DAGs
[2024-07-18T06:06:30.682+0000] {logging_mixin.py:188} INFO - [2024-07-18T06:06:30.682+0000] {dag.py:3954} INFO - Setting next_dagrun for xcom_dag to 2024-07-18 00:00:00+00:00, run_after=2024-07-19 00:00:00+00:00
[2024-07-18T06:06:30.691+0000] {processor.py:183} INFO - Processing /opt/airflow/dags/xcom_dags.py took 0.073 seconds
[2024-07-18T06:07:00.864+0000] {processor.py:161} INFO - Started process (PID=388) to work on /opt/airflow/dags/xcom_dags.py
[2024-07-18T06:07:00.864+0000] {processor.py:830} INFO - Processing file /opt/airflow/dags/xcom_dags.py for tasks to queue
[2024-07-18T06:07:00.866+0000] {logging_mixin.py:188} INFO - [2024-07-18T06:07:00.866+0000] {dagbag.py:545} INFO - Filling up the DagBag from /opt/airflow/dags/xcom_dags.py
[2024-07-18T06:07:00.879+0000] {processor.py:840} INFO - DAG(s) 'xcom_dag' retrieved from /opt/airflow/dags/xcom_dags.py
[2024-07-18T06:07:00.896+0000] {logging_mixin.py:188} INFO - [2024-07-18T06:07:00.896+0000] {dag.py:3096} INFO - Sync 1 DAGs
[2024-07-18T06:07:00.909+0000] {logging_mixin.py:188} INFO - [2024-07-18T06:07:00.909+0000] {dag.py:3954} INFO - Setting next_dagrun for xcom_dag to 2024-07-18 00:00:00+00:00, run_after=2024-07-19 00:00:00+00:00
[2024-07-18T06:07:00.917+0000] {processor.py:183} INFO - Processing /opt/airflow/dags/xcom_dags.py took 0.058 seconds
[2024-07-18T06:07:31.345+0000] {processor.py:161} INFO - Started process (PID=403) to work on /opt/airflow/dags/xcom_dags.py
[2024-07-18T06:07:31.346+0000] {processor.py:830} INFO - Processing file /opt/airflow/dags/xcom_dags.py for tasks to queue
[2024-07-18T06:07:31.348+0000] {logging_mixin.py:188} INFO - [2024-07-18T06:07:31.348+0000] {dagbag.py:545} INFO - Filling up the DagBag from /opt/airflow/dags/xcom_dags.py
[2024-07-18T06:07:31.370+0000] {processor.py:840} INFO - DAG(s) 'xcom_dag' retrieved from /opt/airflow/dags/xcom_dags.py
[2024-07-18T06:07:31.411+0000] {logging_mixin.py:188} INFO - [2024-07-18T06:07:31.411+0000] {dag.py:3096} INFO - Sync 1 DAGs
[2024-07-18T06:07:31.428+0000] {logging_mixin.py:188} INFO - [2024-07-18T06:07:31.427+0000] {dag.py:3954} INFO - Setting next_dagrun for xcom_dag to 2024-07-18 00:00:00+00:00, run_after=2024-07-19 00:00:00+00:00
[2024-07-18T06:07:31.437+0000] {processor.py:183} INFO - Processing /opt/airflow/dags/xcom_dags.py took 0.103 seconds
[2024-07-18T06:08:01.909+0000] {processor.py:161} INFO - Started process (PID=418) to work on /opt/airflow/dags/xcom_dags.py
[2024-07-18T06:08:01.909+0000] {processor.py:830} INFO - Processing file /opt/airflow/dags/xcom_dags.py for tasks to queue
[2024-07-18T06:08:01.911+0000] {logging_mixin.py:188} INFO - [2024-07-18T06:08:01.911+0000] {dagbag.py:545} INFO - Filling up the DagBag from /opt/airflow/dags/xcom_dags.py
[2024-07-18T06:08:01.926+0000] {processor.py:840} INFO - DAG(s) 'xcom_dag' retrieved from /opt/airflow/dags/xcom_dags.py
[2024-07-18T06:08:01.948+0000] {logging_mixin.py:188} INFO - [2024-07-18T06:08:01.948+0000] {dag.py:3096} INFO - Sync 1 DAGs
[2024-07-18T06:08:01.962+0000] {logging_mixin.py:188} INFO - [2024-07-18T06:08:01.962+0000] {dag.py:3954} INFO - Setting next_dagrun for xcom_dag to 2024-07-18 00:00:00+00:00, run_after=2024-07-19 00:00:00+00:00
[2024-07-18T06:08:01.974+0000] {processor.py:183} INFO - Processing /opt/airflow/dags/xcom_dags.py took 0.072 seconds
[2024-07-18T06:21:11.982+0000] {processor.py:161} INFO - Started process (PID=25) to work on /opt/airflow/dags/xcom_dags.py
[2024-07-18T06:21:11.999+0000] {processor.py:830} INFO - Processing file /opt/airflow/dags/xcom_dags.py for tasks to queue
[2024-07-18T06:21:12.016+0000] {logging_mixin.py:188} INFO - [2024-07-18T06:21:12.016+0000] {dagbag.py:545} INFO - Filling up the DagBag from /opt/airflow/dags/xcom_dags.py
[2024-07-18T06:21:12.053+0000] {processor.py:840} INFO - DAG(s) 'xcom_dag' retrieved from /opt/airflow/dags/xcom_dags.py
[2024-07-18T06:21:12.489+0000] {logging_mixin.py:188} INFO - [2024-07-18T06:21:12.489+0000] {dag.py:3096} INFO - Sync 1 DAGs
[2024-07-18T06:21:12.548+0000] {logging_mixin.py:188} INFO - [2024-07-18T06:21:12.548+0000] {dag.py:3954} INFO - Setting next_dagrun for xcom_dag to 2024-07-18 00:00:00+00:00, run_after=2024-07-19 00:00:00+00:00
[2024-07-18T06:21:12.595+0000] {processor.py:183} INFO - Processing /opt/airflow/dags/xcom_dags.py took 0.617 seconds
