[2024-07-16T10:22:11.047+0000] {local_task_job_runner.py:120} INFO - ::group::Pre task execution logs
[2024-07-16T10:22:11.057+0000] {taskinstance.py:2076} INFO - Dependencies all met for dep_context=non-requeueable deps ti=<TaskInstance: xcom_dag.t4 manual__2024-07-16T10:22:06.767756+00:00 [queued]>
[2024-07-16T10:22:11.061+0000] {taskinstance.py:2076} INFO - Dependencies all met for dep_context=requeueable deps ti=<TaskInstance: xcom_dag.t4 manual__2024-07-16T10:22:06.767756+00:00 [queued]>
[2024-07-16T10:22:11.062+0000] {taskinstance.py:2306} INFO - Starting attempt 1 of 1
[2024-07-16T10:22:11.069+0000] {taskinstance.py:2330} INFO - Executing <Task(BashOperator): t4> on 2024-07-16 10:22:06.767756+00:00
[2024-07-16T10:22:11.072+0000] {warnings.py:112} WARNING - /home/***/.local/lib/python3.12/site-packages/***/task/task_runner/standard_task_runner.py:61: DeprecationWarning: This process (pid=2079) is multi-threaded, use of fork() may lead to deadlocks in the child.
  pid = os.fork()

[2024-07-16T10:22:11.073+0000] {standard_task_runner.py:63} INFO - Started process 2080 to run task
[2024-07-16T10:22:11.073+0000] {standard_task_runner.py:90} INFO - Running: ['***', 'tasks', 'run', 'xcom_dag', 't4', 'manual__2024-07-16T10:22:06.767756+00:00', '--job-id', '113', '--raw', '--subdir', 'DAGS_FOLDER/xcom_dags.py', '--cfg-path', '/tmp/tmpho5ta1wi']
[2024-07-16T10:22:11.074+0000] {standard_task_runner.py:91} INFO - Job 113: Subtask t4
[2024-07-16T10:22:11.095+0000] {task_command.py:426} INFO - Running <TaskInstance: xcom_dag.t4 manual__2024-07-16T10:22:06.767756+00:00 [running]> on host 2f80c3cf662d
[2024-07-16T10:22:11.135+0000] {taskinstance.py:2648} INFO - Exporting env vars: AIRFLOW_CTX_DAG_OWNER='***' AIRFLOW_CTX_DAG_ID='xcom_dag' AIRFLOW_CTX_TASK_ID='t4' AIRFLOW_CTX_EXECUTION_DATE='2024-07-16T10:22:06.767756+00:00' AIRFLOW_CTX_TRY_NUMBER='1' AIRFLOW_CTX_DAG_RUN_ID='manual__2024-07-16T10:22:06.767756+00:00'
[2024-07-16T10:22:11.136+0000] {taskinstance.py:430} INFO - ::endgroup::
[2024-07-16T10:22:11.142+0000] {subprocess.py:63} INFO - Tmp dir root location: /tmp
[2024-07-16T10:22:11.143+0000] {subprocess.py:75} INFO - Running command: ['/usr/bin/bash', '-c', "echo ''"]
[2024-07-16T10:22:11.149+0000] {subprocess.py:86} INFO - Output:
[2024-07-16T10:22:11.150+0000] {subprocess.py:93} INFO - 
[2024-07-16T10:22:11.151+0000] {subprocess.py:97} INFO - Command exited with return code 0
[2024-07-16T10:22:11.151+0000] {taskinstance.py:441} INFO - ::group::Post task execution logs
[2024-07-16T10:22:11.166+0000] {taskinstance.py:1206} INFO - Marking task as SUCCESS. dag_id=xcom_dag, task_id=t4, run_id=manual__2024-07-16T10:22:06.767756+00:00, execution_date=20240716T102206, start_date=20240716T102211, end_date=20240716T102211
[2024-07-16T10:22:11.207+0000] {local_task_job_runner.py:240} INFO - Task exited with return code 0
[2024-07-16T10:22:11.216+0000] {taskinstance.py:3503} INFO - 0 downstream tasks scheduled from follow-on schedule check
[2024-07-16T10:22:11.217+0000] {local_task_job_runner.py:222} INFO - ::endgroup::
