mode: count
fmt/errors.go:22.44,28.28 6 17
fmt/errors.go:29.9,30.22 1 4
fmt/errors.go:31.9,34.10 3 7
fmt/errors.go:35.10,36.18 1 6
fmt/errors.go:36.18,38.4 1 2
fmt/errors.go:39.3,40.40 2 6
fmt/errors.go:40.40,41.45 1 18
fmt/errors.go:41.45,42.13 1 2
fmt/errors.go:44.4,44.38 1 16
fmt/errors.go:44.38,46.5 1 14
fmt/errors.go:48.3,48.29 1 6
fmt/errors.go:50.2,51.12 2 17
fmt/errors.go:59.36,61.2 1 7
fmt/errors.go:63.36,65.2 1 7
fmt/errors.go:72.37,74.2 1 6
fmt/errors.go:76.39,78.2 1 6
fmt/format.go:54.28,56.2 1 14286
fmt/format.go:58.33,61.2 2 6235
fmt/format.go:64.35,65.12 1 7217
fmt/format.go:65.12,67.3 1 25
fmt/format.go:68.2,72.23 4 7192
fmt/format.go:72.23,75.3 2 0
fmt/format.go:77.2,78.12 2 7192
fmt/format.go:78.12,80.3 1 1786
fmt/format.go:82.2,83.25 2 7192
fmt/format.go:83.25,85.3 1 38654
fmt/format.go:86.2,86.23 1 7192
fmt/format.go:90.29,91.33 1 8117
fmt/format.go:91.33,94.3 2 2582
fmt/format.go:95.2,96.14 2 5535
fmt/format.go:96.14,100.3 2 5463
fmt/format.go:100.8,104.3 2 72
fmt/format.go:108.35,109.33 1 239
fmt/format.go:109.33,112.3 2 221
fmt/format.go:113.2,114.14 2 18
fmt/format.go:114.14,118.3 2 12
fmt/format.go:118.8,122.3 2 6
fmt/format.go:126.34,127.7 1 11
fmt/format.go:127.7,129.3 1 9
fmt/format.go:129.8,131.3 1 2
fmt/format.go:135.36,142.33 3 22
fmt/format.go:142.33,146.23 3 6
fmt/format.go:146.23,148.4 1 2
fmt/format.go:152.2,155.62 2 22
fmt/format.go:155.62,164.3 8 10
fmt/format.go:166.2,166.14 1 22
fmt/format.go:166.14,171.3 4 59
fmt/format.go:172.2,176.15 4 22
fmt/format.go:176.15,180.3 3 159
fmt/format.go:182.2,190.18 8 22
fmt/format.go:194.87,196.14 2 2143
fmt/format.go:196.14,198.3 1 21
fmt/format.go:200.2,203.35 2 2143
fmt/format.go:203.35,206.23 2 85
fmt/format.go:206.23,209.4 1 7
fmt/format.go:215.2,216.19 2 2143
fmt/format.go:216.19,219.26 2 27
fmt/format.go:219.26,225.4 5 5
fmt/format.go:226.8,226.35 1 2116
fmt/format.go:226.35,228.36 2 20
fmt/format.go:228.36,230.4 1 2
fmt/format.go:236.2,239.14 2 2138
fmt/format.go:240.10,241.15 1 2012
fmt/format.go:241.15,246.4 4 3323
fmt/format.go:247.10,248.15 1 90
fmt/format.go:248.15,252.4 3 271
fmt/format.go:253.9,254.14 1 23
fmt/format.go:254.14,258.4 3 78
fmt/format.go:259.9,260.14 1 13
fmt/format.go:260.14,264.4 3 222
fmt/format.go:265.10,266.43 1 0
fmt/format.go:268.2,270.33 3 2138
fmt/format.go:270.33,273.3 2 596
fmt/format.go:276.2,276.13 1 2138
fmt/format.go:276.13,277.15 1 91
fmt/format.go:278.10,283.16 4 2
fmt/format.go:284.10,285.21 1 9
fmt/format.go:285.21,288.5 2 8
fmt/format.go:289.11,294.16 4 74
fmt/format.go:297.2,297.17 1 2138
fmt/format.go:297.17,302.3 4 2
fmt/format.go:304.2,304.14 1 2138
fmt/format.go:304.14,307.3 2 21
fmt/format.go:307.8,307.19 1 2117
fmt/format.go:307.19,310.3 2 10
fmt/format.go:310.8,310.20 1 2107
fmt/format.go:310.20,313.3 2 14
fmt/format.go:317.2,320.18 4 2138
fmt/format.go:324.47,325.19 1 313
fmt/format.go:325.19,327.20 2 17
fmt/format.go:327.20,329.13 2 67
fmt/format.go:329.13,331.5 1 15
fmt/format.go:334.2,334.10 1 298
fmt/format.go:338.41,339.19 1 16
fmt/format.go:339.19,341.27 2 4
fmt/format.go:341.27,343.13 2 19
fmt/format.go:343.13,345.5 1 3
fmt/format.go:346.4,347.29 2 16
fmt/format.go:347.29,349.5 1 11
fmt/format.go:350.4,350.12 1 16
fmt/format.go:353.2,353.10 1 13
fmt/format.go:357.30,360.2 2 205
fmt/format.go:363.31,366.2 2 16
fmt/format.go:369.57,371.14 2 102
fmt/format.go:371.14,374.3 1 47
fmt/format.go:376.2,376.38 1 102
fmt/format.go:376.38,378.3 1 4
fmt/format.go:380.2,381.15 2 102
fmt/format.go:381.15,382.14 1 82
fmt/format.go:382.14,384.15 1 32
fmt/format.go:384.15,386.5 1 15
fmt/format.go:388.4,388.23 1 32
fmt/format.go:389.9,389.21 1 50
fmt/format.go:389.21,392.4 1 15
fmt/format.go:393.8,394.19 1 20
fmt/format.go:394.19,396.4 1 12
fmt/format.go:397.3,397.9 1 20
fmt/format.go:400.2,400.47 1 82
fmt/format.go:400.47,402.3 1 32
fmt/format.go:404.2,405.13 2 82
fmt/format.go:405.13,408.3 1 30
fmt/format.go:409.2,410.30 2 82
fmt/format.go:410.30,411.23 1 233
fmt/format.go:411.23,414.15 2 34
fmt/format.go:414.15,417.5 1 17
fmt/format.go:419.3,419.15 1 233
fmt/format.go:419.15,421.4 1 145
fmt/format.go:421.9,423.4 1 88
fmt/format.go:425.3,425.49 1 233
fmt/format.go:427.2,429.46 2 82
fmt/format.go:429.46,431.3 1 8
fmt/format.go:435.39,437.2 1 47
fmt/format.go:440.46,442.2 1 55
fmt/format.go:447.30,449.40 2 108
fmt/format.go:449.40,452.3 2 14
fmt/format.go:453.2,454.12 2 94
fmt/format.go:454.12,456.3 1 14
fmt/format.go:456.8,458.3 1 80
fmt/format.go:463.30,467.22 2 27
fmt/format.go:467.22,469.3 1 5
fmt/format.go:470.2,471.32 2 27
fmt/format.go:476.31,478.22 2 34
fmt/format.go:478.22,480.3 1 4
fmt/format.go:481.2,482.12 2 34
fmt/format.go:482.12,484.3 1 12
fmt/format.go:484.8,486.3 1 22
fmt/format.go:491.66,493.19 1 7393
fmt/format.go:493.19,495.3 1 7205
fmt/format.go:497.2,498.36 2 7393
fmt/format.go:498.36,500.3 1 3560
fmt/format.go:500.8,502.3 1 3833
fmt/format.go:505.2,505.41 1 7393
fmt/format.go:505.41,507.3 1 591
fmt/format.go:510.2,510.36 1 7393
fmt/format.go:510.36,514.43 3 3517
fmt/format.go:514.43,516.4 1 153
fmt/format.go:517.3,519.9 3 3517
fmt/format.go:523.2,523.28 1 3876
fmt/format.go:523.28,525.15 2 68
fmt/format.go:526.27,529.20 2 52
fmt/format.go:529.20,531.5 1 15
fmt/format.go:536.3,542.33 5 68
fmt/format.go:542.33,543.18 1 250
fmt/format.go:544.13,545.27 1 27
fmt/format.go:546.18,548.18 2 8
fmt/format.go:549.18,550.35 1 25
fmt/format.go:550.35,553.11 3 23
fmt/format.go:555.5,555.16 1 2
fmt/format.go:556.12,557.22 1 192
fmt/format.go:557.22,559.6 1 133
fmt/format.go:561.5,561.24 1 192
fmt/format.go:561.24,563.6 1 173
fmt/format.go:566.3,566.23 1 68
fmt/format.go:566.23,568.38 1 41
fmt/format.go:568.38,570.5 1 6
fmt/format.go:571.4,571.26 1 41
fmt/format.go:573.3,573.18 1 68
fmt/format.go:573.18,576.4 2 89
fmt/format.go:577.3,577.29 1 68
fmt/format.go:580.2,580.29 1 3876
fmt/format.go:580.29,583.49 1 3337
fmt/format.go:583.49,588.4 4 1607
fmt/format.go:589.3,590.9 2 1730
fmt/format.go:593.2,593.16 1 539
fmt/print.go:81.50,84.28 3 10
fmt/print.go:84.28,85.25 1 50
fmt/print.go:85.25,87.4 1 10
fmt/print.go:89.2,89.32 1 10
fmt/print.go:89.32,91.3 1 7
fmt/print.go:92.2,92.36 1 10
fmt/print.go:92.36,95.3 2 7
fmt/print.go:96.2,97.18 2 10
fmt/print.go:103.34,105.2 1 9740
fmt/print.go:107.40,109.2 1 7894
fmt/print.go:111.36,113.2 1 4240
fmt/print.go:115.37,117.2 1 8959
fmt/print.go:147.18,147.36 1 4
fmt/print.go:151.23,158.2 6 6235
fmt/print.go:161.21,169.26 1 6235
fmt/print.go:169.26,171.3 1 0
fmt/print.go:171.8,173.3 1 6235
fmt/print.go:174.2,174.28 1 6235
fmt/print.go:174.28,176.3 1 0
fmt/print.go:178.2,181.15 4 6235
fmt/print.go:184.41,184.79 1 60
fmt/print.go:186.46,186.86 1 60
fmt/print.go:188.31,189.11 1 7680
fmt/print.go:190.11,191.21 1 60
fmt/print.go:192.11,193.35 1 60
fmt/print.go:194.11,195.37 1 60
fmt/print.go:196.11,197.21 1 60
fmt/print.go:198.11,199.20 1 60
fmt/print.go:201.2,201.14 1 7380
fmt/print.go:206.51,209.2 2 16
fmt/print.go:213.57,216.2 2 63
fmt/print.go:222.71,228.2 5 1632
fmt/print.go:232.57,234.2 1 24
fmt/print.go:237.46,243.2 5 4543
fmt/print.go:247.56,253.2 5 1
fmt/print.go:260.55,266.2 5 15
fmt/print.go:271.41,273.2 1 4
fmt/print.go:277.30,283.2 5 12
fmt/print.go:287.40,293.2 5 1
fmt/print.go:302.57,308.2 5 9
fmt/print.go:313.43,315.2 1 8
fmt/print.go:319.32,325.2 5 4
fmt/print.go:330.42,336.2 5 1
fmt/print.go:341.53,343.53 2 54
fmt/print.go:343.53,345.3 1 3
fmt/print.go:346.2,346.12 1 54
fmt/print.go:351.27,354.2 2 16439
fmt/print.go:357.73,358.18 1 12571
fmt/print.go:358.18,360.3 1 1035
fmt/print.go:361.2,361.75 1 11536
fmt/print.go:361.75,362.20 1 16407
fmt/print.go:362.20,364.4 1 5
fmt/print.go:365.3,366.15 2 16402
fmt/print.go:368.2,368.8 1 11531
fmt/print.go:371.43,372.18 1 0
fmt/print.go:372.18,375.3 2 0
fmt/print.go:376.2,378.22 3 0
fmt/print.go:381.33,386.9 5 41
fmt/print.go:387.20,390.25 3 14
fmt/print.go:391.25,394.32 3 18
fmt/print.go:395.10,396.36 1 9
fmt/print.go:398.2,399.20 2 41
fmt/print.go:402.41,403.14 1 12
fmt/print.go:404.16,405.22 1 11
fmt/print.go:406.10,407.18 1 1
fmt/print.go:413.48,418.2 4 68
fmt/print.go:421.61,422.14 1 2168
fmt/print.go:423.11,424.32 1 207
fmt/print.go:424.32,426.4 1 26
fmt/print.go:426.9,428.4 1 181
fmt/print.go:429.11,430.51 1 1804
fmt/print.go:431.11,432.50 1 13
fmt/print.go:433.16,434.50 1 23
fmt/print.go:435.11,436.51 1 14
fmt/print.go:437.11,438.51 1 8
fmt/print.go:439.11,440.16 1 27
fmt/print.go:441.11,442.17 1 34
fmt/print.go:443.11,444.22 1 22
fmt/print.go:445.10,446.18 1 16
fmt/print.go:452.55,453.14 1 7396
fmt/print.go:454.11,455.35 1 62
fmt/print.go:456.31,457.36 1 2451
fmt/print.go:458.21,459.35 1 3721
fmt/print.go:460.11,461.34 1 1159
fmt/print.go:462.10,463.18 1 3
fmt/print.go:470.60,473.14 1 1827
fmt/print.go:474.56,482.23 7 1825
fmt/print.go:483.10,484.18 1 2
fmt/print.go:488.45,489.14 1 340
fmt/print.go:490.11,491.19 1 177
fmt/print.go:491.19,493.4 1 18
fmt/print.go:493.9,495.4 1 159
fmt/print.go:496.11,497.16 1 34
fmt/print.go:498.11,499.26 1 38
fmt/print.go:500.11,501.26 1 9
fmt/print.go:502.11,503.16 1 78
fmt/print.go:504.10,505.18 1 4
fmt/print.go:509.63,510.14 1 107
fmt/print.go:511.16,512.19 1 22
fmt/print.go:512.19,514.16 2 11
fmt/print.go:514.16,517.5 2 2
fmt/print.go:518.4,519.24 2 9
fmt/print.go:519.24,520.14 1 18
fmt/print.go:520.14,522.6 1 12
fmt/print.go:523.5,523.31 1 18
fmt/print.go:525.4,525.24 1 9
fmt/print.go:526.9,528.24 2 11
fmt/print.go:528.24,529.14 1 32
fmt/print.go:529.14,531.6 1 22
fmt/print.go:532.5,532.61 1 32
fmt/print.go:534.4,534.24 1 11
fmt/print.go:536.11,537.17 1 16
fmt/print.go:538.11,539.26 1 42
fmt/print.go:540.11,541.26 1 13
fmt/print.go:542.11,543.24 1 12
fmt/print.go:544.10,545.44 1 2
fmt/print.go:549.57,551.22 2 39
fmt/print.go:552.102,553.22 1 38
fmt/print.go:554.10,556.9 2 1
fmt/print.go:559.2,559.14 1 38
fmt/print.go:560.11,561.19 1 13
fmt/print.go:561.19,565.14 4 5
fmt/print.go:565.14,567.5 1 1
fmt/print.go:567.10,569.5 1 4
fmt/print.go:570.4,570.24 1 5
fmt/print.go:571.9,572.14 1 8
fmt/print.go:572.14,574.5 1 3
fmt/print.go:574.10,576.5 1 5
fmt/print.go:578.11,579.37 1 15
fmt/print.go:580.31,581.42 1 5
fmt/print.go:582.10,583.18 1 5
fmt/print.go:587.60,588.34 1 157
fmt/print.go:588.34,592.74 1 11
fmt/print.go:592.74,595.4 2 3
fmt/print.go:598.3,598.18 1 8
fmt/print.go:598.18,600.14 1 0
fmt/print.go:603.3,617.28 12 8
fmt/print.go:621.54,622.16 1 663
fmt/print.go:622.16,624.3 1 5
fmt/print.go:625.2,625.17 1 658
fmt/print.go:625.17,628.25 2 21
fmt/print.go:628.25,631.4 2 0
fmt/print.go:633.3,633.13 1 21
fmt/print.go:637.2,637.44 1 658
fmt/print.go:637.44,642.3 4 82
fmt/print.go:645.2,645.18 1 576
fmt/print.go:645.18,646.45 1 117
fmt/print.go:646.45,652.4 4 9
fmt/print.go:653.8,657.15 1 459
fmt/print.go:658.32,663.29 1 375
fmt/print.go:664.15,668.11 4 27
fmt/print.go:670.18,674.11 4 39
fmt/print.go:678.2,678.14 1 501
fmt/print.go:681.43,685.16 3 8132
fmt/print.go:685.16,686.15 1 15
fmt/print.go:687.17,688.35 1 6
fmt/print.go:689.11,690.19 1 9
fmt/print.go:692.3,692.9 1 15
fmt/print.go:697.2,697.14 1 8117
fmt/print.go:698.11,700.9 2 8
fmt/print.go:701.11,703.9 2 16
fmt/print.go:707.2,707.25 1 8093
fmt/print.go:708.12,709.21 1 5
fmt/print.go:710.15,711.35 1 14
fmt/print.go:712.15,713.26 1 3716
fmt/print.go:714.17,715.40 1 7
fmt/print.go:716.18,717.29 1 1810
fmt/print.go:718.11,719.40 1 1842
fmt/print.go:720.12,721.40 1 2
fmt/print.go:722.13,723.40 1 2
fmt/print.go:724.13,725.40 1 65
fmt/print.go:726.13,727.40 1 6
fmt/print.go:728.12,729.42 1 9
fmt/print.go:730.13,731.42 1 2
fmt/print.go:732.14,733.42 1 2
fmt/print.go:734.14,735.42 1 5
fmt/print.go:736.14,737.34 1 9
fmt/print.go:738.15,739.42 1 1
fmt/print.go:740.14,741.23 1 203
fmt/print.go:742.14,743.32 1 90
fmt/print.go:744.21,747.38 1 10
fmt/print.go:747.38,749.29 2 7
fmt/print.go:749.29,751.5 1 1
fmt/print.go:753.3,753.27 1 9
fmt/print.go:754.10,756.29 1 293
fmt/print.go:756.29,760.4 1 184
fmt/print.go:766.68,768.58 1 616
fmt/print.go:768.58,770.28 2 363
fmt/print.go:770.28,772.4 1 47
fmt/print.go:774.2,777.34 3 569
fmt/print.go:778.23,779.17 1 2
fmt/print.go:779.17,781.4 1 2
fmt/print.go:781.9,782.16 1 0
fmt/print.go:783.13,784.38 1 0
fmt/print.go:785.12,786.20 1 0
fmt/print.go:789.20,790.28 1 7
fmt/print.go:791.78,792.46 1 122
fmt/print.go:793.100,794.41 1 96
fmt/print.go:795.23,796.34 1 1
fmt/print.go:797.23,798.34 1 15
fmt/print.go:799.25,800.38 1 4
fmt/print.go:801.26,802.39 1 6
fmt/print.go:803.22,804.32 1 74
fmt/print.go:805.19,806.19 1 16
fmt/print.go:806.19,808.17 2 5
fmt/print.go:808.17,811.5 2 1
fmt/print.go:812.4,812.24 1 4
fmt/print.go:813.9,815.4 1 11
fmt/print.go:816.3,817.34 2 15
fmt/print.go:817.34,818.13 1 24
fmt/print.go:818.13,819.21 1 13
fmt/print.go:819.21,821.6 1 1
fmt/print.go:821.11,823.6 1 12
fmt/print.go:825.4,827.48 3 24
fmt/print.go:829.3,829.19 1 15
fmt/print.go:829.19,831.4 1 4
fmt/print.go:831.9,833.4 1 11
fmt/print.go:834.22,835.19 1 24
fmt/print.go:835.19,837.4 1 7
fmt/print.go:838.3,839.37 2 24
fmt/print.go:839.37,840.13 1 54
fmt/print.go:840.13,841.21 1 31
fmt/print.go:841.21,843.6 1 10
fmt/print.go:843.11,845.6 1 21
fmt/print.go:847.4,847.35 1 54
fmt/print.go:847.35,848.51 1 37
fmt/print.go:848.51,851.6 2 37
fmt/print.go:853.4,853.47 1 54
fmt/print.go:855.3,855.23 1 24
fmt/print.go:856.25,858.23 2 43
fmt/print.go:858.23,859.20 1 7
fmt/print.go:859.20,862.5 2 3
fmt/print.go:862.10,864.5 1 4
fmt/print.go:865.9,867.4 1 36
fmt/print.go:868.36,869.15 1 115
fmt/print.go:870.27,873.40 2 22
fmt/print.go:873.40,875.34 2 17
fmt/print.go:875.34,877.6 1 13
fmt/print.go:877.11,877.27 1 4
fmt/print.go:877.27,879.6 1 1
fmt/print.go:879.11,884.27 2 3
fmt/print.go:884.27,886.7 1 35
fmt/print.go:888.5,889.11 2 17
fmt/print.go:892.3,892.19 1 98
fmt/print.go:892.19,894.46 2 23
fmt/print.go:894.46,897.5 2 2
fmt/print.go:898.4,899.33 2 21
fmt/print.go:899.33,900.14 1 57
fmt/print.go:900.14,902.6 1 41
fmt/print.go:903.5,903.44 1 57
fmt/print.go:905.4,905.24 1 21
fmt/print.go:906.9,908.33 2 75
fmt/print.go:908.33,909.14 1 187
fmt/print.go:909.14,911.6 1 113
fmt/print.go:912.5,912.44 1 187
fmt/print.go:914.4,914.24 1 75
fmt/print.go:916.23,919.37 1 38
fmt/print.go:919.37,920.35 1 32
fmt/print.go:921.67,924.11 3 21
fmt/print.go:927.3,927.14 1 17
fmt/print.go:928.57,929.24 1 23
fmt/print.go:930.10,931.19 1 0
fmt/print.go:936.75,938.21 2 32
fmt/print.go:938.21,940.13 2 32
fmt/print.go:940.13,942.53 1 9
fmt/print.go:943.80,945.27 2 1
fmt/print.go:945.27,948.6 2 1
fmt/print.go:949.102,951.45 2 6
fmt/print.go:951.45,954.6 2 4
fmt/print.go:955.12,955.12 0 2
fmt/print.go:959.3,960.20 2 32
fmt/print.go:960.20,963.4 2 4
fmt/print.go:965.2,965.8 1 32
fmt/print.go:974.66,976.21 1 42
fmt/print.go:976.21,978.3 1 2
fmt/print.go:981.2,981.35 1 40
fmt/print.go:981.35,982.23 1 81
fmt/print.go:982.23,984.24 2 40
fmt/print.go:984.24,986.5 1 2
fmt/print.go:987.4,987.33 1 38
fmt/print.go:990.2,990.20 1 0
fmt/print.go:996.105,997.42 1 17109
fmt/print.go:997.42,999.3 1 17067
fmt/print.go:1000.2,1002.41 3 42
fmt/print.go:1002.41,1004.3 1 32
fmt/print.go:1005.2,1006.28 2 10
fmt/print.go:1009.35,1013.2 3 11
fmt/print.go:1015.36,1019.2 3 1
fmt/print.go:1021.47,1027.23 5 6193
fmt/print.go:1027.23,1030.35 3 9909
fmt/print.go:1030.35,1032.4 1 7675
fmt/print.go:1033.3,1033.16 1 9909
fmt/print.go:1033.16,1035.4 1 5401
fmt/print.go:1036.3,1036.15 1 9909
fmt/print.go:1036.15,1038.9 1 1876
fmt/print.go:1042.3,1047.22 3 8033
fmt/print.go:1047.22,1049.13 2 16444
fmt/print.go:1050.13,1051.23 1 218
fmt/print.go:1052.13,1053.30 1 2697
fmt/print.go:1054.13,1055.22 1 3584
fmt/print.go:1056.13,1058.23 2 95
fmt/print.go:1059.13,1060.23 1 1818
fmt/print.go:1061.12,1064.48 1 8032
fmt/print.go:1064.48,1065.15 1 2227
fmt/print.go:1066.15,1068.18 2 17
fmt/print.go:1069.15,1075.25 4 176
fmt/print.go:1077.6,1080.25 4 2227
fmt/print.go:1083.5,1083.23 1 5805
fmt/print.go:1088.3,1091.34 2 5806
fmt/print.go:1091.34,1095.25 3 21
fmt/print.go:1095.25,1097.5 1 3
fmt/print.go:1101.4,1101.21 1 21
fmt/print.go:1101.21,1105.5 3 2
fmt/print.go:1106.4,1106.22 1 21
fmt/print.go:1107.9,1109.38 2 5785
fmt/print.go:1109.38,1111.5 1 1
fmt/print.go:1115.3,1115.36 1 5806
fmt/print.go:1115.36,1117.18 2 5521
fmt/print.go:1117.18,1119.5 1 1
fmt/print.go:1120.4,1121.35 2 5521
fmt/print.go:1121.35,1125.23 3 11
fmt/print.go:1125.23,1128.6 2 1
fmt/print.go:1129.5,1129.27 1 11
fmt/print.go:1129.27,1131.6 1 6
fmt/print.go:1132.5,1132.23 1 11
fmt/print.go:1133.10,1135.27 2 5510
fmt/print.go:1135.27,1138.6 2 12
fmt/print.go:1142.3,1142.18 1 5806
fmt/print.go:1142.18,1144.4 1 5782
fmt/print.go:1146.3,1146.15 1 5806
fmt/print.go:1146.15,1148.9 2 10
fmt/print.go:1151.3,1152.28 2 5796
fmt/print.go:1152.28,1154.4 1 22
fmt/print.go:1155.3,1157.10 2 5796
fmt/print.go:1158.20,1159.24 1 1
fmt/print.go:1160.22,1161.21 1 11
fmt/print.go:1162.25,1163.22 1 1
fmt/print.go:1164.20,1166.15 2 8
fmt/print.go:1167.20,1174.15 5 42
fmt/print.go:1175.11,1177.12 2 5783
fmt/print.go:1184.2,1184.37 1 6193
fmt/print.go:1184.37,1187.34 3 10
fmt/print.go:1187.34,1188.13 1 10
fmt/print.go:1188.13,1190.5 1 0
fmt/print.go:1191.4,1191.18 1 10
fmt/print.go:1191.18,1193.5 1 1
fmt/print.go:1193.10,1197.5 3 9
fmt/print.go:1199.3,1199.23 1 10
fmt/print.go:1203.31,1205.29 2 28
fmt/print.go:1205.29,1208.45 2 53
fmt/print.go:1208.45,1210.4 1 3
fmt/print.go:1211.3,1212.24 2 53
fmt/print.go:1218.33,1219.29 1 14
fmt/print.go:1219.29,1220.17 1 38
fmt/print.go:1220.17,1222.4 1 24
fmt/print.go:1223.3,1223.23 1 38
fmt/print.go:1225.2,1225.23 1 14
fmt/scan.go:63.40,65.2 1 0
fmt/scan.go:69.42,71.2 1 0
fmt/scan.go:80.56,82.2 1 0
fmt/scan.go:86.58,89.12 3 1403
fmt/scan.go:89.12,91.3 1 96
fmt/scan.go:92.2,92.8 1 1403
fmt/scan.go:99.53,101.2 1 22
fmt/scan.go:105.55,107.2 1 7
fmt/scan.go:113.69,115.2 1 252
fmt/scan.go:121.54,126.2 4 1992
fmt/scan.go:130.56,135.2 4 357
fmt/scan.go:141.70,146.2 4 1162
fmt/scan.go:179.50,181.2 1 0
fmt/scan.go:183.55,184.38 1 3546588
fmt/scan.go:184.38,187.3 2 161
fmt/scan.go:189.2,190.16 2 3546427
fmt/scan.go:190.16,192.29 2 3545483
fmt/scan.go:192.29,194.4 1 674
fmt/scan.go:195.8,195.26 1 944
fmt/scan.go:195.26,197.3 1 944
fmt/scan.go:198.2,198.8 1 3546427
fmt/scan.go:201.41,202.25 1 0
fmt/scan.go:202.25,204.3 1 0
fmt/scan.go:205.2,205.23 1 0
fmt/scan.go:210.33,212.16 2 28630
fmt/scan.go:212.16,213.20 1 303
fmt/scan.go:213.20,215.4 1 303
fmt/scan.go:216.3,216.15 1 0
fmt/scan.go:218.2,218.8 1 28327
fmt/scan.go:224.38,226.14 2 1161
fmt/scan.go:226.14,228.3 1 4
fmt/scan.go:229.2,229.8 1 1157
fmt/scan.go:232.33,237.2 4 2258863
fmt/scan.go:239.31,240.23 1 10
fmt/scan.go:243.38,244.35 1 86
fmt/scan.go:247.79,248.15 1 30
fmt/scan.go:248.15,249.31 1 30
fmt/scan.go:249.31,250.35 1 0
fmt/scan.go:250.35,252.5 1 0
fmt/scan.go:252.10,253.13 1 0
fmt/scan.go:257.2,257.14 1 30
fmt/scan.go:257.14,259.3 1 12
fmt/scan.go:260.2,262.8 3 30
fmt/scan.go:280.27,281.16 1 1122501
fmt/scan.go:281.16,283.3 1 1048576
fmt/scan.go:284.2,285.28 2 73925
fmt/scan.go:285.28,286.18 1 640892
fmt/scan.go:286.18,288.4 1 19920
fmt/scan.go:289.3,289.19 1 620972
fmt/scan.go:289.19,291.4 1 713
fmt/scan.go:293.2,293.14 1 53292
fmt/scan.go:297.28,299.2 1 465
fmt/scan.go:314.51,315.19 1 4679
fmt/scan.go:315.19,320.3 4 3
fmt/scan.go:321.2,322.12 2 4676
fmt/scan.go:322.12,324.3 1 130
fmt/scan.go:325.2,325.26 1 4546
fmt/scan.go:330.62,331.21 1 9927
fmt/scan.go:331.21,336.3 4 5270
fmt/scan.go:337.2,338.16 2 4657
fmt/scan.go:338.16,340.3 1 127
fmt/scan.go:341.2,341.30 1 4530
fmt/scan.go:341.30,347.3 4 4514
fmt/scan.go:348.2,349.44 2 16
fmt/scan.go:349.44,351.17 2 22
fmt/scan.go:351.17,352.21 1 3
fmt/scan.go:352.21,354.10 2 3
fmt/scan.go:356.4,356.10 1 0
fmt/scan.go:359.2,360.14 2 16
fmt/scan.go:360.14,363.3 2 3
fmt/scan.go:365.2,366.8 2 16
fmt/scan.go:369.39,370.21 1 5623
fmt/scan.go:370.21,372.3 1 0
fmt/scan.go:374.2,375.12 2 5623
fmt/scan.go:379.18,379.36 1 801
fmt/scan.go:383.76,385.38 2 3511
fmt/scan.go:385.38,387.3 1 2632
fmt/scan.go:387.8,389.3 1 879
fmt/scan.go:390.2,398.8 9 3511
fmt/scan.go:402.30,404.19 1 3511
fmt/scan.go:404.19,407.3 2 0
fmt/scan.go:409.2,409.23 1 3511
fmt/scan.go:409.23,411.3 1 0
fmt/scan.go:412.2,414.15 3 3511
fmt/scan.go:420.26,421.6 1 4046
fmt/scan.go:421.6,423.15 2 4204
fmt/scan.go:423.15,425.4 1 81
fmt/scan.go:426.3,426.32 1 4123
fmt/scan.go:426.32,427.12 1 0
fmt/scan.go:429.3,429.16 1 4123
fmt/scan.go:429.16,430.19 1 8
fmt/scan.go:430.19,431.13 1 4
fmt/scan.go:433.4,434.10 2 4
fmt/scan.go:436.3,436.18 1 4115
fmt/scan.go:436.18,438.9 2 3961
fmt/scan.go:446.62,447.15 1 123
fmt/scan.go:447.15,449.3 1 123
fmt/scan.go:451.2,451.6 1 123
fmt/scan.go:451.6,453.15 2 582
fmt/scan.go:453.15,454.9 1 47
fmt/scan.go:456.3,456.12 1 535
fmt/scan.go:456.12,458.9 2 76
fmt/scan.go:460.3,460.21 1 459
fmt/scan.go:462.2,462.14 1 123
fmt/scan.go:468.38,469.22 1 17139
fmt/scan.go:469.22,470.13 1 80105
fmt/scan.go:470.13,472.4 1 8638
fmt/scan.go:474.2,474.11 1 8501
fmt/scan.go:479.51,481.14 2 14483
fmt/scan.go:481.14,483.3 1 93
fmt/scan.go:484.2,484.27 1 14390
fmt/scan.go:484.27,485.13 1 8345
fmt/scan.go:485.13,487.4 1 8341
fmt/scan.go:488.3,488.14 1 8345
fmt/scan.go:490.2,490.24 1 6045
fmt/scan.go:490.24,492.3 1 6045
fmt/scan.go:493.2,493.14 1 6045
fmt/scan.go:497.35,499.14 2 2477
fmt/scan.go:499.14,501.3 1 2471
fmt/scan.go:502.2,502.30 1 2477
fmt/scan.go:505.23,507.32 1 4981
fmt/scan.go:507.32,508.16 1 42
fmt/scan.go:510.2,510.16 1 4939
fmt/scan.go:515.37,517.2 1 14417
fmt/scan.go:520.58,521.28 1 2699
fmt/scan.go:521.28,522.16 1 17196
fmt/scan.go:522.16,524.4 1 2695
fmt/scan.go:526.2,527.14 2 4
fmt/scan.go:531.39,534.38 3 45
fmt/scan.go:534.38,536.3 1 0
fmt/scan.go:538.2,538.21 1 41
fmt/scan.go:539.11,540.15 1 0
fmt/scan.go:541.11,542.14 1 0
fmt/scan.go:543.16,544.61 1 19
fmt/scan.go:544.61,546.4 1 0
fmt/scan.go:547.3,547.14 1 19
fmt/scan.go:548.16,549.80 1 22
fmt/scan.go:549.80,551.4 1 0
fmt/scan.go:552.3,552.15 1 22
fmt/scan.go:554.2,554.14 1 0
fmt/scan.go:569.59,573.14 4 2326
fmt/scan.go:574.11,576.24 2 3
fmt/scan.go:577.11,579.23 2 5
fmt/scan.go:580.21,582.29 2 8
fmt/scan.go:584.2,584.8 1 2322
fmt/scan.go:588.64,589.17 1 2322
fmt/scan.go:589.17,591.24 2 2192
fmt/scan.go:591.24,593.4 1 0
fmt/scan.go:595.2,595.23 1 2322
fmt/scan.go:595.24,596.3 0 4209
fmt/scan.go:597.2,597.22 1 2322
fmt/scan.go:601.42,606.19 5 39
fmt/scan.go:606.19,608.3 1 4
fmt/scan.go:609.2,609.17 1 35
fmt/scan.go:615.73,616.18 1 2117
fmt/scan.go:616.18,618.3 1 1987
fmt/scan.go:619.2,621.9 2 130
fmt/scan.go:622.20,624.37 2 2
fmt/scan.go:625.20,627.36 2 26
fmt/scan.go:628.20,630.42 2 34
fmt/scan.go:631.10,632.36 1 68
fmt/scan.go:638.52,639.17 1 2193
fmt/scan.go:639.17,641.3 1 36
fmt/scan.go:642.2,646.17 5 2157
fmt/scan.go:646.17,647.55 1 1
fmt/scan.go:647.55,649.4 1 0
fmt/scan.go:650.8,652.18 2 2140
fmt/scan.go:652.18,654.4 1 1960
fmt/scan.go:656.2,658.16 3 2141
fmt/scan.go:658.16,660.3 1 0
fmt/scan.go:661.2,663.12 3 2141
fmt/scan.go:663.12,665.3 1 4
fmt/scan.go:666.2,666.10 1 2137
fmt/scan.go:671.54,672.17 1 188
fmt/scan.go:672.17,674.3 1 3
fmt/scan.go:675.2,679.17 5 185
fmt/scan.go:679.17,680.55 1 1
fmt/scan.go:680.55,682.4 1 0
fmt/scan.go:683.8,683.24 1 180
fmt/scan.go:683.24,685.3 1 157
fmt/scan.go:686.2,688.16 3 181
fmt/scan.go:688.16,690.3 1 0
fmt/scan.go:691.2,693.12 3 181
fmt/scan.go:693.12,695.3 1 2
fmt/scan.go:696.2,696.10 1 179
fmt/scan.go:702.34,705.56 2 273
fmt/scan.go:705.56,707.3 1 9
fmt/scan.go:709.2,711.56 2 264
fmt/scan.go:711.56,713.3 1 27
fmt/scan.go:714.2,716.37 3 237
fmt/scan.go:716.37,719.3 2 73
fmt/scan.go:721.2,721.23 1 237
fmt/scan.go:721.24,722.3 0 267
fmt/scan.go:724.2,724.22 1 237
fmt/scan.go:724.22,726.24 1 137
fmt/scan.go:726.25,727.4 0 200
fmt/scan.go:730.2,730.19 1 237
fmt/scan.go:730.19,734.37 2 184
fmt/scan.go:734.38,735.4 0 237
fmt/scan.go:737.2,737.22 1 237
fmt/scan.go:743.50,749.21 4 73
fmt/scan.go:749.21,751.3 1 0
fmt/scan.go:753.2,755.20 3 73
fmt/scan.go:755.20,757.3 1 0
fmt/scan.go:758.2,758.30 1 73
fmt/scan.go:758.30,760.3 1 0
fmt/scan.go:761.2,761.30 1 73
fmt/scan.go:764.26,765.30 1 101
fmt/scan.go:765.30,766.33 1 403
fmt/scan.go:766.33,768.4 1 65
fmt/scan.go:770.2,770.14 1 36
fmt/scan.go:774.54,778.52 1 272
fmt/scan.go:778.52,782.17 2 36
fmt/scan.go:782.17,784.44 1 0
fmt/scan.go:784.44,786.5 1 0
fmt/scan.go:787.4,787.16 1 0
fmt/scan.go:789.3,790.17 2 36
fmt/scan.go:790.17,792.44 1 0
fmt/scan.go:792.44,794.5 1 0
fmt/scan.go:795.4,795.16 1 0
fmt/scan.go:797.3,797.26 1 36
fmt/scan.go:799.2,800.16 2 236
fmt/scan.go:800.16,802.3 1 5
fmt/scan.go:803.2,803.10 1 231
fmt/scan.go:810.55,811.44 1 77
fmt/scan.go:811.44,813.3 1 0
fmt/scan.go:814.2,819.28 6 77
fmt/scan.go:824.52,825.40 1 128
fmt/scan.go:825.40,827.3 1 0
fmt/scan.go:828.2,830.14 3 128
fmt/scan.go:831.11,832.25 1 6
fmt/scan.go:833.16,834.22 1 12
fmt/scan.go:835.10,836.40 1 93
fmt/scan.go:838.2,838.8 1 110
fmt/scan.go:842.36,845.15 3 6
fmt/scan.go:846.11,848.7 1 2
fmt/scan.go:848.7,850.18 2 35
fmt/scan.go:850.18,851.10 1 2
fmt/scan.go:853.4,853.22 1 33
fmt/scan.go:855.3,855.23 1 2
fmt/scan.go:856.11,859.7 2 4
fmt/scan.go:859.7,862.17 3 57
fmt/scan.go:862.17,867.5 1 8
fmt/scan.go:867.10,867.23 1 49
fmt/scan.go:867.23,868.10 1 4
fmt/scan.go:871.3,872.17 2 4
fmt/scan.go:872.17,874.4 1 0
fmt/scan.go:875.3,875.16 1 4
fmt/scan.go:876.10,877.42 1 0
fmt/scan.go:879.2,879.11 1 0
fmt/scan.go:883.35,885.15 2 133
fmt/scan.go:886.56,887.27 1 119
fmt/scan.go:888.36,889.32 1 3
fmt/scan.go:890.36,891.32 1 3
fmt/scan.go:893.2,893.18 1 8
fmt/scan.go:899.42,901.18 2 74
fmt/scan.go:901.18,903.3 1 4
fmt/scan.go:904.2,905.9 2 70
fmt/scan.go:905.9,908.3 2 7
fmt/scan.go:909.2,910.9 2 63
fmt/scan.go:910.9,913.3 2 1
fmt/scan.go:914.2,914.39 1 62
fmt/scan.go:918.33,920.6 2 12
fmt/scan.go:920.6,922.10 2 74
fmt/scan.go:922.10,923.9 1 11
fmt/scan.go:925.3,925.21 1 62
fmt/scan.go:927.2,927.21 1 11
fmt/scan.go:927.21,930.3 2 0
fmt/scan.go:931.2,931.22 1 11
fmt/scan.go:944.28,947.20 3 12
fmt/scan.go:947.20,949.3 1 12
fmt/scan.go:953.42,957.32 3 3600
fmt/scan.go:957.32,959.17 2 837
fmt/scan.go:959.17,960.21 1 1
fmt/scan.go:960.21,962.5 1 1
fmt/scan.go:963.4,963.16 1 1
fmt/scan.go:965.3,965.9 1 836
fmt/scan.go:968.2,968.25 1 2763
fmt/scan.go:969.13,970.24 1 25
fmt/scan.go:971.18,972.42 1 12
fmt/scan.go:973.19,974.32 1 61
fmt/scan.go:975.12,976.37 1 1957
fmt/scan.go:977.13,978.32 1 55
fmt/scan.go:979.14,980.34 1 35
fmt/scan.go:981.14,982.34 1 56
fmt/scan.go:983.14,984.27 1 33
fmt/scan.go:985.13,986.39 1 59
fmt/scan.go:987.14,988.34 1 26
fmt/scan.go:989.15,990.36 1 10
fmt/scan.go:991.15,992.36 1 10
fmt/scan.go:993.15,994.28 1 9
fmt/scan.go:995.16,996.46 1 9
fmt/scan.go:999.16,1000.44 1 24
fmt/scan.go:1000.44,1004.4 3 24
fmt/scan.go:1005.16,1006.44 1 103
fmt/scan.go:1006.44,1010.4 3 103
fmt/scan.go:1011.15,1012.29 1 83
fmt/scan.go:1013.15,1016.37 1 23
fmt/scan.go:1017.10,1020.36 3 173
fmt/scan.go:1020.36,1023.4 2 1
fmt/scan.go:1024.3,1024.36 1 172
fmt/scan.go:1025.21,1026.31 1 20
fmt/scan.go:1027.79,1028.46 1 57
fmt/scan.go:1029.101,1030.48 1 65
fmt/scan.go:1031.23,1032.38 1 11
fmt/scan.go:1033.22,1036.42 2 11
fmt/scan.go:1036.42,1038.5 1 0
fmt/scan.go:1039.4,1041.34 3 11
fmt/scan.go:1041.34,1043.5 1 28
fmt/scan.go:1044.41,1047.63 3 4
fmt/scan.go:1048.46,1049.54 1 4
fmt/scan.go:1050.11,1051.60 1 0
fmt/scan.go:1057.32,1058.30 1 3511
fmt/scan.go:1058.30,1059.34 1 138
fmt/scan.go:1059.34,1061.4 1 96
fmt/scan.go:1061.9,1061.55 1 42
fmt/scan.go:1061.55,1063.4 1 42
fmt/scan.go:1063.9,1064.12 1 0
fmt/scan.go:1070.60,1072.24 2 2349
fmt/scan.go:1072.24,1075.3 2 2391
fmt/scan.go:1077.2,1077.15 1 2326
fmt/scan.go:1077.15,1078.7 1 351
fmt/scan.go:1078.7,1080.29 2 368
fmt/scan.go:1080.29,1081.10 1 350
fmt/scan.go:1083.4,1083.19 1 18
fmt/scan.go:1083.19,1085.10 2 1
fmt/scan.go:1089.2,1089.8 1 2325
fmt/scan.go:1100.45,1101.22 1 2226
fmt/scan.go:1101.22,1110.20 2 3241
fmt/scan.go:1110.20,1113.41 3 122
fmt/scan.go:1113.41,1114.21 1 163
fmt/scan.go:1114.21,1117.6 2 55
fmt/scan.go:1117.11,1119.6 1 108
fmt/scan.go:1120.5,1121.50 2 163
fmt/scan.go:1123.4,1123.34 1 122
fmt/scan.go:1123.34,1125.43 2 55
fmt/scan.go:1125.43,1127.6 1 24
fmt/scan.go:1128.5,1128.40 1 55
fmt/scan.go:1128.40,1130.6 1 2
fmt/scan.go:1132.4,1132.21 1 120
fmt/scan.go:1132.21,1134.22 2 84
fmt/scan.go:1134.22,1137.43 1 67
fmt/scan.go:1137.43,1139.7 1 14
fmt/scan.go:1140.6,1140.24 1 53
fmt/scan.go:1140.24,1142.7 1 2
fmt/scan.go:1144.5,1144.43 1 68
fmt/scan.go:1144.43,1146.6 1 51
fmt/scan.go:1147.5,1147.22 1 68
fmt/scan.go:1147.22,1149.6 1 57
fmt/scan.go:1151.4,1151.12 1 104
fmt/scan.go:1155.3,1155.18 1 3119
fmt/scan.go:1155.18,1157.26 1 2138
fmt/scan.go:1157.26,1159.5 1 4
fmt/scan.go:1161.4,1162.20 2 2134
fmt/scan.go:1162.20,1164.5 1 2117
fmt/scan.go:1165.4,1165.10 1 17
fmt/scan.go:1169.3,1170.21 2 998
fmt/scan.go:1170.21,1173.4 2 31
fmt/scan.go:1174.3,1174.9 1 963
fmt/scan.go:1176.2,1176.8 1 52
fmt/scan.go:1181.76,1185.24 3 1162
fmt/scan.go:1185.24,1187.12 2 2226
fmt/scan.go:1187.12,1189.12 2 951
fmt/scan.go:1192.3,1192.23 1 1249
fmt/scan.go:1192.23,1194.13 1 19
fmt/scan.go:1194.13,1196.5 1 19
fmt/scan.go:1198.4,1198.9 1 0
fmt/scan.go:1200.3,1205.18 4 1230
fmt/scan.go:1205.18,1207.4 1 1176
fmt/scan.go:1209.3,1212.15 3 1230
fmt/scan.go:1212.15,1214.4 1 1188
fmt/scan.go:1215.3,1215.15 1 1229
fmt/scan.go:1215.15,1217.12 2 12
fmt/scan.go:1219.3,1220.46 2 1217
fmt/scan.go:1220.46,1222.4 1 54
fmt/scan.go:1224.3,1224.29 1 1217
fmt/scan.go:1224.29,1226.9 2 8
fmt/scan.go:1228.3,1232.23 4 1209
fmt/scan.go:1234.2,1234.27 1 1052
fmt/scan.go:1234.27,1236.3 1 4
fmt/scan.go:1237.2,1237.8 1 1048
