[2024-07-17T03:07:16.463+0000] {processor.py:161} INFO - Started process (PID=30) to work on /opt/airflow/dags/consumer.py
[2024-07-17T03:07:16.478+0000] {processor.py:830} INFO - Processing file /opt/airflow/dags/consumer.py for tasks to queue
[2024-07-17T03:07:16.481+0000] {logging_mixin.py:188} INFO - [2024-07-17T03:07:16.481+0000] {dagbag.py:545} INFO - Filling up the DagBag from /opt/airflow/dags/consumer.py
[2024-07-17T03:07:16.529+0000] {processor.py:840} INFO - DAG(s) 'consumer' retrieved from /opt/airflow/dags/consumer.py
[2024-07-17T03:07:17.122+0000] {logging_mixin.py:188} INFO - [2024-07-17T03:07:17.122+0000] {dag.py:3096} INFO - Sync 1 DAGs
[2024-07-17T03:07:17.186+0000] {logging_mixin.py:188} INFO - [2024-07-17T03:07:17.186+0000] {dag.py:3954} INFO - Setting next_dagrun for consumer to None, run_after=None
[2024-07-17T03:07:17.296+0000] {processor.py:183} INFO - Processing /opt/airflow/dags/consumer.py took 0.847 seconds
[2024-07-17T03:07:47.658+0000] {processor.py:161} INFO - Started process (PID=45) to work on /opt/airflow/dags/consumer.py
[2024-07-17T03:07:47.659+0000] {processor.py:830} INFO - Processing file /opt/airflow/dags/consumer.py for tasks to queue
[2024-07-17T03:07:47.660+0000] {logging_mixin.py:188} INFO - [2024-07-17T03:07:47.660+0000] {dagbag.py:545} INFO - Filling up the DagBag from /opt/airflow/dags/consumer.py
[2024-07-17T03:07:47.667+0000] {processor.py:840} INFO - DAG(s) 'consumer' retrieved from /opt/airflow/dags/consumer.py
[2024-07-17T03:07:47.678+0000] {logging_mixin.py:188} INFO - [2024-07-17T03:07:47.678+0000] {dag.py:3096} INFO - Sync 1 DAGs
[2024-07-17T03:07:47.688+0000] {logging_mixin.py:188} INFO - [2024-07-17T03:07:47.688+0000] {dag.py:3954} INFO - Setting next_dagrun for consumer to None, run_after=None
[2024-07-17T03:07:47.697+0000] {processor.py:183} INFO - Processing /opt/airflow/dags/consumer.py took 0.045 seconds
[2024-07-17T03:08:18.074+0000] {processor.py:161} INFO - Started process (PID=60) to work on /opt/airflow/dags/consumer.py
[2024-07-17T03:08:18.075+0000] {processor.py:830} INFO - Processing file /opt/airflow/dags/consumer.py for tasks to queue
[2024-07-17T03:08:18.077+0000] {logging_mixin.py:188} INFO - [2024-07-17T03:08:18.076+0000] {dagbag.py:545} INFO - Filling up the DagBag from /opt/airflow/dags/consumer.py
[2024-07-17T03:08:18.087+0000] {processor.py:840} INFO - DAG(s) 'consumer' retrieved from /opt/airflow/dags/consumer.py
[2024-07-17T03:08:18.104+0000] {logging_mixin.py:188} INFO - [2024-07-17T03:08:18.104+0000] {dag.py:3096} INFO - Sync 1 DAGs
[2024-07-17T03:08:18.116+0000] {logging_mixin.py:188} INFO - [2024-07-17T03:08:18.116+0000] {dag.py:3954} INFO - Setting next_dagrun for consumer to None, run_after=None
[2024-07-17T03:08:18.132+0000] {processor.py:183} INFO - Processing /opt/airflow/dags/consumer.py took 0.062 seconds
[2024-07-17T03:08:48.520+0000] {processor.py:161} INFO - Started process (PID=75) to work on /opt/airflow/dags/consumer.py
[2024-07-17T03:08:48.522+0000] {processor.py:830} INFO - Processing file /opt/airflow/dags/consumer.py for tasks to queue
[2024-07-17T03:08:48.523+0000] {logging_mixin.py:188} INFO - [2024-07-17T03:08:48.523+0000] {dagbag.py:545} INFO - Filling up the DagBag from /opt/airflow/dags/consumer.py
[2024-07-17T03:08:48.537+0000] {processor.py:840} INFO - DAG(s) 'consumer' retrieved from /opt/airflow/dags/consumer.py
[2024-07-17T03:08:48.556+0000] {logging_mixin.py:188} INFO - [2024-07-17T03:08:48.556+0000] {dag.py:3096} INFO - Sync 1 DAGs
[2024-07-17T03:08:48.568+0000] {logging_mixin.py:188} INFO - [2024-07-17T03:08:48.568+0000] {dag.py:3954} INFO - Setting next_dagrun for consumer to None, run_after=None
[2024-07-17T03:08:48.581+0000] {processor.py:183} INFO - Processing /opt/airflow/dags/consumer.py took 0.069 seconds
[2024-07-17T03:09:18.880+0000] {processor.py:161} INFO - Started process (PID=90) to work on /opt/airflow/dags/consumer.py
[2024-07-17T03:09:18.881+0000] {processor.py:830} INFO - Processing file /opt/airflow/dags/consumer.py for tasks to queue
[2024-07-17T03:09:18.882+0000] {logging_mixin.py:188} INFO - [2024-07-17T03:09:18.882+0000] {dagbag.py:545} INFO - Filling up the DagBag from /opt/airflow/dags/consumer.py
[2024-07-17T03:09:18.890+0000] {processor.py:840} INFO - DAG(s) 'consumer' retrieved from /opt/airflow/dags/consumer.py
[2024-07-17T03:09:18.904+0000] {logging_mixin.py:188} INFO - [2024-07-17T03:09:18.903+0000] {dag.py:3096} INFO - Sync 1 DAGs
[2024-07-17T03:09:18.915+0000] {logging_mixin.py:188} INFO - [2024-07-17T03:09:18.914+0000] {dag.py:3954} INFO - Setting next_dagrun for consumer to None, run_after=None
[2024-07-17T03:09:18.924+0000] {processor.py:183} INFO - Processing /opt/airflow/dags/consumer.py took 0.047 seconds
[2024-07-17T03:09:49.285+0000] {processor.py:161} INFO - Started process (PID=105) to work on /opt/airflow/dags/consumer.py
[2024-07-17T03:09:49.286+0000] {processor.py:830} INFO - Processing file /opt/airflow/dags/consumer.py for tasks to queue
[2024-07-17T03:09:49.287+0000] {logging_mixin.py:188} INFO - [2024-07-17T03:09:49.287+0000] {dagbag.py:545} INFO - Filling up the DagBag from /opt/airflow/dags/consumer.py
[2024-07-17T03:09:49.298+0000] {processor.py:840} INFO - DAG(s) 'consumer' retrieved from /opt/airflow/dags/consumer.py
[2024-07-17T03:09:49.311+0000] {logging_mixin.py:188} INFO - [2024-07-17T03:09:49.311+0000] {dag.py:3096} INFO - Sync 1 DAGs
[2024-07-17T03:09:49.321+0000] {logging_mixin.py:188} INFO - [2024-07-17T03:09:49.321+0000] {dag.py:3954} INFO - Setting next_dagrun for consumer to None, run_after=None
[2024-07-17T03:09:49.331+0000] {processor.py:183} INFO - Processing /opt/airflow/dags/consumer.py took 0.052 seconds
[2024-07-17T03:10:19.716+0000] {processor.py:161} INFO - Started process (PID=120) to work on /opt/airflow/dags/consumer.py
[2024-07-17T03:10:19.717+0000] {processor.py:830} INFO - Processing file /opt/airflow/dags/consumer.py for tasks to queue
[2024-07-17T03:10:19.719+0000] {logging_mixin.py:188} INFO - [2024-07-17T03:10:19.718+0000] {dagbag.py:545} INFO - Filling up the DagBag from /opt/airflow/dags/consumer.py
[2024-07-17T03:10:19.728+0000] {processor.py:840} INFO - DAG(s) 'consumer' retrieved from /opt/airflow/dags/consumer.py
[2024-07-17T03:10:19.741+0000] {logging_mixin.py:188} INFO - [2024-07-17T03:10:19.741+0000] {dag.py:3096} INFO - Sync 1 DAGs
[2024-07-17T03:10:19.752+0000] {logging_mixin.py:188} INFO - [2024-07-17T03:10:19.752+0000] {dag.py:3954} INFO - Setting next_dagrun for consumer to None, run_after=None
[2024-07-17T03:10:19.762+0000] {processor.py:183} INFO - Processing /opt/airflow/dags/consumer.py took 0.053 seconds
[2024-07-17T03:10:50.141+0000] {processor.py:161} INFO - Started process (PID=135) to work on /opt/airflow/dags/consumer.py
[2024-07-17T03:10:50.142+0000] {processor.py:830} INFO - Processing file /opt/airflow/dags/consumer.py for tasks to queue
[2024-07-17T03:10:50.144+0000] {logging_mixin.py:188} INFO - [2024-07-17T03:10:50.144+0000] {dagbag.py:545} INFO - Filling up the DagBag from /opt/airflow/dags/consumer.py
[2024-07-17T03:10:50.154+0000] {processor.py:840} INFO - DAG(s) 'consumer' retrieved from /opt/airflow/dags/consumer.py
[2024-07-17T03:10:50.168+0000] {logging_mixin.py:188} INFO - [2024-07-17T03:10:50.167+0000] {dag.py:3096} INFO - Sync 1 DAGs
[2024-07-17T03:10:50.179+0000] {logging_mixin.py:188} INFO - [2024-07-17T03:10:50.178+0000] {dag.py:3954} INFO - Setting next_dagrun for consumer to None, run_after=None
[2024-07-17T03:10:50.189+0000] {processor.py:183} INFO - Processing /opt/airflow/dags/consumer.py took 0.053 seconds
[2024-07-17T03:11:20.610+0000] {processor.py:161} INFO - Started process (PID=150) to work on /opt/airflow/dags/consumer.py
[2024-07-17T03:11:20.611+0000] {processor.py:830} INFO - Processing file /opt/airflow/dags/consumer.py for tasks to queue
[2024-07-17T03:11:20.612+0000] {logging_mixin.py:188} INFO - [2024-07-17T03:11:20.612+0000] {dagbag.py:545} INFO - Filling up the DagBag from /opt/airflow/dags/consumer.py
[2024-07-17T03:11:20.622+0000] {processor.py:840} INFO - DAG(s) 'consumer' retrieved from /opt/airflow/dags/consumer.py
[2024-07-17T03:11:20.639+0000] {logging_mixin.py:188} INFO - [2024-07-17T03:11:20.639+0000] {dag.py:3096} INFO - Sync 1 DAGs
[2024-07-17T03:11:20.656+0000] {logging_mixin.py:188} INFO - [2024-07-17T03:11:20.656+0000] {dag.py:3954} INFO - Setting next_dagrun for consumer to None, run_after=None
[2024-07-17T03:11:20.678+0000] {processor.py:183} INFO - Processing /opt/airflow/dags/consumer.py took 0.072 seconds
[2024-07-17T03:11:51.161+0000] {processor.py:161} INFO - Started process (PID=165) to work on /opt/airflow/dags/consumer.py
[2024-07-17T03:11:51.171+0000] {processor.py:830} INFO - Processing file /opt/airflow/dags/consumer.py for tasks to queue
[2024-07-17T03:11:51.172+0000] {logging_mixin.py:188} INFO - [2024-07-17T03:11:51.172+0000] {dagbag.py:545} INFO - Filling up the DagBag from /opt/airflow/dags/consumer.py
[2024-07-17T03:11:51.185+0000] {processor.py:840} INFO - DAG(s) 'consumer' retrieved from /opt/airflow/dags/consumer.py
[2024-07-17T03:11:51.231+0000] {logging_mixin.py:188} INFO - [2024-07-17T03:11:51.230+0000] {dag.py:3096} INFO - Sync 1 DAGs
[2024-07-17T03:11:51.243+0000] {logging_mixin.py:188} INFO - [2024-07-17T03:11:51.243+0000] {dag.py:3954} INFO - Setting next_dagrun for consumer to None, run_after=None
[2024-07-17T03:11:51.260+0000] {processor.py:183} INFO - Processing /opt/airflow/dags/consumer.py took 0.103 seconds
[2024-07-17T03:12:22.284+0000] {processor.py:161} INFO - Started process (PID=180) to work on /opt/airflow/dags/consumer.py
[2024-07-17T03:12:22.290+0000] {processor.py:830} INFO - Processing file /opt/airflow/dags/consumer.py for tasks to queue
[2024-07-17T03:12:22.296+0000] {logging_mixin.py:188} INFO - [2024-07-17T03:12:22.295+0000] {dagbag.py:545} INFO - Filling up the DagBag from /opt/airflow/dags/consumer.py
[2024-07-17T03:12:22.396+0000] {processor.py:840} INFO - DAG(s) 'consumer' retrieved from /opt/airflow/dags/consumer.py
[2024-07-17T03:12:22.513+0000] {logging_mixin.py:188} INFO - [2024-07-17T03:12:22.513+0000] {dag.py:3096} INFO - Sync 1 DAGs
[2024-07-17T03:12:22.655+0000] {logging_mixin.py:188} INFO - [2024-07-17T03:12:22.654+0000] {dag.py:3954} INFO - Setting next_dagrun for consumer to None, run_after=None
[2024-07-17T03:12:22.843+0000] {processor.py:183} INFO - Processing /opt/airflow/dags/consumer.py took 0.606 seconds
[2024-07-17T03:12:53.363+0000] {processor.py:161} INFO - Started process (PID=195) to work on /opt/airflow/dags/consumer.py
[2024-07-17T03:12:53.365+0000] {processor.py:830} INFO - Processing file /opt/airflow/dags/consumer.py for tasks to queue
[2024-07-17T03:12:53.367+0000] {logging_mixin.py:188} INFO - [2024-07-17T03:12:53.366+0000] {dagbag.py:545} INFO - Filling up the DagBag from /opt/airflow/dags/consumer.py
[2024-07-17T03:12:53.381+0000] {processor.py:840} INFO - DAG(s) 'consumer' retrieved from /opt/airflow/dags/consumer.py
[2024-07-17T03:12:53.402+0000] {logging_mixin.py:188} INFO - [2024-07-17T03:12:53.402+0000] {dag.py:3096} INFO - Sync 1 DAGs
[2024-07-17T03:12:53.430+0000] {logging_mixin.py:188} INFO - [2024-07-17T03:12:53.429+0000] {dag.py:3954} INFO - Setting next_dagrun for consumer to None, run_after=None
[2024-07-17T03:12:53.478+0000] {processor.py:183} INFO - Processing /opt/airflow/dags/consumer.py took 0.121 seconds
[2024-07-17T03:13:23.967+0000] {processor.py:161} INFO - Started process (PID=210) to work on /opt/airflow/dags/consumer.py
[2024-07-17T03:13:23.969+0000] {processor.py:830} INFO - Processing file /opt/airflow/dags/consumer.py for tasks to queue
[2024-07-17T03:13:23.971+0000] {logging_mixin.py:188} INFO - [2024-07-17T03:13:23.971+0000] {dagbag.py:545} INFO - Filling up the DagBag from /opt/airflow/dags/consumer.py
[2024-07-17T03:13:23.997+0000] {processor.py:840} INFO - DAG(s) 'consumer' retrieved from /opt/airflow/dags/consumer.py
[2024-07-17T03:13:24.017+0000] {logging_mixin.py:188} INFO - [2024-07-17T03:13:24.017+0000] {dag.py:3096} INFO - Sync 1 DAGs
[2024-07-17T03:13:24.034+0000] {logging_mixin.py:188} INFO - [2024-07-17T03:13:24.034+0000] {dag.py:3954} INFO - Setting next_dagrun for consumer to None, run_after=None
[2024-07-17T03:13:24.060+0000] {processor.py:183} INFO - Processing /opt/airflow/dags/consumer.py took 0.100 seconds
[2024-07-17T03:13:54.471+0000] {processor.py:161} INFO - Started process (PID=224) to work on /opt/airflow/dags/consumer.py
[2024-07-17T03:13:54.472+0000] {processor.py:830} INFO - Processing file /opt/airflow/dags/consumer.py for tasks to queue
[2024-07-17T03:13:54.475+0000] {logging_mixin.py:188} INFO - [2024-07-17T03:13:54.474+0000] {dagbag.py:545} INFO - Filling up the DagBag from /opt/airflow/dags/consumer.py
[2024-07-17T03:13:54.486+0000] {processor.py:840} INFO - DAG(s) 'consumer' retrieved from /opt/airflow/dags/consumer.py
[2024-07-17T03:13:54.504+0000] {logging_mixin.py:188} INFO - [2024-07-17T03:13:54.504+0000] {dag.py:3096} INFO - Sync 1 DAGs
[2024-07-17T03:13:54.518+0000] {logging_mixin.py:188} INFO - [2024-07-17T03:13:54.518+0000] {dag.py:3954} INFO - Setting next_dagrun for consumer to None, run_after=None
[2024-07-17T03:13:54.532+0000] {processor.py:183} INFO - Processing /opt/airflow/dags/consumer.py took 0.066 seconds
