[2024-07-17T03:07:15.982+0000] {processor.py:161} INFO - Started process (PID=29) to work on /opt/airflow/dags/parallel_dag.py
[2024-07-17T03:07:15.998+0000] {processor.py:830} INFO - Processing file /opt/airflow/dags/parallel_dag.py for tasks to queue
[2024-07-17T03:07:15.999+0000] {logging_mixin.py:188} INFO - [2024-07-17T03:07:15.999+0000] {dagbag.py:545} INFO - Filling up the DagBag from /opt/airflow/dags/parallel_dag.py
[2024-07-17T03:07:16.072+0000] {processor.py:840} INFO - DAG(s) 'parallel_dag' retrieved from /opt/airflow/dags/parallel_dag.py
[2024-07-17T03:07:16.526+0000] {logging_mixin.py:188} INFO - [2024-07-17T03:07:16.526+0000] {dag.py:3096} INFO - Sync 1 DAGs
[2024-07-17T03:07:16.618+0000] {logging_mixin.py:188} INFO - [2024-07-17T03:07:16.618+0000] {dag.py:3954} INFO - Setting next_dagrun for parallel_dag to 2024-07-16 00:00:00+00:00, run_after=2024-07-17 00:00:00+00:00
[2024-07-17T03:07:16.742+0000] {processor.py:183} INFO - Processing /opt/airflow/dags/parallel_dag.py took 0.795 seconds
[2024-07-17T03:07:47.648+0000] {processor.py:161} INFO - Started process (PID=44) to work on /opt/airflow/dags/parallel_dag.py
[2024-07-17T03:07:47.649+0000] {processor.py:830} INFO - Processing file /opt/airflow/dags/parallel_dag.py for tasks to queue
[2024-07-17T03:07:47.651+0000] {logging_mixin.py:188} INFO - [2024-07-17T03:07:47.650+0000] {dagbag.py:545} INFO - Filling up the DagBag from /opt/airflow/dags/parallel_dag.py
[2024-07-17T03:07:47.665+0000] {processor.py:840} INFO - DAG(s) 'parallel_dag' retrieved from /opt/airflow/dags/parallel_dag.py
[2024-07-17T03:07:47.678+0000] {logging_mixin.py:188} INFO - [2024-07-17T03:07:47.678+0000] {dag.py:3096} INFO - Sync 1 DAGs
[2024-07-17T03:07:47.689+0000] {logging_mixin.py:188} INFO - [2024-07-17T03:07:47.689+0000] {dag.py:3954} INFO - Setting next_dagrun for parallel_dag to 2024-07-16 00:00:00+00:00, run_after=2024-07-17 00:00:00+00:00
[2024-07-17T03:07:47.696+0000] {processor.py:183} INFO - Processing /opt/airflow/dags/parallel_dag.py took 0.056 seconds
[2024-07-17T03:08:18.068+0000] {processor.py:161} INFO - Started process (PID=59) to work on /opt/airflow/dags/parallel_dag.py
[2024-07-17T03:08:18.069+0000] {processor.py:830} INFO - Processing file /opt/airflow/dags/parallel_dag.py for tasks to queue
[2024-07-17T03:08:18.071+0000] {logging_mixin.py:188} INFO - [2024-07-17T03:08:18.070+0000] {dagbag.py:545} INFO - Filling up the DagBag from /opt/airflow/dags/parallel_dag.py
[2024-07-17T03:08:18.087+0000] {processor.py:840} INFO - DAG(s) 'parallel_dag' retrieved from /opt/airflow/dags/parallel_dag.py
[2024-07-17T03:08:18.104+0000] {logging_mixin.py:188} INFO - [2024-07-17T03:08:18.104+0000] {dag.py:3096} INFO - Sync 1 DAGs
[2024-07-17T03:08:18.119+0000] {logging_mixin.py:188} INFO - [2024-07-17T03:08:18.119+0000] {dag.py:3954} INFO - Setting next_dagrun for parallel_dag to 2024-07-16 00:00:00+00:00, run_after=2024-07-17 00:00:00+00:00
[2024-07-17T03:08:18.130+0000] {processor.py:183} INFO - Processing /opt/airflow/dags/parallel_dag.py took 0.066 seconds
[2024-07-17T03:08:48.509+0000] {processor.py:161} INFO - Started process (PID=74) to work on /opt/airflow/dags/parallel_dag.py
[2024-07-17T03:08:48.510+0000] {processor.py:830} INFO - Processing file /opt/airflow/dags/parallel_dag.py for tasks to queue
[2024-07-17T03:08:48.513+0000] {logging_mixin.py:188} INFO - [2024-07-17T03:08:48.512+0000] {dagbag.py:545} INFO - Filling up the DagBag from /opt/airflow/dags/parallel_dag.py
[2024-07-17T03:08:48.530+0000] {processor.py:840} INFO - DAG(s) 'parallel_dag' retrieved from /opt/airflow/dags/parallel_dag.py
[2024-07-17T03:08:48.549+0000] {logging_mixin.py:188} INFO - [2024-07-17T03:08:48.549+0000] {dag.py:3096} INFO - Sync 1 DAGs
[2024-07-17T03:08:48.561+0000] {logging_mixin.py:188} INFO - [2024-07-17T03:08:48.561+0000] {dag.py:3954} INFO - Setting next_dagrun for parallel_dag to 2024-07-16 00:00:00+00:00, run_after=2024-07-17 00:00:00+00:00
[2024-07-17T03:08:48.573+0000] {processor.py:183} INFO - Processing /opt/airflow/dags/parallel_dag.py took 0.071 seconds
[2024-07-17T03:09:18.871+0000] {processor.py:161} INFO - Started process (PID=89) to work on /opt/airflow/dags/parallel_dag.py
[2024-07-17T03:09:18.872+0000] {processor.py:830} INFO - Processing file /opt/airflow/dags/parallel_dag.py for tasks to queue
[2024-07-17T03:09:18.875+0000] {logging_mixin.py:188} INFO - [2024-07-17T03:09:18.875+0000] {dagbag.py:545} INFO - Filling up the DagBag from /opt/airflow/dags/parallel_dag.py
[2024-07-17T03:09:18.890+0000] {processor.py:840} INFO - DAG(s) 'parallel_dag' retrieved from /opt/airflow/dags/parallel_dag.py
[2024-07-17T03:09:18.903+0000] {logging_mixin.py:188} INFO - [2024-07-17T03:09:18.903+0000] {dag.py:3096} INFO - Sync 1 DAGs
[2024-07-17T03:09:18.915+0000] {logging_mixin.py:188} INFO - [2024-07-17T03:09:18.914+0000] {dag.py:3954} INFO - Setting next_dagrun for parallel_dag to 2024-07-16 00:00:00+00:00, run_after=2024-07-17 00:00:00+00:00
[2024-07-17T03:09:18.922+0000] {processor.py:183} INFO - Processing /opt/airflow/dags/parallel_dag.py took 0.055 seconds
[2024-07-17T03:09:49.272+0000] {processor.py:161} INFO - Started process (PID=104) to work on /opt/airflow/dags/parallel_dag.py
[2024-07-17T03:09:49.273+0000] {processor.py:830} INFO - Processing file /opt/airflow/dags/parallel_dag.py for tasks to queue
[2024-07-17T03:09:49.276+0000] {logging_mixin.py:188} INFO - [2024-07-17T03:09:49.275+0000] {dagbag.py:545} INFO - Filling up the DagBag from /opt/airflow/dags/parallel_dag.py
[2024-07-17T03:09:49.295+0000] {processor.py:840} INFO - DAG(s) 'parallel_dag' retrieved from /opt/airflow/dags/parallel_dag.py
[2024-07-17T03:09:49.310+0000] {logging_mixin.py:188} INFO - [2024-07-17T03:09:49.309+0000] {dag.py:3096} INFO - Sync 1 DAGs
[2024-07-17T03:09:49.322+0000] {logging_mixin.py:188} INFO - [2024-07-17T03:09:49.322+0000] {dag.py:3954} INFO - Setting next_dagrun for parallel_dag to 2024-07-16 00:00:00+00:00, run_after=2024-07-17 00:00:00+00:00
[2024-07-17T03:09:49.329+0000] {processor.py:183} INFO - Processing /opt/airflow/dags/parallel_dag.py took 0.063 seconds
[2024-07-17T03:10:19.705+0000] {processor.py:161} INFO - Started process (PID=119) to work on /opt/airflow/dags/parallel_dag.py
[2024-07-17T03:10:19.707+0000] {processor.py:830} INFO - Processing file /opt/airflow/dags/parallel_dag.py for tasks to queue
[2024-07-17T03:10:19.708+0000] {logging_mixin.py:188} INFO - [2024-07-17T03:10:19.708+0000] {dagbag.py:545} INFO - Filling up the DagBag from /opt/airflow/dags/parallel_dag.py
[2024-07-17T03:10:19.727+0000] {processor.py:840} INFO - DAG(s) 'parallel_dag' retrieved from /opt/airflow/dags/parallel_dag.py
[2024-07-17T03:10:19.741+0000] {logging_mixin.py:188} INFO - [2024-07-17T03:10:19.741+0000] {dag.py:3096} INFO - Sync 1 DAGs
[2024-07-17T03:10:19.753+0000] {logging_mixin.py:188} INFO - [2024-07-17T03:10:19.753+0000] {dag.py:3954} INFO - Setting next_dagrun for parallel_dag to 2024-07-16 00:00:00+00:00, run_after=2024-07-17 00:00:00+00:00
[2024-07-17T03:10:19.760+0000] {processor.py:183} INFO - Processing /opt/airflow/dags/parallel_dag.py took 0.061 seconds
[2024-07-17T03:10:50.129+0000] {processor.py:161} INFO - Started process (PID=134) to work on /opt/airflow/dags/parallel_dag.py
[2024-07-17T03:10:50.131+0000] {processor.py:830} INFO - Processing file /opt/airflow/dags/parallel_dag.py for tasks to queue
[2024-07-17T03:10:50.132+0000] {logging_mixin.py:188} INFO - [2024-07-17T03:10:50.132+0000] {dagbag.py:545} INFO - Filling up the DagBag from /opt/airflow/dags/parallel_dag.py
[2024-07-17T03:10:50.146+0000] {processor.py:840} INFO - DAG(s) 'parallel_dag' retrieved from /opt/airflow/dags/parallel_dag.py
[2024-07-17T03:10:50.161+0000] {logging_mixin.py:188} INFO - [2024-07-17T03:10:50.161+0000] {dag.py:3096} INFO - Sync 1 DAGs
[2024-07-17T03:10:50.173+0000] {logging_mixin.py:188} INFO - [2024-07-17T03:10:50.173+0000] {dag.py:3954} INFO - Setting next_dagrun for parallel_dag to 2024-07-16 00:00:00+00:00, run_after=2024-07-17 00:00:00+00:00
[2024-07-17T03:10:50.181+0000] {processor.py:183} INFO - Processing /opt/airflow/dags/parallel_dag.py took 0.058 seconds
[2024-07-17T03:11:20.603+0000] {processor.py:161} INFO - Started process (PID=149) to work on /opt/airflow/dags/parallel_dag.py
[2024-07-17T03:11:20.604+0000] {processor.py:830} INFO - Processing file /opt/airflow/dags/parallel_dag.py for tasks to queue
[2024-07-17T03:11:20.605+0000] {logging_mixin.py:188} INFO - [2024-07-17T03:11:20.605+0000] {dagbag.py:545} INFO - Filling up the DagBag from /opt/airflow/dags/parallel_dag.py
[2024-07-17T03:11:20.616+0000] {processor.py:840} INFO - DAG(s) 'parallel_dag' retrieved from /opt/airflow/dags/parallel_dag.py
[2024-07-17T03:11:20.632+0000] {logging_mixin.py:188} INFO - [2024-07-17T03:11:20.632+0000] {dag.py:3096} INFO - Sync 1 DAGs
[2024-07-17T03:11:20.651+0000] {logging_mixin.py:188} INFO - [2024-07-17T03:11:20.651+0000] {dag.py:3954} INFO - Setting next_dagrun for parallel_dag to 2024-07-16 00:00:00+00:00, run_after=2024-07-17 00:00:00+00:00
[2024-07-17T03:11:20.675+0000] {processor.py:183} INFO - Processing /opt/airflow/dags/parallel_dag.py took 0.076 seconds
[2024-07-17T03:11:51.137+0000] {processor.py:161} INFO - Started process (PID=164) to work on /opt/airflow/dags/parallel_dag.py
[2024-07-17T03:11:51.138+0000] {processor.py:830} INFO - Processing file /opt/airflow/dags/parallel_dag.py for tasks to queue
[2024-07-17T03:11:51.139+0000] {logging_mixin.py:188} INFO - [2024-07-17T03:11:51.139+0000] {dagbag.py:545} INFO - Filling up the DagBag from /opt/airflow/dags/parallel_dag.py
[2024-07-17T03:11:51.157+0000] {processor.py:840} INFO - DAG(s) 'parallel_dag' retrieved from /opt/airflow/dags/parallel_dag.py
[2024-07-17T03:11:51.198+0000] {logging_mixin.py:188} INFO - [2024-07-17T03:11:51.198+0000] {dag.py:3096} INFO - Sync 1 DAGs
[2024-07-17T03:11:51.248+0000] {logging_mixin.py:188} INFO - [2024-07-17T03:11:51.248+0000] {dag.py:3954} INFO - Setting next_dagrun for parallel_dag to 2024-07-16 00:00:00+00:00, run_after=2024-07-17 00:00:00+00:00
[2024-07-17T03:11:51.270+0000] {processor.py:183} INFO - Processing /opt/airflow/dags/parallel_dag.py took 0.135 seconds
[2024-07-17T03:12:22.184+0000] {processor.py:161} INFO - Started process (PID=179) to work on /opt/airflow/dags/parallel_dag.py
[2024-07-17T03:12:22.187+0000] {processor.py:830} INFO - Processing file /opt/airflow/dags/parallel_dag.py for tasks to queue
[2024-07-17T03:12:22.213+0000] {logging_mixin.py:188} INFO - [2024-07-17T03:12:22.213+0000] {dagbag.py:545} INFO - Filling up the DagBag from /opt/airflow/dags/parallel_dag.py
[2024-07-17T03:12:22.352+0000] {processor.py:840} INFO - DAG(s) 'parallel_dag' retrieved from /opt/airflow/dags/parallel_dag.py
[2024-07-17T03:12:22.483+0000] {logging_mixin.py:188} INFO - [2024-07-17T03:12:22.483+0000] {dag.py:3096} INFO - Sync 1 DAGs
[2024-07-17T03:12:22.608+0000] {logging_mixin.py:188} INFO - [2024-07-17T03:12:22.607+0000] {dag.py:3954} INFO - Setting next_dagrun for parallel_dag to 2024-07-16 00:00:00+00:00, run_after=2024-07-17 00:00:00+00:00
[2024-07-17T03:12:22.679+0000] {processor.py:183} INFO - Processing /opt/airflow/dags/parallel_dag.py took 0.539 seconds
[2024-07-17T03:12:53.354+0000] {processor.py:161} INFO - Started process (PID=194) to work on /opt/airflow/dags/parallel_dag.py
[2024-07-17T03:12:53.355+0000] {processor.py:830} INFO - Processing file /opt/airflow/dags/parallel_dag.py for tasks to queue
[2024-07-17T03:12:53.357+0000] {logging_mixin.py:188} INFO - [2024-07-17T03:12:53.356+0000] {dagbag.py:545} INFO - Filling up the DagBag from /opt/airflow/dags/parallel_dag.py
[2024-07-17T03:12:53.373+0000] {processor.py:840} INFO - DAG(s) 'parallel_dag' retrieved from /opt/airflow/dags/parallel_dag.py
[2024-07-17T03:12:53.399+0000] {logging_mixin.py:188} INFO - [2024-07-17T03:12:53.399+0000] {dag.py:3096} INFO - Sync 1 DAGs
[2024-07-17T03:12:53.429+0000] {logging_mixin.py:188} INFO - [2024-07-17T03:12:53.429+0000] {dag.py:3954} INFO - Setting next_dagrun for parallel_dag to 2024-07-16 00:00:00+00:00, run_after=2024-07-17 00:00:00+00:00
[2024-07-17T03:12:53.467+0000] {processor.py:183} INFO - Processing /opt/airflow/dags/parallel_dag.py took 0.119 seconds
[2024-07-17T03:13:23.948+0000] {processor.py:161} INFO - Started process (PID=209) to work on /opt/airflow/dags/parallel_dag.py
[2024-07-17T03:13:23.949+0000] {processor.py:830} INFO - Processing file /opt/airflow/dags/parallel_dag.py for tasks to queue
[2024-07-17T03:13:23.952+0000] {logging_mixin.py:188} INFO - [2024-07-17T03:13:23.951+0000] {dagbag.py:545} INFO - Filling up the DagBag from /opt/airflow/dags/parallel_dag.py
[2024-07-17T03:13:23.968+0000] {processor.py:840} INFO - DAG(s) 'parallel_dag' retrieved from /opt/airflow/dags/parallel_dag.py
[2024-07-17T03:13:23.992+0000] {logging_mixin.py:188} INFO - [2024-07-17T03:13:23.992+0000] {dag.py:3096} INFO - Sync 1 DAGs
[2024-07-17T03:13:24.010+0000] {logging_mixin.py:188} INFO - [2024-07-17T03:13:24.010+0000] {dag.py:3954} INFO - Setting next_dagrun for parallel_dag to 2024-07-16 00:00:00+00:00, run_after=2024-07-17 00:00:00+00:00
[2024-07-17T03:13:24.024+0000] {processor.py:183} INFO - Processing /opt/airflow/dags/parallel_dag.py took 0.081 seconds
[2024-07-17T03:13:54.470+0000] {processor.py:161} INFO - Started process (PID=223) to work on /opt/airflow/dags/parallel_dag.py
[2024-07-17T03:13:54.471+0000] {processor.py:830} INFO - Processing file /opt/airflow/dags/parallel_dag.py for tasks to queue
[2024-07-17T03:13:54.473+0000] {logging_mixin.py:188} INFO - [2024-07-17T03:13:54.472+0000] {dagbag.py:545} INFO - Filling up the DagBag from /opt/airflow/dags/parallel_dag.py
[2024-07-17T03:13:54.488+0000] {processor.py:840} INFO - DAG(s) 'parallel_dag' retrieved from /opt/airflow/dags/parallel_dag.py
[2024-07-17T03:13:54.504+0000] {logging_mixin.py:188} INFO - [2024-07-17T03:13:54.504+0000] {dag.py:3096} INFO - Sync 1 DAGs
[2024-07-17T03:13:54.519+0000] {logging_mixin.py:188} INFO - [2024-07-17T03:13:54.519+0000] {dag.py:3954} INFO - Setting next_dagrun for parallel_dag to 2024-07-16 00:00:00+00:00, run_after=2024-07-17 00:00:00+00:00
[2024-07-17T03:13:54.530+0000] {processor.py:183} INFO - Processing /opt/airflow/dags/parallel_dag.py took 0.066 seconds
