[2024-07-17T03:07:15.076+0000] {processor.py:161} INFO - Started process (PID=24) to work on /opt/airflow/dags/producer.py
[2024-07-17T03:07:15.102+0000] {processor.py:830} INFO - Processing file /opt/airflow/dags/producer.py for tasks to queue
[2024-07-17T03:07:15.106+0000] {logging_mixin.py:188} INFO - [2024-07-17T03:07:15.106+0000] {dagbag.py:545} INFO - Filling up the DagBag from /opt/airflow/dags/producer.py
[2024-07-17T03:07:15.218+0000] {logging_mixin.py:188} INFO - [2024-07-17T03:07:15.186+0000] {dagbag.py:355} ERROR - Failed to import: /opt/airflow/dags/producer.py
Traceback (most recent call last):
  File "/home/airflow/.local/lib/python3.12/site-packages/airflow/models/dagbag.py", line 351, in parse
    loader.exec_module(new_module)
  File "<frozen importlib._bootstrap_external>", line 995, in exec_module
  File "<frozen importlib._bootstrap>", line 488, in _call_with_frames_removed
  File "/opt/airflow/dags/producer.py", line 27, in <module>
    update_dateset >> update_dateset_2
    ~~~~~~~~~~~~~~~^^~~~~~~~~~~~~~~~~~
TypeError: unsupported operand type(s) for >>: '_TaskDecorator' and '_TaskDecorator'
[2024-07-17T03:07:15.222+0000] {processor.py:842} WARNING - No viable dags retrieved from /opt/airflow/dags/producer.py
[2024-07-17T03:07:15.316+0000] {processor.py:183} INFO - Processing /opt/airflow/dags/producer.py took 0.263 seconds
[2024-07-17T03:07:42.466+0000] {processor.py:161} INFO - Started process (PID=39) to work on /opt/airflow/dags/producer.py
[2024-07-17T03:07:42.467+0000] {processor.py:830} INFO - Processing file /opt/airflow/dags/producer.py for tasks to queue
[2024-07-17T03:07:42.469+0000] {logging_mixin.py:188} INFO - [2024-07-17T03:07:42.469+0000] {dagbag.py:545} INFO - Filling up the DagBag from /opt/airflow/dags/producer.py
[2024-07-17T03:07:42.494+0000] {processor.py:840} INFO - DAG(s) 'producer' retrieved from /opt/airflow/dags/producer.py
[2024-07-17T03:07:42.551+0000] {logging_mixin.py:188} INFO - [2024-07-17T03:07:42.551+0000] {dag.py:3096} INFO - Sync 1 DAGs
[2024-07-17T03:07:42.560+0000] {logging_mixin.py:188} INFO - [2024-07-17T03:07:42.560+0000] {dag.py:3954} INFO - Setting next_dagrun for producer to 2024-07-16 00:00:00+00:00, run_after=2024-07-17 00:00:00+00:00
[2024-07-17T03:07:42.573+0000] {processor.py:183} INFO - Processing /opt/airflow/dags/producer.py took 0.114 seconds
[2024-07-17T03:08:12.886+0000] {processor.py:161} INFO - Started process (PID=54) to work on /opt/airflow/dags/producer.py
[2024-07-17T03:08:12.887+0000] {processor.py:830} INFO - Processing file /opt/airflow/dags/producer.py for tasks to queue
[2024-07-17T03:08:12.891+0000] {logging_mixin.py:188} INFO - [2024-07-17T03:08:12.890+0000] {dagbag.py:545} INFO - Filling up the DagBag from /opt/airflow/dags/producer.py
[2024-07-17T03:08:12.910+0000] {processor.py:840} INFO - DAG(s) 'producer' retrieved from /opt/airflow/dags/producer.py
[2024-07-17T03:08:12.929+0000] {logging_mixin.py:188} INFO - [2024-07-17T03:08:12.929+0000] {dag.py:3096} INFO - Sync 1 DAGs
[2024-07-17T03:08:12.944+0000] {logging_mixin.py:188} INFO - [2024-07-17T03:08:12.944+0000] {dag.py:3954} INFO - Setting next_dagrun for producer to 2024-07-16 00:00:00+00:00, run_after=2024-07-17 00:00:00+00:00
[2024-07-17T03:08:12.956+0000] {processor.py:183} INFO - Processing /opt/airflow/dags/producer.py took 0.076 seconds
[2024-07-17T03:08:43.356+0000] {processor.py:161} INFO - Started process (PID=69) to work on /opt/airflow/dags/producer.py
[2024-07-17T03:08:43.357+0000] {processor.py:830} INFO - Processing file /opt/airflow/dags/producer.py for tasks to queue
[2024-07-17T03:08:43.360+0000] {logging_mixin.py:188} INFO - [2024-07-17T03:08:43.359+0000] {dagbag.py:545} INFO - Filling up the DagBag from /opt/airflow/dags/producer.py
[2024-07-17T03:08:43.380+0000] {processor.py:840} INFO - DAG(s) 'producer' retrieved from /opt/airflow/dags/producer.py
[2024-07-17T03:08:43.398+0000] {logging_mixin.py:188} INFO - [2024-07-17T03:08:43.398+0000] {dag.py:3096} INFO - Sync 1 DAGs
[2024-07-17T03:08:43.411+0000] {logging_mixin.py:188} INFO - [2024-07-17T03:08:43.411+0000] {dag.py:3954} INFO - Setting next_dagrun for producer to 2024-07-16 00:00:00+00:00, run_after=2024-07-17 00:00:00+00:00
[2024-07-17T03:08:43.477+0000] {processor.py:183} INFO - Processing /opt/airflow/dags/producer.py took 0.130 seconds
[2024-07-17T03:09:13.738+0000] {processor.py:161} INFO - Started process (PID=84) to work on /opt/airflow/dags/producer.py
[2024-07-17T03:09:13.739+0000] {processor.py:830} INFO - Processing file /opt/airflow/dags/producer.py for tasks to queue
[2024-07-17T03:09:13.740+0000] {logging_mixin.py:188} INFO - [2024-07-17T03:09:13.739+0000] {dagbag.py:545} INFO - Filling up the DagBag from /opt/airflow/dags/producer.py
[2024-07-17T03:09:13.748+0000] {processor.py:840} INFO - DAG(s) 'producer' retrieved from /opt/airflow/dags/producer.py
[2024-07-17T03:09:13.758+0000] {logging_mixin.py:188} INFO - [2024-07-17T03:09:13.758+0000] {dag.py:3096} INFO - Sync 1 DAGs
[2024-07-17T03:09:13.769+0000] {logging_mixin.py:188} INFO - [2024-07-17T03:09:13.768+0000] {dag.py:3954} INFO - Setting next_dagrun for producer to 2024-07-16 00:00:00+00:00, run_after=2024-07-17 00:00:00+00:00
[2024-07-17T03:09:13.778+0000] {processor.py:183} INFO - Processing /opt/airflow/dags/producer.py took 0.042 seconds
[2024-07-17T03:09:44.143+0000] {processor.py:161} INFO - Started process (PID=99) to work on /opt/airflow/dags/producer.py
[2024-07-17T03:09:44.148+0000] {processor.py:830} INFO - Processing file /opt/airflow/dags/producer.py for tasks to queue
[2024-07-17T03:09:44.150+0000] {logging_mixin.py:188} INFO - [2024-07-17T03:09:44.149+0000] {dagbag.py:545} INFO - Filling up the DagBag from /opt/airflow/dags/producer.py
[2024-07-17T03:09:44.159+0000] {processor.py:840} INFO - DAG(s) 'producer' retrieved from /opt/airflow/dags/producer.py
[2024-07-17T03:09:44.178+0000] {logging_mixin.py:188} INFO - [2024-07-17T03:09:44.178+0000] {dag.py:3096} INFO - Sync 1 DAGs
[2024-07-17T03:09:44.199+0000] {logging_mixin.py:188} INFO - [2024-07-17T03:09:44.199+0000] {dag.py:3954} INFO - Setting next_dagrun for producer to 2024-07-16 00:00:00+00:00, run_after=2024-07-17 00:00:00+00:00
[2024-07-17T03:09:44.218+0000] {processor.py:183} INFO - Processing /opt/airflow/dags/producer.py took 0.078 seconds
[2024-07-17T03:10:14.542+0000] {processor.py:161} INFO - Started process (PID=114) to work on /opt/airflow/dags/producer.py
[2024-07-17T03:10:14.542+0000] {processor.py:830} INFO - Processing file /opt/airflow/dags/producer.py for tasks to queue
[2024-07-17T03:10:14.544+0000] {logging_mixin.py:188} INFO - [2024-07-17T03:10:14.543+0000] {dagbag.py:545} INFO - Filling up the DagBag from /opt/airflow/dags/producer.py
[2024-07-17T03:10:14.553+0000] {processor.py:840} INFO - DAG(s) 'producer' retrieved from /opt/airflow/dags/producer.py
[2024-07-17T03:10:14.564+0000] {logging_mixin.py:188} INFO - [2024-07-17T03:10:14.564+0000] {dag.py:3096} INFO - Sync 1 DAGs
[2024-07-17T03:10:14.574+0000] {logging_mixin.py:188} INFO - [2024-07-17T03:10:14.574+0000] {dag.py:3954} INFO - Setting next_dagrun for producer to 2024-07-16 00:00:00+00:00, run_after=2024-07-17 00:00:00+00:00
[2024-07-17T03:10:14.583+0000] {processor.py:183} INFO - Processing /opt/airflow/dags/producer.py took 0.045 seconds
[2024-07-17T03:10:44.990+0000] {processor.py:161} INFO - Started process (PID=129) to work on /opt/airflow/dags/producer.py
[2024-07-17T03:10:44.991+0000] {processor.py:830} INFO - Processing file /opt/airflow/dags/producer.py for tasks to queue
[2024-07-17T03:10:44.992+0000] {logging_mixin.py:188} INFO - [2024-07-17T03:10:44.992+0000] {dagbag.py:545} INFO - Filling up the DagBag from /opt/airflow/dags/producer.py
[2024-07-17T03:10:45.007+0000] {processor.py:840} INFO - DAG(s) 'producer' retrieved from /opt/airflow/dags/producer.py
[2024-07-17T03:10:45.024+0000] {logging_mixin.py:188} INFO - [2024-07-17T03:10:45.024+0000] {dag.py:3096} INFO - Sync 1 DAGs
[2024-07-17T03:10:45.036+0000] {logging_mixin.py:188} INFO - [2024-07-17T03:10:45.036+0000] {dag.py:3954} INFO - Setting next_dagrun for producer to 2024-07-16 00:00:00+00:00, run_after=2024-07-17 00:00:00+00:00
[2024-07-17T03:10:45.047+0000] {processor.py:183} INFO - Processing /opt/airflow/dags/producer.py took 0.063 seconds
[2024-07-17T03:11:15.380+0000] {processor.py:161} INFO - Started process (PID=144) to work on /opt/airflow/dags/producer.py
[2024-07-17T03:11:15.382+0000] {processor.py:830} INFO - Processing file /opt/airflow/dags/producer.py for tasks to queue
[2024-07-17T03:11:15.390+0000] {logging_mixin.py:188} INFO - [2024-07-17T03:11:15.388+0000] {dagbag.py:545} INFO - Filling up the DagBag from /opt/airflow/dags/producer.py
[2024-07-17T03:11:15.408+0000] {processor.py:840} INFO - DAG(s) 'producer' retrieved from /opt/airflow/dags/producer.py
[2024-07-17T03:11:15.427+0000] {logging_mixin.py:188} INFO - [2024-07-17T03:11:15.427+0000] {dag.py:3096} INFO - Sync 1 DAGs
[2024-07-17T03:11:15.445+0000] {logging_mixin.py:188} INFO - [2024-07-17T03:11:15.444+0000] {dag.py:3954} INFO - Setting next_dagrun for producer to 2024-07-16 00:00:00+00:00, run_after=2024-07-17 00:00:00+00:00
[2024-07-17T03:11:15.461+0000] {processor.py:183} INFO - Processing /opt/airflow/dags/producer.py took 0.087 seconds
[2024-07-17T03:11:45.959+0000] {processor.py:161} INFO - Started process (PID=159) to work on /opt/airflow/dags/producer.py
[2024-07-17T03:11:45.960+0000] {processor.py:830} INFO - Processing file /opt/airflow/dags/producer.py for tasks to queue
[2024-07-17T03:11:45.964+0000] {logging_mixin.py:188} INFO - [2024-07-17T03:11:45.963+0000] {dagbag.py:545} INFO - Filling up the DagBag from /opt/airflow/dags/producer.py
[2024-07-17T03:11:45.982+0000] {processor.py:840} INFO - DAG(s) 'producer' retrieved from /opt/airflow/dags/producer.py
[2024-07-17T03:11:46.001+0000] {logging_mixin.py:188} INFO - [2024-07-17T03:11:46.000+0000] {dag.py:3096} INFO - Sync 1 DAGs
[2024-07-17T03:11:46.014+0000] {logging_mixin.py:188} INFO - [2024-07-17T03:11:46.014+0000] {dag.py:3954} INFO - Setting next_dagrun for producer to 2024-07-16 00:00:00+00:00, run_after=2024-07-17 00:00:00+00:00
[2024-07-17T03:11:46.026+0000] {processor.py:183} INFO - Processing /opt/airflow/dags/producer.py took 0.074 seconds
[2024-07-17T03:12:16.713+0000] {processor.py:161} INFO - Started process (PID=174) to work on /opt/airflow/dags/producer.py
[2024-07-17T03:12:16.715+0000] {processor.py:830} INFO - Processing file /opt/airflow/dags/producer.py for tasks to queue
[2024-07-17T03:12:16.717+0000] {logging_mixin.py:188} INFO - [2024-07-17T03:12:16.716+0000] {dagbag.py:545} INFO - Filling up the DagBag from /opt/airflow/dags/producer.py
[2024-07-17T03:12:16.738+0000] {processor.py:840} INFO - DAG(s) 'producer' retrieved from /opt/airflow/dags/producer.py
[2024-07-17T03:12:16.763+0000] {logging_mixin.py:188} INFO - [2024-07-17T03:12:16.763+0000] {dag.py:3096} INFO - Sync 1 DAGs
[2024-07-17T03:12:16.785+0000] {logging_mixin.py:188} INFO - [2024-07-17T03:12:16.785+0000] {dag.py:3954} INFO - Setting next_dagrun for producer to 2024-07-16 00:00:00+00:00, run_after=2024-07-17 00:00:00+00:00
[2024-07-17T03:12:16.832+0000] {processor.py:183} INFO - Processing /opt/airflow/dags/producer.py took 0.130 seconds
[2024-07-17T03:12:47.150+0000] {processor.py:161} INFO - Started process (PID=189) to work on /opt/airflow/dags/producer.py
[2024-07-17T03:12:47.151+0000] {processor.py:830} INFO - Processing file /opt/airflow/dags/producer.py for tasks to queue
[2024-07-17T03:12:47.156+0000] {logging_mixin.py:188} INFO - [2024-07-17T03:12:47.155+0000] {dagbag.py:545} INFO - Filling up the DagBag from /opt/airflow/dags/producer.py
[2024-07-17T03:12:47.188+0000] {processor.py:840} INFO - DAG(s) 'producer' retrieved from /opt/airflow/dags/producer.py
[2024-07-17T03:12:47.236+0000] {logging_mixin.py:188} INFO - [2024-07-17T03:12:47.236+0000] {dag.py:3096} INFO - Sync 1 DAGs
[2024-07-17T03:12:47.258+0000] {logging_mixin.py:188} INFO - [2024-07-17T03:12:47.258+0000] {dag.py:3954} INFO - Setting next_dagrun for producer to 2024-07-16 00:00:00+00:00, run_after=2024-07-17 00:00:00+00:00
[2024-07-17T03:12:47.288+0000] {processor.py:183} INFO - Processing /opt/airflow/dags/producer.py took 0.143 seconds
[2024-07-17T03:13:17.702+0000] {processor.py:161} INFO - Started process (PID=204) to work on /opt/airflow/dags/producer.py
[2024-07-17T03:13:17.704+0000] {processor.py:830} INFO - Processing file /opt/airflow/dags/producer.py for tasks to queue
[2024-07-17T03:13:17.706+0000] {logging_mixin.py:188} INFO - [2024-07-17T03:13:17.706+0000] {dagbag.py:545} INFO - Filling up the DagBag from /opt/airflow/dags/producer.py
[2024-07-17T03:13:17.722+0000] {processor.py:840} INFO - DAG(s) 'producer' retrieved from /opt/airflow/dags/producer.py
[2024-07-17T03:13:17.749+0000] {logging_mixin.py:188} INFO - [2024-07-17T03:13:17.749+0000] {dag.py:3096} INFO - Sync 1 DAGs
[2024-07-17T03:13:17.767+0000] {logging_mixin.py:188} INFO - [2024-07-17T03:13:17.767+0000] {dag.py:3954} INFO - Setting next_dagrun for producer to 2024-07-16 00:00:00+00:00, run_after=2024-07-17 00:00:00+00:00
[2024-07-17T03:13:17.787+0000] {processor.py:183} INFO - Processing /opt/airflow/dags/producer.py took 0.090 seconds
[2024-07-17T03:13:48.291+0000] {processor.py:161} INFO - Started process (PID=218) to work on /opt/airflow/dags/producer.py
[2024-07-17T03:13:48.293+0000] {processor.py:830} INFO - Processing file /opt/airflow/dags/producer.py for tasks to queue
[2024-07-17T03:13:48.296+0000] {logging_mixin.py:188} INFO - [2024-07-17T03:13:48.296+0000] {dagbag.py:545} INFO - Filling up the DagBag from /opt/airflow/dags/producer.py
[2024-07-17T03:13:48.315+0000] {processor.py:840} INFO - DAG(s) 'producer' retrieved from /opt/airflow/dags/producer.py
[2024-07-17T03:13:48.335+0000] {logging_mixin.py:188} INFO - [2024-07-17T03:13:48.335+0000] {dag.py:3096} INFO - Sync 1 DAGs
[2024-07-17T03:13:48.350+0000] {logging_mixin.py:188} INFO - [2024-07-17T03:13:48.350+0000] {dag.py:3954} INFO - Setting next_dagrun for producer to 2024-07-16 00:00:00+00:00, run_after=2024-07-17 00:00:00+00:00
[2024-07-17T03:13:48.363+0000] {processor.py:183} INFO - Processing /opt/airflow/dags/producer.py took 0.080 seconds
