[2024-07-17T03:07:17.077+0000] {processor.py:161} INFO - Started process (PID=31) to work on /opt/airflow/dags/user_processing.py
[2024-07-17T03:07:17.095+0000] {processor.py:830} INFO - Processing file /opt/airflow/dags/user_processing.py for tasks to queue
[2024-07-17T03:07:17.103+0000] {logging_mixin.py:188} INFO - [2024-07-17T03:07:17.103+0000] {dagbag.py:545} INFO - Filling up the DagBag from /opt/airflow/dags/user_processing.py
[2024-07-17T03:07:18.171+0000] {processor.py:840} INFO - DAG(s) 'user_processing' retrieved from /opt/airflow/dags/user_processing.py
[2024-07-17T03:07:18.301+0000] {logging_mixin.py:188} INFO - [2024-07-17T03:07:18.301+0000] {dag.py:3096} INFO - Sync 1 DAGs
[2024-07-17T03:07:18.320+0000] {logging_mixin.py:188} INFO - [2024-07-17T03:07:18.320+0000] {dag.py:3954} INFO - Setting next_dagrun for user_processing to 2024-07-16 00:00:00+00:00, run_after=2024-07-17 00:00:00+00:00
[2024-07-17T03:07:18.336+0000] {processor.py:183} INFO - Processing /opt/airflow/dags/user_processing.py took 1.270 seconds
[2024-07-17T03:07:48.681+0000] {processor.py:161} INFO - Started process (PID=46) to work on /opt/airflow/dags/user_processing.py
[2024-07-17T03:07:48.682+0000] {processor.py:830} INFO - Processing file /opt/airflow/dags/user_processing.py for tasks to queue
[2024-07-17T03:07:48.684+0000] {logging_mixin.py:188} INFO - [2024-07-17T03:07:48.684+0000] {dagbag.py:545} INFO - Filling up the DagBag from /opt/airflow/dags/user_processing.py
[2024-07-17T03:07:48.980+0000] {processor.py:840} INFO - DAG(s) 'user_processing' retrieved from /opt/airflow/dags/user_processing.py
[2024-07-17T03:07:48.990+0000] {logging_mixin.py:188} INFO - [2024-07-17T03:07:48.990+0000] {dag.py:3096} INFO - Sync 1 DAGs
[2024-07-17T03:07:48.999+0000] {logging_mixin.py:188} INFO - [2024-07-17T03:07:48.999+0000] {dag.py:3954} INFO - Setting next_dagrun for user_processing to 2024-07-16 00:00:00+00:00, run_after=2024-07-17 00:00:00+00:00
[2024-07-17T03:07:49.006+0000] {processor.py:183} INFO - Processing /opt/airflow/dags/user_processing.py took 0.330 seconds
[2024-07-17T03:08:19.154+0000] {processor.py:161} INFO - Started process (PID=61) to work on /opt/airflow/dags/user_processing.py
[2024-07-17T03:08:19.154+0000] {processor.py:830} INFO - Processing file /opt/airflow/dags/user_processing.py for tasks to queue
[2024-07-17T03:08:19.155+0000] {logging_mixin.py:188} INFO - [2024-07-17T03:08:19.155+0000] {dagbag.py:545} INFO - Filling up the DagBag from /opt/airflow/dags/user_processing.py
[2024-07-17T03:08:19.460+0000] {processor.py:840} INFO - DAG(s) 'user_processing' retrieved from /opt/airflow/dags/user_processing.py
[2024-07-17T03:08:19.470+0000] {logging_mixin.py:188} INFO - [2024-07-17T03:08:19.470+0000] {dag.py:3096} INFO - Sync 1 DAGs
[2024-07-17T03:08:19.479+0000] {logging_mixin.py:188} INFO - [2024-07-17T03:08:19.479+0000] {dag.py:3954} INFO - Setting next_dagrun for user_processing to 2024-07-16 00:00:00+00:00, run_after=2024-07-17 00:00:00+00:00
[2024-07-17T03:08:19.487+0000] {processor.py:183} INFO - Processing /opt/airflow/dags/user_processing.py took 0.337 seconds
[2024-07-17T03:08:49.602+0000] {processor.py:161} INFO - Started process (PID=76) to work on /opt/airflow/dags/user_processing.py
[2024-07-17T03:08:49.603+0000] {processor.py:830} INFO - Processing file /opt/airflow/dags/user_processing.py for tasks to queue
[2024-07-17T03:08:49.604+0000] {logging_mixin.py:188} INFO - [2024-07-17T03:08:49.604+0000] {dagbag.py:545} INFO - Filling up the DagBag from /opt/airflow/dags/user_processing.py
[2024-07-17T03:08:49.861+0000] {processor.py:840} INFO - DAG(s) 'user_processing' retrieved from /opt/airflow/dags/user_processing.py
[2024-07-17T03:08:49.871+0000] {logging_mixin.py:188} INFO - [2024-07-17T03:08:49.871+0000] {dag.py:3096} INFO - Sync 1 DAGs
[2024-07-17T03:08:49.881+0000] {logging_mixin.py:188} INFO - [2024-07-17T03:08:49.881+0000] {dag.py:3954} INFO - Setting next_dagrun for user_processing to 2024-07-16 00:00:00+00:00, run_after=2024-07-17 00:00:00+00:00
[2024-07-17T03:08:49.889+0000] {processor.py:183} INFO - Processing /opt/airflow/dags/user_processing.py took 0.291 seconds
[2024-07-17T03:09:19.955+0000] {processor.py:161} INFO - Started process (PID=91) to work on /opt/airflow/dags/user_processing.py
[2024-07-17T03:09:19.956+0000] {processor.py:830} INFO - Processing file /opt/airflow/dags/user_processing.py for tasks to queue
[2024-07-17T03:09:19.958+0000] {logging_mixin.py:188} INFO - [2024-07-17T03:09:19.957+0000] {dagbag.py:545} INFO - Filling up the DagBag from /opt/airflow/dags/user_processing.py
[2024-07-17T03:09:20.197+0000] {processor.py:840} INFO - DAG(s) 'user_processing' retrieved from /opt/airflow/dags/user_processing.py
[2024-07-17T03:09:20.207+0000] {logging_mixin.py:188} INFO - [2024-07-17T03:09:20.207+0000] {dag.py:3096} INFO - Sync 1 DAGs
[2024-07-17T03:09:20.215+0000] {logging_mixin.py:188} INFO - [2024-07-17T03:09:20.215+0000] {dag.py:3954} INFO - Setting next_dagrun for user_processing to 2024-07-16 00:00:00+00:00, run_after=2024-07-17 00:00:00+00:00
[2024-07-17T03:09:20.222+0000] {processor.py:183} INFO - Processing /opt/airflow/dags/user_processing.py took 0.272 seconds
[2024-07-17T03:09:50.370+0000] {processor.py:161} INFO - Started process (PID=106) to work on /opt/airflow/dags/user_processing.py
[2024-07-17T03:09:50.371+0000] {processor.py:830} INFO - Processing file /opt/airflow/dags/user_processing.py for tasks to queue
[2024-07-17T03:09:50.373+0000] {logging_mixin.py:188} INFO - [2024-07-17T03:09:50.372+0000] {dagbag.py:545} INFO - Filling up the DagBag from /opt/airflow/dags/user_processing.py
[2024-07-17T03:09:50.603+0000] {processor.py:840} INFO - DAG(s) 'user_processing' retrieved from /opt/airflow/dags/user_processing.py
[2024-07-17T03:09:50.613+0000] {logging_mixin.py:188} INFO - [2024-07-17T03:09:50.612+0000] {dag.py:3096} INFO - Sync 1 DAGs
[2024-07-17T03:09:50.621+0000] {logging_mixin.py:188} INFO - [2024-07-17T03:09:50.621+0000] {dag.py:3954} INFO - Setting next_dagrun for user_processing to 2024-07-16 00:00:00+00:00, run_after=2024-07-17 00:00:00+00:00
[2024-07-17T03:09:50.628+0000] {processor.py:183} INFO - Processing /opt/airflow/dags/user_processing.py took 0.263 seconds
[2024-07-17T03:10:20.746+0000] {processor.py:161} INFO - Started process (PID=121) to work on /opt/airflow/dags/user_processing.py
[2024-07-17T03:10:20.747+0000] {processor.py:830} INFO - Processing file /opt/airflow/dags/user_processing.py for tasks to queue
[2024-07-17T03:10:20.749+0000] {logging_mixin.py:188} INFO - [2024-07-17T03:10:20.749+0000] {dagbag.py:545} INFO - Filling up the DagBag from /opt/airflow/dags/user_processing.py
[2024-07-17T03:10:20.977+0000] {processor.py:840} INFO - DAG(s) 'user_processing' retrieved from /opt/airflow/dags/user_processing.py
[2024-07-17T03:10:20.986+0000] {logging_mixin.py:188} INFO - [2024-07-17T03:10:20.986+0000] {dag.py:3096} INFO - Sync 1 DAGs
[2024-07-17T03:10:20.994+0000] {logging_mixin.py:188} INFO - [2024-07-17T03:10:20.994+0000] {dag.py:3954} INFO - Setting next_dagrun for user_processing to 2024-07-16 00:00:00+00:00, run_after=2024-07-17 00:00:00+00:00
[2024-07-17T03:10:21.002+0000] {processor.py:183} INFO - Processing /opt/airflow/dags/user_processing.py took 0.262 seconds
[2024-07-17T03:10:51.220+0000] {processor.py:161} INFO - Started process (PID=136) to work on /opt/airflow/dags/user_processing.py
[2024-07-17T03:10:51.221+0000] {processor.py:830} INFO - Processing file /opt/airflow/dags/user_processing.py for tasks to queue
[2024-07-17T03:10:51.224+0000] {logging_mixin.py:188} INFO - [2024-07-17T03:10:51.223+0000] {dagbag.py:545} INFO - Filling up the DagBag from /opt/airflow/dags/user_processing.py
[2024-07-17T03:10:51.455+0000] {processor.py:840} INFO - DAG(s) 'user_processing' retrieved from /opt/airflow/dags/user_processing.py
[2024-07-17T03:10:51.465+0000] {logging_mixin.py:188} INFO - [2024-07-17T03:10:51.465+0000] {dag.py:3096} INFO - Sync 1 DAGs
[2024-07-17T03:10:51.473+0000] {logging_mixin.py:188} INFO - [2024-07-17T03:10:51.473+0000] {dag.py:3954} INFO - Setting next_dagrun for user_processing to 2024-07-16 00:00:00+00:00, run_after=2024-07-17 00:00:00+00:00
[2024-07-17T03:10:51.482+0000] {processor.py:183} INFO - Processing /opt/airflow/dags/user_processing.py took 0.267 seconds
[2024-07-17T03:11:21.714+0000] {processor.py:161} INFO - Started process (PID=151) to work on /opt/airflow/dags/user_processing.py
[2024-07-17T03:11:21.716+0000] {processor.py:830} INFO - Processing file /opt/airflow/dags/user_processing.py for tasks to queue
[2024-07-17T03:11:21.717+0000] {logging_mixin.py:188} INFO - [2024-07-17T03:11:21.717+0000] {dagbag.py:545} INFO - Filling up the DagBag from /opt/airflow/dags/user_processing.py
[2024-07-17T03:11:21.948+0000] {processor.py:840} INFO - DAG(s) 'user_processing' retrieved from /opt/airflow/dags/user_processing.py
[2024-07-17T03:11:21.958+0000] {logging_mixin.py:188} INFO - [2024-07-17T03:11:21.957+0000] {dag.py:3096} INFO - Sync 1 DAGs
[2024-07-17T03:11:21.966+0000] {logging_mixin.py:188} INFO - [2024-07-17T03:11:21.966+0000] {dag.py:3954} INFO - Setting next_dagrun for user_processing to 2024-07-16 00:00:00+00:00, run_after=2024-07-17 00:00:00+00:00
[2024-07-17T03:11:21.973+0000] {processor.py:183} INFO - Processing /opt/airflow/dags/user_processing.py took 0.265 seconds
[2024-07-17T03:11:52.319+0000] {processor.py:161} INFO - Started process (PID=166) to work on /opt/airflow/dags/user_processing.py
[2024-07-17T03:11:52.320+0000] {processor.py:830} INFO - Processing file /opt/airflow/dags/user_processing.py for tasks to queue
[2024-07-17T03:11:52.322+0000] {logging_mixin.py:188} INFO - [2024-07-17T03:11:52.322+0000] {dagbag.py:545} INFO - Filling up the DagBag from /opt/airflow/dags/user_processing.py
[2024-07-17T03:11:52.589+0000] {processor.py:840} INFO - DAG(s) 'user_processing' retrieved from /opt/airflow/dags/user_processing.py
[2024-07-17T03:11:52.599+0000] {logging_mixin.py:188} INFO - [2024-07-17T03:11:52.599+0000] {dag.py:3096} INFO - Sync 1 DAGs
[2024-07-17T03:11:52.609+0000] {logging_mixin.py:188} INFO - [2024-07-17T03:11:52.609+0000] {dag.py:3954} INFO - Setting next_dagrun for user_processing to 2024-07-16 00:00:00+00:00, run_after=2024-07-17 00:00:00+00:00
[2024-07-17T03:11:52.618+0000] {processor.py:183} INFO - Processing /opt/airflow/dags/user_processing.py took 0.303 seconds
[2024-07-17T03:12:22.873+0000] {processor.py:161} INFO - Started process (PID=181) to work on /opt/airflow/dags/user_processing.py
[2024-07-17T03:12:22.882+0000] {processor.py:830} INFO - Processing file /opt/airflow/dags/user_processing.py for tasks to queue
[2024-07-17T03:12:22.891+0000] {logging_mixin.py:188} INFO - [2024-07-17T03:12:22.889+0000] {dagbag.py:545} INFO - Filling up the DagBag from /opt/airflow/dags/user_processing.py
[2024-07-17T03:12:23.867+0000] {processor.py:840} INFO - DAG(s) 'user_processing' retrieved from /opt/airflow/dags/user_processing.py
[2024-07-17T03:12:23.899+0000] {logging_mixin.py:188} INFO - [2024-07-17T03:12:23.898+0000] {dag.py:3096} INFO - Sync 1 DAGs
[2024-07-17T03:12:23.924+0000] {logging_mixin.py:188} INFO - [2024-07-17T03:12:23.923+0000] {dag.py:3954} INFO - Setting next_dagrun for user_processing to 2024-07-16 00:00:00+00:00, run_after=2024-07-17 00:00:00+00:00
[2024-07-17T03:12:23.944+0000] {processor.py:183} INFO - Processing /opt/airflow/dags/user_processing.py took 1.110 seconds
[2024-07-17T03:12:54.513+0000] {processor.py:161} INFO - Started process (PID=196) to work on /opt/airflow/dags/user_processing.py
[2024-07-17T03:12:54.515+0000] {processor.py:830} INFO - Processing file /opt/airflow/dags/user_processing.py for tasks to queue
[2024-07-17T03:12:54.519+0000] {logging_mixin.py:188} INFO - [2024-07-17T03:12:54.517+0000] {dagbag.py:545} INFO - Filling up the DagBag from /opt/airflow/dags/user_processing.py
[2024-07-17T03:12:55.855+0000] {processor.py:840} INFO - DAG(s) 'user_processing' retrieved from /opt/airflow/dags/user_processing.py
[2024-07-17T03:12:55.891+0000] {logging_mixin.py:188} INFO - [2024-07-17T03:12:55.890+0000] {dag.py:3096} INFO - Sync 1 DAGs
[2024-07-17T03:12:55.940+0000] {logging_mixin.py:188} INFO - [2024-07-17T03:12:55.939+0000] {dag.py:3954} INFO - Setting next_dagrun for user_processing to 2024-07-16 00:00:00+00:00, run_after=2024-07-17 00:00:00+00:00
[2024-07-17T03:12:55.995+0000] {processor.py:183} INFO - Processing /opt/airflow/dags/user_processing.py took 1.491 seconds
[2024-07-17T03:13:26.094+0000] {processor.py:161} INFO - Started process (PID=211) to work on /opt/airflow/dags/user_processing.py
[2024-07-17T03:13:26.095+0000] {processor.py:830} INFO - Processing file /opt/airflow/dags/user_processing.py for tasks to queue
[2024-07-17T03:13:26.097+0000] {logging_mixin.py:188} INFO - [2024-07-17T03:13:26.096+0000] {dagbag.py:545} INFO - Filling up the DagBag from /opt/airflow/dags/user_processing.py
[2024-07-17T03:13:26.512+0000] {processor.py:840} INFO - DAG(s) 'user_processing' retrieved from /opt/airflow/dags/user_processing.py
[2024-07-17T03:13:26.526+0000] {logging_mixin.py:188} INFO - [2024-07-17T03:13:26.525+0000] {dag.py:3096} INFO - Sync 1 DAGs
[2024-07-17T03:13:26.536+0000] {logging_mixin.py:188} INFO - [2024-07-17T03:13:26.536+0000] {dag.py:3954} INFO - Setting next_dagrun for user_processing to 2024-07-16 00:00:00+00:00, run_after=2024-07-17 00:00:00+00:00
[2024-07-17T03:13:26.547+0000] {processor.py:183} INFO - Processing /opt/airflow/dags/user_processing.py took 0.456 seconds
[2024-07-17T03:13:57.508+0000] {processor.py:161} INFO - Started process (PID=225) to work on /opt/airflow/dags/user_processing.py
[2024-07-17T03:13:57.509+0000] {processor.py:830} INFO - Processing file /opt/airflow/dags/user_processing.py for tasks to queue
[2024-07-17T03:13:57.511+0000] {logging_mixin.py:188} INFO - [2024-07-17T03:13:57.510+0000] {dagbag.py:545} INFO - Filling up the DagBag from /opt/airflow/dags/user_processing.py
[2024-07-17T03:13:57.919+0000] {processor.py:840} INFO - DAG(s) 'user_processing' retrieved from /opt/airflow/dags/user_processing.py
[2024-07-17T03:13:57.943+0000] {logging_mixin.py:188} INFO - [2024-07-17T03:13:57.943+0000] {dag.py:3096} INFO - Sync 1 DAGs
[2024-07-17T03:13:57.972+0000] {logging_mixin.py:188} INFO - [2024-07-17T03:13:57.971+0000] {dag.py:3954} INFO - Setting next_dagrun for user_processing to 2024-07-16 00:00:00+00:00, run_after=2024-07-17 00:00:00+00:00
[2024-07-17T03:13:58.026+0000] {processor.py:183} INFO - Processing /opt/airflow/dags/user_processing.py took 0.523 seconds
