[2024-07-17T03:07:15.105+0000] {processor.py:161} INFO - Started process (PID=25) to work on /opt/airflow/dags/xcom_dags.py
[2024-07-17T03:07:15.126+0000] {processor.py:830} INFO - Processing file /opt/airflow/dags/xcom_dags.py for tasks to queue
[2024-07-17T03:07:15.134+0000] {logging_mixin.py:188} INFO - [2024-07-17T03:07:15.134+0000] {dagbag.py:545} INFO - Filling up the DagBag from /opt/airflow/dags/xcom_dags.py
[2024-07-17T03:07:15.187+0000] {processor.py:840} INFO - DAG(s) 'xcom_dag' retrieved from /opt/airflow/dags/xcom_dags.py
[2024-07-17T03:07:15.774+0000] {logging_mixin.py:188} INFO - [2024-07-17T03:07:15.774+0000] {dag.py:3096} INFO - Sync 1 DAGs
[2024-07-17T03:07:15.820+0000] {logging_mixin.py:188} INFO - [2024-07-17T03:07:15.820+0000] {dag.py:3954} INFO - Setting next_dagrun for xcom_dag to 2024-07-16 00:00:00+00:00, run_after=2024-07-17 00:00:00+00:00
[2024-07-17T03:07:15.875+0000] {processor.py:183} INFO - Processing /opt/airflow/dags/xcom_dags.py took 0.779 seconds
[2024-07-17T03:07:46.539+0000] {processor.py:161} INFO - Started process (PID=41) to work on /opt/airflow/dags/xcom_dags.py
[2024-07-17T03:07:46.542+0000] {processor.py:830} INFO - Processing file /opt/airflow/dags/xcom_dags.py for tasks to queue
[2024-07-17T03:07:46.543+0000] {logging_mixin.py:188} INFO - [2024-07-17T03:07:46.543+0000] {dagbag.py:545} INFO - Filling up the DagBag from /opt/airflow/dags/xcom_dags.py
[2024-07-17T03:07:46.562+0000] {processor.py:840} INFO - DAG(s) 'xcom_dag' retrieved from /opt/airflow/dags/xcom_dags.py
[2024-07-17T03:07:46.588+0000] {logging_mixin.py:188} INFO - [2024-07-17T03:07:46.588+0000] {dag.py:3096} INFO - Sync 1 DAGs
[2024-07-17T03:07:46.607+0000] {logging_mixin.py:188} INFO - [2024-07-17T03:07:46.607+0000] {dag.py:3954} INFO - Setting next_dagrun for xcom_dag to 2024-07-17 00:00:00+00:00, run_after=2024-07-18 00:00:00+00:00
[2024-07-17T03:07:46.616+0000] {processor.py:183} INFO - Processing /opt/airflow/dags/xcom_dags.py took 0.093 seconds
[2024-07-17T03:08:16.937+0000] {processor.py:161} INFO - Started process (PID=56) to work on /opt/airflow/dags/xcom_dags.py
[2024-07-17T03:08:16.938+0000] {processor.py:830} INFO - Processing file /opt/airflow/dags/xcom_dags.py for tasks to queue
[2024-07-17T03:08:16.940+0000] {logging_mixin.py:188} INFO - [2024-07-17T03:08:16.939+0000] {dagbag.py:545} INFO - Filling up the DagBag from /opt/airflow/dags/xcom_dags.py
[2024-07-17T03:08:16.964+0000] {processor.py:840} INFO - DAG(s) 'xcom_dag' retrieved from /opt/airflow/dags/xcom_dags.py
[2024-07-17T03:08:16.989+0000] {logging_mixin.py:188} INFO - [2024-07-17T03:08:16.988+0000] {dag.py:3096} INFO - Sync 1 DAGs
[2024-07-17T03:08:17.010+0000] {logging_mixin.py:188} INFO - [2024-07-17T03:08:17.010+0000] {dag.py:3954} INFO - Setting next_dagrun for xcom_dag to 2024-07-17 00:00:00+00:00, run_after=2024-07-18 00:00:00+00:00
[2024-07-17T03:08:17.035+0000] {processor.py:183} INFO - Processing /opt/airflow/dags/xcom_dags.py took 0.104 seconds
[2024-07-17T03:08:47.412+0000] {processor.py:161} INFO - Started process (PID=71) to work on /opt/airflow/dags/xcom_dags.py
[2024-07-17T03:08:47.413+0000] {processor.py:830} INFO - Processing file /opt/airflow/dags/xcom_dags.py for tasks to queue
[2024-07-17T03:08:47.415+0000] {logging_mixin.py:188} INFO - [2024-07-17T03:08:47.414+0000] {dagbag.py:545} INFO - Filling up the DagBag from /opt/airflow/dags/xcom_dags.py
[2024-07-17T03:08:47.434+0000] {processor.py:840} INFO - DAG(s) 'xcom_dag' retrieved from /opt/airflow/dags/xcom_dags.py
[2024-07-17T03:08:47.451+0000] {logging_mixin.py:188} INFO - [2024-07-17T03:08:47.450+0000] {dag.py:3096} INFO - Sync 1 DAGs
[2024-07-17T03:08:47.465+0000] {logging_mixin.py:188} INFO - [2024-07-17T03:08:47.465+0000] {dag.py:3954} INFO - Setting next_dagrun for xcom_dag to 2024-07-17 00:00:00+00:00, run_after=2024-07-18 00:00:00+00:00
[2024-07-17T03:08:47.476+0000] {processor.py:183} INFO - Processing /opt/airflow/dags/xcom_dags.py took 0.070 seconds
[2024-07-17T03:09:17.780+0000] {processor.py:161} INFO - Started process (PID=86) to work on /opt/airflow/dags/xcom_dags.py
[2024-07-17T03:09:17.781+0000] {processor.py:830} INFO - Processing file /opt/airflow/dags/xcom_dags.py for tasks to queue
[2024-07-17T03:09:17.783+0000] {logging_mixin.py:188} INFO - [2024-07-17T03:09:17.783+0000] {dagbag.py:545} INFO - Filling up the DagBag from /opt/airflow/dags/xcom_dags.py
[2024-07-17T03:09:17.799+0000] {processor.py:840} INFO - DAG(s) 'xcom_dag' retrieved from /opt/airflow/dags/xcom_dags.py
[2024-07-17T03:09:17.815+0000] {logging_mixin.py:188} INFO - [2024-07-17T03:09:17.815+0000] {dag.py:3096} INFO - Sync 1 DAGs
[2024-07-17T03:09:17.830+0000] {logging_mixin.py:188} INFO - [2024-07-17T03:09:17.830+0000] {dag.py:3954} INFO - Setting next_dagrun for xcom_dag to 2024-07-17 00:00:00+00:00, run_after=2024-07-18 00:00:00+00:00
[2024-07-17T03:09:17.839+0000] {processor.py:183} INFO - Processing /opt/airflow/dags/xcom_dags.py took 0.065 seconds
[2024-07-17T03:09:48.184+0000] {processor.py:161} INFO - Started process (PID=101) to work on /opt/airflow/dags/xcom_dags.py
[2024-07-17T03:09:48.185+0000] {processor.py:830} INFO - Processing file /opt/airflow/dags/xcom_dags.py for tasks to queue
[2024-07-17T03:09:48.187+0000] {logging_mixin.py:188} INFO - [2024-07-17T03:09:48.187+0000] {dagbag.py:545} INFO - Filling up the DagBag from /opt/airflow/dags/xcom_dags.py
[2024-07-17T03:09:48.199+0000] {processor.py:840} INFO - DAG(s) 'xcom_dag' retrieved from /opt/airflow/dags/xcom_dags.py
[2024-07-17T03:09:48.213+0000] {logging_mixin.py:188} INFO - [2024-07-17T03:09:48.213+0000] {dag.py:3096} INFO - Sync 1 DAGs
[2024-07-17T03:09:48.227+0000] {logging_mixin.py:188} INFO - [2024-07-17T03:09:48.227+0000] {dag.py:3954} INFO - Setting next_dagrun for xcom_dag to 2024-07-17 00:00:00+00:00, run_after=2024-07-18 00:00:00+00:00
[2024-07-17T03:09:48.237+0000] {processor.py:183} INFO - Processing /opt/airflow/dags/xcom_dags.py took 0.056 seconds
[2024-07-17T03:10:18.622+0000] {processor.py:161} INFO - Started process (PID=116) to work on /opt/airflow/dags/xcom_dags.py
[2024-07-17T03:10:18.623+0000] {processor.py:830} INFO - Processing file /opt/airflow/dags/xcom_dags.py for tasks to queue
[2024-07-17T03:10:18.624+0000] {logging_mixin.py:188} INFO - [2024-07-17T03:10:18.624+0000] {dagbag.py:545} INFO - Filling up the DagBag from /opt/airflow/dags/xcom_dags.py
[2024-07-17T03:10:18.637+0000] {processor.py:840} INFO - DAG(s) 'xcom_dag' retrieved from /opt/airflow/dags/xcom_dags.py
[2024-07-17T03:10:18.650+0000] {logging_mixin.py:188} INFO - [2024-07-17T03:10:18.650+0000] {dag.py:3096} INFO - Sync 1 DAGs
[2024-07-17T03:10:18.661+0000] {logging_mixin.py:188} INFO - [2024-07-17T03:10:18.661+0000] {dag.py:3954} INFO - Setting next_dagrun for xcom_dag to 2024-07-17 00:00:00+00:00, run_after=2024-07-18 00:00:00+00:00
[2024-07-17T03:10:18.668+0000] {processor.py:183} INFO - Processing /opt/airflow/dags/xcom_dags.py took 0.050 seconds
[2024-07-17T03:10:49.024+0000] {processor.py:161} INFO - Started process (PID=131) to work on /opt/airflow/dags/xcom_dags.py
[2024-07-17T03:10:49.025+0000] {processor.py:830} INFO - Processing file /opt/airflow/dags/xcom_dags.py for tasks to queue
[2024-07-17T03:10:49.028+0000] {logging_mixin.py:188} INFO - [2024-07-17T03:10:49.028+0000] {dagbag.py:545} INFO - Filling up the DagBag from /opt/airflow/dags/xcom_dags.py
[2024-07-17T03:10:49.047+0000] {processor.py:840} INFO - DAG(s) 'xcom_dag' retrieved from /opt/airflow/dags/xcom_dags.py
[2024-07-17T03:10:49.065+0000] {logging_mixin.py:188} INFO - [2024-07-17T03:10:49.065+0000] {dag.py:3096} INFO - Sync 1 DAGs
[2024-07-17T03:10:49.082+0000] {logging_mixin.py:188} INFO - [2024-07-17T03:10:49.081+0000] {dag.py:3954} INFO - Setting next_dagrun for xcom_dag to 2024-07-17 00:00:00+00:00, run_after=2024-07-18 00:00:00+00:00
[2024-07-17T03:10:49.090+0000] {processor.py:183} INFO - Processing /opt/airflow/dags/xcom_dags.py took 0.071 seconds
[2024-07-17T03:11:19.408+0000] {processor.py:161} INFO - Started process (PID=146) to work on /opt/airflow/dags/xcom_dags.py
[2024-07-17T03:11:19.418+0000] {processor.py:830} INFO - Processing file /opt/airflow/dags/xcom_dags.py for tasks to queue
[2024-07-17T03:11:19.420+0000] {logging_mixin.py:188} INFO - [2024-07-17T03:11:19.420+0000] {dagbag.py:545} INFO - Filling up the DagBag from /opt/airflow/dags/xcom_dags.py
[2024-07-17T03:11:19.447+0000] {processor.py:840} INFO - DAG(s) 'xcom_dag' retrieved from /opt/airflow/dags/xcom_dags.py
[2024-07-17T03:11:19.485+0000] {logging_mixin.py:188} INFO - [2024-07-17T03:11:19.485+0000] {dag.py:3096} INFO - Sync 1 DAGs
[2024-07-17T03:11:19.523+0000] {logging_mixin.py:188} INFO - [2024-07-17T03:11:19.523+0000] {dag.py:3954} INFO - Setting next_dagrun for xcom_dag to 2024-07-17 00:00:00+00:00, run_after=2024-07-18 00:00:00+00:00
[2024-07-17T03:11:19.570+0000] {processor.py:183} INFO - Processing /opt/airflow/dags/xcom_dags.py took 0.167 seconds
[2024-07-17T03:11:49.981+0000] {processor.py:161} INFO - Started process (PID=161) to work on /opt/airflow/dags/xcom_dags.py
[2024-07-17T03:11:49.982+0000] {processor.py:830} INFO - Processing file /opt/airflow/dags/xcom_dags.py for tasks to queue
[2024-07-17T03:11:49.985+0000] {logging_mixin.py:188} INFO - [2024-07-17T03:11:49.985+0000] {dagbag.py:545} INFO - Filling up the DagBag from /opt/airflow/dags/xcom_dags.py
[2024-07-17T03:11:50.011+0000] {processor.py:840} INFO - DAG(s) 'xcom_dag' retrieved from /opt/airflow/dags/xcom_dags.py
[2024-07-17T03:11:50.050+0000] {logging_mixin.py:188} INFO - [2024-07-17T03:11:50.050+0000] {dag.py:3096} INFO - Sync 1 DAGs
[2024-07-17T03:11:50.076+0000] {logging_mixin.py:188} INFO - [2024-07-17T03:11:50.076+0000] {dag.py:3954} INFO - Setting next_dagrun for xcom_dag to 2024-07-17 00:00:00+00:00, run_after=2024-07-18 00:00:00+00:00
[2024-07-17T03:11:50.102+0000] {processor.py:183} INFO - Processing /opt/airflow/dags/xcom_dags.py took 0.124 seconds
[2024-07-17T03:12:20.817+0000] {processor.py:161} INFO - Started process (PID=176) to work on /opt/airflow/dags/xcom_dags.py
[2024-07-17T03:12:20.819+0000] {processor.py:830} INFO - Processing file /opt/airflow/dags/xcom_dags.py for tasks to queue
[2024-07-17T03:12:20.827+0000] {logging_mixin.py:188} INFO - [2024-07-17T03:12:20.826+0000] {dagbag.py:545} INFO - Filling up the DagBag from /opt/airflow/dags/xcom_dags.py
[2024-07-17T03:12:20.857+0000] {processor.py:840} INFO - DAG(s) 'xcom_dag' retrieved from /opt/airflow/dags/xcom_dags.py
[2024-07-17T03:12:20.910+0000] {logging_mixin.py:188} INFO - [2024-07-17T03:12:20.910+0000] {dag.py:3096} INFO - Sync 1 DAGs
[2024-07-17T03:12:20.931+0000] {logging_mixin.py:188} INFO - [2024-07-17T03:12:20.930+0000] {dag.py:3954} INFO - Setting next_dagrun for xcom_dag to 2024-07-17 00:00:00+00:00, run_after=2024-07-18 00:00:00+00:00
[2024-07-17T03:12:20.960+0000] {processor.py:183} INFO - Processing /opt/airflow/dags/xcom_dags.py took 0.148 seconds
[2024-07-17T03:12:51.201+0000] {processor.py:161} INFO - Started process (PID=191) to work on /opt/airflow/dags/xcom_dags.py
[2024-07-17T03:12:51.202+0000] {processor.py:830} INFO - Processing file /opt/airflow/dags/xcom_dags.py for tasks to queue
[2024-07-17T03:12:51.205+0000] {logging_mixin.py:188} INFO - [2024-07-17T03:12:51.204+0000] {dagbag.py:545} INFO - Filling up the DagBag from /opt/airflow/dags/xcom_dags.py
[2024-07-17T03:12:51.226+0000] {processor.py:840} INFO - DAG(s) 'xcom_dag' retrieved from /opt/airflow/dags/xcom_dags.py
[2024-07-17T03:12:51.244+0000] {logging_mixin.py:188} INFO - [2024-07-17T03:12:51.244+0000] {dag.py:3096} INFO - Sync 1 DAGs
[2024-07-17T03:12:51.271+0000] {logging_mixin.py:188} INFO - [2024-07-17T03:12:51.271+0000] {dag.py:3954} INFO - Setting next_dagrun for xcom_dag to 2024-07-17 00:00:00+00:00, run_after=2024-07-18 00:00:00+00:00
[2024-07-17T03:12:51.306+0000] {processor.py:183} INFO - Processing /opt/airflow/dags/xcom_dags.py took 0.110 seconds
[2024-07-17T03:13:21.771+0000] {processor.py:161} INFO - Started process (PID=206) to work on /opt/airflow/dags/xcom_dags.py
[2024-07-17T03:13:21.772+0000] {processor.py:830} INFO - Processing file /opt/airflow/dags/xcom_dags.py for tasks to queue
[2024-07-17T03:13:21.776+0000] {logging_mixin.py:188} INFO - [2024-07-17T03:13:21.776+0000] {dagbag.py:545} INFO - Filling up the DagBag from /opt/airflow/dags/xcom_dags.py
[2024-07-17T03:13:21.809+0000] {processor.py:840} INFO - DAG(s) 'xcom_dag' retrieved from /opt/airflow/dags/xcom_dags.py
[2024-07-17T03:13:21.846+0000] {logging_mixin.py:188} INFO - [2024-07-17T03:13:21.846+0000] {dag.py:3096} INFO - Sync 1 DAGs
[2024-07-17T03:13:21.888+0000] {logging_mixin.py:188} INFO - [2024-07-17T03:13:21.887+0000] {dag.py:3954} INFO - Setting next_dagrun for xcom_dag to 2024-07-17 00:00:00+00:00, run_after=2024-07-18 00:00:00+00:00
[2024-07-17T03:13:21.906+0000] {processor.py:183} INFO - Processing /opt/airflow/dags/xcom_dags.py took 0.141 seconds
[2024-07-17T03:13:52.352+0000] {processor.py:161} INFO - Started process (PID=220) to work on /opt/airflow/dags/xcom_dags.py
[2024-07-17T03:13:52.353+0000] {processor.py:830} INFO - Processing file /opt/airflow/dags/xcom_dags.py for tasks to queue
[2024-07-17T03:13:52.355+0000] {logging_mixin.py:188} INFO - [2024-07-17T03:13:52.354+0000] {dagbag.py:545} INFO - Filling up the DagBag from /opt/airflow/dags/xcom_dags.py
[2024-07-17T03:13:52.373+0000] {processor.py:840} INFO - DAG(s) 'xcom_dag' retrieved from /opt/airflow/dags/xcom_dags.py
[2024-07-17T03:13:52.393+0000] {logging_mixin.py:188} INFO - [2024-07-17T03:13:52.392+0000] {dag.py:3096} INFO - Sync 1 DAGs
[2024-07-17T03:13:52.411+0000] {logging_mixin.py:188} INFO - [2024-07-17T03:13:52.411+0000] {dag.py:3954} INFO - Setting next_dagrun for xcom_dag to 2024-07-17 00:00:00+00:00, run_after=2024-07-18 00:00:00+00:00
[2024-07-17T03:13:52.421+0000] {processor.py:183} INFO - Processing /opt/airflow/dags/xcom_dags.py took 0.075 seconds
