[2024-07-16T08:45:39.925+0000] {processor.py:161} INFO - Started process (PID=1350) to work on /opt/airflow/dags/subdags/subdag_transforms.py
[2024-07-16T08:45:39.925+0000] {processor.py:830} INFO - Processing file /opt/airflow/dags/subdags/subdag_transforms.py for tasks to queue
[2024-07-16T08:45:39.926+0000] {logging_mixin.py:188} INFO - [2024-07-16T08:45:39.926+0000] {dagbag.py:545} INFO - Filling up the DagBag from /opt/airflow/dags/subdags/subdag_transforms.py
[2024-07-16T08:45:39.935+0000] {processor.py:842} WARNING - No viable dags retrieved from /opt/airflow/dags/subdags/subdag_transforms.py
[2024-07-16T08:45:39.945+0000] {processor.py:183} INFO - Processing /opt/airflow/dags/subdags/subdag_transforms.py took 0.024 seconds
[2024-07-16T08:46:10.431+0000] {processor.py:161} INFO - Started process (PID=1364) to work on /opt/airflow/dags/subdags/subdag_transforms.py
[2024-07-16T08:46:10.432+0000] {processor.py:830} INFO - Processing file /opt/airflow/dags/subdags/subdag_transforms.py for tasks to queue
[2024-07-16T08:46:10.433+0000] {logging_mixin.py:188} INFO - [2024-07-16T08:46:10.433+0000] {dagbag.py:545} INFO - Filling up the DagBag from /opt/airflow/dags/subdags/subdag_transforms.py
[2024-07-16T08:46:10.440+0000] {processor.py:842} WARNING - No viable dags retrieved from /opt/airflow/dags/subdags/subdag_transforms.py
[2024-07-16T08:46:10.455+0000] {processor.py:183} INFO - Processing /opt/airflow/dags/subdags/subdag_transforms.py took 0.029 seconds
[2024-07-16T08:46:16.606+0000] {processor.py:161} INFO - Started process (PID=1368) to work on /opt/airflow/dags/subdags/subdag_transforms.py
[2024-07-16T08:46:16.607+0000] {processor.py:830} INFO - Processing file /opt/airflow/dags/subdags/subdag_transforms.py for tasks to queue
[2024-07-16T08:46:16.608+0000] {logging_mixin.py:188} INFO - [2024-07-16T08:46:16.608+0000] {dagbag.py:545} INFO - Filling up the DagBag from /opt/airflow/dags/subdags/subdag_transforms.py
[2024-07-16T08:46:16.619+0000] {processor.py:842} WARNING - No viable dags retrieved from /opt/airflow/dags/subdags/subdag_transforms.py
[2024-07-16T08:46:16.631+0000] {processor.py:183} INFO - Processing /opt/airflow/dags/subdags/subdag_transforms.py took 0.030 seconds
[2024-07-16T08:46:37.243+0000] {processor.py:161} INFO - Started process (PID=1373) to work on /opt/airflow/dags/subdags/subdag_transforms.py
[2024-07-16T08:46:37.244+0000] {processor.py:830} INFO - Processing file /opt/airflow/dags/subdags/subdag_transforms.py for tasks to queue
[2024-07-16T08:46:37.245+0000] {logging_mixin.py:188} INFO - [2024-07-16T08:46:37.244+0000] {dagbag.py:545} INFO - Filling up the DagBag from /opt/airflow/dags/subdags/subdag_transforms.py
[2024-07-16T08:46:37.257+0000] {processor.py:842} WARNING - No viable dags retrieved from /opt/airflow/dags/subdags/subdag_transforms.py
[2024-07-16T08:46:37.268+0000] {processor.py:183} INFO - Processing /opt/airflow/dags/subdags/subdag_transforms.py took 0.030 seconds
[2024-07-16T08:47:07.569+0000] {processor.py:161} INFO - Started process (PID=1388) to work on /opt/airflow/dags/subdags/subdag_transforms.py
[2024-07-16T08:47:07.570+0000] {processor.py:830} INFO - Processing file /opt/airflow/dags/subdags/subdag_transforms.py for tasks to queue
[2024-07-16T08:47:07.571+0000] {logging_mixin.py:188} INFO - [2024-07-16T08:47:07.571+0000] {dagbag.py:545} INFO - Filling up the DagBag from /opt/airflow/dags/subdags/subdag_transforms.py
[2024-07-16T08:47:07.580+0000] {processor.py:842} WARNING - No viable dags retrieved from /opt/airflow/dags/subdags/subdag_transforms.py
[2024-07-16T08:47:07.593+0000] {processor.py:183} INFO - Processing /opt/airflow/dags/subdags/subdag_transforms.py took 0.032 seconds
[2024-07-16T08:47:37.936+0000] {processor.py:161} INFO - Started process (PID=1403) to work on /opt/airflow/dags/subdags/subdag_transforms.py
[2024-07-16T08:47:37.937+0000] {processor.py:830} INFO - Processing file /opt/airflow/dags/subdags/subdag_transforms.py for tasks to queue
[2024-07-16T08:47:37.939+0000] {logging_mixin.py:188} INFO - [2024-07-16T08:47:37.938+0000] {dagbag.py:545} INFO - Filling up the DagBag from /opt/airflow/dags/subdags/subdag_transforms.py
[2024-07-16T08:47:37.949+0000] {processor.py:842} WARNING - No viable dags retrieved from /opt/airflow/dags/subdags/subdag_transforms.py
[2024-07-16T08:47:37.964+0000] {processor.py:183} INFO - Processing /opt/airflow/dags/subdags/subdag_transforms.py took 0.038 seconds
[2024-07-16T08:48:08.417+0000] {processor.py:161} INFO - Started process (PID=1417) to work on /opt/airflow/dags/subdags/subdag_transforms.py
[2024-07-16T08:48:08.418+0000] {processor.py:830} INFO - Processing file /opt/airflow/dags/subdags/subdag_transforms.py for tasks to queue
[2024-07-16T08:48:08.419+0000] {logging_mixin.py:188} INFO - [2024-07-16T08:48:08.418+0000] {dagbag.py:545} INFO - Filling up the DagBag from /opt/airflow/dags/subdags/subdag_transforms.py
[2024-07-16T08:48:08.428+0000] {processor.py:842} WARNING - No viable dags retrieved from /opt/airflow/dags/subdags/subdag_transforms.py
[2024-07-16T08:48:08.439+0000] {processor.py:183} INFO - Processing /opt/airflow/dags/subdags/subdag_transforms.py took 0.029 seconds
[2024-07-16T08:48:38.895+0000] {processor.py:161} INFO - Started process (PID=1431) to work on /opt/airflow/dags/subdags/subdag_transforms.py
[2024-07-16T08:48:38.896+0000] {processor.py:830} INFO - Processing file /opt/airflow/dags/subdags/subdag_transforms.py for tasks to queue
[2024-07-16T08:48:38.897+0000] {logging_mixin.py:188} INFO - [2024-07-16T08:48:38.897+0000] {dagbag.py:545} INFO - Filling up the DagBag from /opt/airflow/dags/subdags/subdag_transforms.py
[2024-07-16T08:48:38.904+0000] {processor.py:842} WARNING - No viable dags retrieved from /opt/airflow/dags/subdags/subdag_transforms.py
[2024-07-16T08:48:38.913+0000] {processor.py:183} INFO - Processing /opt/airflow/dags/subdags/subdag_transforms.py took 0.023 seconds
[2024-07-16T08:49:09.408+0000] {processor.py:161} INFO - Started process (PID=1445) to work on /opt/airflow/dags/subdags/subdag_transforms.py
[2024-07-16T08:49:09.409+0000] {processor.py:830} INFO - Processing file /opt/airflow/dags/subdags/subdag_transforms.py for tasks to queue
[2024-07-16T08:49:09.410+0000] {logging_mixin.py:188} INFO - [2024-07-16T08:49:09.410+0000] {dagbag.py:545} INFO - Filling up the DagBag from /opt/airflow/dags/subdags/subdag_transforms.py
[2024-07-16T08:49:09.418+0000] {processor.py:842} WARNING - No viable dags retrieved from /opt/airflow/dags/subdags/subdag_transforms.py
[2024-07-16T08:49:09.429+0000] {processor.py:183} INFO - Processing /opt/airflow/dags/subdags/subdag_transforms.py took 0.029 seconds
[2024-07-16T08:49:39.493+0000] {processor.py:161} INFO - Started process (PID=1459) to work on /opt/airflow/dags/subdags/subdag_transforms.py
[2024-07-16T08:49:39.494+0000] {processor.py:830} INFO - Processing file /opt/airflow/dags/subdags/subdag_transforms.py for tasks to queue
[2024-07-16T08:49:39.495+0000] {logging_mixin.py:188} INFO - [2024-07-16T08:49:39.494+0000] {dagbag.py:545} INFO - Filling up the DagBag from /opt/airflow/dags/subdags/subdag_transforms.py
[2024-07-16T08:49:39.504+0000] {processor.py:842} WARNING - No viable dags retrieved from /opt/airflow/dags/subdags/subdag_transforms.py
[2024-07-16T08:49:39.518+0000] {processor.py:183} INFO - Processing /opt/airflow/dags/subdags/subdag_transforms.py took 0.031 seconds
[2024-07-16T08:50:09.924+0000] {processor.py:161} INFO - Started process (PID=1474) to work on /opt/airflow/dags/subdags/subdag_transforms.py
[2024-07-16T08:50:09.925+0000] {processor.py:830} INFO - Processing file /opt/airflow/dags/subdags/subdag_transforms.py for tasks to queue
[2024-07-16T08:50:09.926+0000] {logging_mixin.py:188} INFO - [2024-07-16T08:50:09.925+0000] {dagbag.py:545} INFO - Filling up the DagBag from /opt/airflow/dags/subdags/subdag_transforms.py
[2024-07-16T08:50:09.931+0000] {processor.py:842} WARNING - No viable dags retrieved from /opt/airflow/dags/subdags/subdag_transforms.py
[2024-07-16T08:50:09.938+0000] {processor.py:183} INFO - Processing /opt/airflow/dags/subdags/subdag_transforms.py took 0.018 seconds
[2024-07-16T08:50:40.462+0000] {processor.py:161} INFO - Started process (PID=1493) to work on /opt/airflow/dags/subdags/subdag_transforms.py
[2024-07-16T08:50:40.480+0000] {processor.py:830} INFO - Processing file /opt/airflow/dags/subdags/subdag_transforms.py for tasks to queue
[2024-07-16T08:50:40.481+0000] {logging_mixin.py:188} INFO - [2024-07-16T08:50:40.481+0000] {dagbag.py:545} INFO - Filling up the DagBag from /opt/airflow/dags/subdags/subdag_transforms.py
[2024-07-16T08:50:40.493+0000] {processor.py:842} WARNING - No viable dags retrieved from /opt/airflow/dags/subdags/subdag_transforms.py
[2024-07-16T08:50:40.514+0000] {processor.py:183} INFO - Processing /opt/airflow/dags/subdags/subdag_transforms.py took 0.055 seconds
[2024-07-16T08:51:10.996+0000] {processor.py:161} INFO - Started process (PID=1507) to work on /opt/airflow/dags/subdags/subdag_transforms.py
[2024-07-16T08:51:10.997+0000] {processor.py:830} INFO - Processing file /opt/airflow/dags/subdags/subdag_transforms.py for tasks to queue
[2024-07-16T08:51:10.999+0000] {logging_mixin.py:188} INFO - [2024-07-16T08:51:10.998+0000] {dagbag.py:545} INFO - Filling up the DagBag from /opt/airflow/dags/subdags/subdag_transforms.py
[2024-07-16T08:51:11.008+0000] {processor.py:842} WARNING - No viable dags retrieved from /opt/airflow/dags/subdags/subdag_transforms.py
[2024-07-16T08:51:11.019+0000] {processor.py:183} INFO - Processing /opt/airflow/dags/subdags/subdag_transforms.py took 0.030 seconds
[2024-07-16T08:51:41.453+0000] {processor.py:161} INFO - Started process (PID=1521) to work on /opt/airflow/dags/subdags/subdag_transforms.py
[2024-07-16T08:51:41.453+0000] {processor.py:830} INFO - Processing file /opt/airflow/dags/subdags/subdag_transforms.py for tasks to queue
[2024-07-16T08:51:41.454+0000] {logging_mixin.py:188} INFO - [2024-07-16T08:51:41.454+0000] {dagbag.py:545} INFO - Filling up the DagBag from /opt/airflow/dags/subdags/subdag_transforms.py
[2024-07-16T08:51:41.460+0000] {processor.py:842} WARNING - No viable dags retrieved from /opt/airflow/dags/subdags/subdag_transforms.py
[2024-07-16T08:51:41.473+0000] {processor.py:183} INFO - Processing /opt/airflow/dags/subdags/subdag_transforms.py took 0.024 seconds
[2024-07-16T08:52:11.936+0000] {processor.py:161} INFO - Started process (PID=1535) to work on /opt/airflow/dags/subdags/subdag_transforms.py
[2024-07-16T08:52:11.937+0000] {processor.py:830} INFO - Processing file /opt/airflow/dags/subdags/subdag_transforms.py for tasks to queue
[2024-07-16T08:52:11.938+0000] {logging_mixin.py:188} INFO - [2024-07-16T08:52:11.938+0000] {dagbag.py:545} INFO - Filling up the DagBag from /opt/airflow/dags/subdags/subdag_transforms.py
[2024-07-16T08:52:11.945+0000] {processor.py:842} WARNING - No viable dags retrieved from /opt/airflow/dags/subdags/subdag_transforms.py
[2024-07-16T08:52:11.956+0000] {processor.py:183} INFO - Processing /opt/airflow/dags/subdags/subdag_transforms.py took 0.029 seconds
[2024-07-16T08:52:42.386+0000] {processor.py:161} INFO - Started process (PID=1550) to work on /opt/airflow/dags/subdags/subdag_transforms.py
[2024-07-16T08:52:42.387+0000] {processor.py:830} INFO - Processing file /opt/airflow/dags/subdags/subdag_transforms.py for tasks to queue
[2024-07-16T08:52:42.388+0000] {logging_mixin.py:188} INFO - [2024-07-16T08:52:42.388+0000] {dagbag.py:545} INFO - Filling up the DagBag from /opt/airflow/dags/subdags/subdag_transforms.py
[2024-07-16T08:52:42.397+0000] {processor.py:842} WARNING - No viable dags retrieved from /opt/airflow/dags/subdags/subdag_transforms.py
[2024-07-16T08:52:42.408+0000] {processor.py:183} INFO - Processing /opt/airflow/dags/subdags/subdag_transforms.py took 0.028 seconds
[2024-07-16T08:53:12.849+0000] {processor.py:161} INFO - Started process (PID=1565) to work on /opt/airflow/dags/subdags/subdag_transforms.py
[2024-07-16T08:53:12.851+0000] {processor.py:830} INFO - Processing file /opt/airflow/dags/subdags/subdag_transforms.py for tasks to queue
[2024-07-16T08:53:12.853+0000] {logging_mixin.py:188} INFO - [2024-07-16T08:53:12.852+0000] {dagbag.py:545} INFO - Filling up the DagBag from /opt/airflow/dags/subdags/subdag_transforms.py
[2024-07-16T08:53:12.861+0000] {processor.py:842} WARNING - No viable dags retrieved from /opt/airflow/dags/subdags/subdag_transforms.py
[2024-07-16T08:53:12.874+0000] {processor.py:183} INFO - Processing /opt/airflow/dags/subdags/subdag_transforms.py took 0.032 seconds
[2024-07-16T08:53:43.507+0000] {processor.py:161} INFO - Started process (PID=1580) to work on /opt/airflow/dags/subdags/subdag_transforms.py
[2024-07-16T08:53:43.508+0000] {processor.py:830} INFO - Processing file /opt/airflow/dags/subdags/subdag_transforms.py for tasks to queue
[2024-07-16T08:53:43.508+0000] {logging_mixin.py:188} INFO - [2024-07-16T08:53:43.508+0000] {dagbag.py:545} INFO - Filling up the DagBag from /opt/airflow/dags/subdags/subdag_transforms.py
[2024-07-16T08:53:43.513+0000] {processor.py:842} WARNING - No viable dags retrieved from /opt/airflow/dags/subdags/subdag_transforms.py
[2024-07-16T08:53:43.522+0000] {processor.py:183} INFO - Processing /opt/airflow/dags/subdags/subdag_transforms.py took 0.020 seconds
[2024-07-16T08:54:14.004+0000] {processor.py:161} INFO - Started process (PID=1594) to work on /opt/airflow/dags/subdags/subdag_transforms.py
[2024-07-16T08:54:14.005+0000] {processor.py:830} INFO - Processing file /opt/airflow/dags/subdags/subdag_transforms.py for tasks to queue
[2024-07-16T08:54:14.007+0000] {logging_mixin.py:188} INFO - [2024-07-16T08:54:14.007+0000] {dagbag.py:545} INFO - Filling up the DagBag from /opt/airflow/dags/subdags/subdag_transforms.py
[2024-07-16T08:54:14.019+0000] {processor.py:842} WARNING - No viable dags retrieved from /opt/airflow/dags/subdags/subdag_transforms.py
[2024-07-16T08:54:14.032+0000] {processor.py:183} INFO - Processing /opt/airflow/dags/subdags/subdag_transforms.py took 0.035 seconds
[2024-07-16T08:54:44.519+0000] {processor.py:161} INFO - Started process (PID=1608) to work on /opt/airflow/dags/subdags/subdag_transforms.py
[2024-07-16T08:54:44.520+0000] {processor.py:830} INFO - Processing file /opt/airflow/dags/subdags/subdag_transforms.py for tasks to queue
[2024-07-16T08:54:44.521+0000] {logging_mixin.py:188} INFO - [2024-07-16T08:54:44.520+0000] {dagbag.py:545} INFO - Filling up the DagBag from /opt/airflow/dags/subdags/subdag_transforms.py
[2024-07-16T08:54:44.529+0000] {processor.py:842} WARNING - No viable dags retrieved from /opt/airflow/dags/subdags/subdag_transforms.py
[2024-07-16T08:54:44.542+0000] {processor.py:183} INFO - Processing /opt/airflow/dags/subdags/subdag_transforms.py took 0.030 seconds
[2024-07-16T08:55:15.016+0000] {processor.py:161} INFO - Started process (PID=1622) to work on /opt/airflow/dags/subdags/subdag_transforms.py
[2024-07-16T08:55:15.017+0000] {processor.py:830} INFO - Processing file /opt/airflow/dags/subdags/subdag_transforms.py for tasks to queue
[2024-07-16T08:55:15.018+0000] {logging_mixin.py:188} INFO - [2024-07-16T08:55:15.018+0000] {dagbag.py:545} INFO - Filling up the DagBag from /opt/airflow/dags/subdags/subdag_transforms.py
[2024-07-16T08:55:15.026+0000] {processor.py:842} WARNING - No viable dags retrieved from /opt/airflow/dags/subdags/subdag_transforms.py
[2024-07-16T08:55:15.037+0000] {processor.py:183} INFO - Processing /opt/airflow/dags/subdags/subdag_transforms.py took 0.027 seconds
[2024-07-16T08:55:45.858+0000] {processor.py:161} INFO - Started process (PID=1636) to work on /opt/airflow/dags/subdags/subdag_transforms.py
[2024-07-16T08:55:45.860+0000] {processor.py:830} INFO - Processing file /opt/airflow/dags/subdags/subdag_transforms.py for tasks to queue
[2024-07-16T08:55:45.862+0000] {logging_mixin.py:188} INFO - [2024-07-16T08:55:45.861+0000] {dagbag.py:545} INFO - Filling up the DagBag from /opt/airflow/dags/subdags/subdag_transforms.py
[2024-07-16T08:55:45.878+0000] {processor.py:842} WARNING - No viable dags retrieved from /opt/airflow/dags/subdags/subdag_transforms.py
[2024-07-16T08:55:45.896+0000] {processor.py:183} INFO - Processing /opt/airflow/dags/subdags/subdag_transforms.py took 0.046 seconds
[2024-07-16T08:56:16.378+0000] {processor.py:161} INFO - Started process (PID=1650) to work on /opt/airflow/dags/subdags/subdag_transforms.py
[2024-07-16T08:56:16.380+0000] {processor.py:830} INFO - Processing file /opt/airflow/dags/subdags/subdag_transforms.py for tasks to queue
[2024-07-16T08:56:16.381+0000] {logging_mixin.py:188} INFO - [2024-07-16T08:56:16.381+0000] {dagbag.py:545} INFO - Filling up the DagBag from /opt/airflow/dags/subdags/subdag_transforms.py
[2024-07-16T08:56:16.390+0000] {processor.py:842} WARNING - No viable dags retrieved from /opt/airflow/dags/subdags/subdag_transforms.py
[2024-07-16T08:56:16.402+0000] {processor.py:183} INFO - Processing /opt/airflow/dags/subdags/subdag_transforms.py took 0.030 seconds
[2024-07-16T08:56:46.482+0000] {processor.py:161} INFO - Started process (PID=1664) to work on /opt/airflow/dags/subdags/subdag_transforms.py
[2024-07-16T08:56:46.483+0000] {processor.py:830} INFO - Processing file /opt/airflow/dags/subdags/subdag_transforms.py for tasks to queue
[2024-07-16T08:56:46.484+0000] {logging_mixin.py:188} INFO - [2024-07-16T08:56:46.484+0000] {dagbag.py:545} INFO - Filling up the DagBag from /opt/airflow/dags/subdags/subdag_transforms.py
[2024-07-16T08:56:46.489+0000] {processor.py:842} WARNING - No viable dags retrieved from /opt/airflow/dags/subdags/subdag_transforms.py
[2024-07-16T08:56:46.498+0000] {processor.py:183} INFO - Processing /opt/airflow/dags/subdags/subdag_transforms.py took 0.019 seconds
[2024-07-16T08:57:16.887+0000] {processor.py:161} INFO - Started process (PID=1678) to work on /opt/airflow/dags/subdags/subdag_transforms.py
[2024-07-16T08:57:16.889+0000] {processor.py:830} INFO - Processing file /opt/airflow/dags/subdags/subdag_transforms.py for tasks to queue
[2024-07-16T08:57:16.890+0000] {logging_mixin.py:188} INFO - [2024-07-16T08:57:16.890+0000] {dagbag.py:545} INFO - Filling up the DagBag from /opt/airflow/dags/subdags/subdag_transforms.py
[2024-07-16T08:57:16.898+0000] {processor.py:842} WARNING - No viable dags retrieved from /opt/airflow/dags/subdags/subdag_transforms.py
[2024-07-16T08:57:16.914+0000] {processor.py:183} INFO - Processing /opt/airflow/dags/subdags/subdag_transforms.py took 0.034 seconds
[2024-07-16T08:57:47.433+0000] {processor.py:161} INFO - Started process (PID=1692) to work on /opt/airflow/dags/subdags/subdag_transforms.py
[2024-07-16T08:57:47.434+0000] {processor.py:830} INFO - Processing file /opt/airflow/dags/subdags/subdag_transforms.py for tasks to queue
[2024-07-16T08:57:47.435+0000] {logging_mixin.py:188} INFO - [2024-07-16T08:57:47.435+0000] {dagbag.py:545} INFO - Filling up the DagBag from /opt/airflow/dags/subdags/subdag_transforms.py
[2024-07-16T08:57:47.443+0000] {processor.py:842} WARNING - No viable dags retrieved from /opt/airflow/dags/subdags/subdag_transforms.py
[2024-07-16T08:57:47.455+0000] {processor.py:183} INFO - Processing /opt/airflow/dags/subdags/subdag_transforms.py took 0.030 seconds
[2024-07-16T08:58:17.965+0000] {processor.py:161} INFO - Started process (PID=1706) to work on /opt/airflow/dags/subdags/subdag_transforms.py
[2024-07-16T08:58:17.966+0000] {processor.py:830} INFO - Processing file /opt/airflow/dags/subdags/subdag_transforms.py for tasks to queue
[2024-07-16T08:58:17.968+0000] {logging_mixin.py:188} INFO - [2024-07-16T08:58:17.967+0000] {dagbag.py:545} INFO - Filling up the DagBag from /opt/airflow/dags/subdags/subdag_transforms.py
[2024-07-16T08:58:17.976+0000] {processor.py:842} WARNING - No viable dags retrieved from /opt/airflow/dags/subdags/subdag_transforms.py
[2024-07-16T08:58:17.987+0000] {processor.py:183} INFO - Processing /opt/airflow/dags/subdags/subdag_transforms.py took 0.029 seconds
[2024-07-16T08:58:48.568+0000] {processor.py:161} INFO - Started process (PID=1720) to work on /opt/airflow/dags/subdags/subdag_transforms.py
[2024-07-16T08:58:48.572+0000] {processor.py:830} INFO - Processing file /opt/airflow/dags/subdags/subdag_transforms.py for tasks to queue
[2024-07-16T08:58:48.573+0000] {logging_mixin.py:188} INFO - [2024-07-16T08:58:48.573+0000] {dagbag.py:545} INFO - Filling up the DagBag from /opt/airflow/dags/subdags/subdag_transforms.py
[2024-07-16T08:58:48.589+0000] {processor.py:842} WARNING - No viable dags retrieved from /opt/airflow/dags/subdags/subdag_transforms.py
[2024-07-16T08:58:48.602+0000] {processor.py:183} INFO - Processing /opt/airflow/dags/subdags/subdag_transforms.py took 0.038 seconds
[2024-07-16T08:59:19.090+0000] {processor.py:161} INFO - Started process (PID=1734) to work on /opt/airflow/dags/subdags/subdag_transforms.py
[2024-07-16T08:59:19.092+0000] {processor.py:830} INFO - Processing file /opt/airflow/dags/subdags/subdag_transforms.py for tasks to queue
[2024-07-16T08:59:19.093+0000] {logging_mixin.py:188} INFO - [2024-07-16T08:59:19.092+0000] {dagbag.py:545} INFO - Filling up the DagBag from /opt/airflow/dags/subdags/subdag_transforms.py
[2024-07-16T08:59:19.101+0000] {processor.py:842} WARNING - No viable dags retrieved from /opt/airflow/dags/subdags/subdag_transforms.py
[2024-07-16T08:59:19.114+0000] {processor.py:183} INFO - Processing /opt/airflow/dags/subdags/subdag_transforms.py took 0.030 seconds
[2024-07-16T08:59:49.596+0000] {processor.py:161} INFO - Started process (PID=1748) to work on /opt/airflow/dags/subdags/subdag_transforms.py
[2024-07-16T08:59:49.597+0000] {processor.py:830} INFO - Processing file /opt/airflow/dags/subdags/subdag_transforms.py for tasks to queue
[2024-07-16T08:59:49.598+0000] {logging_mixin.py:188} INFO - [2024-07-16T08:59:49.597+0000] {dagbag.py:545} INFO - Filling up the DagBag from /opt/airflow/dags/subdags/subdag_transforms.py
[2024-07-16T08:59:49.605+0000] {processor.py:842} WARNING - No viable dags retrieved from /opt/airflow/dags/subdags/subdag_transforms.py
[2024-07-16T08:59:49.614+0000] {processor.py:183} INFO - Processing /opt/airflow/dags/subdags/subdag_transforms.py took 0.021 seconds
[2024-07-16T09:00:20.126+0000] {processor.py:161} INFO - Started process (PID=1762) to work on /opt/airflow/dags/subdags/subdag_transforms.py
[2024-07-16T09:00:20.128+0000] {processor.py:830} INFO - Processing file /opt/airflow/dags/subdags/subdag_transforms.py for tasks to queue
[2024-07-16T09:00:20.129+0000] {logging_mixin.py:188} INFO - [2024-07-16T09:00:20.129+0000] {dagbag.py:545} INFO - Filling up the DagBag from /opt/airflow/dags/subdags/subdag_transforms.py
[2024-07-16T09:00:20.139+0000] {processor.py:842} WARNING - No viable dags retrieved from /opt/airflow/dags/subdags/subdag_transforms.py
[2024-07-16T09:00:20.155+0000] {processor.py:183} INFO - Processing /opt/airflow/dags/subdags/subdag_transforms.py took 0.035 seconds
[2024-07-16T09:00:50.760+0000] {processor.py:161} INFO - Started process (PID=1776) to work on /opt/airflow/dags/subdags/subdag_transforms.py
[2024-07-16T09:00:50.762+0000] {processor.py:830} INFO - Processing file /opt/airflow/dags/subdags/subdag_transforms.py for tasks to queue
[2024-07-16T09:00:50.763+0000] {logging_mixin.py:188} INFO - [2024-07-16T09:00:50.763+0000] {dagbag.py:545} INFO - Filling up the DagBag from /opt/airflow/dags/subdags/subdag_transforms.py
[2024-07-16T09:00:50.772+0000] {processor.py:842} WARNING - No viable dags retrieved from /opt/airflow/dags/subdags/subdag_transforms.py
[2024-07-16T09:00:50.787+0000] {processor.py:183} INFO - Processing /opt/airflow/dags/subdags/subdag_transforms.py took 0.036 seconds
[2024-07-16T09:01:21.261+0000] {processor.py:161} INFO - Started process (PID=1790) to work on /opt/airflow/dags/subdags/subdag_transforms.py
[2024-07-16T09:01:21.263+0000] {processor.py:830} INFO - Processing file /opt/airflow/dags/subdags/subdag_transforms.py for tasks to queue
[2024-07-16T09:01:21.265+0000] {logging_mixin.py:188} INFO - [2024-07-16T09:01:21.264+0000] {dagbag.py:545} INFO - Filling up the DagBag from /opt/airflow/dags/subdags/subdag_transforms.py
[2024-07-16T09:01:21.273+0000] {processor.py:842} WARNING - No viable dags retrieved from /opt/airflow/dags/subdags/subdag_transforms.py
[2024-07-16T09:01:21.284+0000] {processor.py:183} INFO - Processing /opt/airflow/dags/subdags/subdag_transforms.py took 0.029 seconds
[2024-07-16T09:01:51.788+0000] {processor.py:161} INFO - Started process (PID=1804) to work on /opt/airflow/dags/subdags/subdag_transforms.py
[2024-07-16T09:01:51.790+0000] {processor.py:830} INFO - Processing file /opt/airflow/dags/subdags/subdag_transforms.py for tasks to queue
[2024-07-16T09:01:51.791+0000] {logging_mixin.py:188} INFO - [2024-07-16T09:01:51.790+0000] {dagbag.py:545} INFO - Filling up the DagBag from /opt/airflow/dags/subdags/subdag_transforms.py
[2024-07-16T09:01:51.799+0000] {processor.py:842} WARNING - No viable dags retrieved from /opt/airflow/dags/subdags/subdag_transforms.py
[2024-07-16T09:01:51.810+0000] {processor.py:183} INFO - Processing /opt/airflow/dags/subdags/subdag_transforms.py took 0.028 seconds
[2024-07-16T09:02:22.464+0000] {processor.py:161} INFO - Started process (PID=1818) to work on /opt/airflow/dags/subdags/subdag_transforms.py
[2024-07-16T09:02:22.465+0000] {processor.py:830} INFO - Processing file /opt/airflow/dags/subdags/subdag_transforms.py for tasks to queue
[2024-07-16T09:02:22.467+0000] {logging_mixin.py:188} INFO - [2024-07-16T09:02:22.466+0000] {dagbag.py:545} INFO - Filling up the DagBag from /opt/airflow/dags/subdags/subdag_transforms.py
[2024-07-16T09:02:22.474+0000] {processor.py:842} WARNING - No viable dags retrieved from /opt/airflow/dags/subdags/subdag_transforms.py
[2024-07-16T09:02:22.484+0000] {processor.py:183} INFO - Processing /opt/airflow/dags/subdags/subdag_transforms.py took 0.027 seconds
[2024-07-16T09:02:52.632+0000] {processor.py:161} INFO - Started process (PID=1832) to work on /opt/airflow/dags/subdags/subdag_transforms.py
[2024-07-16T09:02:52.633+0000] {processor.py:830} INFO - Processing file /opt/airflow/dags/subdags/subdag_transforms.py for tasks to queue
[2024-07-16T09:02:52.634+0000] {logging_mixin.py:188} INFO - [2024-07-16T09:02:52.634+0000] {dagbag.py:545} INFO - Filling up the DagBag from /opt/airflow/dags/subdags/subdag_transforms.py
[2024-07-16T09:02:52.643+0000] {processor.py:842} WARNING - No viable dags retrieved from /opt/airflow/dags/subdags/subdag_transforms.py
[2024-07-16T09:02:52.655+0000] {processor.py:183} INFO - Processing /opt/airflow/dags/subdags/subdag_transforms.py took 0.030 seconds
[2024-07-16T09:03:23.142+0000] {processor.py:161} INFO - Started process (PID=1847) to work on /opt/airflow/dags/subdags/subdag_transforms.py
[2024-07-16T09:03:23.144+0000] {processor.py:830} INFO - Processing file /opt/airflow/dags/subdags/subdag_transforms.py for tasks to queue
[2024-07-16T09:03:23.146+0000] {logging_mixin.py:188} INFO - [2024-07-16T09:03:23.145+0000] {dagbag.py:545} INFO - Filling up the DagBag from /opt/airflow/dags/subdags/subdag_transforms.py
[2024-07-16T09:03:23.155+0000] {processor.py:842} WARNING - No viable dags retrieved from /opt/airflow/dags/subdags/subdag_transforms.py
[2024-07-16T09:03:23.169+0000] {processor.py:183} INFO - Processing /opt/airflow/dags/subdags/subdag_transforms.py took 0.036 seconds
[2024-07-16T09:03:53.670+0000] {processor.py:161} INFO - Started process (PID=1861) to work on /opt/airflow/dags/subdags/subdag_transforms.py
[2024-07-16T09:03:53.672+0000] {processor.py:830} INFO - Processing file /opt/airflow/dags/subdags/subdag_transforms.py for tasks to queue
[2024-07-16T09:03:53.673+0000] {logging_mixin.py:188} INFO - [2024-07-16T09:03:53.673+0000] {dagbag.py:545} INFO - Filling up the DagBag from /opt/airflow/dags/subdags/subdag_transforms.py
[2024-07-16T09:03:53.681+0000] {processor.py:842} WARNING - No viable dags retrieved from /opt/airflow/dags/subdags/subdag_transforms.py
[2024-07-16T09:03:53.693+0000] {processor.py:183} INFO - Processing /opt/airflow/dags/subdags/subdag_transforms.py took 0.029 seconds
[2024-07-16T09:04:24.081+0000] {processor.py:161} INFO - Started process (PID=1875) to work on /opt/airflow/dags/subdags/subdag_transforms.py
[2024-07-16T09:04:24.082+0000] {processor.py:830} INFO - Processing file /opt/airflow/dags/subdags/subdag_transforms.py for tasks to queue
[2024-07-16T09:04:24.083+0000] {logging_mixin.py:188} INFO - [2024-07-16T09:04:24.083+0000] {dagbag.py:545} INFO - Filling up the DagBag from /opt/airflow/dags/subdags/subdag_transforms.py
[2024-07-16T09:04:24.090+0000] {processor.py:842} WARNING - No viable dags retrieved from /opt/airflow/dags/subdags/subdag_transforms.py
[2024-07-16T09:04:24.101+0000] {processor.py:183} INFO - Processing /opt/airflow/dags/subdags/subdag_transforms.py took 0.026 seconds
[2024-07-16T09:04:54.565+0000] {processor.py:161} INFO - Started process (PID=1889) to work on /opt/airflow/dags/subdags/subdag_transforms.py
[2024-07-16T09:04:54.567+0000] {processor.py:830} INFO - Processing file /opt/airflow/dags/subdags/subdag_transforms.py for tasks to queue
[2024-07-16T09:04:54.568+0000] {logging_mixin.py:188} INFO - [2024-07-16T09:04:54.567+0000] {dagbag.py:545} INFO - Filling up the DagBag from /opt/airflow/dags/subdags/subdag_transforms.py
[2024-07-16T09:04:54.577+0000] {processor.py:842} WARNING - No viable dags retrieved from /opt/airflow/dags/subdags/subdag_transforms.py
[2024-07-16T09:04:54.592+0000] {processor.py:183} INFO - Processing /opt/airflow/dags/subdags/subdag_transforms.py took 0.034 seconds
[2024-07-16T09:05:25.038+0000] {processor.py:161} INFO - Started process (PID=1903) to work on /opt/airflow/dags/subdags/subdag_transforms.py
[2024-07-16T09:05:25.039+0000] {processor.py:830} INFO - Processing file /opt/airflow/dags/subdags/subdag_transforms.py for tasks to queue
[2024-07-16T09:05:25.041+0000] {logging_mixin.py:188} INFO - [2024-07-16T09:05:25.040+0000] {dagbag.py:545} INFO - Filling up the DagBag from /opt/airflow/dags/subdags/subdag_transforms.py
[2024-07-16T09:05:25.049+0000] {processor.py:842} WARNING - No viable dags retrieved from /opt/airflow/dags/subdags/subdag_transforms.py
[2024-07-16T09:05:25.082+0000] {processor.py:183} INFO - Processing /opt/airflow/dags/subdags/subdag_transforms.py took 0.052 seconds
[2024-07-16T09:05:55.556+0000] {processor.py:161} INFO - Started process (PID=1917) to work on /opt/airflow/dags/subdags/subdag_transforms.py
[2024-07-16T09:05:55.557+0000] {processor.py:830} INFO - Processing file /opt/airflow/dags/subdags/subdag_transforms.py for tasks to queue
[2024-07-16T09:05:55.559+0000] {logging_mixin.py:188} INFO - [2024-07-16T09:05:55.558+0000] {dagbag.py:545} INFO - Filling up the DagBag from /opt/airflow/dags/subdags/subdag_transforms.py
[2024-07-16T09:05:55.567+0000] {processor.py:842} WARNING - No viable dags retrieved from /opt/airflow/dags/subdags/subdag_transforms.py
[2024-07-16T09:05:55.582+0000] {processor.py:183} INFO - Processing /opt/airflow/dags/subdags/subdag_transforms.py took 0.034 seconds
[2024-07-16T09:06:26.012+0000] {processor.py:161} INFO - Started process (PID=1931) to work on /opt/airflow/dags/subdags/subdag_transforms.py
[2024-07-16T09:06:26.013+0000] {processor.py:830} INFO - Processing file /opt/airflow/dags/subdags/subdag_transforms.py for tasks to queue
[2024-07-16T09:06:26.015+0000] {logging_mixin.py:188} INFO - [2024-07-16T09:06:26.014+0000] {dagbag.py:545} INFO - Filling up the DagBag from /opt/airflow/dags/subdags/subdag_transforms.py
[2024-07-16T09:06:26.023+0000] {processor.py:842} WARNING - No viable dags retrieved from /opt/airflow/dags/subdags/subdag_transforms.py
[2024-07-16T09:06:26.037+0000] {processor.py:183} INFO - Processing /opt/airflow/dags/subdags/subdag_transforms.py took 0.031 seconds
[2024-07-16T09:06:56.387+0000] {processor.py:161} INFO - Started process (PID=1945) to work on /opt/airflow/dags/subdags/subdag_transforms.py
[2024-07-16T09:06:56.389+0000] {processor.py:830} INFO - Processing file /opt/airflow/dags/subdags/subdag_transforms.py for tasks to queue
[2024-07-16T09:06:56.390+0000] {logging_mixin.py:188} INFO - [2024-07-16T09:06:56.389+0000] {dagbag.py:545} INFO - Filling up the DagBag from /opt/airflow/dags/subdags/subdag_transforms.py
[2024-07-16T09:06:56.398+0000] {processor.py:842} WARNING - No viable dags retrieved from /opt/airflow/dags/subdags/subdag_transforms.py
[2024-07-16T09:06:56.415+0000] {processor.py:183} INFO - Processing /opt/airflow/dags/subdags/subdag_transforms.py took 0.034 seconds
[2024-07-16T09:07:26.877+0000] {processor.py:161} INFO - Started process (PID=1959) to work on /opt/airflow/dags/subdags/subdag_transforms.py
[2024-07-16T09:07:26.878+0000] {processor.py:830} INFO - Processing file /opt/airflow/dags/subdags/subdag_transforms.py for tasks to queue
[2024-07-16T09:07:26.879+0000] {logging_mixin.py:188} INFO - [2024-07-16T09:07:26.879+0000] {dagbag.py:545} INFO - Filling up the DagBag from /opt/airflow/dags/subdags/subdag_transforms.py
[2024-07-16T09:07:26.886+0000] {processor.py:842} WARNING - No viable dags retrieved from /opt/airflow/dags/subdags/subdag_transforms.py
[2024-07-16T09:07:26.897+0000] {processor.py:183} INFO - Processing /opt/airflow/dags/subdags/subdag_transforms.py took 0.027 seconds
[2024-07-16T09:07:57.427+0000] {processor.py:161} INFO - Started process (PID=1973) to work on /opt/airflow/dags/subdags/subdag_transforms.py
[2024-07-16T09:07:57.429+0000] {processor.py:830} INFO - Processing file /opt/airflow/dags/subdags/subdag_transforms.py for tasks to queue
[2024-07-16T09:07:57.432+0000] {logging_mixin.py:188} INFO - [2024-07-16T09:07:57.432+0000] {dagbag.py:545} INFO - Filling up the DagBag from /opt/airflow/dags/subdags/subdag_transforms.py
[2024-07-16T09:07:57.447+0000] {processor.py:842} WARNING - No viable dags retrieved from /opt/airflow/dags/subdags/subdag_transforms.py
[2024-07-16T09:07:57.468+0000] {processor.py:183} INFO - Processing /opt/airflow/dags/subdags/subdag_transforms.py took 0.046 seconds
[2024-07-16T09:08:27.977+0000] {processor.py:161} INFO - Started process (PID=1987) to work on /opt/airflow/dags/subdags/subdag_transforms.py
[2024-07-16T09:08:27.978+0000] {processor.py:830} INFO - Processing file /opt/airflow/dags/subdags/subdag_transforms.py for tasks to queue
[2024-07-16T09:08:27.980+0000] {logging_mixin.py:188} INFO - [2024-07-16T09:08:27.979+0000] {dagbag.py:545} INFO - Filling up the DagBag from /opt/airflow/dags/subdags/subdag_transforms.py
[2024-07-16T09:08:27.996+0000] {processor.py:842} WARNING - No viable dags retrieved from /opt/airflow/dags/subdags/subdag_transforms.py
[2024-07-16T09:08:28.011+0000] {processor.py:183} INFO - Processing /opt/airflow/dags/subdags/subdag_transforms.py took 0.042 seconds
[2024-07-16T09:08:58.570+0000] {processor.py:161} INFO - Started process (PID=2001) to work on /opt/airflow/dags/subdags/subdag_transforms.py
[2024-07-16T09:08:58.571+0000] {processor.py:830} INFO - Processing file /opt/airflow/dags/subdags/subdag_transforms.py for tasks to queue
[2024-07-16T09:08:58.572+0000] {logging_mixin.py:188} INFO - [2024-07-16T09:08:58.571+0000] {dagbag.py:545} INFO - Filling up the DagBag from /opt/airflow/dags/subdags/subdag_transforms.py
[2024-07-16T09:08:58.580+0000] {processor.py:842} WARNING - No viable dags retrieved from /opt/airflow/dags/subdags/subdag_transforms.py
[2024-07-16T09:08:58.593+0000] {processor.py:183} INFO - Processing /opt/airflow/dags/subdags/subdag_transforms.py took 0.030 seconds
[2024-07-16T09:09:29.054+0000] {processor.py:161} INFO - Started process (PID=2015) to work on /opt/airflow/dags/subdags/subdag_transforms.py
[2024-07-16T09:09:29.056+0000] {processor.py:830} INFO - Processing file /opt/airflow/dags/subdags/subdag_transforms.py for tasks to queue
[2024-07-16T09:09:29.057+0000] {logging_mixin.py:188} INFO - [2024-07-16T09:09:29.057+0000] {dagbag.py:545} INFO - Filling up the DagBag from /opt/airflow/dags/subdags/subdag_transforms.py
[2024-07-16T09:09:29.066+0000] {processor.py:842} WARNING - No viable dags retrieved from /opt/airflow/dags/subdags/subdag_transforms.py
[2024-07-16T09:09:29.080+0000] {processor.py:183} INFO - Processing /opt/airflow/dags/subdags/subdag_transforms.py took 0.032 seconds
[2024-07-16T09:09:59.606+0000] {processor.py:161} INFO - Started process (PID=2030) to work on /opt/airflow/dags/subdags/subdag_transforms.py
[2024-07-16T09:09:59.607+0000] {processor.py:830} INFO - Processing file /opt/airflow/dags/subdags/subdag_transforms.py for tasks to queue
[2024-07-16T09:09:59.609+0000] {logging_mixin.py:188} INFO - [2024-07-16T09:09:59.608+0000] {dagbag.py:545} INFO - Filling up the DagBag from /opt/airflow/dags/subdags/subdag_transforms.py
[2024-07-16T09:09:59.617+0000] {processor.py:842} WARNING - No viable dags retrieved from /opt/airflow/dags/subdags/subdag_transforms.py
[2024-07-16T09:09:59.630+0000] {processor.py:183} INFO - Processing /opt/airflow/dags/subdags/subdag_transforms.py took 0.030 seconds
[2024-07-16T09:10:30.076+0000] {processor.py:161} INFO - Started process (PID=2044) to work on /opt/airflow/dags/subdags/subdag_transforms.py
[2024-07-16T09:10:30.077+0000] {processor.py:830} INFO - Processing file /opt/airflow/dags/subdags/subdag_transforms.py for tasks to queue
[2024-07-16T09:10:30.078+0000] {logging_mixin.py:188} INFO - [2024-07-16T09:10:30.078+0000] {dagbag.py:545} INFO - Filling up the DagBag from /opt/airflow/dags/subdags/subdag_transforms.py
[2024-07-16T09:10:30.086+0000] {processor.py:842} WARNING - No viable dags retrieved from /opt/airflow/dags/subdags/subdag_transforms.py
[2024-07-16T09:10:30.097+0000] {processor.py:183} INFO - Processing /opt/airflow/dags/subdags/subdag_transforms.py took 0.027 seconds
[2024-07-16T09:11:00.534+0000] {processor.py:161} INFO - Started process (PID=2058) to work on /opt/airflow/dags/subdags/subdag_transforms.py
[2024-07-16T09:11:00.535+0000] {processor.py:830} INFO - Processing file /opt/airflow/dags/subdags/subdag_transforms.py for tasks to queue
[2024-07-16T09:11:00.536+0000] {logging_mixin.py:188} INFO - [2024-07-16T09:11:00.536+0000] {dagbag.py:545} INFO - Filling up the DagBag from /opt/airflow/dags/subdags/subdag_transforms.py
[2024-07-16T09:11:00.546+0000] {processor.py:842} WARNING - No viable dags retrieved from /opt/airflow/dags/subdags/subdag_transforms.py
[2024-07-16T09:11:00.561+0000] {processor.py:183} INFO - Processing /opt/airflow/dags/subdags/subdag_transforms.py took 0.033 seconds
[2024-07-16T09:11:30.933+0000] {processor.py:161} INFO - Started process (PID=2072) to work on /opt/airflow/dags/subdags/subdag_transforms.py
[2024-07-16T09:11:30.935+0000] {processor.py:830} INFO - Processing file /opt/airflow/dags/subdags/subdag_transforms.py for tasks to queue
[2024-07-16T09:11:30.936+0000] {logging_mixin.py:188} INFO - [2024-07-16T09:11:30.936+0000] {dagbag.py:545} INFO - Filling up the DagBag from /opt/airflow/dags/subdags/subdag_transforms.py
[2024-07-16T09:11:30.945+0000] {processor.py:842} WARNING - No viable dags retrieved from /opt/airflow/dags/subdags/subdag_transforms.py
[2024-07-16T09:11:30.958+0000] {processor.py:183} INFO - Processing /opt/airflow/dags/subdags/subdag_transforms.py took 0.031 seconds
[2024-07-16T09:12:01.341+0000] {processor.py:161} INFO - Started process (PID=2086) to work on /opt/airflow/dags/subdags/subdag_transforms.py
[2024-07-16T09:12:01.342+0000] {processor.py:830} INFO - Processing file /opt/airflow/dags/subdags/subdag_transforms.py for tasks to queue
[2024-07-16T09:12:01.343+0000] {logging_mixin.py:188} INFO - [2024-07-16T09:12:01.343+0000] {dagbag.py:545} INFO - Filling up the DagBag from /opt/airflow/dags/subdags/subdag_transforms.py
[2024-07-16T09:12:01.352+0000] {processor.py:842} WARNING - No viable dags retrieved from /opt/airflow/dags/subdags/subdag_transforms.py
[2024-07-16T09:12:01.368+0000] {processor.py:183} INFO - Processing /opt/airflow/dags/subdags/subdag_transforms.py took 0.034 seconds
[2024-07-16T09:12:31.898+0000] {processor.py:161} INFO - Started process (PID=2099) to work on /opt/airflow/dags/subdags/subdag_transforms.py
[2024-07-16T09:12:31.899+0000] {processor.py:830} INFO - Processing file /opt/airflow/dags/subdags/subdag_transforms.py for tasks to queue
[2024-07-16T09:12:31.900+0000] {logging_mixin.py:188} INFO - [2024-07-16T09:12:31.900+0000] {dagbag.py:545} INFO - Filling up the DagBag from /opt/airflow/dags/subdags/subdag_transforms.py
[2024-07-16T09:12:31.908+0000] {processor.py:842} WARNING - No viable dags retrieved from /opt/airflow/dags/subdags/subdag_transforms.py
[2024-07-16T09:12:31.919+0000] {processor.py:183} INFO - Processing /opt/airflow/dags/subdags/subdag_transforms.py took 0.027 seconds
[2024-07-16T09:13:02.383+0000] {processor.py:161} INFO - Started process (PID=2113) to work on /opt/airflow/dags/subdags/subdag_transforms.py
[2024-07-16T09:13:02.384+0000] {processor.py:830} INFO - Processing file /opt/airflow/dags/subdags/subdag_transforms.py for tasks to queue
[2024-07-16T09:13:02.385+0000] {logging_mixin.py:188} INFO - [2024-07-16T09:13:02.385+0000] {dagbag.py:545} INFO - Filling up the DagBag from /opt/airflow/dags/subdags/subdag_transforms.py
[2024-07-16T09:13:02.391+0000] {processor.py:842} WARNING - No viable dags retrieved from /opt/airflow/dags/subdags/subdag_transforms.py
[2024-07-16T09:13:02.402+0000] {processor.py:183} INFO - Processing /opt/airflow/dags/subdags/subdag_transforms.py took 0.023 seconds
[2024-07-16T09:13:32.870+0000] {processor.py:161} INFO - Started process (PID=2127) to work on /opt/airflow/dags/subdags/subdag_transforms.py
[2024-07-16T09:13:32.871+0000] {processor.py:830} INFO - Processing file /opt/airflow/dags/subdags/subdag_transforms.py for tasks to queue
[2024-07-16T09:13:32.872+0000] {logging_mixin.py:188} INFO - [2024-07-16T09:13:32.872+0000] {dagbag.py:545} INFO - Filling up the DagBag from /opt/airflow/dags/subdags/subdag_transforms.py
[2024-07-16T09:13:32.880+0000] {processor.py:842} WARNING - No viable dags retrieved from /opt/airflow/dags/subdags/subdag_transforms.py
[2024-07-16T09:13:32.892+0000] {processor.py:183} INFO - Processing /opt/airflow/dags/subdags/subdag_transforms.py took 0.026 seconds
[2024-07-16T09:14:03.363+0000] {processor.py:161} INFO - Started process (PID=2141) to work on /opt/airflow/dags/subdags/subdag_transforms.py
[2024-07-16T09:14:03.364+0000] {processor.py:830} INFO - Processing file /opt/airflow/dags/subdags/subdag_transforms.py for tasks to queue
[2024-07-16T09:14:03.366+0000] {logging_mixin.py:188} INFO - [2024-07-16T09:14:03.365+0000] {dagbag.py:545} INFO - Filling up the DagBag from /opt/airflow/dags/subdags/subdag_transforms.py
[2024-07-16T09:14:03.373+0000] {processor.py:842} WARNING - No viable dags retrieved from /opt/airflow/dags/subdags/subdag_transforms.py
[2024-07-16T09:14:03.383+0000] {processor.py:183} INFO - Processing /opt/airflow/dags/subdags/subdag_transforms.py took 0.027 seconds
[2024-07-16T09:14:33.875+0000] {processor.py:161} INFO - Started process (PID=2155) to work on /opt/airflow/dags/subdags/subdag_transforms.py
[2024-07-16T09:14:33.876+0000] {processor.py:830} INFO - Processing file /opt/airflow/dags/subdags/subdag_transforms.py for tasks to queue
[2024-07-16T09:14:33.877+0000] {logging_mixin.py:188} INFO - [2024-07-16T09:14:33.876+0000] {dagbag.py:545} INFO - Filling up the DagBag from /opt/airflow/dags/subdags/subdag_transforms.py
[2024-07-16T09:14:33.884+0000] {processor.py:842} WARNING - No viable dags retrieved from /opt/airflow/dags/subdags/subdag_transforms.py
[2024-07-16T09:14:33.896+0000] {processor.py:183} INFO - Processing /opt/airflow/dags/subdags/subdag_transforms.py took 0.027 seconds
[2024-07-16T09:15:04.334+0000] {processor.py:161} INFO - Started process (PID=2169) to work on /opt/airflow/dags/subdags/subdag_transforms.py
[2024-07-16T09:15:04.335+0000] {processor.py:830} INFO - Processing file /opt/airflow/dags/subdags/subdag_transforms.py for tasks to queue
[2024-07-16T09:15:04.336+0000] {logging_mixin.py:188} INFO - [2024-07-16T09:15:04.336+0000] {dagbag.py:545} INFO - Filling up the DagBag from /opt/airflow/dags/subdags/subdag_transforms.py
[2024-07-16T09:15:04.344+0000] {processor.py:842} WARNING - No viable dags retrieved from /opt/airflow/dags/subdags/subdag_transforms.py
[2024-07-16T09:15:04.355+0000] {processor.py:183} INFO - Processing /opt/airflow/dags/subdags/subdag_transforms.py took 0.027 seconds
[2024-07-16T09:15:34.809+0000] {processor.py:161} INFO - Started process (PID=2183) to work on /opt/airflow/dags/subdags/subdag_transforms.py
[2024-07-16T09:15:34.810+0000] {processor.py:830} INFO - Processing file /opt/airflow/dags/subdags/subdag_transforms.py for tasks to queue
[2024-07-16T09:15:34.811+0000] {logging_mixin.py:188} INFO - [2024-07-16T09:15:34.811+0000] {dagbag.py:545} INFO - Filling up the DagBag from /opt/airflow/dags/subdags/subdag_transforms.py
[2024-07-16T09:15:34.820+0000] {processor.py:842} WARNING - No viable dags retrieved from /opt/airflow/dags/subdags/subdag_transforms.py
[2024-07-16T09:15:34.839+0000] {processor.py:183} INFO - Processing /opt/airflow/dags/subdags/subdag_transforms.py took 0.035 seconds
[2024-07-16T09:16:05.291+0000] {processor.py:161} INFO - Started process (PID=2197) to work on /opt/airflow/dags/subdags/subdag_transforms.py
[2024-07-16T09:16:05.293+0000] {processor.py:830} INFO - Processing file /opt/airflow/dags/subdags/subdag_transforms.py for tasks to queue
[2024-07-16T09:16:05.294+0000] {logging_mixin.py:188} INFO - [2024-07-16T09:16:05.293+0000] {dagbag.py:545} INFO - Filling up the DagBag from /opt/airflow/dags/subdags/subdag_transforms.py
[2024-07-16T09:16:05.302+0000] {processor.py:842} WARNING - No viable dags retrieved from /opt/airflow/dags/subdags/subdag_transforms.py
[2024-07-16T09:16:05.313+0000] {processor.py:183} INFO - Processing /opt/airflow/dags/subdags/subdag_transforms.py took 0.029 seconds
[2024-07-16T09:16:35.795+0000] {processor.py:161} INFO - Started process (PID=2212) to work on /opt/airflow/dags/subdags/subdag_transforms.py
[2024-07-16T09:16:35.796+0000] {processor.py:830} INFO - Processing file /opt/airflow/dags/subdags/subdag_transforms.py for tasks to queue
[2024-07-16T09:16:35.797+0000] {logging_mixin.py:188} INFO - [2024-07-16T09:16:35.797+0000] {dagbag.py:545} INFO - Filling up the DagBag from /opt/airflow/dags/subdags/subdag_transforms.py
[2024-07-16T09:16:35.808+0000] {processor.py:842} WARNING - No viable dags retrieved from /opt/airflow/dags/subdags/subdag_transforms.py
[2024-07-16T09:16:35.820+0000] {processor.py:183} INFO - Processing /opt/airflow/dags/subdags/subdag_transforms.py took 0.030 seconds
[2024-07-16T09:17:06.231+0000] {processor.py:161} INFO - Started process (PID=2226) to work on /opt/airflow/dags/subdags/subdag_transforms.py
[2024-07-16T09:17:06.233+0000] {processor.py:830} INFO - Processing file /opt/airflow/dags/subdags/subdag_transforms.py for tasks to queue
[2024-07-16T09:17:06.234+0000] {logging_mixin.py:188} INFO - [2024-07-16T09:17:06.234+0000] {dagbag.py:545} INFO - Filling up the DagBag from /opt/airflow/dags/subdags/subdag_transforms.py
[2024-07-16T09:17:06.244+0000] {processor.py:842} WARNING - No viable dags retrieved from /opt/airflow/dags/subdags/subdag_transforms.py
[2024-07-16T09:17:06.259+0000] {processor.py:183} INFO - Processing /opt/airflow/dags/subdags/subdag_transforms.py took 0.033 seconds
[2024-07-16T09:17:36.664+0000] {processor.py:161} INFO - Started process (PID=2240) to work on /opt/airflow/dags/subdags/subdag_transforms.py
[2024-07-16T09:17:36.666+0000] {processor.py:830} INFO - Processing file /opt/airflow/dags/subdags/subdag_transforms.py for tasks to queue
[2024-07-16T09:17:36.667+0000] {logging_mixin.py:188} INFO - [2024-07-16T09:17:36.666+0000] {dagbag.py:545} INFO - Filling up the DagBag from /opt/airflow/dags/subdags/subdag_transforms.py
[2024-07-16T09:17:36.675+0000] {processor.py:842} WARNING - No viable dags retrieved from /opt/airflow/dags/subdags/subdag_transforms.py
[2024-07-16T09:17:36.687+0000] {processor.py:183} INFO - Processing /opt/airflow/dags/subdags/subdag_transforms.py took 0.031 seconds
[2024-07-16T09:18:07.185+0000] {processor.py:161} INFO - Started process (PID=2254) to work on /opt/airflow/dags/subdags/subdag_transforms.py
[2024-07-16T09:18:07.188+0000] {processor.py:830} INFO - Processing file /opt/airflow/dags/subdags/subdag_transforms.py for tasks to queue
[2024-07-16T09:18:07.189+0000] {logging_mixin.py:188} INFO - [2024-07-16T09:18:07.188+0000] {dagbag.py:545} INFO - Filling up the DagBag from /opt/airflow/dags/subdags/subdag_transforms.py
[2024-07-16T09:18:07.201+0000] {processor.py:842} WARNING - No viable dags retrieved from /opt/airflow/dags/subdags/subdag_transforms.py
[2024-07-16T09:18:07.212+0000] {processor.py:183} INFO - Processing /opt/airflow/dags/subdags/subdag_transforms.py took 0.031 seconds
[2024-07-16T09:18:37.808+0000] {processor.py:161} INFO - Started process (PID=2268) to work on /opt/airflow/dags/subdags/subdag_transforms.py
[2024-07-16T09:18:37.809+0000] {processor.py:830} INFO - Processing file /opt/airflow/dags/subdags/subdag_transforms.py for tasks to queue
[2024-07-16T09:18:37.810+0000] {logging_mixin.py:188} INFO - [2024-07-16T09:18:37.810+0000] {dagbag.py:545} INFO - Filling up the DagBag from /opt/airflow/dags/subdags/subdag_transforms.py
[2024-07-16T09:18:37.815+0000] {processor.py:842} WARNING - No viable dags retrieved from /opt/airflow/dags/subdags/subdag_transforms.py
[2024-07-16T09:18:37.836+0000] {processor.py:183} INFO - Processing /opt/airflow/dags/subdags/subdag_transforms.py took 0.044 seconds
[2024-07-16T09:19:08.368+0000] {processor.py:161} INFO - Started process (PID=2282) to work on /opt/airflow/dags/subdags/subdag_transforms.py
[2024-07-16T09:19:08.370+0000] {processor.py:830} INFO - Processing file /opt/airflow/dags/subdags/subdag_transforms.py for tasks to queue
[2024-07-16T09:19:08.370+0000] {logging_mixin.py:188} INFO - [2024-07-16T09:19:08.370+0000] {dagbag.py:545} INFO - Filling up the DagBag from /opt/airflow/dags/subdags/subdag_transforms.py
[2024-07-16T09:19:08.378+0000] {processor.py:842} WARNING - No viable dags retrieved from /opt/airflow/dags/subdags/subdag_transforms.py
[2024-07-16T09:19:08.390+0000] {processor.py:183} INFO - Processing /opt/airflow/dags/subdags/subdag_transforms.py took 0.028 seconds
[2024-07-16T09:19:38.809+0000] {processor.py:161} INFO - Started process (PID=2296) to work on /opt/airflow/dags/subdags/subdag_transforms.py
[2024-07-16T09:19:38.810+0000] {processor.py:830} INFO - Processing file /opt/airflow/dags/subdags/subdag_transforms.py for tasks to queue
[2024-07-16T09:19:38.811+0000] {logging_mixin.py:188} INFO - [2024-07-16T09:19:38.811+0000] {dagbag.py:545} INFO - Filling up the DagBag from /opt/airflow/dags/subdags/subdag_transforms.py
[2024-07-16T09:19:38.819+0000] {processor.py:842} WARNING - No viable dags retrieved from /opt/airflow/dags/subdags/subdag_transforms.py
[2024-07-16T09:19:38.836+0000] {processor.py:183} INFO - Processing /opt/airflow/dags/subdags/subdag_transforms.py took 0.034 seconds
[2024-07-16T09:20:09.365+0000] {processor.py:161} INFO - Started process (PID=2310) to work on /opt/airflow/dags/subdags/subdag_transforms.py
[2024-07-16T09:20:09.366+0000] {processor.py:830} INFO - Processing file /opt/airflow/dags/subdags/subdag_transforms.py for tasks to queue
[2024-07-16T09:20:09.367+0000] {logging_mixin.py:188} INFO - [2024-07-16T09:20:09.367+0000] {dagbag.py:545} INFO - Filling up the DagBag from /opt/airflow/dags/subdags/subdag_transforms.py
[2024-07-16T09:20:09.375+0000] {processor.py:842} WARNING - No viable dags retrieved from /opt/airflow/dags/subdags/subdag_transforms.py
[2024-07-16T09:20:09.389+0000] {processor.py:183} INFO - Processing /opt/airflow/dags/subdags/subdag_transforms.py took 0.030 seconds
[2024-07-16T09:20:39.508+0000] {processor.py:161} INFO - Started process (PID=2323) to work on /opt/airflow/dags/subdags/subdag_transforms.py
[2024-07-16T09:20:39.509+0000] {processor.py:830} INFO - Processing file /opt/airflow/dags/subdags/subdag_transforms.py for tasks to queue
[2024-07-16T09:20:39.510+0000] {logging_mixin.py:188} INFO - [2024-07-16T09:20:39.510+0000] {dagbag.py:545} INFO - Filling up the DagBag from /opt/airflow/dags/subdags/subdag_transforms.py
[2024-07-16T09:20:39.517+0000] {processor.py:842} WARNING - No viable dags retrieved from /opt/airflow/dags/subdags/subdag_transforms.py
[2024-07-16T09:20:39.527+0000] {processor.py:183} INFO - Processing /opt/airflow/dags/subdags/subdag_transforms.py took 0.025 seconds
[2024-07-16T09:21:10.084+0000] {processor.py:161} INFO - Started process (PID=2339) to work on /opt/airflow/dags/subdags/subdag_transforms.py
[2024-07-16T09:21:10.085+0000] {processor.py:830} INFO - Processing file /opt/airflow/dags/subdags/subdag_transforms.py for tasks to queue
[2024-07-16T09:21:10.086+0000] {logging_mixin.py:188} INFO - [2024-07-16T09:21:10.085+0000] {dagbag.py:545} INFO - Filling up the DagBag from /opt/airflow/dags/subdags/subdag_transforms.py
[2024-07-16T09:21:10.092+0000] {processor.py:842} WARNING - No viable dags retrieved from /opt/airflow/dags/subdags/subdag_transforms.py
[2024-07-16T09:21:10.102+0000] {processor.py:183} INFO - Processing /opt/airflow/dags/subdags/subdag_transforms.py took 0.023 seconds
[2024-07-16T09:21:40.188+0000] {processor.py:161} INFO - Started process (PID=2353) to work on /opt/airflow/dags/subdags/subdag_transforms.py
[2024-07-16T09:21:40.188+0000] {processor.py:830} INFO - Processing file /opt/airflow/dags/subdags/subdag_transforms.py for tasks to queue
[2024-07-16T09:21:40.189+0000] {logging_mixin.py:188} INFO - [2024-07-16T09:21:40.189+0000] {dagbag.py:545} INFO - Filling up the DagBag from /opt/airflow/dags/subdags/subdag_transforms.py
[2024-07-16T09:21:40.194+0000] {processor.py:842} WARNING - No viable dags retrieved from /opt/airflow/dags/subdags/subdag_transforms.py
[2024-07-16T09:21:40.203+0000] {processor.py:183} INFO - Processing /opt/airflow/dags/subdags/subdag_transforms.py took 0.018 seconds
[2024-07-16T09:22:10.900+0000] {processor.py:161} INFO - Started process (PID=2365) to work on /opt/airflow/dags/subdags/subdag_transforms.py
[2024-07-16T09:22:10.902+0000] {processor.py:830} INFO - Processing file /opt/airflow/dags/subdags/subdag_transforms.py for tasks to queue
[2024-07-16T09:22:10.903+0000] {logging_mixin.py:188} INFO - [2024-07-16T09:22:10.902+0000] {dagbag.py:545} INFO - Filling up the DagBag from /opt/airflow/dags/subdags/subdag_transforms.py
[2024-07-16T09:22:10.911+0000] {processor.py:842} WARNING - No viable dags retrieved from /opt/airflow/dags/subdags/subdag_transforms.py
[2024-07-16T09:22:10.929+0000] {processor.py:183} INFO - Processing /opt/airflow/dags/subdags/subdag_transforms.py took 0.040 seconds
[2024-07-16T09:22:41.009+0000] {processor.py:161} INFO - Started process (PID=2380) to work on /opt/airflow/dags/subdags/subdag_transforms.py
[2024-07-16T09:22:41.011+0000] {processor.py:830} INFO - Processing file /opt/airflow/dags/subdags/subdag_transforms.py for tasks to queue
[2024-07-16T09:22:41.012+0000] {logging_mixin.py:188} INFO - [2024-07-16T09:22:41.011+0000] {dagbag.py:545} INFO - Filling up the DagBag from /opt/airflow/dags/subdags/subdag_transforms.py
[2024-07-16T09:22:41.020+0000] {processor.py:842} WARNING - No viable dags retrieved from /opt/airflow/dags/subdags/subdag_transforms.py
[2024-07-16T09:22:41.031+0000] {processor.py:183} INFO - Processing /opt/airflow/dags/subdags/subdag_transforms.py took 0.030 seconds
[2024-07-16T09:23:12.015+0000] {processor.py:161} INFO - Started process (PID=2394) to work on /opt/airflow/dags/subdags/subdag_transforms.py
[2024-07-16T09:23:12.017+0000] {processor.py:830} INFO - Processing file /opt/airflow/dags/subdags/subdag_transforms.py for tasks to queue
[2024-07-16T09:23:12.019+0000] {logging_mixin.py:188} INFO - [2024-07-16T09:23:12.018+0000] {dagbag.py:545} INFO - Filling up the DagBag from /opt/airflow/dags/subdags/subdag_transforms.py
[2024-07-16T09:23:12.027+0000] {processor.py:842} WARNING - No viable dags retrieved from /opt/airflow/dags/subdags/subdag_transforms.py
[2024-07-16T09:23:12.041+0000] {processor.py:183} INFO - Processing /opt/airflow/dags/subdags/subdag_transforms.py took 0.034 seconds
[2024-07-16T09:23:42.366+0000] {processor.py:161} INFO - Started process (PID=2408) to work on /opt/airflow/dags/subdags/subdag_transforms.py
[2024-07-16T09:23:42.367+0000] {processor.py:830} INFO - Processing file /opt/airflow/dags/subdags/subdag_transforms.py for tasks to queue
[2024-07-16T09:23:42.369+0000] {logging_mixin.py:188} INFO - [2024-07-16T09:23:42.368+0000] {dagbag.py:545} INFO - Filling up the DagBag from /opt/airflow/dags/subdags/subdag_transforms.py
[2024-07-16T09:23:42.378+0000] {processor.py:842} WARNING - No viable dags retrieved from /opt/airflow/dags/subdags/subdag_transforms.py
[2024-07-16T09:23:42.391+0000] {processor.py:183} INFO - Processing /opt/airflow/dags/subdags/subdag_transforms.py took 0.034 seconds
[2024-07-16T09:24:13.374+0000] {processor.py:161} INFO - Started process (PID=2422) to work on /opt/airflow/dags/subdags/subdag_transforms.py
[2024-07-16T09:24:13.375+0000] {processor.py:830} INFO - Processing file /opt/airflow/dags/subdags/subdag_transforms.py for tasks to queue
[2024-07-16T09:24:13.377+0000] {logging_mixin.py:188} INFO - [2024-07-16T09:24:13.376+0000] {dagbag.py:545} INFO - Filling up the DagBag from /opt/airflow/dags/subdags/subdag_transforms.py
[2024-07-16T09:24:13.385+0000] {processor.py:842} WARNING - No viable dags retrieved from /opt/airflow/dags/subdags/subdag_transforms.py
[2024-07-16T09:24:13.403+0000] {processor.py:183} INFO - Processing /opt/airflow/dags/subdags/subdag_transforms.py took 0.037 seconds
[2024-07-16T09:24:43.592+0000] {processor.py:161} INFO - Started process (PID=2436) to work on /opt/airflow/dags/subdags/subdag_transforms.py
[2024-07-16T09:24:43.593+0000] {processor.py:830} INFO - Processing file /opt/airflow/dags/subdags/subdag_transforms.py for tasks to queue
[2024-07-16T09:24:43.595+0000] {logging_mixin.py:188} INFO - [2024-07-16T09:24:43.594+0000] {dagbag.py:545} INFO - Filling up the DagBag from /opt/airflow/dags/subdags/subdag_transforms.py
[2024-07-16T09:24:43.604+0000] {processor.py:842} WARNING - No viable dags retrieved from /opt/airflow/dags/subdags/subdag_transforms.py
[2024-07-16T09:24:43.616+0000] {processor.py:183} INFO - Processing /opt/airflow/dags/subdags/subdag_transforms.py took 0.033 seconds
[2024-07-16T09:25:14.114+0000] {processor.py:161} INFO - Started process (PID=2450) to work on /opt/airflow/dags/subdags/subdag_transforms.py
[2024-07-16T09:25:14.116+0000] {processor.py:830} INFO - Processing file /opt/airflow/dags/subdags/subdag_transforms.py for tasks to queue
[2024-07-16T09:25:14.117+0000] {logging_mixin.py:188} INFO - [2024-07-16T09:25:14.116+0000] {dagbag.py:545} INFO - Filling up the DagBag from /opt/airflow/dags/subdags/subdag_transforms.py
[2024-07-16T09:25:14.127+0000] {processor.py:842} WARNING - No viable dags retrieved from /opt/airflow/dags/subdags/subdag_transforms.py
[2024-07-16T09:25:14.146+0000] {processor.py:183} INFO - Processing /opt/airflow/dags/subdags/subdag_transforms.py took 0.038 seconds
[2024-07-16T09:25:44.740+0000] {processor.py:161} INFO - Started process (PID=2464) to work on /opt/airflow/dags/subdags/subdag_transforms.py
[2024-07-16T09:25:44.741+0000] {processor.py:830} INFO - Processing file /opt/airflow/dags/subdags/subdag_transforms.py for tasks to queue
[2024-07-16T09:25:44.742+0000] {logging_mixin.py:188} INFO - [2024-07-16T09:25:44.741+0000] {dagbag.py:545} INFO - Filling up the DagBag from /opt/airflow/dags/subdags/subdag_transforms.py
[2024-07-16T09:25:44.750+0000] {processor.py:842} WARNING - No viable dags retrieved from /opt/airflow/dags/subdags/subdag_transforms.py
[2024-07-16T09:25:44.762+0000] {processor.py:183} INFO - Processing /opt/airflow/dags/subdags/subdag_transforms.py took 0.029 seconds
[2024-07-16T09:26:15.269+0000] {processor.py:161} INFO - Started process (PID=2478) to work on /opt/airflow/dags/subdags/subdag_transforms.py
[2024-07-16T09:26:15.270+0000] {processor.py:830} INFO - Processing file /opt/airflow/dags/subdags/subdag_transforms.py for tasks to queue
[2024-07-16T09:26:15.271+0000] {logging_mixin.py:188} INFO - [2024-07-16T09:26:15.271+0000] {dagbag.py:545} INFO - Filling up the DagBag from /opt/airflow/dags/subdags/subdag_transforms.py
[2024-07-16T09:26:15.277+0000] {processor.py:842} WARNING - No viable dags retrieved from /opt/airflow/dags/subdags/subdag_transforms.py
[2024-07-16T09:26:15.286+0000] {processor.py:183} INFO - Processing /opt/airflow/dags/subdags/subdag_transforms.py took 0.021 seconds
[2024-07-16T09:26:45.823+0000] {processor.py:161} INFO - Started process (PID=2492) to work on /opt/airflow/dags/subdags/subdag_transforms.py
[2024-07-16T09:26:45.824+0000] {processor.py:830} INFO - Processing file /opt/airflow/dags/subdags/subdag_transforms.py for tasks to queue
[2024-07-16T09:26:45.832+0000] {logging_mixin.py:188} INFO - [2024-07-16T09:26:45.824+0000] {dagbag.py:545} INFO - Filling up the DagBag from /opt/airflow/dags/subdags/subdag_transforms.py
[2024-07-16T09:26:45.837+0000] {processor.py:842} WARNING - No viable dags retrieved from /opt/airflow/dags/subdags/subdag_transforms.py
[2024-07-16T09:26:45.846+0000] {processor.py:183} INFO - Processing /opt/airflow/dags/subdags/subdag_transforms.py took 0.027 seconds
[2024-07-16T09:27:16.389+0000] {processor.py:161} INFO - Started process (PID=2512) to work on /opt/airflow/dags/subdags/subdag_transforms.py
[2024-07-16T09:27:16.390+0000] {processor.py:830} INFO - Processing file /opt/airflow/dags/subdags/subdag_transforms.py for tasks to queue
[2024-07-16T09:27:16.391+0000] {logging_mixin.py:188} INFO - [2024-07-16T09:27:16.390+0000] {dagbag.py:545} INFO - Filling up the DagBag from /opt/airflow/dags/subdags/subdag_transforms.py
[2024-07-16T09:27:16.397+0000] {processor.py:842} WARNING - No viable dags retrieved from /opt/airflow/dags/subdags/subdag_transforms.py
[2024-07-16T09:27:16.413+0000] {processor.py:183} INFO - Processing /opt/airflow/dags/subdags/subdag_transforms.py took 0.029 seconds
[2024-07-16T09:27:46.478+0000] {processor.py:161} INFO - Started process (PID=2526) to work on /opt/airflow/dags/subdags/subdag_transforms.py
[2024-07-16T09:27:46.479+0000] {processor.py:830} INFO - Processing file /opt/airflow/dags/subdags/subdag_transforms.py for tasks to queue
[2024-07-16T09:27:46.479+0000] {logging_mixin.py:188} INFO - [2024-07-16T09:27:46.479+0000] {dagbag.py:545} INFO - Filling up the DagBag from /opt/airflow/dags/subdags/subdag_transforms.py
[2024-07-16T09:27:46.484+0000] {processor.py:842} WARNING - No viable dags retrieved from /opt/airflow/dags/subdags/subdag_transforms.py
[2024-07-16T09:27:46.499+0000] {processor.py:183} INFO - Processing /opt/airflow/dags/subdags/subdag_transforms.py took 0.024 seconds
[2024-07-16T09:28:16.820+0000] {processor.py:161} INFO - Started process (PID=2540) to work on /opt/airflow/dags/subdags/subdag_transforms.py
[2024-07-16T09:28:16.821+0000] {processor.py:830} INFO - Processing file /opt/airflow/dags/subdags/subdag_transforms.py for tasks to queue
[2024-07-16T09:28:16.822+0000] {logging_mixin.py:188} INFO - [2024-07-16T09:28:16.821+0000] {dagbag.py:545} INFO - Filling up the DagBag from /opt/airflow/dags/subdags/subdag_transforms.py
[2024-07-16T09:28:16.829+0000] {processor.py:842} WARNING - No viable dags retrieved from /opt/airflow/dags/subdags/subdag_transforms.py
[2024-07-16T09:28:16.841+0000] {processor.py:183} INFO - Processing /opt/airflow/dags/subdags/subdag_transforms.py took 0.026 seconds
[2024-07-16T09:28:47.192+0000] {processor.py:161} INFO - Started process (PID=2554) to work on /opt/airflow/dags/subdags/subdag_transforms.py
[2024-07-16T09:28:47.193+0000] {processor.py:830} INFO - Processing file /opt/airflow/dags/subdags/subdag_transforms.py for tasks to queue
[2024-07-16T09:28:47.194+0000] {logging_mixin.py:188} INFO - [2024-07-16T09:28:47.194+0000] {dagbag.py:545} INFO - Filling up the DagBag from /opt/airflow/dags/subdags/subdag_transforms.py
[2024-07-16T09:28:47.202+0000] {processor.py:842} WARNING - No viable dags retrieved from /opt/airflow/dags/subdags/subdag_transforms.py
[2024-07-16T09:28:47.214+0000] {processor.py:183} INFO - Processing /opt/airflow/dags/subdags/subdag_transforms.py took 0.026 seconds
[2024-07-16T09:29:17.746+0000] {processor.py:161} INFO - Started process (PID=2568) to work on /opt/airflow/dags/subdags/subdag_transforms.py
[2024-07-16T09:29:17.747+0000] {processor.py:830} INFO - Processing file /opt/airflow/dags/subdags/subdag_transforms.py for tasks to queue
[2024-07-16T09:29:17.748+0000] {logging_mixin.py:188} INFO - [2024-07-16T09:29:17.747+0000] {dagbag.py:545} INFO - Filling up the DagBag from /opt/airflow/dags/subdags/subdag_transforms.py
[2024-07-16T09:29:17.756+0000] {processor.py:842} WARNING - No viable dags retrieved from /opt/airflow/dags/subdags/subdag_transforms.py
[2024-07-16T09:29:17.769+0000] {processor.py:183} INFO - Processing /opt/airflow/dags/subdags/subdag_transforms.py took 0.030 seconds
[2024-07-16T09:29:48.253+0000] {processor.py:161} INFO - Started process (PID=2582) to work on /opt/airflow/dags/subdags/subdag_transforms.py
[2024-07-16T09:29:48.254+0000] {processor.py:830} INFO - Processing file /opt/airflow/dags/subdags/subdag_transforms.py for tasks to queue
[2024-07-16T09:29:48.255+0000] {logging_mixin.py:188} INFO - [2024-07-16T09:29:48.254+0000] {dagbag.py:545} INFO - Filling up the DagBag from /opt/airflow/dags/subdags/subdag_transforms.py
[2024-07-16T09:29:48.260+0000] {processor.py:842} WARNING - No viable dags retrieved from /opt/airflow/dags/subdags/subdag_transforms.py
[2024-07-16T09:29:48.267+0000] {processor.py:183} INFO - Processing /opt/airflow/dags/subdags/subdag_transforms.py took 0.018 seconds
[2024-07-16T09:30:18.842+0000] {processor.py:161} INFO - Started process (PID=2596) to work on /opt/airflow/dags/subdags/subdag_transforms.py
[2024-07-16T09:30:18.843+0000] {processor.py:830} INFO - Processing file /opt/airflow/dags/subdags/subdag_transforms.py for tasks to queue
[2024-07-16T09:30:18.844+0000] {logging_mixin.py:188} INFO - [2024-07-16T09:30:18.844+0000] {dagbag.py:545} INFO - Filling up the DagBag from /opt/airflow/dags/subdags/subdag_transforms.py
[2024-07-16T09:30:18.850+0000] {processor.py:842} WARNING - No viable dags retrieved from /opt/airflow/dags/subdags/subdag_transforms.py
[2024-07-16T09:30:18.860+0000] {processor.py:183} INFO - Processing /opt/airflow/dags/subdags/subdag_transforms.py took 0.022 seconds
[2024-07-16T09:30:49.449+0000] {processor.py:161} INFO - Started process (PID=2609) to work on /opt/airflow/dags/subdags/subdag_transforms.py
[2024-07-16T09:30:49.450+0000] {processor.py:830} INFO - Processing file /opt/airflow/dags/subdags/subdag_transforms.py for tasks to queue
[2024-07-16T09:30:49.451+0000] {logging_mixin.py:188} INFO - [2024-07-16T09:30:49.451+0000] {dagbag.py:545} INFO - Filling up the DagBag from /opt/airflow/dags/subdags/subdag_transforms.py
[2024-07-16T09:30:49.458+0000] {processor.py:842} WARNING - No viable dags retrieved from /opt/airflow/dags/subdags/subdag_transforms.py
[2024-07-16T09:30:49.469+0000] {processor.py:183} INFO - Processing /opt/airflow/dags/subdags/subdag_transforms.py took 0.026 seconds
[2024-07-16T09:31:20.130+0000] {processor.py:161} INFO - Started process (PID=2623) to work on /opt/airflow/dags/subdags/subdag_transforms.py
[2024-07-16T09:31:20.131+0000] {processor.py:830} INFO - Processing file /opt/airflow/dags/subdags/subdag_transforms.py for tasks to queue
[2024-07-16T09:31:20.131+0000] {logging_mixin.py:188} INFO - [2024-07-16T09:31:20.131+0000] {dagbag.py:545} INFO - Filling up the DagBag from /opt/airflow/dags/subdags/subdag_transforms.py
[2024-07-16T09:31:20.138+0000] {processor.py:842} WARNING - No viable dags retrieved from /opt/airflow/dags/subdags/subdag_transforms.py
[2024-07-16T09:31:20.151+0000] {processor.py:183} INFO - Processing /opt/airflow/dags/subdags/subdag_transforms.py took 0.027 seconds
[2024-07-16T09:31:50.721+0000] {processor.py:161} INFO - Started process (PID=2637) to work on /opt/airflow/dags/subdags/subdag_transforms.py
[2024-07-16T09:31:50.722+0000] {processor.py:830} INFO - Processing file /opt/airflow/dags/subdags/subdag_transforms.py for tasks to queue
[2024-07-16T09:31:50.723+0000] {logging_mixin.py:188} INFO - [2024-07-16T09:31:50.723+0000] {dagbag.py:545} INFO - Filling up the DagBag from /opt/airflow/dags/subdags/subdag_transforms.py
[2024-07-16T09:31:50.730+0000] {processor.py:842} WARNING - No viable dags retrieved from /opt/airflow/dags/subdags/subdag_transforms.py
[2024-07-16T09:31:50.741+0000] {processor.py:183} INFO - Processing /opt/airflow/dags/subdags/subdag_transforms.py took 0.026 seconds
[2024-07-16T09:32:21.249+0000] {processor.py:161} INFO - Started process (PID=2651) to work on /opt/airflow/dags/subdags/subdag_transforms.py
[2024-07-16T09:32:21.250+0000] {processor.py:830} INFO - Processing file /opt/airflow/dags/subdags/subdag_transforms.py for tasks to queue
[2024-07-16T09:32:21.250+0000] {logging_mixin.py:188} INFO - [2024-07-16T09:32:21.250+0000] {dagbag.py:545} INFO - Filling up the DagBag from /opt/airflow/dags/subdags/subdag_transforms.py
[2024-07-16T09:32:21.257+0000] {processor.py:842} WARNING - No viable dags retrieved from /opt/airflow/dags/subdags/subdag_transforms.py
[2024-07-16T09:32:21.268+0000] {processor.py:183} INFO - Processing /opt/airflow/dags/subdags/subdag_transforms.py took 0.024 seconds
[2024-07-16T09:32:51.724+0000] {processor.py:161} INFO - Started process (PID=2665) to work on /opt/airflow/dags/subdags/subdag_transforms.py
[2024-07-16T09:32:51.725+0000] {processor.py:830} INFO - Processing file /opt/airflow/dags/subdags/subdag_transforms.py for tasks to queue
[2024-07-16T09:32:51.726+0000] {logging_mixin.py:188} INFO - [2024-07-16T09:32:51.725+0000] {dagbag.py:545} INFO - Filling up the DagBag from /opt/airflow/dags/subdags/subdag_transforms.py
[2024-07-16T09:32:51.733+0000] {processor.py:842} WARNING - No viable dags retrieved from /opt/airflow/dags/subdags/subdag_transforms.py
[2024-07-16T09:32:51.746+0000] {processor.py:183} INFO - Processing /opt/airflow/dags/subdags/subdag_transforms.py took 0.029 seconds
