[2024-07-17T03:07:30.021+0000] {local_task_job_runner.py:120} INFO - ::group::Pre task execution logs
[2024-07-17T03:07:30.034+0000] {taskinstance.py:2076} INFO - Dependencies all met for dep_context=non-requeueable deps ti=<TaskInstance: xcom_dag.t2 scheduled__2024-07-16T00:00:00+00:00 [queued]>
[2024-07-17T03:07:30.038+0000] {taskinstance.py:2076} INFO - Dependencies all met for dep_context=requeueable deps ti=<TaskInstance: xcom_dag.t2 scheduled__2024-07-16T00:00:00+00:00 [queued]>
[2024-07-17T03:07:30.038+0000] {taskinstance.py:2306} INFO - Starting attempt 1 of 1
[2024-07-17T03:07:30.044+0000] {taskinstance.py:2330} INFO - Executing <Task(PythonOperator): t2> on 2024-07-16 00:00:00+00:00
[2024-07-17T03:07:30.047+0000] {warnings.py:112} WARNING - /home/***/.local/lib/python3.12/site-packages/***/task/task_runner/standard_task_runner.py:61: DeprecationWarning: This process (pid=55) is multi-threaded, use of fork() may lead to deadlocks in the child.
  pid = os.fork()

[2024-07-17T03:07:30.048+0000] {standard_task_runner.py:63} INFO - Started process 56 to run task
[2024-07-17T03:07:30.049+0000] {standard_task_runner.py:90} INFO - Running: ['***', 'tasks', 'run', 'xcom_dag', 't2', 'scheduled__2024-07-16T00:00:00+00:00', '--job-id', '121', '--raw', '--subdir', 'DAGS_FOLDER/xcom_dags.py', '--cfg-path', '/tmp/tmptk783_us']
[2024-07-17T03:07:30.049+0000] {standard_task_runner.py:91} INFO - Job 121: Subtask t2
[2024-07-17T03:07:30.073+0000] {task_command.py:426} INFO - Running <TaskInstance: xcom_dag.t2 scheduled__2024-07-16T00:00:00+00:00 [running]> on host 2f80c3cf662d
[2024-07-17T03:07:30.111+0000] {taskinstance.py:2648} INFO - Exporting env vars: AIRFLOW_CTX_DAG_OWNER='***' AIRFLOW_CTX_DAG_ID='xcom_dag' AIRFLOW_CTX_TASK_ID='t2' AIRFLOW_CTX_EXECUTION_DATE='2024-07-16T00:00:00+00:00' AIRFLOW_CTX_TRY_NUMBER='1' AIRFLOW_CTX_DAG_RUN_ID='scheduled__2024-07-16T00:00:00+00:00'
[2024-07-17T03:07:30.112+0000] {taskinstance.py:430} INFO - ::endgroup::
[2024-07-17T03:07:30.122+0000] {logging_mixin.py:188} INFO - 42
[2024-07-17T03:07:30.123+0000] {python.py:237} INFO - Done. Returned value was: None
[2024-07-17T03:07:30.123+0000] {taskinstance.py:441} INFO - ::group::Post task execution logs
[2024-07-17T03:07:30.127+0000] {taskinstance.py:1206} INFO - Marking task as SUCCESS. dag_id=xcom_dag, task_id=t2, run_id=scheduled__2024-07-16T00:00:00+00:00, execution_date=20240716T000000, start_date=20240717T030730, end_date=20240717T030730
[2024-07-17T03:07:30.140+0000] {local_task_job_runner.py:240} INFO - Task exited with return code 0
[2024-07-17T03:07:30.150+0000] {taskinstance.py:3503} INFO - 1 downstream tasks scheduled from follow-on schedule check
[2024-07-17T03:07:30.151+0000] {local_task_job_runner.py:222} INFO - ::endgroup::
