[2024-07-16T06:36:23.915+0000] {local_task_job_runner.py:120} INFO - ::group::Pre task execution logs
[2024-07-16T06:36:23.941+0000] {taskinstance.py:2076} INFO - Dependencies all met for dep_context=non-requeueable deps ti=<TaskInstance: parallel_dag.load_b manual__2024-07-16T06:36:20.135094+00:00 [queued]>
[2024-07-16T06:36:23.947+0000] {taskinstance.py:2076} INFO - Dependencies all met for dep_context=requeueable deps ti=<TaskInstance: parallel_dag.load_b manual__2024-07-16T06:36:20.135094+00:00 [queued]>
[2024-07-16T06:36:23.949+0000] {taskinstance.py:2306} INFO - Starting attempt 1 of 1
[2024-07-16T06:36:23.975+0000] {taskinstance.py:2330} INFO - Executing <Task(BashOperator): load_b> on 2024-07-16 06:36:20.135094+00:00
[2024-07-16T06:36:23.980+0000] {warnings.py:112} WARNING - /home/***/.local/lib/python3.12/site-packages/***/task/task_runner/standard_task_runner.py:61: DeprecationWarning: This process (pid=142) is multi-threaded, use of fork() may lead to deadlocks in the child.
  pid = os.fork()

[2024-07-16T06:36:23.989+0000] {standard_task_runner.py:63} INFO - Started process 146 to run task
[2024-07-16T06:36:23.992+0000] {standard_task_runner.py:90} INFO - Running: ['***', 'tasks', 'run', 'parallel_dag', 'load_b', 'manual__2024-07-16T06:36:20.135094+00:00', '--job-id', '66', '--raw', '--subdir', 'DAGS_FOLDER/parallel_dag.py', '--cfg-path', '/tmp/tmpde41r2m0']
[2024-07-16T06:36:23.999+0000] {standard_task_runner.py:91} INFO - Job 66: Subtask load_b
[2024-07-16T06:36:24.076+0000] {task_command.py:426} INFO - Running <TaskInstance: parallel_dag.load_b manual__2024-07-16T06:36:20.135094+00:00 [running]> on host a291a73b3f23
[2024-07-16T06:36:24.159+0000] {taskinstance.py:2648} INFO - Exporting env vars: AIRFLOW_CTX_DAG_OWNER='***' AIRFLOW_CTX_DAG_ID='parallel_dag' AIRFLOW_CTX_TASK_ID='load_b' AIRFLOW_CTX_EXECUTION_DATE='2024-07-16T06:36:20.135094+00:00' AIRFLOW_CTX_TRY_NUMBER='1' AIRFLOW_CTX_DAG_RUN_ID='manual__2024-07-16T06:36:20.135094+00:00'
[2024-07-16T06:36:24.161+0000] {taskinstance.py:430} INFO - ::endgroup::
[2024-07-16T06:36:24.170+0000] {subprocess.py:63} INFO - Tmp dir root location: /tmp
[2024-07-16T06:36:24.170+0000] {subprocess.py:75} INFO - Running command: ['/usr/bin/bash', '-c', 'sleep 1']
[2024-07-16T06:36:24.177+0000] {subprocess.py:86} INFO - Output:
[2024-07-16T06:36:25.182+0000] {subprocess.py:97} INFO - Command exited with return code 0
[2024-07-16T06:36:25.182+0000] {taskinstance.py:441} INFO - ::group::Post task execution logs
[2024-07-16T06:36:25.204+0000] {taskinstance.py:1206} INFO - Marking task as SUCCESS. dag_id=parallel_dag, task_id=load_b, run_id=manual__2024-07-16T06:36:20.135094+00:00, execution_date=20240716T063620, start_date=20240716T063623, end_date=20240716T063625
[2024-07-16T06:36:25.223+0000] {local_task_job_runner.py:240} INFO - Task exited with return code 0
[2024-07-16T06:36:25.236+0000] {taskinstance.py:3503} INFO - 1 downstream tasks scheduled from follow-on schedule check
[2024-07-16T06:36:25.238+0000] {local_task_job_runner.py:222} INFO - ::endgroup::
