[2024-07-12T06:25:52.084+0000] {local_task_job_runner.py:120} INFO - ::group::Pre task execution logs
[2024-07-12T06:25:52.098+0000] {taskinstance.py:2076} INFO - Dependencies all met for dep_context=non-requeueable deps ti=<TaskInstance: example_bash_operator.run_after_loop manual__2024-07-12T06:25:42+00:00 [queued]>
[2024-07-12T06:25:52.102+0000] {taskinstance.py:2076} INFO - Dependencies all met for dep_context=requeueable deps ti=<TaskInstance: example_bash_operator.run_after_loop manual__2024-07-12T06:25:42+00:00 [queued]>
[2024-07-12T06:25:52.102+0000] {taskinstance.py:2306} INFO - Starting attempt 1 of 1
[2024-07-12T06:25:52.108+0000] {taskinstance.py:2330} INFO - Executing <Task(BashOperator): run_after_loop> on 2024-07-12 06:25:42+00:00
[2024-07-12T06:25:52.113+0000] {warnings.py:112} WARNING - /home/***/.local/lib/python3.12/site-packages/***/task/task_runner/standard_task_runner.py:61: DeprecationWarning: This process (pid=719) is multi-threaded, use of fork() may lead to deadlocks in the child.
  pid = os.fork()

[2024-07-12T06:25:52.114+0000] {standard_task_runner.py:63} INFO - Started process 721 to run task
[2024-07-12T06:25:52.115+0000] {standard_task_runner.py:90} INFO - Running: ['***', 'tasks', 'run', 'example_bash_operator', 'run_after_loop', 'manual__2024-07-12T06:25:42+00:00', '--job-id', '22', '--raw', '--subdir', '/home/***/.local/lib/python3.12/site-packages/***/example_dags/example_bash_operator.py', '--cfg-path', '/tmp/tmp_n5sco2c']
[2024-07-12T06:25:52.116+0000] {standard_task_runner.py:91} INFO - Job 22: Subtask run_after_loop
[2024-07-12T06:25:52.143+0000] {task_command.py:426} INFO - Running <TaskInstance: example_bash_operator.run_after_loop manual__2024-07-12T06:25:42+00:00 [running]> on host 94f5fdf8c168
[2024-07-12T06:25:52.182+0000] {taskinstance.py:2648} INFO - Exporting env vars: AIRFLOW_CTX_DAG_OWNER='***' AIRFLOW_CTX_DAG_ID='example_bash_operator' AIRFLOW_CTX_TASK_ID='run_after_loop' AIRFLOW_CTX_EXECUTION_DATE='2024-07-12T06:25:42+00:00' AIRFLOW_CTX_TRY_NUMBER='1' AIRFLOW_CTX_DAG_RUN_ID='manual__2024-07-12T06:25:42+00:00'
[2024-07-12T06:25:52.183+0000] {taskinstance.py:430} INFO - ::endgroup::
[2024-07-12T06:25:52.184+0000] {subprocess.py:63} INFO - Tmp dir root location: /tmp
[2024-07-12T06:25:52.184+0000] {subprocess.py:75} INFO - Running command: ['/usr/bin/bash', '-c', "ls -alh --color=always / && echo https://***.apache.org/  && echo 'some <code>html</code>'"]
[2024-07-12T06:25:52.190+0000] {subprocess.py:86} INFO - Output:
[2024-07-12T06:25:52.192+0000] {subprocess.py:93} INFO - total 164K
[2024-07-12T06:25:52.192+0000] {subprocess.py:93} INFO - drwxr-xr-x   1 root    root 4.0K Jul 11 11:34 .
[2024-07-12T06:25:52.192+0000] {subprocess.py:93} INFO - drwxr-xr-x   1 root    root 4.0K Jul 11 11:34 ..
[2024-07-12T06:25:52.193+0000] {subprocess.py:93} INFO - -rwxr-xr-x   1 root    root    0 Jul 11 11:34 .dockerenv
[2024-07-12T06:25:52.193+0000] {subprocess.py:93} INFO - -rw-r--r--   1 *** root  73K Jun 10 08:29 Dockerfile
[2024-07-12T06:25:52.193+0000] {subprocess.py:93} INFO - -rw-rw-r--   1 root    root  282 Jun 10 08:32 ***-scheduler-autorestart
[2024-07-12T06:25:52.193+0000] {subprocess.py:93} INFO - lrwxrwxrwx   1 root    root    7 May 13 00:00 bin -> usr/bin
[2024-07-12T06:25:52.194+0000] {subprocess.py:93} INFO - drwxr-xr-x   2 root    root 4.0K Jan 28 21:20 boot
[2024-07-12T06:25:52.194+0000] {subprocess.py:93} INFO - -rwxrwxr-x   1 root    root  643 Jun 10 08:32 clean-logs
[2024-07-12T06:25:52.194+0000] {subprocess.py:93} INFO - drwxr-xr-x   5 root    root  340 Jul 12 05:40 dev
[2024-07-12T06:25:52.194+0000] {subprocess.py:93} INFO - -rwxrwxr-x   1 root    root  12K Jun 10 08:32 entrypoint
[2024-07-12T06:25:52.194+0000] {subprocess.py:93} INFO - drwxr-xr-x   1 root    root 4.0K Jul 11 11:34 etc
[2024-07-12T06:25:52.195+0000] {subprocess.py:93} INFO - drwxr-xr-x   1 root    root 4.0K Jun 10 08:34 home
[2024-07-12T06:25:52.195+0000] {subprocess.py:93} INFO - lrwxrwxrwx   1 root    root    7 May 13 00:00 lib -> usr/lib
[2024-07-12T06:25:52.195+0000] {subprocess.py:93} INFO - drwxr-xr-x   2 root    root 4.0K May 13 00:00 media
[2024-07-12T06:25:52.195+0000] {subprocess.py:93} INFO - drwxr-xr-x   2 root    root 4.0K May 13 00:00 mnt
[2024-07-12T06:25:52.196+0000] {subprocess.py:93} INFO - drwxr-xr-x   1 root    root 4.0K Jun 10 08:34 opt
[2024-07-12T06:25:52.196+0000] {subprocess.py:93} INFO - dr-xr-xr-x 247 root    root    0 Jul 12 05:40 proc
[2024-07-12T06:25:52.196+0000] {subprocess.py:93} INFO - drwx------   1 root    root 4.0K Jun 10 08:37 root
[2024-07-12T06:25:52.196+0000] {subprocess.py:93} INFO - drwxr-xr-x   1 root    root 4.0K Jun 10 08:33 run
[2024-07-12T06:25:52.196+0000] {subprocess.py:93} INFO - lrwxrwxrwx   1 root    root    8 May 13 00:00 sbin -> usr/sbin
[2024-07-12T06:25:52.197+0000] {subprocess.py:93} INFO - drwxr-xr-x   1 root    root 4.0K Jun 10 08:32 scripts
[2024-07-12T06:25:52.197+0000] {subprocess.py:93} INFO - drwxr-xr-x   2 root    root 4.0K May 13 00:00 srv
[2024-07-12T06:25:52.197+0000] {subprocess.py:93} INFO - dr-xr-xr-x  13 root    root    0 Jul 12 05:40 sys
[2024-07-12T06:25:52.197+0000] {subprocess.py:93} INFO - drwxrwxrwt   1 root    root 4.0K Jul 12 06:25 tmp
[2024-07-12T06:25:52.197+0000] {subprocess.py:93} INFO - drwxr-xr-x   1 root    root 4.0K Jun 10 08:33 usr
[2024-07-12T06:25:52.198+0000] {subprocess.py:93} INFO - drwxr-xr-x   1 root    root 4.0K May 13 00:00 var
[2024-07-12T06:25:52.198+0000] {subprocess.py:93} INFO - https://***.apache.org/
[2024-07-12T06:25:52.198+0000] {subprocess.py:93} INFO - some <code>html</code>
[2024-07-12T06:25:52.198+0000] {subprocess.py:97} INFO - Command exited with return code 0
[2024-07-12T06:25:52.199+0000] {taskinstance.py:441} INFO - ::group::Post task execution logs
[2024-07-12T06:25:52.209+0000] {taskinstance.py:1206} INFO - Marking task as SUCCESS. dag_id=example_bash_operator, task_id=run_after_loop, run_id=manual__2024-07-12T06:25:42+00:00, execution_date=20240712T062542, start_date=20240712T062552, end_date=20240712T062552
[2024-07-12T06:25:52.249+0000] {local_task_job_runner.py:240} INFO - Task exited with return code 0
[2024-07-12T06:25:52.259+0000] {taskinstance.py:3503} INFO - 0 downstream tasks scheduled from follow-on schedule check
[2024-07-12T06:25:52.260+0000] {local_task_job_runner.py:222} INFO - ::endgroup::
