[2024-07-17T03:07:31.145+0000] {local_task_job_runner.py:120} INFO - ::group::Pre task execution logs
[2024-07-17T03:07:31.156+0000] {taskinstance.py:2076} INFO - Dependencies all met for dep_context=non-requeueable deps ti=<TaskInstance: xcom_dag.t4 scheduled__2024-07-16T00:00:00+00:00 [queued]>
[2024-07-17T03:07:31.160+0000] {taskinstance.py:2076} INFO - Dependencies all met for dep_context=requeueable deps ti=<TaskInstance: xcom_dag.t4 scheduled__2024-07-16T00:00:00+00:00 [queued]>
[2024-07-17T03:07:31.160+0000] {taskinstance.py:2306} INFO - Starting attempt 1 of 1
[2024-07-17T03:07:31.166+0000] {taskinstance.py:2330} INFO - Executing <Task(BashOperator): t4> on 2024-07-16 00:00:00+00:00
[2024-07-17T03:07:31.169+0000] {warnings.py:112} WARNING - /home/***/.local/lib/python3.12/site-packages/***/task/task_runner/standard_task_runner.py:61: DeprecationWarning: This process (pid=57) is multi-threaded, use of fork() may lead to deadlocks in the child.
  pid = os.fork()

[2024-07-17T03:07:31.170+0000] {standard_task_runner.py:63} INFO - Started process 58 to run task
[2024-07-17T03:07:31.170+0000] {standard_task_runner.py:90} INFO - Running: ['***', 'tasks', 'run', 'xcom_dag', 't4', 'scheduled__2024-07-16T00:00:00+00:00', '--job-id', '122', '--raw', '--subdir', 'DAGS_FOLDER/xcom_dags.py', '--cfg-path', '/tmp/tmphu7expsy']
[2024-07-17T03:07:31.171+0000] {standard_task_runner.py:91} INFO - Job 122: Subtask t4
[2024-07-17T03:07:31.192+0000] {task_command.py:426} INFO - Running <TaskInstance: xcom_dag.t4 scheduled__2024-07-16T00:00:00+00:00 [running]> on host 2f80c3cf662d
[2024-07-17T03:07:31.230+0000] {taskinstance.py:2648} INFO - Exporting env vars: AIRFLOW_CTX_DAG_OWNER='***' AIRFLOW_CTX_DAG_ID='xcom_dag' AIRFLOW_CTX_TASK_ID='t4' AIRFLOW_CTX_EXECUTION_DATE='2024-07-16T00:00:00+00:00' AIRFLOW_CTX_TRY_NUMBER='1' AIRFLOW_CTX_DAG_RUN_ID='scheduled__2024-07-16T00:00:00+00:00'
[2024-07-17T03:07:31.231+0000] {taskinstance.py:430} INFO - ::endgroup::
[2024-07-17T03:07:31.237+0000] {subprocess.py:63} INFO - Tmp dir root location: /tmp
[2024-07-17T03:07:31.237+0000] {subprocess.py:75} INFO - Running command: ['/usr/bin/bash', '-c', "echo ''"]
[2024-07-17T03:07:31.242+0000] {subprocess.py:86} INFO - Output:
[2024-07-17T03:07:31.243+0000] {subprocess.py:93} INFO - 
[2024-07-17T03:07:31.244+0000] {subprocess.py:97} INFO - Command exited with return code 0
[2024-07-17T03:07:31.244+0000] {taskinstance.py:441} INFO - ::group::Post task execution logs
[2024-07-17T03:07:31.257+0000] {taskinstance.py:1206} INFO - Marking task as SUCCESS. dag_id=xcom_dag, task_id=t4, run_id=scheduled__2024-07-16T00:00:00+00:00, execution_date=20240716T000000, start_date=20240717T030731, end_date=20240717T030731
[2024-07-17T03:07:31.303+0000] {local_task_job_runner.py:240} INFO - Task exited with return code 0
[2024-07-17T03:07:31.313+0000] {taskinstance.py:3503} INFO - 0 downstream tasks scheduled from follow-on schedule check
[2024-07-17T03:07:31.314+0000] {local_task_job_runner.py:222} INFO - ::endgroup::
