[2024-07-16T04:39:04.472+0000] {local_task_job_runner.py:120} INFO - ::group::Pre task execution logs
[2024-07-16T04:39:04.486+0000] {taskinstance.py:2076} INFO - Dependencies all met for dep_context=non-requeueable deps ti=<TaskInstance: consumer.read_dataset dataset_triggered__2024-07-16T04:39:03.480987+00:00 [queued]>
[2024-07-16T04:39:04.499+0000] {taskinstance.py:2076} INFO - Dependencies all met for dep_context=requeueable deps ti=<TaskInstance: consumer.read_dataset dataset_triggered__2024-07-16T04:39:03.480987+00:00 [queued]>
[2024-07-16T04:39:04.499+0000] {taskinstance.py:2306} INFO - Starting attempt 1 of 1
[2024-07-16T04:39:04.508+0000] {taskinstance.py:2330} INFO - Executing <Task(_PythonDecoratedOperator): read_dataset> on 2024-07-16 04:39:03.480987+00:00
[2024-07-16T04:39:04.513+0000] {warnings.py:112} WARNING - /home/***/.local/lib/python3.12/site-packages/***/task/task_runner/standard_task_runner.py:61: DeprecationWarning: This process (pid=203) is multi-threaded, use of fork() may lead to deadlocks in the child.
  pid = os.fork()

[2024-07-16T04:39:04.514+0000] {standard_task_runner.py:63} INFO - Started process 212 to run task
[2024-07-16T04:39:04.517+0000] {standard_task_runner.py:90} INFO - Running: ['***', 'tasks', 'run', 'consumer', 'read_dataset', 'dataset_triggered__2024-07-16T04:39:03.480987+00:00', '--job-id', '53', '--raw', '--subdir', 'DAGS_FOLDER/consumer.py', '--cfg-path', '/tmp/tmpinauvj8y']
[2024-07-16T04:39:04.519+0000] {standard_task_runner.py:91} INFO - Job 53: Subtask read_dataset
[2024-07-16T04:39:04.578+0000] {task_command.py:426} INFO - Running <TaskInstance: consumer.read_dataset dataset_triggered__2024-07-16T04:39:03.480987+00:00 [running]> on host 6e5e891f9a78
[2024-07-16T04:39:04.653+0000] {taskinstance.py:2648} INFO - Exporting env vars: AIRFLOW_CTX_DAG_OWNER='***' AIRFLOW_CTX_DAG_ID='consumer' AIRFLOW_CTX_TASK_ID='read_dataset' AIRFLOW_CTX_EXECUTION_DATE='2024-07-16T04:39:03.480987+00:00' AIRFLOW_CTX_TRY_NUMBER='1' AIRFLOW_CTX_DAG_RUN_ID='dataset_triggered__2024-07-16T04:39:03.480987+00:00'
[2024-07-16T04:39:04.655+0000] {taskinstance.py:430} INFO - ::endgroup::
[2024-07-16T04:39:04.655+0000] {logging_mixin.py:188} INFO - producer update
[2024-07-16T04:39:04.656+0000] {python.py:237} INFO - Done. Returned value was: None
[2024-07-16T04:39:04.656+0000] {taskinstance.py:441} INFO - ::group::Post task execution logs
[2024-07-16T04:39:04.667+0000] {taskinstance.py:1206} INFO - Marking task as SUCCESS. dag_id=consumer, task_id=read_dataset, run_id=dataset_triggered__2024-07-16T04:39:03.480987+00:00, execution_date=20240716T043903, start_date=20240716T043904, end_date=20240716T043904
[2024-07-16T04:39:04.690+0000] {local_task_job_runner.py:240} INFO - Task exited with return code 0
[2024-07-16T04:39:04.708+0000] {taskinstance.py:3503} INFO - 0 downstream tasks scheduled from follow-on schedule check
[2024-07-16T04:39:04.711+0000] {local_task_job_runner.py:222} INFO - ::endgroup::
