[2024-07-16T04:28:28.745+0000] {local_task_job_runner.py:120} INFO - ::group::Pre task execution logs
[2024-07-16T04:28:28.753+0000] {taskinstance.py:2076} INFO - Dependencies all met for dep_context=non-requeueable deps ti=<TaskInstance: user_processing.store_user scheduled__2024-07-15T00:00:00+00:00 [queued]>
[2024-07-16T04:28:28.774+0000] {taskinstance.py:2076} INFO - Dependencies all met for dep_context=requeueable deps ti=<TaskInstance: user_processing.store_user scheduled__2024-07-15T00:00:00+00:00 [queued]>
[2024-07-16T04:28:28.774+0000] {taskinstance.py:2306} INFO - Starting attempt 1 of 1
[2024-07-16T04:28:28.782+0000] {taskinstance.py:2330} INFO - Executing <Task(PythonOperator): store_user> on 2024-07-15 00:00:00+00:00
[2024-07-16T04:28:28.794+0000] {warnings.py:112} WARNING - /home/***/.local/lib/python3.12/site-packages/***/task/task_runner/standard_task_runner.py:61: DeprecationWarning: This process (pid=60) is multi-threaded, use of fork() may lead to deadlocks in the child.
  pid = os.fork()

[2024-07-16T04:28:28.797+0000] {standard_task_runner.py:63} INFO - Started process 62 to run task
[2024-07-16T04:28:28.795+0000] {standard_task_runner.py:90} INFO - Running: ['***', 'tasks', 'run', 'user_processing', 'store_user', 'scheduled__2024-07-15T00:00:00+00:00', '--job-id', '50', '--raw', '--subdir', 'DAGS_FOLDER/user_processing.py', '--cfg-path', '/tmp/tmpp3onbk74']
[2024-07-16T04:28:28.809+0000] {standard_task_runner.py:91} INFO - Job 50: Subtask store_user
[2024-07-16T04:28:28.876+0000] {task_command.py:426} INFO - Running <TaskInstance: user_processing.store_user scheduled__2024-07-15T00:00:00+00:00 [running]> on host 6e5e891f9a78
[2024-07-16T04:28:29.002+0000] {taskinstance.py:2648} INFO - Exporting env vars: AIRFLOW_CTX_DAG_OWNER='***' AIRFLOW_CTX_DAG_ID='user_processing' AIRFLOW_CTX_TASK_ID='store_user' AIRFLOW_CTX_EXECUTION_DATE='2024-07-15T00:00:00+00:00' AIRFLOW_CTX_TRY_NUMBER='1' AIRFLOW_CTX_DAG_RUN_ID='scheduled__2024-07-15T00:00:00+00:00'
[2024-07-16T04:28:29.004+0000] {taskinstance.py:430} INFO - ::endgroup::
[2024-07-16T04:28:29.004+0000] {postgres.py:189} INFO - Running copy expert: COPY users FROM STDIN WITH DELIMITER as ',', filename: /tmp/processed_user.csv
[2024-07-16T04:28:29.012+0000] {base.py:84} INFO - Using connection ID 'postgres' for task execution.
[2024-07-16T04:28:29.023+0000] {python.py:237} INFO - Done. Returned value was: None
[2024-07-16T04:28:29.023+0000] {taskinstance.py:441} INFO - ::group::Post task execution logs
[2024-07-16T04:28:29.034+0000] {taskinstance.py:1206} INFO - Marking task as SUCCESS. dag_id=user_processing, task_id=store_user, run_id=scheduled__2024-07-15T00:00:00+00:00, execution_date=20240715T000000, start_date=20240716T042828, end_date=20240716T042829
[2024-07-16T04:28:29.054+0000] {local_task_job_runner.py:240} INFO - Task exited with return code 0
[2024-07-16T04:28:29.077+0000] {taskinstance.py:3503} INFO - 0 downstream tasks scheduled from follow-on schedule check
[2024-07-16T04:28:29.079+0000] {local_task_job_runner.py:222} INFO - ::endgroup::
