[2024-07-18T05:55:00.087+0000] {local_task_job_runner.py:120} INFO - ::group::Pre task execution logs
[2024-07-18T05:55:00.185+0000] {taskinstance.py:2076} INFO - Dependencies all met for dep_context=non-requeueable deps ti=<TaskInstance: group_dag.downloads.download_a scheduled__2024-07-17T00:00:00+00:00 [queued]>
[2024-07-18T05:55:00.236+0000] {taskinstance.py:2076} INFO - Dependencies all met for dep_context=requeueable deps ti=<TaskInstance: group_dag.downloads.download_a scheduled__2024-07-17T00:00:00+00:00 [queued]>
[2024-07-18T05:55:00.237+0000] {taskinstance.py:2306} INFO - Starting attempt 1 of 1
[2024-07-18T05:55:00.318+0000] {taskinstance.py:2330} INFO - Executing <Task(BashOperator): downloads.download_a> on 2024-07-17 00:00:00+00:00
[2024-07-18T05:55:00.372+0000] {standard_task_runner.py:90} INFO - Running: ['***', 'tasks', 'run', 'group_dag', 'downloads.download_a', 'scheduled__2024-07-17T00:00:00+00:00', '--job-id', '130', '--raw', '--subdir', 'DAGS_FOLDER/group_dag.py', '--cfg-path', '/tmp/tmpietunyyg']
[2024-07-18T05:55:00.331+0000] {warnings.py:112} WARNING - /home/***/.local/lib/python3.12/site-packages/***/task/task_runner/standard_task_runner.py:61: DeprecationWarning: This process (pid=49) is multi-threaded, use of fork() may lead to deadlocks in the child.
  pid = os.fork()

[2024-07-18T05:55:00.391+0000] {standard_task_runner.py:63} INFO - Started process 53 to run task
[2024-07-18T05:55:00.390+0000] {standard_task_runner.py:91} INFO - Job 130: Subtask downloads.download_a
[2024-07-18T05:55:00.628+0000] {task_command.py:426} INFO - Running <TaskInstance: group_dag.downloads.download_a scheduled__2024-07-17T00:00:00+00:00 [running]> on host e414c6c2d16d
[2024-07-18T05:55:01.034+0000] {taskinstance.py:2648} INFO - Exporting env vars: AIRFLOW_CTX_DAG_OWNER='***' AIRFLOW_CTX_DAG_ID='group_dag' AIRFLOW_CTX_TASK_ID='downloads.download_a' AIRFLOW_CTX_EXECUTION_DATE='2024-07-17T00:00:00+00:00' AIRFLOW_CTX_TRY_NUMBER='1' AIRFLOW_CTX_DAG_RUN_ID='scheduled__2024-07-17T00:00:00+00:00'
[2024-07-18T05:55:01.037+0000] {taskinstance.py:430} INFO - ::endgroup::
[2024-07-18T05:55:01.114+0000] {subprocess.py:63} INFO - Tmp dir root location: /tmp
[2024-07-18T05:55:01.132+0000] {subprocess.py:75} INFO - Running command: ['/usr/bin/bash', '-c', 'sleep 10']
[2024-07-18T05:55:01.188+0000] {subprocess.py:86} INFO - Output:
[2024-07-18T05:55:11.200+0000] {subprocess.py:97} INFO - Command exited with return code 0
[2024-07-18T05:55:11.202+0000] {taskinstance.py:441} INFO - ::group::Post task execution logs
[2024-07-18T05:55:11.232+0000] {taskinstance.py:1206} INFO - Marking task as SUCCESS. dag_id=group_dag, task_id=downloads.download_a, run_id=scheduled__2024-07-17T00:00:00+00:00, execution_date=20240717T000000, start_date=20240718T055500, end_date=20240718T055511
[2024-07-18T05:55:11.262+0000] {local_task_job_runner.py:240} INFO - Task exited with return code 0
[2024-07-18T05:55:11.280+0000] {local_task_job_runner.py:222} INFO - ::endgroup::
