[2024-07-18T05:55:02.414+0000] {local_task_job_runner.py:120} INFO - ::group::Pre task execution logs
[2024-07-18T05:55:02.429+0000] {taskinstance.py:2076} INFO - Dependencies all met for dep_context=non-requeueable deps ti=<TaskInstance: xcom_dag.t2 scheduled__2024-07-17T00:00:00+00:00 [queued]>
[2024-07-18T05:55:02.433+0000] {taskinstance.py:2076} INFO - Dependencies all met for dep_context=requeueable deps ti=<TaskInstance: xcom_dag.t2 scheduled__2024-07-17T00:00:00+00:00 [queued]>
[2024-07-18T05:55:02.434+0000] {taskinstance.py:2306} INFO - Starting attempt 1 of 1
[2024-07-18T05:55:02.442+0000] {taskinstance.py:2330} INFO - Executing <Task(PythonOperator): t2> on 2024-07-17 00:00:00+00:00
[2024-07-18T05:55:02.445+0000] {warnings.py:112} WARNING - /home/***/.local/lib/python3.12/site-packages/***/task/task_runner/standard_task_runner.py:61: DeprecationWarning: This process (pid=61) is multi-threaded, use of fork() may lead to deadlocks in the child.
  pid = os.fork()

[2024-07-18T05:55:02.445+0000] {standard_task_runner.py:63} INFO - Started process 62 to run task
[2024-07-18T05:55:02.448+0000] {standard_task_runner.py:90} INFO - Running: ['***', 'tasks', 'run', 'xcom_dag', 't2', 'scheduled__2024-07-17T00:00:00+00:00', '--job-id', '134', '--raw', '--subdir', 'DAGS_FOLDER/xcom_dags.py', '--cfg-path', '/tmp/tmplih6pdv6']
[2024-07-18T05:55:02.448+0000] {standard_task_runner.py:91} INFO - Job 134: Subtask t2
[2024-07-18T05:55:02.474+0000] {task_command.py:426} INFO - Running <TaskInstance: xcom_dag.t2 scheduled__2024-07-17T00:00:00+00:00 [running]> on host e414c6c2d16d
[2024-07-18T05:55:02.534+0000] {taskinstance.py:2648} INFO - Exporting env vars: AIRFLOW_CTX_DAG_OWNER='***' AIRFLOW_CTX_DAG_ID='xcom_dag' AIRFLOW_CTX_TASK_ID='t2' AIRFLOW_CTX_EXECUTION_DATE='2024-07-17T00:00:00+00:00' AIRFLOW_CTX_TRY_NUMBER='1' AIRFLOW_CTX_DAG_RUN_ID='scheduled__2024-07-17T00:00:00+00:00'
[2024-07-18T05:55:02.535+0000] {taskinstance.py:430} INFO - ::endgroup::
[2024-07-18T05:55:02.548+0000] {logging_mixin.py:188} INFO - 42
[2024-07-18T05:55:02.548+0000] {python.py:237} INFO - Done. Returned value was: None
[2024-07-18T05:55:02.548+0000] {taskinstance.py:441} INFO - ::group::Post task execution logs
[2024-07-18T05:55:02.553+0000] {taskinstance.py:1206} INFO - Marking task as SUCCESS. dag_id=xcom_dag, task_id=t2, run_id=scheduled__2024-07-17T00:00:00+00:00, execution_date=20240717T000000, start_date=20240718T055502, end_date=20240718T055502
[2024-07-18T05:55:02.579+0000] {local_task_job_runner.py:240} INFO - Task exited with return code 0
[2024-07-18T05:55:02.598+0000] {taskinstance.py:3503} INFO - 1 downstream tasks scheduled from follow-on schedule check
[2024-07-18T05:55:02.601+0000] {local_task_job_runner.py:222} INFO - ::endgroup::
