[2024-07-17T03:07:15.391+0000] {processor.py:161} INFO - Started process (PID=26) to work on /opt/airflow/dags/groups/group_downloads.py
[2024-07-17T03:07:15.393+0000] {processor.py:830} INFO - Processing file /opt/airflow/dags/groups/group_downloads.py for tasks to queue
[2024-07-17T03:07:15.410+0000] {logging_mixin.py:188} INFO - [2024-07-17T03:07:15.410+0000] {dagbag.py:545} INFO - Filling up the DagBag from /opt/airflow/dags/groups/group_downloads.py
[2024-07-17T03:07:15.430+0000] {processor.py:842} WARNING - No viable dags retrieved from /opt/airflow/dags/groups/group_downloads.py
[2024-07-17T03:07:15.451+0000] {processor.py:183} INFO - Processing /opt/airflow/dags/groups/group_downloads.py took 0.084 seconds
[2024-07-17T03:07:45.499+0000] {processor.py:161} INFO - Started process (PID=40) to work on /opt/airflow/dags/groups/group_downloads.py
[2024-07-17T03:07:45.500+0000] {processor.py:830} INFO - Processing file /opt/airflow/dags/groups/group_downloads.py for tasks to queue
[2024-07-17T03:07:45.504+0000] {logging_mixin.py:188} INFO - [2024-07-17T03:07:45.504+0000] {dagbag.py:545} INFO - Filling up the DagBag from /opt/airflow/dags/groups/group_downloads.py
[2024-07-17T03:07:45.510+0000] {processor.py:842} WARNING - No viable dags retrieved from /opt/airflow/dags/groups/group_downloads.py
[2024-07-17T03:07:45.519+0000] {processor.py:183} INFO - Processing /opt/airflow/dags/groups/group_downloads.py took 0.025 seconds
[2024-07-17T03:08:15.909+0000] {processor.py:161} INFO - Started process (PID=55) to work on /opt/airflow/dags/groups/group_downloads.py
[2024-07-17T03:08:15.910+0000] {processor.py:830} INFO - Processing file /opt/airflow/dags/groups/group_downloads.py for tasks to queue
[2024-07-17T03:08:15.911+0000] {logging_mixin.py:188} INFO - [2024-07-17T03:08:15.911+0000] {dagbag.py:545} INFO - Filling up the DagBag from /opt/airflow/dags/groups/group_downloads.py
[2024-07-17T03:08:15.917+0000] {processor.py:842} WARNING - No viable dags retrieved from /opt/airflow/dags/groups/group_downloads.py
[2024-07-17T03:08:15.924+0000] {processor.py:183} INFO - Processing /opt/airflow/dags/groups/group_downloads.py took 0.018 seconds
[2024-07-17T03:08:46.377+0000] {processor.py:161} INFO - Started process (PID=70) to work on /opt/airflow/dags/groups/group_downloads.py
[2024-07-17T03:08:46.377+0000] {processor.py:830} INFO - Processing file /opt/airflow/dags/groups/group_downloads.py for tasks to queue
[2024-07-17T03:08:46.379+0000] {logging_mixin.py:188} INFO - [2024-07-17T03:08:46.378+0000] {dagbag.py:545} INFO - Filling up the DagBag from /opt/airflow/dags/groups/group_downloads.py
[2024-07-17T03:08:46.388+0000] {processor.py:842} WARNING - No viable dags retrieved from /opt/airflow/dags/groups/group_downloads.py
[2024-07-17T03:08:46.395+0000] {processor.py:183} INFO - Processing /opt/airflow/dags/groups/group_downloads.py took 0.022 seconds
[2024-07-17T03:09:16.762+0000] {processor.py:161} INFO - Started process (PID=85) to work on /opt/airflow/dags/groups/group_downloads.py
[2024-07-17T03:09:16.763+0000] {processor.py:830} INFO - Processing file /opt/airflow/dags/groups/group_downloads.py for tasks to queue
[2024-07-17T03:09:16.764+0000] {logging_mixin.py:188} INFO - [2024-07-17T03:09:16.764+0000] {dagbag.py:545} INFO - Filling up the DagBag from /opt/airflow/dags/groups/group_downloads.py
[2024-07-17T03:09:16.770+0000] {processor.py:842} WARNING - No viable dags retrieved from /opt/airflow/dags/groups/group_downloads.py
[2024-07-17T03:09:16.778+0000] {processor.py:183} INFO - Processing /opt/airflow/dags/groups/group_downloads.py took 0.019 seconds
[2024-07-17T03:09:47.174+0000] {processor.py:161} INFO - Started process (PID=100) to work on /opt/airflow/dags/groups/group_downloads.py
[2024-07-17T03:09:47.175+0000] {processor.py:830} INFO - Processing file /opt/airflow/dags/groups/group_downloads.py for tasks to queue
[2024-07-17T03:09:47.176+0000] {logging_mixin.py:188} INFO - [2024-07-17T03:09:47.176+0000] {dagbag.py:545} INFO - Filling up the DagBag from /opt/airflow/dags/groups/group_downloads.py
[2024-07-17T03:09:47.184+0000] {processor.py:842} WARNING - No viable dags retrieved from /opt/airflow/dags/groups/group_downloads.py
[2024-07-17T03:09:47.193+0000] {processor.py:183} INFO - Processing /opt/airflow/dags/groups/group_downloads.py took 0.023 seconds
[2024-07-17T03:10:17.581+0000] {processor.py:161} INFO - Started process (PID=115) to work on /opt/airflow/dags/groups/group_downloads.py
[2024-07-17T03:10:17.582+0000] {processor.py:830} INFO - Processing file /opt/airflow/dags/groups/group_downloads.py for tasks to queue
[2024-07-17T03:10:17.584+0000] {logging_mixin.py:188} INFO - [2024-07-17T03:10:17.583+0000] {dagbag.py:545} INFO - Filling up the DagBag from /opt/airflow/dags/groups/group_downloads.py
[2024-07-17T03:10:17.592+0000] {processor.py:842} WARNING - No viable dags retrieved from /opt/airflow/dags/groups/group_downloads.py
[2024-07-17T03:10:17.602+0000] {processor.py:183} INFO - Processing /opt/airflow/dags/groups/group_downloads.py took 0.026 seconds
[2024-07-17T03:10:47.998+0000] {processor.py:161} INFO - Started process (PID=130) to work on /opt/airflow/dags/groups/group_downloads.py
[2024-07-17T03:10:47.998+0000] {processor.py:830} INFO - Processing file /opt/airflow/dags/groups/group_downloads.py for tasks to queue
[2024-07-17T03:10:47.999+0000] {logging_mixin.py:188} INFO - [2024-07-17T03:10:47.999+0000] {dagbag.py:545} INFO - Filling up the DagBag from /opt/airflow/dags/groups/group_downloads.py
[2024-07-17T03:10:48.003+0000] {processor.py:842} WARNING - No viable dags retrieved from /opt/airflow/dags/groups/group_downloads.py
[2024-07-17T03:10:48.009+0000] {processor.py:183} INFO - Processing /opt/airflow/dags/groups/group_downloads.py took 0.014 seconds
[2024-07-17T03:11:18.393+0000] {processor.py:161} INFO - Started process (PID=145) to work on /opt/airflow/dags/groups/group_downloads.py
[2024-07-17T03:11:18.402+0000] {processor.py:830} INFO - Processing file /opt/airflow/dags/groups/group_downloads.py for tasks to queue
[2024-07-17T03:11:18.403+0000] {logging_mixin.py:188} INFO - [2024-07-17T03:11:18.403+0000] {dagbag.py:545} INFO - Filling up the DagBag from /opt/airflow/dags/groups/group_downloads.py
[2024-07-17T03:11:18.409+0000] {processor.py:842} WARNING - No viable dags retrieved from /opt/airflow/dags/groups/group_downloads.py
[2024-07-17T03:11:18.422+0000] {processor.py:183} INFO - Processing /opt/airflow/dags/groups/group_downloads.py took 0.033 seconds
[2024-07-17T03:11:48.974+0000] {processor.py:161} INFO - Started process (PID=160) to work on /opt/airflow/dags/groups/group_downloads.py
[2024-07-17T03:11:48.975+0000] {processor.py:830} INFO - Processing file /opt/airflow/dags/groups/group_downloads.py for tasks to queue
[2024-07-17T03:11:48.977+0000] {logging_mixin.py:188} INFO - [2024-07-17T03:11:48.976+0000] {dagbag.py:545} INFO - Filling up the DagBag from /opt/airflow/dags/groups/group_downloads.py
[2024-07-17T03:11:48.982+0000] {processor.py:842} WARNING - No viable dags retrieved from /opt/airflow/dags/groups/group_downloads.py
[2024-07-17T03:11:48.989+0000] {processor.py:183} INFO - Processing /opt/airflow/dags/groups/group_downloads.py took 0.021 seconds
[2024-07-17T03:12:19.798+0000] {processor.py:161} INFO - Started process (PID=175) to work on /opt/airflow/dags/groups/group_downloads.py
[2024-07-17T03:12:19.798+0000] {processor.py:830} INFO - Processing file /opt/airflow/dags/groups/group_downloads.py for tasks to queue
[2024-07-17T03:12:19.800+0000] {logging_mixin.py:188} INFO - [2024-07-17T03:12:19.800+0000] {dagbag.py:545} INFO - Filling up the DagBag from /opt/airflow/dags/groups/group_downloads.py
[2024-07-17T03:12:19.806+0000] {processor.py:842} WARNING - No viable dags retrieved from /opt/airflow/dags/groups/group_downloads.py
[2024-07-17T03:12:19.820+0000] {processor.py:183} INFO - Processing /opt/airflow/dags/groups/group_downloads.py took 0.026 seconds
[2024-07-17T03:12:50.175+0000] {processor.py:161} INFO - Started process (PID=190) to work on /opt/airflow/dags/groups/group_downloads.py
[2024-07-17T03:12:50.176+0000] {processor.py:830} INFO - Processing file /opt/airflow/dags/groups/group_downloads.py for tasks to queue
[2024-07-17T03:12:50.180+0000] {logging_mixin.py:188} INFO - [2024-07-17T03:12:50.180+0000] {dagbag.py:545} INFO - Filling up the DagBag from /opt/airflow/dags/groups/group_downloads.py
[2024-07-17T03:12:50.196+0000] {processor.py:842} WARNING - No viable dags retrieved from /opt/airflow/dags/groups/group_downloads.py
[2024-07-17T03:12:50.216+0000] {processor.py:183} INFO - Processing /opt/airflow/dags/groups/group_downloads.py took 0.045 seconds
[2024-07-17T03:13:20.738+0000] {processor.py:161} INFO - Started process (PID=205) to work on /opt/airflow/dags/groups/group_downloads.py
[2024-07-17T03:13:20.739+0000] {processor.py:830} INFO - Processing file /opt/airflow/dags/groups/group_downloads.py for tasks to queue
[2024-07-17T03:13:20.740+0000] {logging_mixin.py:188} INFO - [2024-07-17T03:13:20.740+0000] {dagbag.py:545} INFO - Filling up the DagBag from /opt/airflow/dags/groups/group_downloads.py
[2024-07-17T03:13:20.747+0000] {processor.py:842} WARNING - No viable dags retrieved from /opt/airflow/dags/groups/group_downloads.py
[2024-07-17T03:13:20.755+0000] {processor.py:183} INFO - Processing /opt/airflow/dags/groups/group_downloads.py took 0.021 seconds
[2024-07-17T03:13:51.333+0000] {processor.py:161} INFO - Started process (PID=219) to work on /opt/airflow/dags/groups/group_downloads.py
[2024-07-17T03:13:51.334+0000] {processor.py:830} INFO - Processing file /opt/airflow/dags/groups/group_downloads.py for tasks to queue
[2024-07-17T03:13:51.336+0000] {logging_mixin.py:188} INFO - [2024-07-17T03:13:51.335+0000] {dagbag.py:545} INFO - Filling up the DagBag from /opt/airflow/dags/groups/group_downloads.py
[2024-07-17T03:13:51.344+0000] {processor.py:842} WARNING - No viable dags retrieved from /opt/airflow/dags/groups/group_downloads.py
[2024-07-17T03:13:51.355+0000] {processor.py:183} INFO - Processing /opt/airflow/dags/groups/group_downloads.py took 0.028 seconds
