[2024-07-17T03:07:15.513+0000] {processor.py:161} INFO - Started process (PID=27) to work on /opt/airflow/dags/groups/group_transforms.py
[2024-07-17T03:07:15.522+0000] {processor.py:830} INFO - Processing file /opt/airflow/dags/groups/group_transforms.py for tasks to queue
[2024-07-17T03:07:15.530+0000] {logging_mixin.py:188} INFO - [2024-07-17T03:07:15.530+0000] {dagbag.py:545} INFO - Filling up the DagBag from /opt/airflow/dags/groups/group_transforms.py
[2024-07-17T03:07:15.548+0000] {processor.py:842} WARNING - No viable dags retrieved from /opt/airflow/dags/groups/group_transforms.py
[2024-07-17T03:07:15.590+0000] {processor.py:183} INFO - Processing /opt/airflow/dags/groups/group_transforms.py took 0.082 seconds
[2024-07-17T03:07:46.545+0000] {processor.py:161} INFO - Started process (PID=42) to work on /opt/airflow/dags/groups/group_transforms.py
[2024-07-17T03:07:46.546+0000] {processor.py:830} INFO - Processing file /opt/airflow/dags/groups/group_transforms.py for tasks to queue
[2024-07-17T03:07:46.547+0000] {logging_mixin.py:188} INFO - [2024-07-17T03:07:46.547+0000] {dagbag.py:545} INFO - Filling up the DagBag from /opt/airflow/dags/groups/group_transforms.py
[2024-07-17T03:07:46.553+0000] {processor.py:842} WARNING - No viable dags retrieved from /opt/airflow/dags/groups/group_transforms.py
[2024-07-17T03:07:46.569+0000] {processor.py:183} INFO - Processing /opt/airflow/dags/groups/group_transforms.py took 0.031 seconds
[2024-07-17T03:08:16.947+0000] {processor.py:161} INFO - Started process (PID=57) to work on /opt/airflow/dags/groups/group_transforms.py
[2024-07-17T03:08:16.948+0000] {processor.py:830} INFO - Processing file /opt/airflow/dags/groups/group_transforms.py for tasks to queue
[2024-07-17T03:08:16.950+0000] {logging_mixin.py:188} INFO - [2024-07-17T03:08:16.950+0000] {dagbag.py:545} INFO - Filling up the DagBag from /opt/airflow/dags/groups/group_transforms.py
[2024-07-17T03:08:16.958+0000] {processor.py:842} WARNING - No viable dags retrieved from /opt/airflow/dags/groups/group_transforms.py
[2024-07-17T03:08:16.976+0000] {processor.py:183} INFO - Processing /opt/airflow/dags/groups/group_transforms.py took 0.034 seconds
[2024-07-17T03:08:47.422+0000] {processor.py:161} INFO - Started process (PID=72) to work on /opt/airflow/dags/groups/group_transforms.py
[2024-07-17T03:08:47.423+0000] {processor.py:830} INFO - Processing file /opt/airflow/dags/groups/group_transforms.py for tasks to queue
[2024-07-17T03:08:47.424+0000] {logging_mixin.py:188} INFO - [2024-07-17T03:08:47.424+0000] {dagbag.py:545} INFO - Filling up the DagBag from /opt/airflow/dags/groups/group_transforms.py
[2024-07-17T03:08:47.430+0000] {processor.py:842} WARNING - No viable dags retrieved from /opt/airflow/dags/groups/group_transforms.py
[2024-07-17T03:08:47.439+0000] {processor.py:183} INFO - Processing /opt/airflow/dags/groups/group_transforms.py took 0.022 seconds
[2024-07-17T03:09:17.788+0000] {processor.py:161} INFO - Started process (PID=87) to work on /opt/airflow/dags/groups/group_transforms.py
[2024-07-17T03:09:17.788+0000] {processor.py:830} INFO - Processing file /opt/airflow/dags/groups/group_transforms.py for tasks to queue
[2024-07-17T03:09:17.790+0000] {logging_mixin.py:188} INFO - [2024-07-17T03:09:17.790+0000] {dagbag.py:545} INFO - Filling up the DagBag from /opt/airflow/dags/groups/group_transforms.py
[2024-07-17T03:09:17.801+0000] {processor.py:842} WARNING - No viable dags retrieved from /opt/airflow/dags/groups/group_transforms.py
[2024-07-17T03:09:17.808+0000] {processor.py:183} INFO - Processing /opt/airflow/dags/groups/group_transforms.py took 0.026 seconds
[2024-07-17T03:09:48.187+0000] {processor.py:161} INFO - Started process (PID=102) to work on /opt/airflow/dags/groups/group_transforms.py
[2024-07-17T03:09:48.187+0000] {processor.py:830} INFO - Processing file /opt/airflow/dags/groups/group_transforms.py for tasks to queue
[2024-07-17T03:09:48.188+0000] {logging_mixin.py:188} INFO - [2024-07-17T03:09:48.188+0000] {dagbag.py:545} INFO - Filling up the DagBag from /opt/airflow/dags/groups/group_transforms.py
[2024-07-17T03:09:48.193+0000] {processor.py:842} WARNING - No viable dags retrieved from /opt/airflow/dags/groups/group_transforms.py
[2024-07-17T03:09:48.201+0000] {processor.py:183} INFO - Processing /opt/airflow/dags/groups/group_transforms.py took 0.018 seconds
[2024-07-17T03:10:18.630+0000] {processor.py:161} INFO - Started process (PID=117) to work on /opt/airflow/dags/groups/group_transforms.py
[2024-07-17T03:10:18.631+0000] {processor.py:830} INFO - Processing file /opt/airflow/dags/groups/group_transforms.py for tasks to queue
[2024-07-17T03:10:18.632+0000] {logging_mixin.py:188} INFO - [2024-07-17T03:10:18.632+0000] {dagbag.py:545} INFO - Filling up the DagBag from /opt/airflow/dags/groups/group_transforms.py
[2024-07-17T03:10:18.637+0000] {processor.py:842} WARNING - No viable dags retrieved from /opt/airflow/dags/groups/group_transforms.py
[2024-07-17T03:10:18.644+0000] {processor.py:183} INFO - Processing /opt/airflow/dags/groups/group_transforms.py took 0.018 seconds
[2024-07-17T03:10:49.037+0000] {processor.py:161} INFO - Started process (PID=132) to work on /opt/airflow/dags/groups/group_transforms.py
[2024-07-17T03:10:49.038+0000] {processor.py:830} INFO - Processing file /opt/airflow/dags/groups/group_transforms.py for tasks to queue
[2024-07-17T03:10:49.039+0000] {logging_mixin.py:188} INFO - [2024-07-17T03:10:49.039+0000] {dagbag.py:545} INFO - Filling up the DagBag from /opt/airflow/dags/groups/group_transforms.py
[2024-07-17T03:10:49.045+0000] {processor.py:842} WARNING - No viable dags retrieved from /opt/airflow/dags/groups/group_transforms.py
[2024-07-17T03:10:49.054+0000] {processor.py:183} INFO - Processing /opt/airflow/dags/groups/group_transforms.py took 0.024 seconds
[2024-07-17T03:11:19.432+0000] {processor.py:161} INFO - Started process (PID=147) to work on /opt/airflow/dags/groups/group_transforms.py
[2024-07-17T03:11:19.433+0000] {processor.py:830} INFO - Processing file /opt/airflow/dags/groups/group_transforms.py for tasks to queue
[2024-07-17T03:11:19.446+0000] {logging_mixin.py:188} INFO - [2024-07-17T03:11:19.446+0000] {dagbag.py:545} INFO - Filling up the DagBag from /opt/airflow/dags/groups/group_transforms.py
[2024-07-17T03:11:19.451+0000] {processor.py:842} WARNING - No viable dags retrieved from /opt/airflow/dags/groups/group_transforms.py
[2024-07-17T03:11:19.473+0000] {processor.py:183} INFO - Processing /opt/airflow/dags/groups/group_transforms.py took 0.053 seconds
[2024-07-17T03:11:50.013+0000] {processor.py:161} INFO - Started process (PID=162) to work on /opt/airflow/dags/groups/group_transforms.py
[2024-07-17T03:11:50.013+0000] {processor.py:830} INFO - Processing file /opt/airflow/dags/groups/group_transforms.py for tasks to queue
[2024-07-17T03:11:50.014+0000] {logging_mixin.py:188} INFO - [2024-07-17T03:11:50.014+0000] {dagbag.py:545} INFO - Filling up the DagBag from /opt/airflow/dags/groups/group_transforms.py
[2024-07-17T03:11:50.018+0000] {processor.py:842} WARNING - No viable dags retrieved from /opt/airflow/dags/groups/group_transforms.py
[2024-07-17T03:11:50.037+0000] {processor.py:183} INFO - Processing /opt/airflow/dags/groups/group_transforms.py took 0.045 seconds
[2024-07-17T03:12:20.832+0000] {processor.py:161} INFO - Started process (PID=177) to work on /opt/airflow/dags/groups/group_transforms.py
[2024-07-17T03:12:20.832+0000] {processor.py:830} INFO - Processing file /opt/airflow/dags/groups/group_transforms.py for tasks to queue
[2024-07-17T03:12:20.838+0000] {logging_mixin.py:188} INFO - [2024-07-17T03:12:20.836+0000] {dagbag.py:545} INFO - Filling up the DagBag from /opt/airflow/dags/groups/group_transforms.py
[2024-07-17T03:12:20.850+0000] {processor.py:842} WARNING - No viable dags retrieved from /opt/airflow/dags/groups/group_transforms.py
[2024-07-17T03:12:20.877+0000] {processor.py:183} INFO - Processing /opt/airflow/dags/groups/group_transforms.py took 0.056 seconds
[2024-07-17T03:12:51.209+0000] {processor.py:161} INFO - Started process (PID=192) to work on /opt/airflow/dags/groups/group_transforms.py
[2024-07-17T03:12:51.210+0000] {processor.py:830} INFO - Processing file /opt/airflow/dags/groups/group_transforms.py for tasks to queue
[2024-07-17T03:12:51.212+0000] {logging_mixin.py:188} INFO - [2024-07-17T03:12:51.211+0000] {dagbag.py:545} INFO - Filling up the DagBag from /opt/airflow/dags/groups/group_transforms.py
[2024-07-17T03:12:51.220+0000] {processor.py:842} WARNING - No viable dags retrieved from /opt/airflow/dags/groups/group_transforms.py
[2024-07-17T03:12:51.236+0000] {processor.py:183} INFO - Processing /opt/airflow/dags/groups/group_transforms.py took 0.032 seconds
[2024-07-17T03:13:21.786+0000] {processor.py:161} INFO - Started process (PID=207) to work on /opt/airflow/dags/groups/group_transforms.py
[2024-07-17T03:13:21.787+0000] {processor.py:830} INFO - Processing file /opt/airflow/dags/groups/group_transforms.py for tasks to queue
[2024-07-17T03:13:21.791+0000] {logging_mixin.py:188} INFO - [2024-07-17T03:13:21.790+0000] {dagbag.py:545} INFO - Filling up the DagBag from /opt/airflow/dags/groups/group_transforms.py
[2024-07-17T03:13:21.804+0000] {processor.py:842} WARNING - No viable dags retrieved from /opt/airflow/dags/groups/group_transforms.py
[2024-07-17T03:13:21.821+0000] {processor.py:183} INFO - Processing /opt/airflow/dags/groups/group_transforms.py took 0.042 seconds
[2024-07-17T03:13:52.358+0000] {processor.py:161} INFO - Started process (PID=221) to work on /opt/airflow/dags/groups/group_transforms.py
[2024-07-17T03:13:52.358+0000] {processor.py:830} INFO - Processing file /opt/airflow/dags/groups/group_transforms.py for tasks to queue
[2024-07-17T03:13:52.360+0000] {logging_mixin.py:188} INFO - [2024-07-17T03:13:52.359+0000] {dagbag.py:545} INFO - Filling up the DagBag from /opt/airflow/dags/groups/group_transforms.py
[2024-07-17T03:13:52.368+0000] {processor.py:842} WARNING - No viable dags retrieved from /opt/airflow/dags/groups/group_transforms.py
[2024-07-17T03:13:52.380+0000] {processor.py:183} INFO - Processing /opt/airflow/dags/groups/group_transforms.py took 0.028 seconds
